number,value,datetime_start,datetime_complete,duration,params_discard_2_exit_value,params_discard_3_4_exit_value,params_discard_dead_end_value,params_discard_duplicate_penalty,params_discard_enemy_door_value,params_discard_key_useless_value,params_discard_ladder_value,params_discard_own_door_value,params_ladder_bonus,params_max_kept_repairs,params_max_kept_sabotages,params_rockfall_base,params_rockfall_gold_penalty,params_rockfall_ladder_bonus,params_rockfall_own_path_penalty,params_sabotage_cart_weight,params_sabotage_lamp_weight,params_sabotage_pickaxe_weight,state
0,0.5,2026-05-10 19:07:06.862934,2026-05-10 19:07:06.879143,0 days 00:00:00.016209,19.70376821774833,21.52323109246379,-10.878403374084158,-30.012020679629963,-6.388952288185912,-36.736542740474476,58.939879920423806,-2.93949002555955,19.90328019201943,2,1,49.00166186487353,99.86865653150755,20.526662314882913,56.771222618465195,20.146206528860006,17.503612058358954,8.228486574767555,COMPLETE
1,0.5,2026-05-10 19:07:06.879196,2026-05-10 19:07:06.881507,0 days 00:00:00.002311,29.884205240388788,33.80591543489788,-14.617476283632946,-19.3852712193467,-14.587136746884397,-1.0560202639804785,66.7397734994396,-10.633463061165314,30.883809396121542,2,3,11.023787126364425,30.301381167965324,26.30700945861566,56.07477059949,6.183226465575582,25.92686603758451,13.82488936099407,COMPLETE
2,0.5,2026-05-10 19:07:06.881540,2026-05-10 19:07:06.883765,0 days 00:00:00.002225,23.494208482522403,66.56202784123505,-7.0310479118131255,-33.53363088799563,-12.768826334014143,-10.872117505372401,72.03146191979033,7.772637045644707,47.2581757771922,2,2,15.345497296384657,88.92692840098377,48.686897685638584,71.62772241442235,21.735639415820263,12.553604422620268,18.79451256685764,COMPLETE
3,0.5,2026-05-10 19:07:06.883789,2026-05-10 19:07:06.886009,0 days 00:00:00.002220,24.61965930055286,56.381138276172166,-23.299833911210687,-29.001999017465007,-29.809997572835506,-33.190695844195574,63.55918134857436,10.236784027591174,44.33317396306424,3,1,36.42501857012917,78.71631766228184,53.469748771187405,46.231594545565834,7.958431781535806,27.673271338484344,10.127874059408704,COMPLETE
4,0.5,2026-05-10 19:07:06.886031,2026-05-10 19:07:06.888282,0 days 00:00:00.002251,20.516037804827583,76.0942426560069,-4.865534782576596,-3.5722029025161532,-24.96504039972347,-47.35396459443362,47.32437435885983,0.536965053921513,49.344283972436145,3,1,14.214652237152446,15.741350332191187,44.48815141224498,27.504120830871013,21.91470462665485,17.935451471600775,14.09513417869501,COMPLETE
5,0.5,2026-05-10 19:07:06.888307,2026-05-10 19:07:06.890542,0 days 00:00:00.002235,1.868677971862862,53.84355539013748,-13.717063919673087,-32.48129970530659,-25.50775287767717,-30.19802443220152,40.238533902992216,-1.1910774722245598,20.30283534390515,2,3,39.70389978680312,44.66138763492424,26.553340597375723,92.06265700136706,6.666286268490868,18.60123187985235,19.825215874324638,COMPLETE
6,0.5,2026-05-10 19:07:06.890564,2026-05-10 19:07:06.892775,0 days 00:00:00.002211,20.33054474436017,72.10051268329958,-21.793037956706506,-15.157957222464205,-34.51659706324833,-5.697995637919,34.35637811441892,12.914447193191037,19.655834356263483,2,1,48.9594255488906,65.28744141814781,74.06899951519335,43.826360815553855,26.187243993128195,23.27904110770355,14.786177868404591,COMPLETE
7,0.5,2026-05-10 19:07:06.892796,2026-05-10 19:07:06.894995,0 days 00:00:00.002199,16.01902741778435,41.024351533172336,-39.022098505303774,-33.11692203202119,-5.987790413765879,-44.869934394558555,41.11327212782417,-4.062827168553262,47.99703772444504,3,4,47.13450985316443,28.45395858983035,73.41409655678365,15.518395033207884,5.35877160858003,11.830153557212936,18.150672987135067,COMPLETE
8,0.5,2026-05-10 19:07:06.895015,2026-05-10 19:07:06.897187,0 days 00:00:00.002172,8.491266865799723,79.91351435006987,-35.8065336333725,-1.080614290916408,-26.44035576906387,-15.760489744666181,81.86026956883343,1.2236511628742939,17.222832698492404,2,3,18.16867299388933,32.10612664185266,25.55803910315027,75.13638909991792,20.85757000946181,10.575023186061731,4.323134884310622,COMPLETE
9,0.5,2026-05-10 19:07:06.897208,2026-05-10 19:07:06.899383,0 days 00:00:00.002175,22.966646482121305,47.71396684617181,-11.309269180897147,-16.933554203103945,-6.92588111833664,-27.81213311039728,63.35821333146209,-1.4420724429119431,42.53103397036409,3,1,28.15573478827027,56.108512420974414,48.220396424844616,47.74260958562053,10.441135835770458,29.72305573176257,17.692683511599245,COMPLETE
10,0.5,2026-05-10 19:07:06.899403,2026-05-10 19:07:06.917265,0 days 00:00:00.017862,-1.2616498896073693,22.196395990588424,-33.35525774018827,-39.62963047161118,-49.15738823015124,-38.96192634781267,90.87410518533387,-17.475447520651954,5.976366365815672,1,2,25.863079726456522,99.49103170259264,37.29655407588481,99.25519440283256,13.625077853903246,6.651291599310452,6.284133131187524,COMPLETE
11,0.5,2026-05-10 19:07:06.917299,2026-05-10 19:07:06.931458,0 days 00:00:00.014159,29.459175625948255,23.340590591431997,-0.6073311303120104,-23.669493848342974,-0.07651399667382819,-18.531335668288364,53.4241750057802,-12.647894883220674,33.0299533387432,1,4,22.823023562736825,10.106321055614352,23.124293398969034,60.79806466977468,15.28537986237217,22.5012880060858,9.19517927444794,COMPLETE
12,0.5,2026-05-10 19:07:06.931491,2026-05-10 19:07:06.946064,0 days 00:00:00.014573,-9.850770385876292,33.00799042109734,-16.8798989823914,-11.01222146824903,-17.01076224879175,-0.00976814096075529,74.24618119760005,-8.27441310298433,30.309565993306443,2,3,34.48311067801237,70.81743221969933,35.653752008304004,63.63137956698284,28.114996458176233,24.461272609985226,12.368418500088932,COMPLETE
13,0.5,2026-05-10 19:07:06.946098,2026-05-10 19:07:06.960263,0 days 00:00:00.014165,13.875124431196909,34.554551896186126,-48.06455463396462,-23.543616783757557,-15.11566003437347,-23.20511073713515,56.15392548630875,-19.80283607120394,36.39676371863832,1,2,42.72120314465654,43.830553376012816,20.47035854879876,31.774817458261218,18.506001782804525,14.75506751262733,7.331719242738632,COMPLETE
14,0.5,2026-05-10 19:07:06.960297,2026-05-10 19:07:06.974392,0 days 00:00:00.014095,29.477960091659202,28.79644498204296,-28.125181201776353,-24.094750322069515,-9.352227526450369,-37.769977603344984,79.57782546915925,19.374665737394714,23.835174952907977,2,3,11.336725249644612,26.59033981153649,60.75497052784536,79.24920156047484,12.08889478982203,20.022252337309286,3.145200231299958,COMPLETE
15,0.5,2026-05-10 19:07:06.974423,2026-05-10 19:07:06.988807,0 days 00:00:00.014384,9.741770029296175,40.76942342191229,-18.608895887793945,-9.750027327506267,-0.7310342527801685,-38.30661392906844,94.16605104335788,-10.117616037139637,12.475511238653123,1,2,31.636271435258124,46.39437053396718,33.50558855305888,52.4056008244378,17.01267575764804,26.216691437955085,13.371561960330169,COMPLETE
16,0.5,2026-05-10 19:07:06.988839,2026-05-10 19:07:07.002905,0 days 00:00:00.014066,16.012039091220338,20.16150510001985,-10.062628846642557,-19.56404268218241,-20.16626737956697,-21.645580264451056,55.872359524233225,-13.954672902190751,26.590519376203662,2,4,21.344054199145674,99.33818685605256,30.21336442517302,30.940029277667197,24.84836886986129,15.309604052438765,16.054699126062914,COMPLETE
17,0.5,2026-05-10 19:07:07.002937,2026-05-10 19:07:07.017008,0 days 00:00:00.014071,29.077153257059948,29.535314676574096,-0.7251897935910385,-27.669968591446946,-44.57658606740728,-11.579230175154297,68.93003168123681,-6.3548253752801145,35.91495518008429,3,2,43.61514271041658,81.66200616909174,41.03002705301842,65.13040010775104,19.290447094359095,20.947384081776697,11.756423123691558,COMPLETE
18,0.5,2026-05-10 19:07:07.017040,2026-05-10 19:07:07.031549,0 days 00:00:00.014509,26.277702194033573,39.74162899833793,-28.87399555392678,-39.18638551864011,-19.35450748126886,-4.117652802120091,82.58763433180911,5.54659033803068,11.896257791261103,1,3,31.178712286698595,59.89219514811504,59.06921045823568,84.08026296763344,10.015861235990542,5.467785806620871,8.429310359136643,COMPLETE
19,0.5,2026-05-10 19:07:07.031581,2026-05-10 19:07:07.045877,0 days 00:00:00.014296,19.665055817893588,27.09160417466747,-13.53611472312415,-11.754436027437999,-10.70596023898333,-33.30839379766649,99.93140024866733,-13.044500258249311,24.970800911936102,2,4,24.40785444489096,36.80185220490567,20.0348924416868,39.96636826292719,15.708087714090368,29.860033757210978,15.970326507375667,COMPLETE
20,0.5,2026-05-10 19:07:07.045910,2026-05-10 19:07:07.059944,0 days 00:00:00.014034,4.605995139852479,48.376743616915974,-18.085371547735058,-27.8307696676152,-5.051899037128486,-42.76973852216184,61.90025880121658,-4.823189658208409,40.42959767656467,2,1,10.299963334342216,20.687968397904072,30.216819791463525,56.837917809009134,24.090374215922633,25.43507029346394,5.323716043584166,COMPLETE
21,0.5,2026-05-10 19:07:07.059976,2026-05-10 19:07:07.074640,0 days 00:00:00.014664,24.841794594491233,65.4139065106447,-7.194090513285146,-35.836453810279686,-12.4437909448861,-7.138761051684801,69.96751339550481,5.077496118154743,30.085220419418043,2,2,16.878769974161685,90.4013504184516,66.38724096929407,68.18373821769785,22.576899892149797,10.533813020110195,10.782207984016356,COMPLETE
22,0.5,2026-05-10 19:07:07.074677,2026-05-10 19:07:07.096248,0 days 00:00:00.021571,22.18630451477196,62.94297435861584,-6.027894350842434,-31.917393985988614,-12.996746459476938,-12.733295387840178,75.35215539924177,6.471118736847913,14.941189036529444,2,2,15.322497621332378,86.39940468646297,54.00670818746429,73.46899896860975,20.043328867252416,13.874074749947992,19.521697434614794,COMPLETE
23,0.5,2026-05-10 19:07:07.096287,2026-05-10 19:07:07.113651,0 days 00:00:00.017364,17.485384515131294,65.54120999088722,-8.845846681416358,-18.938889537189905,-20.718834478025716,-1.883081491053085,49.94529093260931,15.028072919591235,5.898154340334063,2,3,13.298224891622375,90.16552238462215,41.41449465840874,57.49793831752275,27.412439290232957,8.197440423092743,16.71729284699491,COMPLETE
24,0.5,2026-05-10 19:07:07.113690,2026-05-10 19:07:07.133306,0 days 00:00:00.019616,12.96808941356256,34.299351363903945,-14.368455785251491,-36.462976370134996,-3.203977134221123,-9.469742418698047,69.14848636126644,3.5228291588126055,37.18224530059084,2,1,18.837872127833933,72.67862555126483,28.290884439261852,83.42696366129894,29.90074252807905,16.147610983609695,8.330791732072859,COMPLETE
25,0.5,2026-05-10 19:07:07.133376,2026-05-10 19:07:07.153034,0 days 00:00:00.019658,25.87927484358415,57.70581403878233,-3.544941728205221,-25.077501862057957,-14.933419788190863,-16.375256521987815,59.073764158913136,8.786269370011432,21.212980405471065,2,2,20.152028978012503,95.29525550919008,46.85641766206905,71.27854685289083,22.92162306021572,12.117173897979082,13.062182701894404,COMPLETE
26,0.5,2026-05-10 19:07:07.153092,2026-05-10 19:07:07.172947,0 days 00:00:00.019855,26.81272196438163,44.620587369646586,-21.72493119874307,-30.482675577648198,-9.712818648687614,-8.414223939712208,87.17644734758343,-8.367236428737488,45.55428668438098,3,3,10.187434377165747,78.36827642455646,32.77943390732462,37.68531544184235,17.215061767181947,8.629582822436518,15.135116113601299,COMPLETE
27,0.5,2026-05-10 19:07:07.173006,2026-05-10 19:07:07.193976,0 days 00:00:00.020970,18.91778509653653,25.237953427544348,-10.892880690165235,-36.479692753445406,-34.3565706968661,-3.50019834776912,74.77366359408789,-3.6605351880583226,30.31306808768639,1,2,27.559437838770716,87.42680056322729,78.7517910239865,54.50791292678724,20.829459689664777,19.868501792859096,18.058462765372774,COMPLETE
28,0.5,2026-05-10 19:07:07.194015,2026-05-10 19:07:07.217237,0 days 00:00:00.023222,22.762741423502625,31.433228777366338,-3.353672100602072,-22.025799211467476,-7.715632518365271,-19.917012202322447,68.45105429109883,-16.458431665620104,40.01855741893385,2,1,37.81355921566851,49.552386591641884,38.567239723288814,49.910301341965294,13.604476729173175,17.032435976984285,9.864072316473234,COMPLETE
29,0.5,2026-05-10 19:07:07.217298,2026-05-10 19:07:07.237512,0 days 00:00:00.020214,27.373300491871184,54.270677242250215,-25.107519773197975,-27.015958474973683,-17.5987612936064,-25.488182314812697,64.05634976360096,8.660613471852065,10.086905619013908,2,1,34.54748817822938,77.94304219074272,50.58170469111946,88.98400356176998,7.736126567775003,27.057540378258626,6.711329047179125,COMPLETE
30,0.5,2026-05-10 19:07:07.237565,2026-05-10 19:07:07.258633,0 days 00:00:00.021068,12.798294017831662,59.73039462500721,-16.021672456654557,-14.739825357227835,-3.236818559205666,-31.906696088036743,47.40060332690224,12.188649227913368,45.359127841803044,3,2,13.098580080982856,36.864581229911764,24.775241927660378,62.02397874859005,24.139916645052345,13.444045062919141,10.918977529380987,COMPLETE
31,0.5,2026-05-10 19:07:07.258687,2026-05-10 19:07:07.277093,0 days 00:00:00.018406,23.949874610932607,71.43125199609683,-21.078386732930298,-30.28231962335228,-31.495633740536366,-33.41718992475501,59.09380273806495,16.958970861117386,49.41362742138614,3,1,45.10955797237652,94.58549253332131,51.61505159267819,22.621823591770465,8.077753743335627,27.972311066657017,9.724457436438236,COMPLETE
32,0.5,2026-05-10 19:07:07.277133,2026-05-10 19:07:07.294631,0 days 00:00:00.017498,21.629528910200364,53.742489316473886,-26.547745175751228,-34.33099304483551,-24.622028319939254,-48.34791005259976,51.94683910576659,1.4307162718025548,44.473070860748756,3,1,39.58905631400299,85.3248069277333,58.489632734008765,45.91211790748226,9.556438900870496,28.12847648879472,13.961101450312347,COMPLETE
33,0.5,2026-05-10 19:07:07.294672,2026-05-10 19:07:07.311933,0 days 00:00:00.017261,24.976857064693775,70.75100245325416,-13.35727397126542,-21.3577792545081,-28.829324653206978,-28.777970535252887,41.880159629441,9.593117388203401,47.3176765020007,2,1,36.72358685352695,66.50882249510863,65.30307014657335,38.5405240512213,5.01337183098988,18.130946980682616,11.776167312876197,COMPLETE
34,0.5,2026-05-10 19:07:07.311970,2026-05-10 19:07:07.329505,0 days 00:00:00.017535,19.75912696430257,36.634843618980334,-7.255233748864886,-29.212147907091342,-22.41771975629117,-35.75543727015366,66.0853023737796,12.288189500148873,21.704454707883816,3,1,48.527451991060374,93.63836136746207,44.223840085207826,43.60139147876711,6.803144546943318,22.537054485238993,19.98732331142945,COMPLETE
35,0.5,2026-05-10 19:07:07.329543,2026-05-10 19:07:07.346043,0 days 00:00:00.016500,27.04177118729055,51.950305599729305,-20.16998300080118,-26.06825336538033,-41.10214271678083,-26.19948432219626,72.7107852263001,-1.3076859816710797,18.231456728424753,2,3,15.232368854263566,74.11992202462227,54.13636214342844,67.92896161228353,21.572570912503895,24.770054797491767,14.936288263629361,COMPLETE
36,0.5,2026-05-10 19:07:07.346078,2026-05-10 19:07:07.362055,0 days 00:00:00.015977,17.057699921129934,76.77041809169266,-22.898731287690754,-6.6391992169802005,-38.42309364088969,-43.37784760234391,33.30122080627744,2.0637956769578016,40.76259628710842,3,1,41.802387604591694,62.54240609532613,68.65887543201478,59.11381444027724,6.221459516679943,23.72873100427031,7.975990115863529,COMPLETE
37,0.5,2026-05-10 19:07:07.362092,2026-05-10 19:07:07.377726,0 days 00:00:00.015634,6.981659701693699,45.82765937708196,-32.22818881730026,-33.568953484882464,-28.16533828698223,-36.0585895457739,78.20402724269843,10.258526386303632,42.618809866920046,2,1,49.24453443896627,82.32610827265322,44.348534103853424,12.55090044525852,8.727540753858953,27.68547330706533,10.316140990113135,COMPLETE
38,0.5,2026-05-10 19:07:07.377758,2026-05-10 19:07:07.393334,0 days 00:00:00.015576,-1.3548992023431303,58.69008741970314,-12.103810631957172,-16.975799007666957,-30.920874576124362,-41.25498074156894,59.99904293709581,14.202802802304134,33.39582109150836,2,2,46.679022921013555,52.653814095937356,23.306677619643857,50.19688020917663,18.813636371598154,20.758133507067402,2.105872834438082,COMPLETE
39,0.5,2026-05-10 19:07:07.393371,2026-05-10 19:07:07.409011,0 days 00:00:00.015640,29.75097259161132,67.94223947931692,-39.91758976363277,-32.02027948822988,-23.467232683666747,-29.824846892149345,44.072480694159125,-2.8183723277414523,49.747754208660844,3,3,33.204816713338204,98.85754630115783,54.728898791639374,78.87526341901592,12.148028539726795,28.971738186333802,6.0384477016902345,COMPLETE
40,0.5,2026-05-10 19:07:07.409046,2026-05-10 19:07:07.424812,0 days 00:00:00.015766,21.549115723693703,56.75085343541988,-15.700510468448826,-29.21335578477028,-13.9988884515987,-46.11450626455928,64.75512386750988,0.043346043934645806,38.194083649514596,1,1,28.36142866288596,92.0348712724031,27.723651783120346,43.0988931155991,11.44417876083076,10.369130340623403,17.329528760909852,COMPLETE
41,0.5,2026-05-10 19:07:07.424845,2026-05-10 19:07:07.440254,0 days 00:00:00.015409,24.097929002531895,62.413609366671736,-5.119649152434709,-1.2308019192414172,-26.370316230369387,-40.45913147043449,36.841554484951025,7.612594369788925,43.38324663615622,3,1,12.989387646827474,10.529633186341957,47.27692018219243,24.970662041378272,21.573024372813762,16.65794340747913,14.34094357008346,COMPLETE
42,0.5,2026-05-10 19:07:07.440287,2026-05-10 19:07:07.455681,0 days 00:00:00.015394,27.94367391473894,76.4306876892687,-8.383712164629317,-4.340513178668508,-33.32993003218924,-49.64341732133487,48.47413576171439,3.9375856019416924,47.946253085216725,3,1,16.8443493197698,17.222840830475693,61.6801691425149,18.235250757472585,26.109756120067406,18.491509882909327,12.534524544607681,COMPLETE
43,0.5,2026-05-10 19:07:07.455717,2026-05-10 19:07:07.471600,0 days 00:00:00.015883,15.110177340245416,78.97937315148103,-3.73868170437479,-38.31937120639549,-17.783762004756532,-0.1469019115164798,55.03258670698788,-0.15373206805259182,45.6370363656346,3,1,23.614898568509844,14.467790313585407,35.980350794801126,32.46517661134869,22.634256668201083,22.209823507742836,9.15976976711657,COMPLETE
44,0.5,2026-05-10 19:07:07.471632,2026-05-10 19:07:07.486810,0 days 00:00:00.015178,20.73996149533995,73.88972127999637,-1.2285611381394532,-14.189008017390886,-8.314773398163528,-13.409878999800044,72.36038649603901,-6.430364274789086,47.63654990007106,2,3,14.670480579500063,27.25840908620909,22.638370307243314,53.752751784827076,16.329257703496896,19.636833816726146,13.461638623026259,COMPLETE
45,0.5,2026-05-10 19:07:07.486841,2026-05-10 19:07:07.502319,0 days 00:00:00.015478,18.14769262518647,22.936960244319586,-10.261797727080992,-8.315698606549718,-37.736614501948516,-46.220681764706995,66.12443363347667,-8.823006996561237,16.755722502220507,3,2,19.898954691983697,22.67785640259857,43.68510736143849,34.45151094175212,14.218141206551548,12.960965435086962,18.66574338004783,COMPLETE
46,0.5,2026-05-10 19:07:07.502351,2026-05-10 19:07:07.517781,0 days 00:00:00.015430,-7.429543447418105,67.62327685237875,-49.275592823857025,-3.534012381833229,-11.539852369435128,-5.907344565223995,61.4315118176297,-10.760849444455852,33.771117291637175,2,4,21.72153507739046,30.699707120689922,40.04332692146737,27.996425442751285,18.51788751484977,14.8662825557779,11.569537571590088,COMPLETE
47,0.5,2026-05-10 19:07:07.517812,2026-05-10 19:07:07.533496,0 days 00:00:00.015684,23.18431583805316,43.56151986744184,-18.888585191223015,-34.42930260114771,-5.132781414795131,-23.01926463663792,45.2327927197456,10.831052753868553,23.526884047654008,2,1,11.982400835996735,39.78340064072744,57.6613110264882,65.43760553686162,19.825095124775768,26.214533599304662,15.576636805085014,COMPLETE
48,0.5,2026-05-10 19:07:07.533536,2026-05-10 19:07:07.549013,0 days 00:00:00.015477,11.030126528389838,37.85611365239805,-12.135018292058671,-12.937943903792855,-15.857864354913254,-15.941260722170242,56.8890458207344,17.316724509786642,28.671734327605304,2,2,16.760489673043963,18.32503691522588,32.727708533551315,77.37191093816536,17.981868321701292,15.532353630316916,16.620826960462768,COMPLETE
49,0.5,2026-05-10 19:07:07.549045,2026-05-10 19:07:07.564355,0 days 00:00:00.015310,29.978300441918098,73.48508888343612,-40.79711681212954,-16.435272693836243,-2.362841054077241,-31.58725207511523,51.90955801957628,-15.175105219869403,40.86565981241532,1,2,39.9617443306226,67.89631634350494,55.949282490777236,61.009126421664874,6.182405675207486,17.8268215915623,7.410025760860629,COMPLETE
50,0.5,2026-05-10 19:07:07.564387,2026-05-10 19:07:07.579859,0 days 00:00:00.015472,25.357775792211292,50.54531823027371,-5.50973712486679,-23.59698011375292,-21.1064443413131,-36.827116038142876,83.85930181565512,-5.593104142099226,26.351840642063586,3,3,26.316537734717425,23.114354986532103,48.993660201876196,47.65129715191709,23.66049231010529,21.258621203552085,9.090077658607239,COMPLETE
51,0.5,2026-05-10 19:07:07.579892,2026-05-10 19:07:07.595986,0 days 00:00:00.016094,2.490880179924809,62.55099650506472,-9.401593124487587,-32.21503370909526,-27.43753235338447,-28.077871418483742,38.97481716411496,-2.4286957204702126,19.4815973730709,2,3,43.74898350718161,43.226836430063855,26.744380809547945,91.84078875264197,7.223292685376258,19.239924783336583,18.942747996159845,COMPLETE
