number,value,datetime_start,datetime_complete,duration,params_discard_2_exit_value,params_discard_3_4_exit_value,params_discard_dead_end_value,params_discard_duplicate_penalty,params_discard_enemy_door_value,params_discard_key_useless_value,params_discard_ladder_value,params_discard_own_door_value,params_ladder_bonus,params_max_kept_repairs,params_max_kept_sabotages,params_rockfall_base,params_rockfall_gold_penalty,params_rockfall_ladder_bonus,params_rockfall_own_path_penalty,params_sabotage_cart_weight,params_sabotage_lamp_weight,params_sabotage_pickaxe_weight,state
106,0.5,2026-05-10 19:07:08.623427,2026-05-10 19:07:08.646335,0 days 00:00:00.022908,5.202785501415972,20.2763868175496,-10.229967410118476,-30.589876029064627,-11.3990481683736,-42.279759118672935,89.89659380575634,-13.109824780848305,49.05180384157429,1,3,16.560336844764826,47.56438287238369,32.85107977087455,47.175986339536216,8.331863682693413,15.755993890173011,19.399119094631327,COMPLETE
107,0.5,2026-05-10 19:07:08.646378,2026-05-10 19:07:08.670091,0 days 00:00:00.023713,-0.8555403503271677,55.01073651464269,-39.21856684397024,-35.698491385640665,-2.93893569316789,-40.937578875671996,74.75708318055666,-9.04818087354546,49.95590986213871,3,1,33.99865780013076,87.26913045660851,47.83877162181872,86.26944089765227,11.633270358077867,6.451812907298148,18.635178180484107,COMPLETE
108,0.5,2026-05-10 19:07:08.670172,2026-05-10 19:07:08.692667,0 days 00:00:00.022495,-6.121760637958953,26.475644773978296,-27.33129956963169,-20.855930737836957,-16.44874377989036,-32.730615813711964,98.892691291934,-1.6855853843139506,24.128084342289004,3,4,31.790493063606853,25.96850882532277,39.88147364512825,98.12526761961436,25.438953230382044,8.445630743259601,16.982528118213807,COMPLETE
109,0.5,2026-05-10 19:07:08.692716,2026-05-10 19:07:08.715746,0 days 00:00:00.023030,28.86376543303851,32.17923249327718,-22.464734372330234,-22.69674899136613,-46.7266107629509,-30.88852253387057,42.64927522669188,12.915853678653043,46.89597291927645,3,2,48.961371232099296,51.56127276232728,45.51016902191795,42.418800334094996,5.028761161637955,16.441858587028193,7.7643820693706145,COMPLETE
110,0.5,2026-05-10 19:07:08.715785,2026-05-10 19:07:08.736705,0 days 00:00:00.020920,17.752695901982086,24.386068010896878,-5.803947253329236,-28.49333423403104,-43.61560652256426,-2.507142297284963,39.525624727627005,-3.9418897134044517,48.1768856276105,1,3,27.061413256216344,17.38817384188034,54.929974748973066,69.14481566526729,7.061519132538527,11.448754414391349,16.363590292521796,COMPLETE
111,0.5,2026-05-10 19:07:08.736759,2026-05-10 19:07:08.759064,0 days 00:00:00.022305,24.232183845342462,21.731456183170298,-0.46850583400488427,-25.081586476232644,-0.4377162061204564,-13.44771548033335,48.08875703399745,-11.693552357243203,35.955058049534344,1,4,23.59386760430472,11.580932385239198,23.953350220170506,55.59271868364057,12.882933951907713,5.836217659617117,9.195194982869168,COMPLETE
112,0.5,2026-05-10 19:07:08.759103,2026-05-10 19:07:08.786456,0 days 00:00:00.027353,29.4051978672981,34.75574608101792,-2.495200098079877,-19.28777752303578,-5.260648120805602,-21.062641175411514,60.04329892320313,-0.7473378422740806,31.411945968152253,1,4,19.153744776172626,13.06001182043538,50.96238531154375,64.74039629665347,14.442437758995386,23.333131654104566,10.18106359226934,COMPLETE
113,0.5,2026-05-10 19:07:08.786527,2026-05-10 19:07:08.810864,0 days 00:00:00.024337,26.916008930233655,29.837678140384334,-1.7651809538812273,-32.17344099662647,-1.5922151777586353,-17.19702304524603,55.031202335543554,-14.836102121607702,32.472373548159084,2,4,24.651960174957885,15.683731550861511,24.98822270167357,59.595906897178565,16.53093093480434,21.49779217122378,9.690366645859966,COMPLETE
114,0.5,2026-05-10 19:07:08.810928,2026-05-10 19:07:08.834358,0 days 00:00:00.023430,25.562512661216793,25.63850276831564,-19.860650155617876,-24.027141916026178,-10.24022543023454,-39.302098551463196,53.18880482306161,-2.886677159583433,28.37337069901147,1,4,49.85784001527825,99.71605673194352,22.87385998189738,51.31267189867268,15.85781419229904,24.2543012559484,8.428896156349623,COMPLETE
115,0.5,2026-05-10 19:07:08.834405,2026-05-10 19:07:08.858930,0 days 00:00:00.024525,1.4044208506132083,53.55165082746136,-24.161887879479035,-26.485905727689058,-13.871183294821167,-28.4804734369864,50.67211644754736,-15.24369394534229,41.693015491932925,2,1,29.448938167117806,10.206560804185848,21.09328087100363,57.454496186645606,13.857588268718365,20.496573494343817,5.0411128091206026,COMPLETE
116,0.5,2026-05-10 19:07:08.858966,2026-05-10 19:07:08.878372,0 days 00:00:00.019406,22.468816769910983,23.822646924445372,-4.2173085214173565,-28.899248727232433,-9.073200912763177,-36.12703954602884,44.87919434260775,-9.774088404883761,34.01930106376151,2,3,28.451301790825468,20.31925806438892,27.947646782401613,63.26877610891918,22.69126651310355,24.848116952985144,9.291041715373508,COMPLETE
117,0.5,2026-05-10 19:07:08.878406,2026-05-10 19:07:08.896613,0 days 00:00:00.018207,27.93961664770229,78.4956524997899,-16.32756606650058,-18.332569165972117,-20.335474479751962,-21.93327597400577,58.55057339998642,-8.029403782093766,29.507727662864845,2,4,45.40991169597347,95.72228479806887,29.96888145897646,77.17791417647575,6.01555784056018,26.74818056225909,18.85352401218337,COMPLETE
118,0.5,2026-05-10 19:07:08.896645,2026-05-10 19:07:08.917539,0 days 00:00:00.020894,21.418432189320274,38.76523310533156,-33.237005595016896,-29.93126041634198,-25.94679647743763,-11.717054413709779,80.96304508117608,-17.371044175775587,20.11051368786532,1,1,13.785252050737707,18.709614474566962,41.877167273752065,66.43580863834481,21.867384406866673,18.301526152558154,10.854260531129762,COMPLETE
119,0.5,2026-05-10 19:07:08.917578,2026-05-10 19:07:08.942111,0 days 00:00:00.024533,19.771244760641725,36.434055624728515,-14.780581573713597,-7.992255128188216,-4.327603868059214,-45.40610651179974,77.86119776199355,-5.588216568864768,43.84013418283668,2,3,17.60495993934524,89.69336445260164,72.41445200094,88.7626551825006,19.24588197484717,18.989586087953285,10.384728985634585,COMPLETE
120,0.5,2026-05-10 19:07:08.942156,2026-05-10 19:07:08.970189,0 days 00:00:00.028033,29.86940485154441,20.10184761056193,-6.977002003918217,-34.2487452895862,-27.142383951086828,-32.49860096304331,49.24966725682765,11.720740810958068,46.3090911642154,3,1,10.930936958345454,31.947919868335,40.084629658580795,52.6952568668679,5.553654658970503,10.402297083991993,11.970416996982738,COMPLETE
121,0.5,2026-05-10 19:07:08.970230,2026-05-10 19:07:08.992246,0 days 00:00:00.022016,12.649133835792046,58.18718542145814,-12.445534600558798,-0.10220918380378785,-21.727229422066756,-1.3764983119657788,70.96427024737352,-12.72665106332961,30.604773210115308,2,3,37.7196934194224,72.60737287498455,43.96476350921486,62.33628655153567,28.810794280499884,22.89744426373086,13.183916424391807,COMPLETE
122,0.5,2026-05-10 19:07:08.992297,2026-05-10 19:07:09.018401,0 days 00:00:00.026104,-9.803654978041614,27.652911915261868,-17.03737352571678,-11.049976030839424,-16.73544345193034,-7.067661799970965,73.04651033551619,14.664572797234126,32.92477462382813,2,3,39.59520485919024,62.0287808865372,26.064433644129124,55.11485070631864,26.23895577773618,25.373900963580873,14.217168624583278,COMPLETE
123,0.5,2026-05-10 19:07:09.018475,2026-05-10 19:07:09.041881,0 days 00:00:00.023406,3.795991672472928,75.92367282385314,-18.086081673066417,-31.645720321327715,-12.352315320420955,-3.6343586459878328,46.7996973599155,-6.572717976618765,27.896796527806774,3,3,21.92553700236518,64.53866779526338,20.471460077630233,58.228536774745734,23.823206537313943,24.148366662403042,8.89195427640652,COMPLETE
124,0.5,2026-05-10 19:07:09.041929,2026-05-10 19:07:09.066495,0 days 00:00:00.024566,-7.374860244637504,30.973636624543516,-11.097357363956808,-1.4211974328112555,-29.16772583228251,-4.496526275420912,41.20433649937776,-10.500299457165744,36.705750731931595,1,3,35.11653177691218,80.1032658501974,34.82918432175029,72.91308704625222,18.448732940959232,25.753515735009437,13.466100925206606,COMPLETE
125,0.5,2026-05-10 19:07:09.066534,2026-05-10 19:07:09.090013,0 days 00:00:00.023479,6.079601537465766,41.30521307110077,-13.575099653055824,-4.723729364934007,-30.453540260390966,-27.615541047368257,63.64944322397645,16.300355523603553,12.824575549507848,2,3,31.065464622670227,77.07378566955687,26.90484495339229,68.55223108206879,29.504742769575053,24.87209502518667,12.606049031316381,COMPLETE
126,0.5,2026-05-10 19:07:09.090055,2026-05-10 19:07:09.115298,0 days 00:00:00.025243,20.862993426210373,22.460282281978564,-9.665501000014965,-16.614671063722923,-18.68557065181237,-0.02245691740880207,68.23231824015842,1.745394072434728,18.894567365579384,3,2,12.65895488419663,29.56207856939209,23.638720744549815,60.04129814554585,24.523639640318926,14.9648257863857,11.527683221380581,COMPLETE
127,0.5,2026-05-10 19:07:09.115343,2026-05-10 19:07:09.138952,0 days 00:00:00.023609,23.394279783624484,74.5452912344014,-38.94204942121707,-17.621505753816006,-24.964497069575827,-14.532967894284056,65.33811850121666,0.1768501141467178,47.67536269116576,2,1,37.04675366458781,23.15222116243499,32.154989546793786,64.14851498296291,17.432024415191762,22.249647586723945,6.32789332490316,COMPLETE
128,0.5,2026-05-10 19:07:09.138998,2026-05-10 19:07:09.165106,0 days 00:00:00.026108,9.900636490958329,72.79152789293856,-21.27557524840197,-13.05071354719862,-7.5119023295565945,-0.9423090747944102,56.448009289265315,-2.5990392270684723,26.74244995792369,2,3,40.8727651998357,68.71536968093623,22.430205458183785,48.72940133917125,27.428781510623892,27.948982589195168,3.8011292138583035,COMPLETE
129,0.5,2026-05-10 19:07:09.165147,2026-05-10 19:07:09.190207,0 days 00:00:00.025060,24.898365535933117,79.79226288937045,-19.462759315097927,-21.182438196713832,-15.425609458656727,-26.318644223225572,95.12523747579995,-8.848615438398058,38.167830368632586,2,4,33.46976942851768,65.69664198815438,76.28978908724564,70.12099539050645,7.5246436890048445,28.607507131012543,15.347934528222885,COMPLETE
130,0.5,2026-05-10 19:07:09.190248,2026-05-10 19:07:09.215599,0 days 00:00:00.025351,26.199407625424577,32.66007197714756,-15.615733770091149,-22.03088172866643,-17.388369971548816,-38.43891116504338,61.85967361365315,10.483270961078501,32.120011805487,3,1,48.27705943690573,34.92105059364876,38.370461416689025,22.5642014411479,28.051498182851773,8.86525015365589,8.173359348814493,COMPLETE
131,0.5,2026-05-10 19:07:09.215641,2026-05-10 19:07:09.238833,0 days 00:00:00.023192,13.232163124915033,34.28088888445612,-14.137544742834672,-20.16962819057067,-12.61786383663093,-23.31029485581301,52.805874357678306,-17.547610718506377,33.80194450335655,1,2,42.57389466796695,44.908976095576314,21.808831073259423,38.17988704479527,19.63893054156278,14.24759014489549,7.360886651459771,COMPLETE
132,0.5,2026-05-10 19:07:09.238867,2026-05-10 19:07:09.258100,0 days 00:00:00.019233,16.67631120855733,35.38278027889687,-49.16853103132862,-15.634358084939354,-34.880584651040316,-19.487894786309276,84.47921059340096,-19.247016224174043,30.556474666922135,1,2,39.07195939273768,38.74051328788622,20.30848505261556,30.678931671174723,20.54735312407121,12.058652186419534,18.053687951710675,COMPLETE
133,0.5,2026-05-10 19:07:09.258134,2026-05-10 19:07:09.277207,0 days 00:00:00.019073,14.881332797458889,66.00032463093565,-41.59459559066185,-32.97547567298877,-14.695410550786288,-2.6872220612322986,55.85009072467734,-18.630784412991602,29.305805527278714,1,2,44.4504153731526,40.96973130360118,25.465767662246197,43.27391749562402,18.180153297280235,13.54274624341245,6.931792091512967,COMPLETE
134,0.5,2026-05-10 19:07:09.277242,2026-05-10 19:07:09.296000,0 days 00:00:00.018758,12.019558755093348,33.52679319379093,-43.98900592117876,-23.15568387411736,-14.32844446343965,-17.868356121599035,58.27795696850331,-11.182713235884906,34.37801294310129,1,2,47.0306592738696,12.473625925589007,24.87508469325184,34.0518379602861,21.23855427986408,10.832997612284016,7.483493879378803,COMPLETE
135,0.5,2026-05-10 19:07:09.296033,2026-05-10 19:07:09.315758,0 days 00:00:00.019725,18.512182411539115,37.47015208876372,-25.833974058001935,-3.343517318056497,-24.022738300718665,-16.087186512639903,74.5391112898081,-1.180790904403691,17.155809474518783,1,2,41.75566480913068,54.046457752735016,29.467011718501112,16.353699348516717,19.308432672963814,12.673227916769847,12.045287470904693,COMPLETE
136,0.5,2026-05-10 19:07:09.315791,2026-05-10 19:07:09.334188,0 days 00:00:00.018397,15.865547960554634,30.067206631776898,-47.701936236358776,-14.30822398852926,-11.311910408803218,-25.649615038514455,76.82022566961122,-12.511954306258682,49.1407057144926,1,1,28.191285084404992,47.80213700163078,49.588309548648525,56.497944412329616,6.509491755098308,23.632648445370815,19.626106641842977,COMPLETE
137,0.5,2026-05-10 19:07:09.334221,2026-05-10 19:07:09.352666,0 days 00:00:00.018445,7.422054302576345,59.359848480937536,-45.384925113458756,-39.36341344416413,-19.42883143354614,-8.319741135392285,62.96638395484077,-14.057571215977891,39.69943760177377,2,3,45.881313217309,26.8670990982112,74.56710189436856,49.98734306470869,15.38527096106272,27.27114839616265,9.433291543491116,COMPLETE
138,0.5,2026-05-10 19:07:09.352699,2026-05-10 19:07:09.371082,0 days 00:00:00.018383,10.71966892538957,43.969792189897824,-28.771617618144937,-25.778337542832443,-13.339814969926605,-29.36574099324509,59.79579521807394,-4.541847084368008,45.510350321076366,3,2,25.709252453358758,70.95433388344101,23.563055826654615,13.028416498931339,16.813471068665997,17.547734967910664,9.838239806588662,COMPLETE
139,0.5,2026-05-10 19:07:09.371115,2026-05-10 19:07:09.392981,0 days 00:00:00.021866,13.673225832997908,28.704735373292028,-35.80675968030419,-31.242180778742764,-22.393735952905626,-30.862767512658568,71.96079089926408,-19.894743787796003,9.530851750273433,2,1,16.25308753103146,44.03151322852007,28.10318938493878,53.477873496596565,20.076431527614783,9.84319675895138,14.776999061259366,COMPLETE
140,0.5,2026-05-10 19:07:09.393024,2026-05-10 19:07:09.417385,0 days 00:00:00.024361,19.26729909433082,39.097355346094524,-8.214126575994309,-24.417247606063803,-9.745962971462676,-6.0499937437970175,79.43804958292101,-6.885878957607809,42.95109192897699,3,3,40.316145735857376,57.22481455620779,64.29166853166437,61.356471319857725,17.903540071766155,19.67722950263071,17.63606519040502,COMPLETE
141,0.5,2026-05-10 19:07:09.417454,2026-05-10 19:07:09.443487,0 days 00:00:00.026033,29.147045662420794,26.430533467526487,-32.44765087574681,-26.74348393628473,-3.2857555854610516,-35.90545898143922,81.87744326655687,17.910085998932654,21.12359079250436,2,3,11.693473106681363,27.651458491233655,58.499528258158925,74.05398196129562,13.67324971983557,18.736473792930234,13.810612352008,COMPLETE
142,0.5,2026-05-10 19:07:09.443565,2026-05-10 19:07:09.469853,0 days 00:00:00.026288,27.223123845715243,23.349368437069494,-34.59864647500336,-27.8078001578543,-5.840350721441114,-37.333518508475365,86.78087804802846,9.206268359386542,19.897645522126634,2,3,12.939774992450907,21.98704475560607,70.66234469205538,92.80289623614217,11.953966779015456,16.91891672875909,2.6259288818709887,COMPLETE
143,0.5,2026-05-10 19:07:09.469920,2026-05-10 19:07:09.497876,0 days 00:00:00.027956,28.84064643692236,20.994628192853614,-30.663102617363286,-22.123905134093025,-9.211750363553815,-34.952207418920686,54.29049700117033,-16.13988106001327,22.403751971641903,2,3,14.198575938385437,24.09601206885779,52.51783197863273,77.244088309566,12.606128583953348,21.686231612386067,3.7623000657306656,COMPLETE
144,0.5,2026-05-10 19:07:09.497919,2026-05-10 19:07:09.521552,0 days 00:00:00.023633,28.446676206612942,33.22359251374523,-24.24982044480954,-19.092549138944772,-6.785970544821255,-40.33424312663549,70.11832296704857,19.26531973164265,23.749638948057413,2,3,10.523016721461842,33.821297547449575,55.4666447294033,81.38487853220182,10.6298818117593,20.82924443343884,2.474357470437877,COMPLETE
145,0.5,2026-05-10 19:07:09.521591,2026-05-10 19:07:09.542918,0 days 00:00:00.021327,-4.122613208354789,77.37752766410233,-29.26685212367377,-36.70403008642633,-36.14453326531628,-43.65905184700242,38.2750832017759,3.285570879083986,25.755429759327235,2,1,15.270161153020206,97.4454149909264,48.161902799104574,84.36451753466172,23.12670491695465,16.080130456591746,8.63533266238575,COMPLETE
146,0.5,2026-05-10 19:07:09.542957,2026-05-10 19:07:09.563936,0 days 00:00:00.020979,-0.3230652802032079,24.644222400835428,-3.416737397732571,-24.771452422819564,-46.32361013449814,-48.01813124282281,67.47545476100625,-3.521637787871094,18.85086092286176,2,4,11.61628339806119,14.990558795818357,62.06836094613527,79.60490805760602,13.104878148600934,18.0788668313822,5.0296184765091185,COMPLETE
147,0.5,2026-05-10 19:07:09.563971,2026-05-10 19:07:09.585557,0 days 00:00:00.021586,20.34111946988236,70.78033364639018,-26.405373061935503,-30.685469748851325,-27.89912563164587,-33.895011809273534,34.755465285684316,15.83112694836909,17.89951695611152,2,3,48.12997522374893,76.03900604479783,60.13460010633224,72.38857523080807,11.078690505583591,22.58172406801472,3.4195446738122635,COMPLETE
148,0.5,2026-05-10 19:07:09.585599,2026-05-10 19:07:09.608727,0 days 00:00:00.023128,21.904696045170297,48.5730480707597,-36.78408709510222,-35.09130308529977,-8.065529027612314,-37.93194583132767,43.14793889847869,-1.6369562305970946,47.58141969372492,1,1,17.099146811767966,85.42703052650234,50.43946169056059,26.58096059799161,9.672412851364175,11.361603689927646,19.201322293117048,COMPLETE
149,0.5,2026-05-10 19:07:09.608772,2026-05-10 19:07:09.630561,0 days 00:00:00.021789,24.140900125853904,31.34130490654305,-5.606006539443618,-23.311967193101772,-10.779880224160623,-13.103834587170685,79.48451722212222,7.200705612716577,44.31790856680904,3,2,22.721235317304835,28.889632582010606,21.678613302551785,18.72214297037241,5.797113192932044,29.70598788060392,8.113497607900634,COMPLETE
