number,value,datetime_start,datetime_complete,duration,params_act_boom,params_act_key,params_act_map,params_door_count_base,params_ladder,params_sabotage_count,state
0,38.8888888888889,2026-05-10 23:16:57.417456,2026-05-10 23:18:07.050080,0 days 00:01:09.632624,1,3,3,2,2,1,COMPLETE
1,33.0,2026-05-10 23:18:07.050391,2026-05-10 23:19:00.855644,0 days 00:00:53.805253,3,3,3,1,3,2,COMPLETE
2,53.88888888888889,2026-05-10 23:19:00.855873,2026-05-10 23:19:54.764157,0 days 00:00:53.908284,2,3,2,1,3,2,COMPLETE
3,58.55555555555556,2026-05-10 23:19:54.764381,2026-05-10 23:21:02.810430,0 days 00:01:08.046049,1,2,3,1,3,2,COMPLETE
4,44.777777777777786,2026-05-10 23:21:02.810681,2026-05-10 23:21:54.003919,0 days 00:00:51.193238,2,3,1,1,2,2,COMPLETE
5,58.66666666666668,2026-05-10 23:21:54.004145,2026-05-10 23:22:39.053302,0 days 00:00:45.049157,2,1,2,2,3,3,COMPLETE
6,29.222222222222236,2026-05-10 23:22:39.053538,2026-05-10 23:23:46.472214,0 days 00:01:07.418676,1,3,1,1,3,1,COMPLETE
7,44.00000000000001,2026-05-10 23:23:46.472426,2026-05-10 23:24:38.707865,0 days 00:00:52.235439,3,3,1,1,3,2,COMPLETE
8,26.444444444444454,2026-05-10 23:24:38.708078,2026-05-10 23:25:25.101761,0 days 00:00:46.393683,3,1,1,1,2,2,COMPLETE
9,44.66666666666667,2026-05-10 23:25:25.101982,2026-05-10 23:26:47.996315,0 days 00:01:22.894333,3,3,2,2,3,1,COMPLETE
10,55.0,2026-05-10 23:26:47.996606,2026-05-10 23:31:42.365924,0 days 00:04:54.369318,3,1,1,2,1,3,COMPLETE
11,24.66666666666668,2026-05-10 23:31:42.366134,2026-05-10 23:32:41.200713,0 days 00:00:58.834579,1,2,1,1,2,1,COMPLETE
12,31.00000000000001,2026-05-10 23:32:41.200920,2026-05-10 23:33:39.791411,0 days 00:00:58.590491,1,2,1,1,2,1,COMPLETE
13,65.33333333333336,2026-05-10 23:33:39.791656,2026-05-10 23:34:15.721463,0 days 00:00:35.929807,2,1,1,1,1,3,COMPLETE
14,42.88888888888889,2026-05-10 23:34:15.721684,2026-05-10 23:35:15.748676,0 days 00:01:00.026992,2,2,2,1,2,1,COMPLETE
15,53.555555555555564,2026-05-10 23:35:15.748911,2026-05-10 23:36:08.916085,0 days 00:00:53.167174,3,1,2,1,1,1,COMPLETE
16,44.333333333333336,2026-05-10 23:36:08.916312,2026-05-10 23:36:59.140436,0 days 00:00:50.224124,1,2,1,1,2,2,COMPLETE
17,64.66666666666669,2026-05-10 23:36:59.140647,2026-05-10 23:37:40.804848,0 days 00:00:41.664201,2,1,1,2,2,3,COMPLETE
18,43.0,2026-05-10 23:37:40.805110,2026-05-10 23:38:37.435319,0 days 00:00:56.630209,1,2,1,1,1,1,COMPLETE
19,35.000000000000014,2026-05-10 23:38:37.435548,2026-05-10 23:39:25.091974,0 days 00:00:47.656426,3,1,2,1,2,2,COMPLETE
20,33.22222222222222,2026-05-10 23:39:25.092184,2026-05-10 23:40:18.031713,0 days 00:00:52.939529,2,2,2,2,2,2,COMPLETE
21,42.111111111111114,2026-05-10 23:40:18.031925,2026-05-10 23:41:18.524463,0 days 00:01:00.492538,1,2,1,1,2,1,COMPLETE
22,35.22222222222223,2026-05-10 23:41:18.524730,2026-05-10 23:42:18.557732,0 days 00:01:00.033002,1,2,1,1,2,1,COMPLETE
23,44.11111111111112,2026-05-10 23:42:18.557948,2026-05-10 23:43:26.912718,0 days 00:01:08.354770,1,3,1,1,3,1,COMPLETE
24,29.666666666666675,2026-05-10 23:43:26.912939,2026-05-10 23:44:25.943967,0 days 00:00:59.031028,1,1,1,1,2,1,COMPLETE
25,47.44444444444445,2026-05-10 23:44:25.944193,2026-05-10 23:45:22.866682,0 days 00:00:56.922489,2,2,1,1,1,1,COMPLETE
26,32.00000000000001,2026-05-10 23:45:22.866913,2026-05-10 23:46:32.497964,0 days 00:01:09.631051,1,3,1,1,3,1,COMPLETE
27,37.111111111111114,2026-05-10 23:46:32.498205,2026-05-10 23:47:21.680152,0 days 00:00:49.181947,1,1,2,1,2,2,COMPLETE
28,36.33333333333334,2026-05-10 23:47:21.680365,2026-05-10 23:48:09.644812,0 days 00:00:47.964447,2,2,1,1,2,2,COMPLETE
29,53.66666666666667,2026-05-10 23:48:09.645033,2026-05-10 23:49:23.251402,0 days 00:01:13.606369,1,3,2,2,3,1,COMPLETE
30,69.77777777777777,2026-05-10 23:49:23.251619,2026-05-10 23:50:00.950725,0 days 00:00:37.699106,3,2,3,1,1,3,COMPLETE
31,29.333333333333343,2026-05-10 23:50:00.950962,2026-05-10 23:50:58.930473,0 days 00:00:57.979511,1,1,1,1,2,1,COMPLETE
32,45.33333333333334,2026-05-10 23:50:58.930682,2026-05-10 23:51:58.652102,0 days 00:00:59.721420,1,1,1,1,2,1,COMPLETE
33,37.111111111111114,2026-05-10 23:51:58.652313,2026-05-10 23:52:56.460005,0 days 00:00:57.807692,1,1,1,1,2,1,COMPLETE
34,43.333333333333336,2026-05-10 23:52:56.460262,2026-05-10 23:53:54.897893,0 days 00:00:58.437631,1,1,1,1,2,1,COMPLETE
35,39.22222222222223,2026-05-10 23:53:54.898112,2026-05-10 23:54:58.384921,0 days 00:01:03.486809,1,1,1,1,3,1,COMPLETE
36,46.8888888888889,2026-05-10 23:54:58.385146,2026-05-10 23:55:48.864321,0 days 00:00:50.479175,1,3,1,1,2,2,COMPLETE
37,44.55555555555556,2026-05-10 23:55:48.864542,2026-05-10 23:56:46.368764,0 days 00:00:57.504222,2,1,1,1,2,1,COMPLETE
38,42.22222222222223,2026-05-10 23:56:46.368976,2026-05-10 23:57:42.322815,0 days 00:00:55.953839,2,3,3,1,3,2,COMPLETE
39,48.00000000000001,2026-05-10 23:57:42.323023,2026-05-10 23:58:31.697322,0 days 00:00:49.374299,3,1,2,1,3,2,COMPLETE
40,29.666666666666686,2026-05-10 23:58:31.697549,2026-05-10 23:59:40.563936,0 days 00:01:08.866387,1,3,1,2,2,1,COMPLETE
41,48.111111111111114,2026-05-10 23:59:40.564163,2026-05-11 00:00:39.662167,0 days 00:00:59.098004,1,1,1,1,2,1,COMPLETE
42,47.88888888888889,2026-05-11 00:00:39.662377,2026-05-11 00:01:38.294551,0 days 00:00:58.632174,1,1,1,1,2,1,COMPLETE
43,29.333333333333346,2026-05-11 00:01:38.294782,2026-05-11 00:02:36.338769,0 days 00:00:58.043987,1,1,1,1,2,1,COMPLETE
44,38.22222222222223,2026-05-11 00:02:36.338991,2026-05-11 00:03:34.248187,0 days 00:00:57.909196,1,1,1,1,2,1,COMPLETE
45,30.000000000000007,2026-05-11 00:03:34.248403,2026-05-11 00:04:33.392876,0 days 00:00:59.144473,1,1,1,1,2,1,COMPLETE
46,35.88888888888889,2026-05-11 00:04:33.393094,2026-05-11 00:05:34.626733,0 days 00:01:01.233639,1,2,1,1,2,1,COMPLETE
47,32.66666666666667,2026-05-11 00:05:34.626937,2026-05-11 00:06:18.876457,0 days 00:00:44.249520,2,1,1,1,1,2,COMPLETE
48,39.11111111111112,2026-05-11 00:06:18.876657,2026-05-11 00:07:25.819641,0 days 00:01:06.942984,3,2,2,1,3,1,COMPLETE
49,56.777777777777786,2026-05-11 00:07:25.819848,2026-05-11 00:08:07.105138,0 days 00:00:41.285290,1,1,1,1,2,3,COMPLETE
