number,value,datetime_start,datetime_complete,duration,params_approach_bonus_base,params_dead_end_penalty,params_discard_2_exit_value,params_discard_3_4_exit_value,params_discard_dead_end_value,params_discard_duplicate_penalty,params_discard_enemy_door_value,params_discard_key_useless_value,params_discard_ladder_value,params_discard_own_door_value,params_down_opening_bonus,params_enemy_door_penalty,params_ladder_bonus,params_max_kept_repairs,params_own_door_bonus,params_retreat_penalty,params_side_step_bonus,state
0,1.249828318057696,2026-05-10 18:14:21.068871,2026-05-10 18:14:28.755380,0 days 00:00:07.686509,36.339979415643754,35.462213595912374,16.390934324227207,35.67983064711237,-9.455037134863183,-34.90659536873922,-36.08728944649116,-29.85230396360981,98.12740265181456,-4.252622103945956,45.798015751305435,19.705364472350798,28.640765542060656,2,0.6559895812754934,46.21149566096549,10.21533113862348,COMPLETE
1,1.1840824608392175,2026-05-10 18:14:28.755444,2026-05-10 18:14:37.313356,0 days 00:00:08.557912,82.99605863197147,53.57202193957081,0.769768733405062,35.6553376340925,-21.961128210832502,-37.18892247907822,-0.8977440416592017,-4.655124630045179,60.55058118096321,-1.1241951343197023,42.44760347062308,29.08771946755029,43.53365871736194,2,17.15328000527508,34.885413367888496,9.81689766424447,COMPLETE
2,1.2334939759036145,2026-05-10 18:14:37.313405,2026-05-10 18:14:45.266886,0 days 00:00:07.953481,41.929356857239355,71.32217499812424,11.914354100808712,78.9740215978367,-41.52362987677072,-23.550469060983477,-35.213654841204985,-11.226661183855775,55.831789893769596,14.167733757555673,26.451019878779555,33.376590748580725,20.088235225054003,1,19.80551607627297,30.820451839187655,19.529182132197423,COMPLETE
3,1.1826303146769157,2026-05-10 18:14:45.266933,2026-05-10 18:14:53.479719,0 days 00:00:08.212786,60.90550806947938,48.54328328528823,10.834992123241712,41.89946598502633,-41.52549714618118,-24.40731070693932,-48.65495131662152,-44.64179447875165,89.23649524323804,18.779097540564102,48.80706188028188,25.972585350605055,21.728417001532286,2,4.4356925095459125,85.43449260680383,9.04372333799613,COMPLETE
4,1.263137670525572,2026-05-10 18:14:53.479763,2026-05-10 18:15:01.464545,0 days 00:00:07.984782,91.70336585525229,32.34271332985256,19.085271076995554,72.17338821573273,-17.3287179210119,-11.913560053695523,-11.676168702584597,-11.363245256756748,95.3677866280295,-17.073296071635106,36.14537554887153,13.271830395751001,11.557647828209152,0,10.992731610021645,73.96517729416499,4.809574322840689,COMPLETE
5,1.2131554261685267,2026-05-10 18:15:01.464586,2026-05-10 18:15:09.438747,0 days 00:00:07.974161,46.905427183522775,70.58639134348331,20.06675565445592,24.85806472416141,-8.050940601519436,-37.85712613964148,-46.08180678724934,-42.33337471692553,82.8185842883307,-10.259176438876718,46.90258480614022,11.614958204245934,16.20236615133113,2,7.913800135888032,30.4528502859627,0.42310707105398304,COMPLETE
6,1.2335510204081632,2026-05-10 18:15:09.438795,2026-05-10 18:15:16.992916,0 days 00:00:07.554121,34.64739095912966,33.07133899625376,17.230054500282385,75.04252587273982,-14.256353377059689,-20.063982117668377,-22.463053501398853,-22.607569172091875,32.931129375526446,7.905914651617426,29.93071241932402,12.56018658298256,14.260076879850994,2,1.108947198456296,60.788183501184875,7.5839968500560895,COMPLETE
7,1.1793435496141724,2026-05-10 18:15:16.992957,2026-05-10 18:15:25.523113,0 days 00:00:08.530156,35.382783675310236,44.41959809316262,15.219450942164173,69.5864422779922,-22.818059866277267,-31.418758012171235,-45.03584011290479,-26.25353816591615,99.56094786069725,8.737308794934968,37.66851497949591,35.225532733215715,49.29706861974303,1,0.6943393133936571,56.21729921138481,6.509824583345578,COMPLETE
8,1.223447015184266,2026-05-10 18:15:25.523189,2026-05-10 18:15:34.876306,0 days 00:00:09.353117,92.50832663439022,41.495320193892056,18.099187520967746,60.65019918369985,-15.919867238509589,-9.0700165254615,-38.865948956552266,-13.066727867683788,82.07061330537536,-18.750330909934764,29.468554794852228,20.76124730219189,22.674263981518067,1,3.6091497982902565,53.46781607276311,1.983904803239307,COMPLETE
9,1.2061590234066324,2026-05-10 18:15:34.876348,2026-05-10 18:15:43.264039,0 days 00:00:08.387691,35.67657546323153,27.778676950337356,7.941008727406732,47.53570619794752,-31.22233875519097,-21.674394227463758,-0.14916321079819994,-19.699361444792395,46.81144815831355,10.407235373635935,38.38416501779541,8.47487496537252,40.93873601632214,0,13.297440584936721,33.680657310703424,9.584039882355963,COMPLETE
10,1.1787472908539227,2026-05-10 18:15:43.264081,2026-05-10 18:15:51.181248,0 days 00:00:07.917167,99.54123606022245,23.608618587470247,27.98859182369788,60.360968699557375,-1.7693741151995823,-3.0747171590993307,-16.733218317438066,-0.07262662787731244,72.12841026806862,-19.139736684311583,16.263784148130533,15.821929356083839,11.639656507091974,0,12.018585457485921,79.28394200342564,15.403820441975068,COMPLETE
11,1.2192849545937985,2026-05-10 18:15:51.181290,2026-05-10 18:15:58.812855,0 days 00:00:07.631565,74.04763018159167,35.11235769414407,26.964366058458133,28.44727457804673,-1.7093430383203119,-13.242699742585028,-12.03806050574198,-32.529792240695684,99.64030496034505,-6.700159488385827,37.21445923412915,19.240897109745767,30.27204982974217,0,8.519474413083515,75.3408351513153,4.6207249744160315,COMPLETE
12,1.2431294729993494,2026-05-10 18:15:58.812900,2026-05-10 18:16:06.586839,0 days 00:00:07.773939,61.01510080358037,20.517645663962938,-9.656782452932617,52.60617599002423,-13.15660133720199,-12.395545027662154,-30.224608581370212,-33.72216701308323,89.48684052302829,-11.354805626096901,20.669659120140746,6.872234643871188,31.14298865767648,1,12.312128184172893,46.81065843595377,13.806315298080905,COMPLETE
13,1.1937641427328112,2026-05-10 18:16:06.586878,2026-05-10 18:16:14.135821,0 days 00:00:07.548943,54.1231583308506,59.15104696645374,23.29849536607158,35.5161029871482,-32.867803920149285,-1.4858956426860175,-9.915886348506827,-32.54579718722892,72.32318954128885,-0.8878768883437628,42.54543704023389,16.349803433695868,36.71186815676177,0,6.251684741025102,97.25274515424425,13.225838749474134,COMPLETE
14,1.209083812765038,2026-05-10 18:16:14.135863,2026-05-10 18:16:21.954999,0 days 00:00:07.819136,75.21747926861488,35.65601797031117,2.9597905279019354,64.2540416411923,-8.707800489179913,-29.82526450233378,-29.252117303217865,-15.515722919071344,91.67309573128489,-13.714373435747127,35.16559549741149,24.468707124259126,28.3646667705653,1,10.49481561704601,71.42986156086062,4.913155419651939,COMPLETE
15,1.1850786815091683,2026-05-10 18:16:21.955040,2026-05-10 18:16:29.516229,0 days 00:00:07.561189,85.76489346359803,29.556065819803827,22.39746457924536,51.347720998571944,-18.688552666498925,-15.42812428275087,-21.728493969357004,-26.45545932992469,74.25625271824774,-5.224937139535617,44.154265490066436,14.380623765737111,26.970073451676605,0,13.4351964340034,44.827991537374345,12.511457585400914,COMPLETE
16,1.2237193920250533,2026-05-10 18:16:29.516274,2026-05-10 18:16:37.464885,0 days 00:00:07.948611,71.58871477954763,39.401091187505905,5.656272080240592,34.78364347372567,-29.898468383428906,-7.180842318216526,-10.818168077368506,-37.585530006921836,99.908529353238,2.9654835695842108,23.40080425287615,19.494205658300366,10.045621194023628,2,15.78674626770074,66.81626732818026,3.550333939597907,COMPLETE
17,1.1915743827411442,2026-05-10 18:16:37.464927,2026-05-10 18:16:45.653699,0 days 00:00:08.188772,53.26842395156729,59.86089887406124,13.95168176554866,20.465466020131867,-6.526719174279398,-30.12269777766186,-35.05289961267935,-49.52263871081094,82.14860716134858,2.779093676434223,11.678467262893626,29.959234926764772,36.249374482948504,1,4.024687957223277,87.87778086205886,17.233061499090542,COMPLETE
18,1.2351688368410996,2026-05-10 18:16:45.653737,2026-05-10 18:16:53.101535,0 days 00:00:07.447798,98.69539159179918,48.697175482658714,-4.953493452645169,43.642418351543306,-26.326680537322353,-17.11870713196833,-5.72405376840549,-8.884571487953956,47.93803943241437,-14.815505135965735,34.600893895424534,11.294520141161543,17.934624497150796,2,9.547105340032463,46.89139680480287,7.385464354802205,COMPLETE
19,1.218520836764948,2026-05-10 18:16:53.101575,2026-05-10 18:17:00.491052,0 days 00:00:07.389477,84.1710534090046,26.31415798493557,25.236991052527035,66.94189077989246,-9.554197678083131,-33.7772293209605,-27.431367244077638,-17.043974483782698,92.1737161866,-5.230620544806905,49.33031048049322,23.31920764339049,34.30299148270976,0,15.672675821020857,66.05757709270223,11.326280114199177,COMPLETE
20,1.2220607334357234,2026-05-10 18:17:00.491094,2026-05-10 18:17:08.120406,0 days 00:00:07.629312,67.5849571788921,79.94302156655607,20.623588408017902,56.035248709831805,-36.90704111027687,-25.034549787090704,-16.381405324241722,-5.866983890018658,66.57147206374776,-16.102968186668203,33.55515458145115,17.870488714118267,25.24634801274034,1,7.308685879852785,54.998467366340535,2.5106944242489586,COMPLETE
21,1.1885574810837198,2026-05-10 18:17:08.120448,2026-05-10 18:17:15.937197,0 days 00:00:07.816749,61.38355697717517,21.52249797331124,-8.573918870220751,52.7040909292495,-14.154303326167955,-10.853024965104684,-31.84765116887748,-32.33271840396408,88.8628763631897,-10.585269339725414,20.109171453768273,5.7660950845731715,32.139266992089446,1,11.338605308569333,42.04624839507926,13.664142619923465,COMPLETE
22,1.2191110381257355,2026-05-10 18:17:15.937239,2026-05-10 18:17:23.565331,0 days 00:00:07.628092,45.415613035515605,29.94183407114331,-1.7283808520753459,41.897630976579855,-49.93025917919412,-5.637964778723631,-39.5158574449762,-28.651134158445615,94.84501162985445,-9.578017189014163,19.5251786307551,6.822748419376074,41.48186248218349,1,14.20124320719966,39.968992121640724,15.623278912419313,COMPLETE
23,1.2095670995670997,2026-05-10 18:17:23.565372,2026-05-10 18:17:31.381474,0 days 00:00:07.816102,30.265583290590666,22.98164797600092,8.26728906030159,73.52219126114501,-18.502515196333096,-16.933297672465876,-23.608042712568633,-36.76117028281982,83.60072642498548,-12.72325538831696,10.78353153727711,7.3922430133634,24.875281451042106,2,9.838875732898419,51.888507546272784,11.196434918260792,COMPLETE
24,1.1247766323024055,2026-05-10 18:17:31.381511,2026-05-10 18:17:38.864644,0 days 00:00:07.483133,52.77071626865241,38.91590238583906,15.018399678781684,30.11023827030021,-12.143014339188454,-12.29882761315213,-40.844851796013685,-21.872678925012604,77.84608348898553,-7.921715580768328,25.252010539776364,9.21739026076366,32.98716819148804,0,5.944283112460284,60.41463044920235,14.962939581273446,COMPLETE
25,1.2277267161864338,2026-05-10 18:17:38.864685,2026-05-10 18:17:46.642416,0 days 00:00:07.777731,91.0783107080202,20.626750954800876,17.997484491039017,56.66475032407878,-4.8527584063558065,-13.887681988132712,-18.09031712978846,-38.44612465112176,95.13498799438806,-16.28503211143606,40.117583913637894,5.0403941362527265,47.71960462349447,1,11.989770544115899,49.770977058029665,11.428711948411008,COMPLETE
26,1.1933415340878029,2026-05-10 18:17:46.642463,2026-05-10 18:17:54.203631,0 days 00:00:07.561168,65.65522430745845,31.226684597176973,-9.266104995909874,46.0641699927535,-19.13695778623972,-39.90147714940009,-33.23525034626094,-31.035086828780287,85.91709069647526,-3.073984327410427,31.69323859359139,39.964636285592334,29.2170372494834,0,18.093657630038734,40.395614827160536,5.741506231718831,COMPLETE
27,1.2675291981681707,2026-05-10 18:17:54.203672,2026-05-10 18:18:01.723426,0 days 00:00:07.519754,77.60191483915469,26.35159488880401,-4.158656599915602,38.42554448410293,-11.91491877687427,-9.29115616460937,-27.12555575619597,-24.237811611120485,94.55454976612954,-19.95658856937669,14.998384583963352,13.617225963436189,37.67937301463006,2,1.750543455331428,61.842131180135155,7.640924413838375,COMPLETE
28,1.2386317038955434,2026-05-10 18:18:01.723466,2026-05-10 18:18:09.566950,0 days 00:00:07.843484,90.67080280831325,44.634919395277024,29.597508724018077,37.04908945935214,-26.583411564823237,-5.084539834691306,-27.41363527250594,-19.69046442810364,95.8477982244888,-19.567476830952863,14.509342288982136,14.842432622098041,44.499968258011755,2,2.3995845248571523,70.29974114162287,7.863621815953729,COMPLETE
29,1.2093724729095907,2026-05-10 18:18:09.567001,2026-05-10 18:18:17.226085,0 days 00:00:07.659084,75.00151187952525,35.83117708040117,-0.3311394646133574,37.54978652361151,-4.460355668872083,-7.404130122483679,-5.064637152742659,-1.5035470148311845,59.27686725347673,1.844426293468533,44.795078497912534,26.184426297361277,38.82210811399075,2,0.24081693655974612,80.7763296854098,8.98968743106682,COMPLETE
30,1.1743769243234485,2026-05-10 18:18:17.226126,2026-05-10 18:18:25.179761,0 days 00:00:07.953635,81.37501337115067,55.89761223659819,3.707598486893051,29.860269880773252,-21.71146589168155,-27.20054866365842,-19.752141046263784,-7.918876138462874,78.4190457650987,-17.007246619561823,41.32051767872211,21.370015305776516,45.07017997331841,2,1.8364324531027538,61.35323829446341,6.0289722366742975,COMPLETE
31,1.186860841423948,2026-05-10 18:18:25.179804,2026-05-10 18:18:33.228840,0 days 00:00:08.049036,79.7820161987173,27.704914828616147,-4.672892166135882,39.65615554494474,-12.471918151848794,-10.957711030416275,-30.18692927808842,-28.980586915357122,87.7391450469903,-13.318400457010815,19.982726972051243,13.26850600805502,36.18871210089813,2,2.803948027130985,37.17516076717622,10.337066617824167,COMPLETE
32,1.2079528195185005,2026-05-10 18:18:33.228882,2026-05-10 18:18:41.149740,0 days 00:00:07.920858,59.79520865839371,24.967663904242894,-6.057628877099502,33.79987418007527,-16.923316421253787,-18.072210531533024,-26.22078588799552,-23.509997861990357,93.74047146782426,-11.13745866823565,14.81373122938473,9.696261253883643,31.27746200327941,2,6.060911246572492,45.54257041880272,17.77901724662417,COMPLETE
33,1.1746051994186986,2026-05-10 18:18:41.149782,2026-05-10 18:18:49.119204,0 days 00:00:07.969422,95.06751440816126,32.43450117728289,-2.6819928701284255,78.88588074901782,-10.358901194583387,-9.25627830102902,-37.65704977663874,-36.45536526366042,89.86334789689863,-17.79349164866697,27.674896477657235,10.400677697886152,19.914296898584,1,4.5421910677839215,57.84586199879787,8.305097814389988,COMPLETE
34,1.2451844628636437,2026-05-10 18:18:49.119246,2026-05-10 18:18:56.910595,0 days 00:00:07.791349,79.37922118470807,20.23500786167525,11.768290335715031,48.689709446877686,-21.669225767885408,-15.25827279635309,-34.68533166389049,-42.05192191517354,97.25670484282963,-7.663058203440256,17.625267515577846,16.64618518995756,39.42733577300613,2,15.127612607173873,48.47537501375002,3.38459928376961,COMPLETE
35,1.248531211087651,2026-05-10 18:18:56.910637,2026-05-10 18:19:04.727546,0 days 00:00:07.816909,86.75136846954668,25.8425061738409,12.534533833462032,46.83539061183567,-22.261796750006198,-20.076257606037764,-36.23635264922691,-44.633519498239494,97.38214024976584,-3.027853001324481,17.04403458344728,17.682547955898297,39.62163626637656,2,19.210227731113882,71.14065960905054,0.0861653499768007,COMPLETE
36,1.2041532279958733,2026-05-10 18:19:04.727583,2026-05-10 18:19:12.426465,0 days 00:00:07.698882,87.29742287595842,44.872039077215305,12.795709443133253,44.02726322986416,-24.413955043959586,-20.488740957207,-43.88866694605759,-46.55930307011353,32.81960958428146,5.900399621329262,23.349428688708166,13.441774482932939,42.91705745261544,2,19.87614703049409,86.16588626402965,0.13575916972175683,COMPLETE
37,1.1953130561397831,2026-05-10 18:19:12.426505,2026-05-10 18:19:19.982652,0 days 00:00:07.556147,87.6922322527409,37.02603361703541,10.180850817778193,24.680473604775905,-16.55406598029045,-33.66599030903081,-47.489711407885935,-12.243818719766997,86.31703819446714,17.845940524598955,46.86856051128251,18.416320707072334,14.298752907215762,2,16.888661458401575,74.15315622974965,1.3714404305887824,COMPLETE
38,1.2199496998215156,2026-05-10 18:19:19.982696,2026-05-10 18:19:27.512589,0 days 00:00:07.529893,94.12480077928552,32.7886938607305,16.879257530880288,40.06414738752811,-28.430346640172285,-0.2292125870258026,-41.34432480435117,-40.888977917895744,66.34157968209013,-3.967240313671123,27.872564077328718,21.47845689846376,38.989280022727826,2,18.9005444896475,63.17115795391248,4.065516821789863,COMPLETE
39,1.2162645914396888,2026-05-10 18:19:27.512630,2026-05-10 18:19:35.603208,0 days 00:00:08.090578,77.98730933729465,52.099894929662156,20.744857385545124,46.10820507747638,-6.210897915226724,-23.713448461820043,-14.429279613045342,-44.425119773911426,51.02548478587305,12.295646266921413,11.840228534833294,26.73344194863073,47.24064930383735,2,1.7083062266297397,91.2654614507643,7.034610708019639,COMPLETE
40,1.2046060606060607,2026-05-10 18:19:35.603251,2026-05-10 18:19:43.713812,0 days 00:00:08.110561,40.04684803059541,41.55469833552062,7.940212257459168,55.4127211451102,-21.22079138073562,-35.4368738021142,-42.759946963818926,-16.709460511573205,39.557718221327264,-2.748147929797894,31.000017575787368,11.833482830187771,34.456781033917366,2,4.732398166517893,81.9826081433772,1.123253144564734,COMPLETE
41,1.213934080207826,2026-05-10 18:19:43.713851,2026-05-10 18:19:51.360426,0 days 00:00:07.646575,71.23809111940739,24.89996546834361,11.836354066023956,49.30888538219199,-21.73862667350129,-18.874202871925135,-35.79604123443648,-41.299554771978386,96.52271011474694,-7.927954224240998,17.336913759043142,15.852018800589306,40.03704559184057,2,15.175969055664083,67.72280530108713,2.495617830546923,COMPLETE
42,1.2158950840775606,2026-05-10 18:19:51.360467,2026-05-10 18:19:59.659243,0 days 00:00:08.298776,81.029592730646,28.77002981122679,15.757942833283328,47.5892531767247,-14.919173879942903,-21.687191041288308,-36.608553433291405,-46.91571036013332,97.21742628349367,-0.12058513829248696,17.7854365730164,17.1587165516406,37.582716327505075,2,17.185332605082333,76.09656774859705,3.787462766815742,COMPLETE
43,1.1815064438883955,2026-05-10 18:19:59.659285,2026-05-10 18:20:07.640332,0 days 00:00:07.981047,87.5925984220745,26.291136520481125,9.74700873233364,31.678276249009905,-23.884416364942595,-15.000051824334793,-32.44472367177723,-49.78287308235045,92.07368713987613,-8.803730427427228,14.041866430685028,19.619411749477052,43.45829673800142,2,18.43942297638798,58.50284823509576,5.457224919796432,COMPLETE
44,1.2378506434070964,2026-05-10 18:20:07.640375,2026-05-10 18:20:15.765856,0 days 00:00:08.125481,77.54911121858015,23.908614846384793,18.775628029497312,60.509641085943734,-11.004095895058622,-26.455621995860948,-24.1608713859398,-43.744374658558485,99.55768205268598,-1.9326181627176702,22.58528639823081,15.11949793792743,21.876539366243435,2,14.465177654653505,50.33430882774521,3.135252775297462,COMPLETE
45,1.2079342496583876,2026-05-10 18:20:15.765896,2026-05-10 18:20:24.185130,0 days 00:00:08.419234,97.22359934984861,33.60818239136894,13.232098792052176,39.914569351918466,-19.53197192208495,-9.445113352406553,-34.25514520498626,-39.59761772589801,97.16837078971633,-5.7597461845452935,13.365735977995513,23.054023420877847,41.75349681995539,2,0.3121428156968654,71.2143730158103,1.0097463369526878,COMPLETE
46,1.1286794756981193,2026-05-10 18:20:24.185171,2026-05-10 18:20:32.120253,0 days 00:00:07.935082,90.10557122312468,29.17411679056491,5.320292137564765,43.9521690308287,-7.684852600240296,-4.193726290425534,-28.96037792769085,-34.71013318857095,92.59220485043137,5.6358293115934615,16.800711148584544,17.022478729439552,49.926400207285866,2,16.567665020320682,30.185706046490544,4.525381106436409,COMPLETE
47,1.2129968522739607,2026-05-10 18:20:32.120294,2026-05-10 18:20:39.679308,0 days 00:00:07.559014,84.37135213283467,20.389928212456635,23.19326158129326,49.77175976048781,-0.1089044293431094,-15.07765620601289,-38.437729391208094,-24.944721365220126,78.705624178232,1.1373721176845586,39.25491928118301,13.288219250322108,34.15238221214589,2,8.620712942999546,77.60529243409152,8.483028009085967,COMPLETE
48,1.1307003891050584,2026-05-10 18:20:39.679350,2026-05-10 18:20:47.716489,0 days 00:00:08.037139,70.48541336508976,23.328683442610107,11.60667394898184,25.496630198476982,-16.49831462849081,-11.078999803907124,-20.624182182776558,-47.137518890752496,99.88774052074461,-15.183354060673663,36.17864716834055,20.484167956280423,15.661364620211854,1,13.275168156718255,36.06437272378758,9.998053400458224,COMPLETE
49,1.2221897810218978,2026-05-10 18:20:47.716531,2026-05-10 18:20:55.600638,0 days 00:00:07.884107,93.35874483042055,27.575581508172025,16.109647179729237,62.861689431467106,-26.130794891870746,-6.580129803097976,-49.11071195401253,-19.0008163451417,84.58694272411432,-19.308958094570045,21.57127215446581,18.29045650237166,45.83022007079008,1,10.71005972239486,63.24524127329774,6.744807532508545,COMPLETE
50,1.2143332794569257,2026-05-10 18:20:55.600681,2026-05-10 18:21:03.388991,0 days 00:00:07.788310,82.6986136010139,41.05709897483956,19.085243143473132,70.66006596757026,-33.40437906295303,-21.70803868552697,-3.803285861625117,-14.269934502422252,90.63241328024395,-6.644400365019484,46.95185362354076,11.649152609641101,39.142320740432126,2,3.2535213087340935,73.6780928606862,1.7923691095342178,COMPLETE
