number,value,datetime_start,datetime_complete,duration,params_approach_bonus_base,params_dead_end_penalty,params_discard_2_exit_value,params_discard_3_4_exit_value,params_discard_dead_end_value,params_discard_duplicate_penalty,params_discard_enemy_door_value,params_discard_key_useless_value,params_discard_ladder_value,params_discard_own_door_value,params_down_opening_bonus,params_enemy_door_penalty,params_ladder_bonus,params_max_kept_repairs,params_own_door_bonus,params_retreat_penalty,params_side_step_bonus,state
51,1.30545172103671,2026-05-10 18:21:03.389036,2026-05-10 18:21:11.173831,0 days 00:00:07.784795,40.74799912879783,21.97449688383547,-7.280169749173453,53.57024024366632,-12.163142833282857,-12.749976710249591,-32.66719640739521,-35.18674226417616,89.76889970247983,-12.554609692331693,19.065127948148696,16.26467975299904,26.353169779760197,0,13.48144251743138,48.71743630663408,2.890961665921979,COMPLETE
52,1.1972114458660064,2026-05-10 18:21:11.173874,2026-05-10 18:21:18.582915,0 days 00:00:07.409041,37.807649917385845,22.839482452121032,-7.258118025795488,58.234287590114825,-14.301659206312388,-13.702169868160883,-31.425170129426863,-29.781216443959426,96.93696231993648,-17.86046874282511,18.62738145982737,15.50478298661277,24.224642956163372,0,13.014285730786689,54.730254343322116,2.63051386659059,COMPLETE
53,1.2562960533508254,2026-05-10 18:21:18.582955,2026-05-10 18:21:26.039078,0 days 00:00:07.456123,31.80624754012966,20.027119548683515,14.230800093063152,33.617568274243474,-11.065487148635153,-9.031245978678145,-33.90965268412044,-42.64562086111418,93.3891737113311,-11.729306440185734,15.553590133540261,13.57996168933653,27.76798226548237,0,14.310766607879408,43.00271562533908,4.876376989236491,COMPLETE
54,1.1586871470643862,2026-05-10 18:21:26.039117,2026-05-10 18:21:33.891942,0 days 00:00:07.852825,33.65320407405475,30.92507532285206,21.744474216034426,33.394343389655106,-8.621750922379855,-8.491995073447422,-25.711136246695943,-34.634676929717045,88.60281382160775,-14.784012328006288,15.224156606200257,14.193352667592766,28.101816562736975,0,10.944879592293445,43.01454746125562,4.924938694324908,COMPLETE
55,1.230219298245614,2026-05-10 18:21:33.891984,2026-05-10 18:21:41.556278,0 days 00:00:07.664294,44.24318236518204,26.75802953083179,14.496493914962961,37.22264503428588,-11.308908553224203,-2.257356294200287,-37.15409835137342,-27.21380384326367,93.5724187122284,-12.051215068616651,11.947046217353094,10.804902518576693,18.861664300467112,0,9.250100677410323,32.42384768407525,6.367422403202777,COMPLETE
56,1.2587403843540188,2026-05-10 18:21:41.556318,2026-05-10 18:21:48.964974,0 days 00:00:07.408656,30.211740102630845,34.24632563792372,24.608382050131972,66.86567922983498,-13.339288195651985,-12.062755819425574,-28.96276531500838,-39.57614455192375,82.26814528841182,-14.186784060003044,25.292251168544784,12.547626517659918,26.74239334536681,0,11.648453281620164,68.59890648013192,0.4646091684377319,COMPLETE
57,1.267761830982087,2026-05-10 18:21:48.965015,2026-05-10 18:21:56.920758,0 days 00:00:07.955743,30.032116764099683,64.08227421852399,24.079205944277515,68.16838112856156,-13.210685585690866,-12.199400932305915,-28.42606789357688,-38.72908444160317,80.95357934648811,-13.344026098844276,24.922264131661866,12.882091264256879,26.712631359948414,0,12.567311899620735,51.66975367791295,5.253863621686652,COMPLETE
58,1.2101282787669922,2026-05-10 18:21:56.920798,2026-05-10 18:22:04.539023,0 days 00:00:07.618225,31.454526531081765,61.35015380216963,25.215783440673416,67.61067238838598,-13.17885654781096,-12.20336682903321,-28.39461867432024,-39.381480861349694,80.09452965468523,-13.978493913404293,25.318452928769357,8.66039526302353,25.983283693708145,0,12.388200644109705,53.0470989782289,5.249506291818337,COMPLETE
59,1.1120159238282854,2026-05-10 18:22:04.539065,2026-05-10 18:22:11.886334,0 days 00:00:07.347269,38.02970572803076,67.77118781480947,25.28142668853373,74.59049341959293,-2.926801275813821,-10.025000336451475,-22.717751050977217,-36.714808284537405,69.33877594155734,-15.666221220043738,24.667397593282143,9.92348624586112,23.874426231692958,0,11.585887582910322,38.211864295387876,4.161377636167134,COMPLETE
60,1.190122699386503,2026-05-10 18:22:11.886374,2026-05-10 18:22:19.493664,0 days 00:00:07.607290,32.46554199947467,78.19344593470198,24.222981997658163,78.09283325757463,-7.122283660567408,-7.040663913653933,-30.833856891781856,-35.685894626982396,73.8849324956092,-18.11466500330644,28.96896377434347,12.521789160593618,27.20259961890239,0,12.647003164870918,68.3120039145776,2.0453199688706825,COMPLETE
61,1.110474546550496,2026-05-10 18:22:19.493707,2026-05-10 18:22:26.933039,0 days 00:00:07.439332,36.15520207932556,69.60946995535984,26.377382107212043,71.06365818483397,-9.47109101650073,-13.101623553378431,-33.20265592326525,-30.834996105695527,81.79796444554648,-19.95615713846592,19.156896916585463,13.802601609604354,29.922641477967126,0,14.124584160621287,44.324822669316426,3.0230017626761017,COMPLETE
62,1.1945351455467839,2026-05-10 18:22:26.933085,2026-05-10 18:22:35.445338,0 days 00:00:08.512253,49.89192315680238,65.78010185056233,19.67858347078798,64.38397568695231,-15.033403237392163,-8.222958119347656,-27.22259500197906,-32.31201164185708,90.4433335998363,-12.434918401216814,32.65927487495681,12.696210171536125,22.899886835778627,0,10.312615243991505,48.886974549432,7.257391676310727,COMPLETE
63,1.1608807354510384,2026-05-10 18:22:35.445382,2026-05-10 18:22:47.392688,0 days 00:00:11.947306,40.87388461010654,38.040940581483795,27.53444717300584,67.40561188954997,-12.622166167786716,-11.56721302939838,-24.697589539002095,-38.39504146442771,84.98570117509,-10.637906868666283,22.111050242374482,7.942137023500577,26.578565280715747,0,11.614592210925926,51.582039750410566,9.26143389505933,COMPLETE
64,1.1801029230135858,2026-05-10 18:22:47.392735,2026-05-10 18:22:58.166577,0 days 00:00:10.773842,34.79980335934421,73.57284838187192,21.379882650975777,72.69157106820795,-5.422367729296147,-16.452927073589365,-30.124735215135225,-40.55195666137004,86.32102649668198,-16.995920588034142,26.47687354364952,14.97999325389214,27.85076940823118,0,1.2318965716758359,57.32785968501291,6.104213938322336,COMPLETE
65,1.2468771580895557,2026-05-10 18:22:58.166669,2026-05-10 18:23:10.158935,0 days 00:00:11.992266,30.67040375067383,34.22691121014454,29.351338353062594,76.45810346574737,-18.278961223215653,-4.539108922873449,-7.487416304162153,-42.7234404632014,76.05193737840668,-13.62885514415609,15.7935954554305,11.645863645882068,29.01256990530014,0,13.85200966301286,46.32278100957683,10.660864078844336,COMPLETE
66,1.2550098231827111,2026-05-10 18:23:10.159019,2026-05-10 18:23:21.379820,0 days 00:00:11.220801,43.31786991655217,30.93095155538809,17.66998810895562,62.84102407498345,-9.672663697446177,-10.482068106379375,-33.2000744773237,-9.805032149948106,62.49608624375422,-9.73610343115498,30.125181754512415,19.33262512765496,31.094364168599462,0,6.924279480062343,65.62483237910352,7.8975811687935895,COMPLETE
67,1.2447671876265285,2026-05-10 18:23:21.379865,2026-05-10 18:23:35.882133,0 days 00:00:14.502268,43.67029535134336,22.295043834059257,-7.375741106743646,63.51199063776214,-10.552848254753828,-10.563796499683598,-28.152618797997352,-8.748766826629728,60.911055166240956,-10.092064045522406,30.895495266300262,16.163784038152514,31.133545899838502,0,8.089027672186331,65.52146326918815,7.690983719726894,COMPLETE
68,1.2134764826175868,2026-05-10 18:23:35.882179,2026-05-10 18:23:51.617902,0 days 00:00:15.735723,47.932205170083115,31.19818567056338,17.204255835230935,69.61277599395372,-13.588411952330437,-8.156720892743316,-26.299845155837343,-3.6110339290830975,63.18925102642793,-16.671922504963113,12.964366661143961,18.812850208130058,11.402077979830555,0,9.218407805689516,60.02758740479497,4.712396976711516,COMPLETE
69,1.2150050675212973,2026-05-10 18:23:51.617955,2026-05-10 18:24:03.931307,0 days 00:00:12.313352,56.94683356367204,35.900049647416566,22.919714068183197,66.06989078533582,-9.31053127646367,-14.023716028751995,-33.34505804740737,-10.230071014069141,70.00084681501421,-12.03377933587281,34.483102444883734,14.264865797508591,20.189970859326888,0,5.257189401193207,69.55505493194062,5.516249163400875,COMPLETE
70,1.2030328430164077,2026-05-10 18:24:03.931355,2026-05-10 18:24:15.894052,0 days 00:00:11.962697,39.48781116687192,62.950690331798775,-3.0401961463324385,61.29852408302187,-3.743120351845471,-12.090655671842743,-30.0158464595628,-6.826434914393204,56.3261756119859,-14.793321666708081,24.032576541089053,33.86991704585891,25.80628975820101,0,14.776763764484668,64.81105550169536,8.145612605346722,COMPLETE
71,1.2059458155800304,2026-05-10 18:24:15.894100,2026-05-10 18:24:27.059405,0 days 00:00:11.165305,36.86744153580098,57.38885070290568,16.91394599877035,52.49465385117182,-11.48108843659432,-5.974558302362423,-32.32526624875058,-4.966314272526494,94.83231612715358,-9.380126617183798,21.22295839167186,24.751243463570283,33.1255193781953,0,6.734332198954698,42.090857891667476,8.75948917427193,COMPLETE
72,1.234810042946812,2026-05-10 18:24:27.059444,2026-05-10 18:24:34.546166,0 days 00:00:07.486722,33.27400999406415,29.74410758649985,20.026087534681878,58.42786541175006,-7.813457182184585,-9.957253963839833,-39.721686957776114,-10.92915514687019,87.98159166467136,-13.889877363622354,10.40999724361311,19.452020517533686,30.18861941054523,0,13.575793742132873,39.70433148218184,12.03489448977808,COMPLETE
73,1.239944652449943,2026-05-10 18:24:34.546207,2026-05-10 18:24:42.207891,0 days 00:00:07.661684,30.000132029849023,24.80882138390158,1.3756991258506748,68.01542252865353,-15.312904921487668,-13.535041575444165,-35.102883642634986,-33.35762679772474,82.13977629620257,-18.278600251210552,37.672059915952616,21.896770824737963,23.067313344073543,0,12.240303588362572,47.92429694197355,9.660110593178661,COMPLETE
74,1.2475368815714403,2026-05-10 18:24:42.207931,2026-05-10 18:24:49.501761,0 days 00:00:07.293830,42.22005611529596,32.4377311445163,14.024929532076293,27.754741790573362,-17.834663051378495,-16.308061305183042,-29.112173487548468,-22.03552420053153,91.45638567289687,-11.963557233156175,42.22795072862408,12.338516639484443,35.31072424115739,0,10.993271470056973,55.313787571812746,0.5421047004883859,COMPLETE
75,1.219051987767584,2026-05-10 18:24:49.501802,2026-05-10 18:24:56.401763,0 days 00:00:06.899961,34.553470573175616,45.79254736059249,18.002706637565936,72.2415119716349,-12.130453616333712,-8.814532073828143,-31.407598108316538,-37.8898770378494,94.1743268061764,-15.985213368941082,27.794934532156905,10.906295895678696,25.087825847089945,0,10.065230250974242,72.68146134988687,7.017378936516499,COMPLETE
76,1.129571588092709,2026-05-10 18:24:56.401803,2026-05-10 18:25:04.469144,0 days 00:00:08.067341,38.82798619624202,34.89535094253625,-4.756850885752399,65.11543112927288,-19.940902649536255,-17.73781370024685,-33.44482526151338,-28.04787172022377,55.835457049369474,-8.464193898512997,32.75534775052706,16.38372734846173,32.78195703673667,0,0.8513121774745116,63.43516417344291,6.381092043655375,COMPLETE
77,1.2906915765322844,2026-05-10 18:25:04.469186,2026-05-10 18:25:12.096970,0 days 00:00:07.627784,35.91880601385356,51.38607528725522,24.248559914574788,32.082606455768286,-6.594007920480655,-38.92451449306276,-18.043411042315178,-24.678793046042625,63.157712264945005,-10.9309421180746,29.794011289474064,17.727473760454604,27.114720678884787,0,2.519970606216876,51.232501395979426,4.212959588843962,COMPLETE
78,1.1868193594619922,2026-05-10 18:25:12.097010,2026-05-10 18:25:19.402385,0 days 00:00:07.305375,32.43818293971363,51.98950035727695,24.370233041108595,32.85029995369515,-5.66410571953264,-3.2074350163351406,-13.299451022080502,-18.330002904085667,64.53074602154729,-10.645833477265429,25.914680090790416,14.72993236972745,27.45101523237794,0,12.686483632166901,52.782882490040805,3.8447012308089343,COMPLETE
79,1.1786679747111402,2026-05-10 18:25:19.402427,2026-05-10 18:25:26.849798,0 days 00:00:07.447371,42.172452882114655,55.63703699617243,26.727538149271385,35.930834537438415,-44.34736506548394,-39.39509869683219,-10.128624611792283,-24.04735461822847,52.927846804227,-13.336511639131011,29.301840846444204,13.091915187802693,21.640977849443583,0,2.3600065123776357,61.74757037780658,4.437824268000519,COMPLETE
80,1.1446763583204742,2026-05-10 18:25:26.849841,2026-05-10 18:25:34.871099,0 days 00:00:08.021258,36.182711111842934,49.40522980298164,22.066303683530013,69.23698524823574,-9.929811915511507,-7.638510398030892,-18.22567458154724,-13.642999520027294,59.34670259723264,-17.278380815762272,26.6440636314082,20.460106954829676,29.11927090827774,0,3.6895002635325733,68.460978335803,5.800058630864718,COMPLETE
81,1.2734246838394645,2026-05-10 18:25:34.871142,2026-05-10 18:25:42.836792,0 days 00:00:07.965650,46.80427463906092,40.327962237942515,28.580212006878085,29.467478804060367,-6.818370211114832,-37.261188848034216,-14.636698655494538,-26.704690588361913,62.688870885791566,-11.201889849514838,36.0056636645593,15.803036370708789,31.413966594511738,0,0.0026290319391171213,50.73486121152408,5.076490283769164,COMPLETE
82,1.2332809430255403,2026-05-10 18:25:42.836834,2026-05-10 18:25:50.271592,0 days 00:00:07.434758,34.9464599582625,47.04944017588886,28.871545129580383,28.28639873175481,-6.748039800572537,-37.146757483874495,-14.980391087227527,-21.012170210432274,68.33236064872082,-11.400619920940192,36.26545351772285,17.257444476097373,31.953736130901156,0,0.01866924734476605,50.29013996604729,3.390905569363653,COMPLETE
83,1.251036290652904,2026-05-10 18:25:50.271633,2026-05-10 18:25:57.658001,0 days 00:00:07.386368,45.94520766994938,42.82204125303865,24.10209201268681,30.979471096656667,-2.0430639367128167,-37.398314293240276,-11.948926707934893,-25.73549359205494,64.63294850756735,-9.391811169784184,33.87822307866488,17.828601834133487,26.5721202067498,0,1.5628387172375002,43.809306224625665,5.050540646215034,COMPLETE
84,1.211694326933507,2026-05-10 18:25:57.658044,2026-05-10 18:26:05.508872,0 days 00:00:07.850828,48.335421643212975,37.108956575500585,28.157279095965585,26.123881748824612,-8.400391036721198,-34.631910836397665,-8.349187885360973,-20.523408078136832,62.1663820160024,-14.828852330707866,30.873163270443438,15.659538268643239,30.13739873733137,0,2.2764755464551953,54.183939431818,2.2205194183891206,COMPLETE
85,1.2168500327439424,2026-05-10 18:26:05.508916,2026-05-10 18:26:13.396271,0 days 00:00:07.887355,31.96300868768748,28.039238474207057,25.778542316118696,29.62164234956351,-13.80873512247068,-38.57450085407289,-15.836332980464807,-45.609599802380195,58.175698601597055,-12.962328463119455,32.15578140286066,14.063918073901217,37.66104185561604,0,0.9246088708434115,56.55031072618072,2.7187860123809413,COMPLETE
86,1.218535192888019,2026-05-10 18:26:13.396315,2026-05-10 18:26:20.857317,0 days 00:00:07.461002,41.10088323905145,39.234610351515016,27.978545818528385,23.516315483322263,-15.736812286005366,-30.86059783610337,-20.25305402282144,-42.569746186778076,72.2830432023071,-6.993038747171908,39.02556324534147,16.550830748999026,31.23856349220252,1,15.965691144118738,46.794224301649486,4.345796610245909,COMPLETE
87,1.2849577403348056,2026-05-10 18:26:20.857357,2026-05-10 18:26:28.127514,0 days 00:00:07.270157,67.44094455076727,25.34856128898949,20.84924148614599,54.80652669231831,-3.8794853294162355,-28.508651274941293,-17.213412944079227,-16.67772640833019,67.6634413653839,-18.970030463590295,35.35410303817318,12.19387552609462,16.21942748638159,0,11.793049804652702,59.163196830604114,1.5239079336624721,COMPLETE
88,1.212561456079019,2026-05-10 18:26:28.127554,2026-05-10 18:26:34.791109,0 days 00:00:06.663555,62.665872145859,22.35966041520815,20.657701674654636,54.32017470535703,-3.3881008424011747,-25.9620652014841,-12.155512647284036,-24.32697084872701,75.37850726944316,-18.630254076269615,36.59845831282882,9.218983094880631,12.609811481601183,0,11.70417752095545,51.40367947076411,1.5443636157809406,COMPLETE
89,1.2194414031647467,2026-05-10 18:26:34.791151,2026-05-10 18:26:42.541459,0 days 00:00:07.750308,64.71254441901021,21.241087221769295,22.68725052120079,50.93876987776586,-0.24039521849056822,-35.82523824778031,-18.45344744050589,-15.167478593466534,67.47440348718288,-19.208849586605798,35.44160494647283,12.124876767078602,10.399360579077037,0,13.03109486995345,59.03106727440887,0.48326228057321874,COMPLETE
90,1.2265191861259046,2026-05-10 18:26:42.541503,2026-05-10 18:26:50.555174,0 days 00:00:08.013671,37.40006836965289,26.4068164950417,-9.750960878993286,21.097008918104127,-6.286779791818606,-29.8224744216928,-22.02660650291136,-12.454291402347932,42.15013992782993,-15.845819031846544,18.34798710005149,10.244809082013909,17.580184755216138,0,11.994001950586267,55.93019152195247,0.9052366504278392,COMPLETE
91,1.194030340303403,2026-05-10 18:26:50.555217,2026-05-10 18:26:58.075626,0 days 00:00:07.520409,50.59511291286072,24.423589616660475,21.35041688444867,58.920870372789125,-4.515060104875927,-12.783629204856238,-14.04372315249371,-22.67753302030001,61.25829367138109,-14.025905083000596,40.48512453077699,13.634888862173916,13.393922999341303,0,3.2344922483829004,61.37255915790301,3.3837931813662374,COMPLETE
92,1.218943899827004,2026-05-10 18:26:58.075663,2026-05-10 18:27:05.615023,0 days 00:00:07.539360,68.13467583160805,30.788534267976516,18.72586850603154,31.8463261482778,-10.972585216741454,-32.22350219174521,-16.748311099712474,-39.4162237723807,70.67716997774346,-11.349911438575427,35.26389653794206,11.076188205637632,15.618918271377407,0,11.11292394932205,64.5535997448471,3.008193508481956,COMPLETE
93,1.2162214894201704,2026-05-10 18:27:05.615064,2026-05-10 18:27:13.190616,0 days 00:00:07.575552,55.74604146683581,28.734879478420787,29.992881061197984,35.102563806514645,-8.732824592789116,-27.862706068003824,-23.22239695467676,-17.266085195620512,63.23324139603618,-16.44739441739804,33.403101508652995,15.425714027868446,28.614098150317737,0,0.4474343894835437,75.81873293517157,3.7553405179472543,COMPLETE
94,1.1252024152600522,2026-05-10 18:27:13.190658,2026-05-10 18:27:20.600785,0 days 00:00:07.410127,34.329536543877424,25.172936021331374,23.559578922577643,53.409285465392216,-17.054681539064127,-11.071194515493604,-25.506688473159333,-26.843074359111224,65.93329160597203,-12.615141268534042,37.59255429364091,12.986870947289646,16.92199290947634,0,14.778468341741894,67.2111753391964,1.7438979624500455,COMPLETE
95,1.244535519125683,2026-05-10 18:27:20.600825,2026-05-10 18:27:28.125488,0 days 00:00:07.524663,73.97270648658336,21.757728051448357,15.382072669098722,62.569497904717764,-10.404265625977644,-9.931609689777453,-26.988088222444652,-48.126960062341695,53.32486842385288,-14.357182113193577,16.316260392374865,18.627667295095097,24.819878220827505,0,13.663432250393214,78.26394930254531,6.664769936671245,COMPLETE
96,1.2131865413161802,2026-05-10 18:27:28.125530,2026-05-10 18:27:35.366700,0 days 00:00:07.241170,33.200565276977436,40.477882708469195,-7.7114445716611115,65.8285815455207,-12.200522705708028,-36.44144953285988,-21.106724794734866,-10.678586934582786,80.48268076898326,-17.590645534276494,20.33225847208461,14.222682647730947,23.804303060227355,0,12.853552251168454,99.17356881092817,5.191555528473275,COMPLETE
97,1.2320739286882565,2026-05-10 18:27:35.366743,2026-05-10 18:27:42.918635,0 days 00:00:07.551892,59.33339448376198,27.014075759584088,25.815256037860745,42.298536916114514,-7.953355090193153,-14.49278457218045,-8.806425096684123,-9.03586955943144,93.24540914343922,-19.982404599830584,28.69099602042029,17.511795632019854,20.899124362422285,0,9.761361295216835,47.97430098934767,2.3122264250253903,COMPLETE
98,1.2478744747187203,2026-05-10 18:27:42.918679,2026-05-10 18:27:51.439885,0 days 00:00:08.521206,44.00621093541168,32.286098012456776,19.15130704182281,57.11228475400318,-13.121908020766977,-39.21164963323358,-17.351482497002714,-43.404422865731874,58.74303062293786,-9.909703941594294,30.20868956944505,14.90010186591875,14.453601434253635,0,10.309711531346935,59.242858522719516,5.914380380624109,COMPLETE
99,1.2285539536915684,2026-05-10 18:27:51.439928,2026-05-10 18:27:58.874848,0 days 00:00:07.434920,31.035541931064415,34.101703734867534,24.734062580822037,27.26424359525598,-2.4123843560607012,-15.690406987744863,-11.915396954620729,-35.23206302633485,98.48496694271122,-12.680446627240837,23.6446971085782,29.02603598436703,29.57269869965132,1,7.134441584728238,44.781256809579425,4.051061319528237,COMPLETE
100,1.1987990435822193,2026-05-10 18:27:58.874888,2026-05-10 18:28:06.450101,0 days 00:00:07.575213,39.70136309794039,42.75158892553444,-6.129286327438313,75.64958714955259,-14.409134476603732,-11.839724786633024,-19.560818800351672,-15.514030639323572,83.69804712616069,-15.579224669975861,13.904209710451216,11.752541641170136,26.03208065592613,0,5.413442642570907,49.72719736254803,4.696025668076289,COMPLETE
101,1.2195806750640712,2026-05-10 18:28:06.450142,2026-05-10 18:28:13.944077,0 days 00:00:07.493935,46.11346963218122,47.621310368571336,23.711275297498386,30.123453882770786,-4.250367486535068,-37.91628556909566,-11.979251043709072,-25.209699742235447,65.45332901381566,-9.083817620980504,33.93026753971083,20.182700504352574,26.421409768920757,0,1.4925196745068374,44.876148829079895,5.093660085978302,COMPLETE
102,1.241133069828722,2026-05-10 18:28:13.944117,2026-05-10 18:28:21.705280,0 days 00:00:07.761163,51.31135250995965,43.215260297411184,20.874678871868607,31.446368425899077,-1.2062696192563185,-34.17417388817085,-13.99249244425511,-25.542657935560715,63.84111337472111,-5.989665264822884,34.54590694820155,15.931389505780444,28.206998719989357,0,1.9870113408935337,42.8883733500572,5.375085494902557,COMPLETE
