number,value,datetime_start,datetime_complete,duration,params_approach_bonus_base,params_dead_end_penalty,params_discard_2_exit_value,params_discard_3_4_exit_value,params_discard_dead_end_value,params_discard_duplicate_penalty,params_discard_enemy_door_value,params_discard_key_useless_value,params_discard_ladder_value,params_discard_own_door_value,params_down_opening_bonus,params_enemy_door_penalty,params_ladder_bonus,params_max_kept_repairs,params_max_kept_sabotages,params_own_door_bonus,params_retreat_penalty,params_rockfall_base,params_rockfall_gold_penalty,params_rockfall_ladder_bonus,params_rockfall_own_path_penalty,params_sabotage_cart_weight,params_sabotage_lamp_weight,params_sabotage_pickaxe_weight,params_side_step_bonus,system_attrs_cma:generation,system_attrs_cma:optimizer:0,system_attrs_cma:optimizer:1,system_attrs_cma:optimizer:10,system_attrs_cma:optimizer:2,system_attrs_cma:optimizer:3,system_attrs_cma:optimizer:4,system_attrs_cma:optimizer:5,system_attrs_cma:optimizer:6,system_attrs_cma:optimizer:7,system_attrs_cma:optimizer:8,system_attrs_cma:optimizer:9,state
66,0.84,2026-05-10 18:00:55.095004,2026-05-10 18:01:02.442146,0 days 00:00:07.347142,50.51985749922406,58.07306397024244,17.06884939863339,25.351559140959044,-34.06145108679408,-12.064833648708838,-13.418523333381064,-22.479620546697944,69.55599094594238,14.190401394668708,13.665070629232812,19.384661044813967,25.51740845483864,1,2,15.540171662775421,37.96170276024458,11.628924060441943,41.88323030069445,19.481096925473942,54.969475256051346,3.0825708968466667,2.7317105140471245,2.4522539873606597,9.780085254892807,5.0,8004957b2b0000000000008c0a636d6165732e5f636d61948c03434d419493942981947d94288c065f6e5f64696d944b198c085f706f7073697a65944b0d8c035f6d75944b068c075f6d755f656666948c166e756d70792e5f636f72652e6d756c74696172726179948c067363616c61729493948c056e756d7079948c0564747970659493948c02663894898887945294284b038c013c944e4e4e4affffffff4affffffff4b0074946243088defdbefd1d80f4094869452948c035f636394680b68114308f9e4a7509928c23f94869452948c035f633194680b68114308bffc6e64268d673f94869452948c045f636d7594680b68114308c8de024a3df2783f94869452948c085f635f7369676d6194680b68114308ec610c516587c63f94869452948c085f645f7369676d6194680b681143083e8c21aaecd0f23f94869452948c035f636d944b018c065f6368695f6e94474013cd30aa14debe8c085f776569676874739468098c0c5f7265636f6e737472756374949394680c8c076e6461727261799493944b0085944301629487945294284b014b0d8594680e8c02663894898887945294284b0368124e4e4e4affffffff4affffffff4b007494628943689d3ddf2efb6fd83f582bd5871c77cf3f3d585c520548c53fe9b6d763851cbc3fc43a6233f3e6b03fd84298e35bf99e3f0000000000000000a942b1bb1c66b5bf4f6dd3281323c4bf3ed9cbf84694ccbfed852a4ba91bd2bf8e3621d11198d5bf6ddd297201cdd8bf947494628c085f705f7369676d6194682f68314b008594683387945294284b014b19859468118943c868f877bad03ecabf449f3fe4853e0140d4c356139cbdeb3ff884bb7e5c43f3bf20307551e121efbf2592eac7db33e03f84ba56021541973f438cdc17e41bd33fa5a88308b936ea3fab09deeb6f82f33f92344ee5ba4cf8bfaa12758e59d6da3ff8971c8687eec73f64413f6cdb4ed6bf2859f1c18d9ce0bf9a3b9133a63cd63fe907040db760eebf3047fff3bf5da0bf5a967ff576c7b2bf477511247bdbfabf4719695dd2e90240f2b09d326f75d0bf8ba55da11e58e3bfacec0de410b5df3f962360adc56ae2bf947494628c035f706394682f68314b008594683387945294284b014b19859468118943c8887a45a63438bcbf9e8cf4c001390040e0354242ab05ea3fc8f7d273c71bf2bf811ade0df42aedbfa0690681c6cde03f30c1b0536047a93f71dcd55d8027cf3f179283688898ea3f5f0545707f66f23f8d66b41c3643f5bf052f232cfd5fd63fe2fa30812c65ca3faaeb80e1c428d3bfc6056e263a7bdebf03f0d23a413ad53f289c19b0334aedbfa0512815032ea23f30adf76732089ebf13a118f7c5b6f8bf56cedfa91fd00140e23fa19623e4d4bf28aa6f318c5be5bfb5590e590da5e13fd,5b1d36421ace2bf947494628c055f6d65616e94682f68314b008594683387945294284b014b19859468398943c88856dc325125e13f01c417deee95ea3f9ce5cd822f43e43f23e53d0df1ecd33fadaa1cf6aa1ed63f72fed749182ae43f8bbf60603c63e13f54031255d775df3f77c79c78f05ae63f036f6545b4c9e63f818b5f66a89fd53f4c41eb266b00e03f040f18bcb324e13f222abf333879dd3f088b4baa00a9da3f6b33383796ace13ff82fd0c4fc81d53fe38bc35407dae13f183156962fcce03f3af204624d13d13fa1b8f28fa7c1eb3facb7e9d22c72d93f3f394396902cd33f0cb09daba222e53f4e1ef9617817d93f947494628c065f7369676d6194680b68114308a86db2e30d71c13f94869452948c025f44944e8c025f42944e8c075f626f756e647394682f68314b008594683387945294284b014b194b02869468398942900100000000000000000000000000000000f03f0000000000000000000000000000f03f0000000000000000000000000000f03f0000000000000000000000000000f03f0000000000000000000000000000f03f0000000000000000000000000000f03f0000000000000000000000000000f03f0000000000000000000000000000f03f0000000000000000000000000000f03f0000000000000000000000000000f03f0000000000000000000000000000f03f0000000000000000000000000000f03f0000000000000000000000000000f03f0000000000000000000000000000f03f0000000000000000000000000000f03f0000000000000000000000000000f03f0000000000000000000000000000f03f0000000000000000000000000000f03f0000000000000000000000000000f03f0000000000000000000000000000f03f0000000000000000000000000000f03f0000000000000000000000000000f03f0000000000000000000000000000f03f0000000000000000000000000000f03f0000000000000000000000000000f03f947494628c115f6e5f6d61785f726573616d706c696e67944bfa8c025f67944b058c095f6c725f616461707494898c065f616c70686194473ff66666666666668c0a5f626574615f6d65616e94473fb999999999999a8c0b5f626574615f5369676d6194473f9eb851eb851eb88c065f67616d6d6194473fb999999999999a8c065f456d65616e94682f68314b008594683387945294284b014b194b01869468398943c80000000000000000000000000000000000000000000000000000000000000000000000000000000000000000000000000000000000000000000000000000000000000000000000000000000000000000000000000000000000000000000000000000000000000000000000000000000000000000000000000000000000000000,fb115f806f3f776417ac760583bfa3c614340a2a8f3f1b0552f885ef883fcab6b04237ad67bf94c5f9f1e1f383bfba122aefe87a8fbfb91e16ddf6058c3f14c4fcea4daa55bf2e2708ff5980ef3fa657a69bf4e0403fcca9ff97c61582bf1f01a78f67bf5e3f247f436e604871bf03ad03c31a677dbfc6d8ccc7085264bf71f21d396146933f8ac9f7e05269883f59a019ab26d4573fe4f205a2093720bfda78e0d8d83d91bf8602a31e1f3f7b3f64cf5027830376bf9537fa633235ef3f84f11dcad84f51bf32ed3224c124703f3397aa464106803f7804ac4a7289773f763cc00775b87abf75c7c4c7948e82bf4105e12a402e9abfee2d94f6521f863f9b996e9f6f4a92bffb727fdf0edd71bf4009bbf0194691bf01fb2fc5457b703ff41e75e0dea6f03f251fa9853e4578bff06c0c84697b3fbf769a6f566d16833fe109edcb94b38bbf5e9bc1a39e2b933f60addfd4db7f853fac45ccc2e1d6823f131f0c3dbc499bbf5eae53ab99936fbf75ca5c0b8fe9973fe04f90d61ffc73bf1ebada0e4fddef3f942485246a4f50bfe48958cccf16263f31bd169b5ef88d3fc8e4ca7fa89394bf86040212c7ea7dbf81c63db460de96bfeace5da9cbf5743f2606528c393f83bfad53bc3b849e88bf24213d8bea60843f1a6855c8c5e6ef3f846a45c13252563f4e4aa8c73e4f823f7457d7ed414b3abf643a6d7cf1e076bf506da499f6182d3f6003cbced76f5ebf4965a91dad6066bf71ae3e8a76ad89bf02cd91a5a044803ffa24beccc11bf03f10d283e1f866843fc8efd1be5af6543f422d899a72ad8b3f3859003973c99abfa88c0da8af7d82bfa5db2a29c1b08b3f39cb50a1a5fe92bf41b4dbc9c082783fc507f2906836ef3f06a03ef90870863fce360df308de63bf5cb1a881b4ee803f2966d6f6b4a7663f44c6ac7a78c85dbf9c8f0b861cb1683f067e8e5b7fbd9dbfe3a4f4558c55ef3f6cad59f17a0d8cbf22a363cebddf7c3fb9b3cb830c2762bfb9a9edcd4acd453f11819fb9c9c08c3f304e4ae276b66d3f20730b55c0edef3ff31cae94d92590bf43253de1cd36813fd16f0f4def099b3fe4d099fc99f36d3f7667e7d67aa482bf7ed5fa7e6e77f03f4723de0396e897bf0c0a812d594b96bfdfa431c237e7a13fb0131466ac4295bf94094a291ac8ef3fbcfd2fb6dc53933f8225da109de186bf14f6195d25d17f3fdb4b5d67e719f03f884e485bad6b84bf88ac50381de48b3f5e708e211723f03fb099d9ee67c535bf7f6800f69369ef3f9474946275622e,000000000000000000000000000000000000000000000000000000000000000000000000000000000000000000000000000000000000000000000000000000000000000000000000947494628c075f455369676d6194682f68314b008594683387945294284b014d71024b0186946839894288130000000000000000000000000000000000000000000000000000000000000000000000000000000000000000000000000000000000000000000000000000000000000000000000000000000000000000000000000000000000000000000000000000000000000000000000000000000000000000000000000000000000000000000000000000000000000000000000000000000000000000000000000000000000000000000000000000000000000000000000000000000000000000000000000000000000000000000000000000000000000000000000000000000000000000000000000000000000000000000000000000000000000000000000000000000000000000000000000000000000000000000000000000000000000000000000000000000000000000000000000000000000000000000000000000000000000000000000000000000000000000000000000000000000000000000000000000000000000000000000000000000000000000000000000000000000000000000000000000000000000000000000000000000000000000000000000000000000000000000000000000000000000000000000000000000000000000000000000000000000000000000000000000000000000000000000000000000000000000000000000000000000000000000000000000000000000000000000000000000000000000000000000000000000000000000000000000000000000000000000000000000000000000000000000000000000000000000000000000000000000000000000000000000000000000000000000000000000000000000000000000000000000000000000000000000000000000000000000000000000000000000000000000000000000000000000000000000000000000000000000000000000000000000000000000000000000000000000000000000000000000000000000000000000000000000000000000000000000000000000000000000000000000000000000000000000000000000000000000000000000000000000000000000000000000000000000000000000000000000000000000000000000000000000000000000000000000000000000000000000000000000000000000000000000000000000000000000000000000000000000000000000000000000000000000000000000000000000000000000000000000000000000000000000000000000000000000000000000000000000000000000000000,00000000000000000000000000000000000000000000000000000000000000000000000000000000000000000000000000000000000000000000000000000000000000000000000000000000000000000000000000000000000000000000000000000000000000000000000000000000000000000000000000000000000000000000000000000000000000000000000000000000000000000000000000000000000000000000000000000000000000000000000000000000000000000000000000000000000000000000000000000000000000000000000000000000000000000000000000000000000000000000000000000000000000000000000000000000000000000000000000000000000000000000000000000000000000000000000000000000000000000000000000000000000000000000000000000000000000000000000000000000000000000000000000000000000000000000000000000000000000000000000000000000000000000000000000000000000000000000000000000000000000000000000000000000000000000000000000000000000000000000000000000000000000000000000000000000000000000000000000000000000000000000000000000000000000000000000000000000000000000000000000000000000000000000000000000000000000000000000000000000000000000000000000000000000000000000000000000000000000000000000000000000000000000000000000000000000000000000000000000000000000000000000000000000000000000000000000000000000000000000000000000000000000000000000000000000000000000000000000000000000000000000000000000000000000000000000000000000000000000000000000000000000000000000000000000000000000000000000000000000000000000000000000000000000000000000000000000000000000000000000000000000000000000000000000000000000000000000000000000000000000000000000000000000000000000000000000000000000000000000000000000000000000000000000000000000000000000000000000000000000000000000000000000000000000000000000000000000000000000000000000000000000000000000000000000000000000000000000000000000000000000000000000000000000000000000000000000000000000000000000000000000000000000000000000000000000000000000000000000000000000000000000000000000000000000000000000000000000000000000000000000000000000000000000000000000000000000000000000000000000000000000000000000000000000000000000000000000000000000000000000000,00000000000000000000000000000000000000000000000000000000000000000000000000000000000000000000000000000000000000000000000000000000000000000000000000000000000000000000000000000000000000000000000000000000000000000000000000000000000000000000000000000000000000000000000000000000000000000000000000000000000000000000000000000000000000000000000000000000000000000000000000000000000000000000000000000000000000000000000000000000000000000000000000000000000000000000000000000000000000000000000000000000000000000000000000000000000000000000000000000000000000000000000000000000000000000000000000000000000000000000000000000000000000000000000000000000000000000000000000000000000000000000000000000000000000000000000000000000000000000000000000000000000000000000000000000000000000000000000000000000000000000000000000000000000000000000000000000000000000000000000000000000000000000000000000000000000000000000000000000000000000000000000000000000000000000000000000000000000000000000000000000000000000000000000000000000000000000000000000000000000000000000000000000000000000000000000000000000000000000000000000000000000000000000000000000000000000000000000000000000000000000000000000000000000000000000000000000000000000000000000000000000000000000000000000000000000000000000000000000000000000000000000000000000000000000000000000000000000000000000000000000000000000000000000000000000000000000000000000000000000000000000000000000000000000000000000000000000000000000000000000000000000000000000000000000000000000000000000000000000000000000000000000000000000000000000000000000000000000000000000000000000000000000000000000000000000000000000000000000000000000000000000000000000000000000000000000000000000000000000000000000000000000000000000000000000000000000000000000000000000000000000000000000000000000000000000000000000000000000000000000000000000000000000000000000000000000000000000000000000000000000000000000000000000000000000000000000000000000000000000000000000000000000000000000000000000000000000000000000000000000000000000000000000000000000000000000000000000000000000000000000,00000000000000000000000000000000000000000000000000000000000000000000000000000000000000000000000000000000000000000000000000000000000000000000000000000000000000000000000000000000000000000000000000000000000000000000000000000000000000000000000000000000000000000000000000000000000000000000000000000000000000000000000000000000000000000000000000000000000000000000000000000000000000000000000000000000000000000000000000000000000000000000000000000000000000000000000000000000000000000000000000000000000000000000000000000000000000000000000000000000000000000000000000000000000000000000000000000000000000000000000000000000000000000000000000000000000000000000000000000000000000000000000000000000000000000000000000000000000000000000000000000000000000000000000000000000000000000000000000000000000000000000000000000000000000000000000000000000000000000000000000000000000000000000000000000000000000000000000000000000000000000000000000000000000000000000000000000000000000000000000000000000000000000000000000000000000000000000000000000000000000000000000000000000000000000000000000000000000000000000000000000000000000000000000000000000000000000000000000000000000000000000000000000000000000000000000000000000000000000000000000000000000000000000000000000000000000000000000000000000000000000000000000000000000000000000000000000000000000000000000000000000000000000000000000000000000000000000000000000000000000000000000000000000000000000000000000000000000000000000000000000000000000000000000000000000000000000000000000000000000000000000000000000000000000000000000000000000000000000000000000000000000000000000000000000000000000000000000000000000000000000000000000000000000000000000000000000000000000000000000000000000000000000000000000000000000000000000000000000000000000000000000000000000000000000000000000000000000000000000000000000000000000000000000000000000000000000000000000000000000000000000000000000000000000000000000000000000000000000000000000000000000000000000000000000000000000000000000000000000000000000000000000000000000000000000000000000000000000000000000000000,00000000000000000000000000000000000000000000000000000000000000000000000000000000000000000000000000000000000000000000000000000000000000000000000000000000000000000000000000000000000000000000000000000000000000000000000000000000000000000000000000000000000000000000000000000000000000000000000000000000000000000000000000000000000000000000000000000000000000000000000000000000000000000000000000000000000000000000000000000000000000000000000000000000000000000000000000000000000000000000000000000000000000000000000000000000000000000000000000000000000000000000000000000000000000000000000000000000000000000000000000000000000000000000000000000000000000000000000000000000000000000000000000000000000000000000000000000000000000000000000000000000000000000000000000000000000000000000000000000000000000000000000000000000000000000000000000000000000000000000000000000000000000000000000000000000000000000000000000000000000000000000000000000000000000000000000000000000000000000000000000000000000000000000000000000000000000000000000000000000000000000000000000000000000000000000000000000000000000000000000000000000000000000000000000000000000000000000000000000000000000000000000000000000000000000000000000000000000000000000000000000000000000000000000000000000000000000000000000000000000000000000000000000000000000000000000000000000000000000000000000000000000000000000000000000000000000000000000000000000000000000000000000000000000000000000000000000000000000000000000000000000000000000000000000000000000000000000000000000000000000000000000000000000000000000000000000000000000000000000000000000000000000000000000000000000000000000000000000000000000000000000000000000000000000000000000000000000000000000000000000000000000000000000000000000000000000000000000000000000000000000000000000000000000000000000000000000000000000000000000000000000000000000000000000000000000000000000000000000000000000000000000000000000000000000000000000000000000000000000000000000000000000000000000000000000000000000000000000000000000000000000000000000000000000000000000000000000000000000000000000000,00000000000947494628c065f566d65616e944700000000000000008c075f565369676d61944700000000000000008c095f6574615f6d65616e94473ff00000000000008c0a5f6574615f5369676d6194473ff00000000000008c055f746f6c7894680b6811430816383daccc74473d94869452948c075f746f6c787570944740c38800000000008c075f746f6c66756e94473d719799812dea118c105f746f6c636f6e646974696f6e636f76944742d6bcc41e9000008c0d5f66756e686973745f7465726d944b448c0f5f66756e686973745f76616c75657394682f68314b008594683387945294284b014b88859468398942400400000000000000000000402c81c78c0200000e74da40a70decbfd069039d36d0e9bf039d36d06903edbf111111111111e9bf713d0ad7a370edbff6285c8fc2f5e8bf295c8fc2f528ecbfda40a70d74dae8bff28b25bf58f2ebbf48e17a14ae47e9bf010000000700000000000000000000000000000000000000ffffffffffffffffffffffffffffffffdc0785c68c020000586ea3c78c020000010000000300000038000000000000000800000000000000000000000000000002000000ffffffff0c0885c68c020000606ea3c78c020000010000000900000070000000000000007800000000000000586ea3c78c020000ffffffffffffffff300885c68c02000001000000010000000100000009000000a8000000000000000100000009000000b000000000000000586ea3c78c020000596ea3c78c02000000000000000000000000000000000000000000000000000000000000000000000000000000000000000000000000000000000000000000000000000000000000000000000000000000000000000000000000000000000000000000000000000000000000000000000000000000000000000000000000000000000000000000000000000000000000000000000000000000000000000000000000000000000000000000000000000000000000000000000000000000000000000000000000000000000000000000000000000000000000000000000000000000000000000000000000000000000000000000000000000000000000000000000000000000000000000000000000000000000000000000000000000000000000000000000000000000000000000000000000000000000000000000000000000000000000000000000000000000000000000000000000000000000000000000000000000000000000000000000000000000000000000000000000000000000000000000000000000000000000000000000000000000000000000000000000000000000000000000000000000000000000000000000000000000000000000000000000000000000000000000000000000000000000000000,00000000000000000000000000000000000000000000000000000000000000000000000000000000000000000000000000000000000000000000000000000000000000000000000000000000000000000000000000000000000000000000000000000000000000000000000000000000000000000000000000000000000000000000000000000000000000000000000000000000000000000000000000000000000000000000000000000000000000000000000000000000000000000000000000000000000000000000000000000000000000000000000000000000000000000000000000000000000000000000000000000000000000000000000000000000000000000000000000000000000000000000000000000000000000000000000000000000000000000000000000000000000000000000000000947494628c055f635f316494682f68314b008594683387945294284b014d4501859468118942280a00004168e0ef0ccdee3f9e11132049a047bfce3929cff4539abf8e57d0697b6a76bff0bbd9162df25abf7877185cca91833f3ee89cf8d688703f0053bcd159e182bf490899c8f8bc873f557012d0d94c8a3fbc41cbbb059a833fba4e1a9b3788993f80c555bf2b562dbf2fe65f9d8e71703f7ed429d9e8328fbf9d598516dbc371bf4d670373249f95bfb0e3d04cae6b73bff713753d4ff9683f22fe4ffed4d0753f39b95db3472e813f1977b6ddd63d95bf9940ca42c5e481bf7c113ccc9afb6f3f68b2cc08cd8784bfc9044b05786ef03f83715e27dee08f3fdcff6e892b47a1bff2b5db61db4d89bfc82d2d2c403a703f3770071fe2757c3f281ec7a19ff2513f78ada3b8f06b933ff64b75f696af8c3ffa3d7890c27f90bf61fa035906a77e3f92fecbb2faa470bf20b1c8dd8ef0793fac755b48c5e08dbfbec59fcc4ab2563f271f5b53c6dd6fbf5446db13e5f3823fc5c79634c0678c3f294bb62da6e972bff3c9585cdad9a13fd7bd6dd3954080bf0e4bc0a3191a71bfa960af8ea18d993f3815ba8b830179bfe0dac553bfb2ef3f4976d11685c88cbf640996390dc1833ff7ca170a7b78703fd3af34b3124b8a3f1925b01e391884bf1823fa8ae53579bfea8e0a5a27d591bff8bbe9c038196b3fd5a987ab9929983f0a948bb125f0773f3a549202b95c71bffe3311546b5181bf0a5f40732d7f613f366c4266511d503fbf70cf158761963f91b24ec9af6187bfa3c3def8f240a1bff7be411b40938a3fd58db29e9e3f653f80847216208d82bf799f568349ab6fbf8b2c7c7e1233853fcb0b124019d8ef3f3dc001525894813fe01dde752e3096bfb8362767bdb646bf834230aca46d6cbfc36a420a72ab99bf889eee62bb5787bf129180282b7d703f4e91043017e96ebf2fd038a67f975fbfc9b6e95a81e198bfd469b90,c2790913f0af4f0a5dc2a6b3f249ae0786d3f7b3f9693f5e6bde087bf9a245953caf37abf3a2aaf1bee44963faee353764fa97fbf640ab80429d3973f2769311e6c60