number,value,datetime_start,datetime_complete,duration,params_approach_bonus_base,params_dead_end_penalty,params_discard_2_exit_value,params_discard_3_4_exit_value,params_discard_dead_end_value,params_discard_duplicate_penalty,params_discard_enemy_door_value,params_discard_key_useless_value,params_discard_ladder_value,params_discard_own_door_value,params_down_opening_bonus,params_enemy_door_penalty,params_ladder_bonus,params_max_kept_repairs,params_max_kept_sabotages,params_own_door_bonus,params_retreat_penalty,params_rockfall_base,params_rockfall_gold_penalty,params_rockfall_ladder_bonus,params_rockfall_own_path_penalty,params_sabotage_cart_weight,params_sabotage_lamp_weight,params_sabotage_pickaxe_weight,params_side_step_bonus,system_attrs_cma:generation,system_attrs_cma:optimizer:0,system_attrs_cma:optimizer:1,system_attrs_cma:optimizer:10,system_attrs_cma:optimizer:2,system_attrs_cma:optimizer:3,system_attrs_cma:optimizer:4,system_attrs_cma:optimizer:5,system_attrs_cma:optimizer:6,system_attrs_cma:optimizer:7,system_attrs_cma:optimizer:8,system_attrs_cma:optimizer:9,state
144,0.8633333333333333,2026-05-10 18:11:06.400387,2026-05-10 18:11:14.423541,0 days 00:00:08.023154,70.66186384700902,60.69945119402431,11.445512887152972,26.556016589945067,-37.01630151268032,-12.883770471062718,-14.693798422752407,-6.620849848962116,62.161074796623254,10.394644113649747,18.19764363412811,10.075249502970049,21.899051794199107,1,2,22.848910924863457,30.565179816816396,18.90348475066027,58.65036474870975,12.687654083322915,51.927215912798516,1.3361732848367935,3.4699009355822685,3.553753928996079,10.324455620894275,11.0,8004957b2b0000000000008c0a636d6165732e5f636d61948c03434d419493942981947d94288c065f6e5f64696d944b198c085f706f7073697a65944b0d8c035f6d75944b068c075f6d755f656666948c166e756d70792e5f636f72652e6d756c74696172726179948c067363616c61729493948c056e756d7079948c0564747970659493948c02663894898887945294284b038c013c944e4e4e4affffffff4affffffff4b0074946243088defdbefd1d80f4094869452948c035f636394680b68114308f9e4a7509928c23f94869452948c035f633194680b68114308bffc6e64268d673f94869452948c045f636d7594680b68114308c8de024a3df2783f94869452948c085f635f7369676d6194680b68114308ec610c516587c63f94869452948c085f645f7369676d6194680b681143083e8c21aaecd0f23f94869452948c035f636d944b018c065f6368695f6e94474013cd30aa14debe8c085f776569676874739468098c0c5f7265636f6e737472756374949394680c8c076e6461727261799493944b0085944301629487945294284b014b0d8594680e8c02663894898887945294284b0368124e4e4e4affffffff4affffffff4b007494628943689d3ddf2efb6fd83f582bd5871c77cf3f3d585c520548c53fe9b6d763851cbc3fc43a6233f3e6b03fd84298e35bf99e3f0000000000000000a942b1bb1c66b5bf4f6dd3281323c4bf3ed9cbf84694ccbfed852a4ba91bd2bf8e3621d11198d5bf6ddd297201cdd8bf947494628c085f705f7369676d6194682f68314b008594683387945294284b014b19859468118943c8cd3362facb0bfb3f78f3f306d2bad33fbfda527257b0efbf8734d8ee2d30f3bf9bd9c2815466debfe831ebfe9135d8bf0ae490fc1624de3f0f307bd6c351f83f243309ad4c1ec8bfe1c3d9096d32f6bfb1684814b5b9e5bf279e6860ed57edbf30008b8451ecdd3ff9c213688bf8efbf20c35529961ae0bfd7e1642a7e5fee3f186c596928c2c6bf54f588d1b810f5bfa754eb2c8645d8bfe976d1a66bd6fcbfb820521f8893d03f10d551403984cebf04599fea91faf13f100e6921a3afc4bf22bc5e6516d4df3f947494628c035f706394682f68314b008594683387945294284b014b19859468118943c8212960e6ac48f93fe20045be3523d83fa433bc3c7edae8bfe05a6a84129df1bf666b2dc550a3dbbfec58920bdbc0c7bf7b330329f7b4d93f39daf6071f08f73f205bf8d20c8aaebfe63b84d29384f2bf1e9b76fad261e6bfdd76e89d74c5ebbf632f00a9778cdd3fa1dae1516284ebbf5e2fb4311e96dfbfeeeaca72a1d9ee3f14389d999f60cebfffeb44d4443ff3bf446e4f6b448bd7bf09f92c849331fbbf5432a56760dfd43f414b3ab4b412d2bf25c4e520bd74ef3fa0b120f984b7a1bf6,b69927c741edb3f947494628c055f6d65616e94682f68314b008594683387945294284b014b19859468398943c8fbdac9b13698eb3fce1400e5ed65e83f25224dfc28abe23fa4160f04851ed13f9e53a638f1d8d43fa4ca11e71d65e53f382fa1e9ec9ce33f94883964bcc0e83f3ca67b83d99ae63f303b6d10273cde3f18695e8e2e28d53f68287290b3fcd03f26a8ab4e5972e13f0c618e6fe57bd83f000000000000d83f1013f6dc2d63e83f131d2262e64dd63f717c4e9c0e7bd93f03657c480377da3f434e0120dc31c73f5524b0c552cce83fe4dc398ad783d53fde4dd3b99769de3f8fc1a70d441de63ff593daf7301fe13f947494628c065f7369676d6194680b681143088daddbda9739c13f94869452948c025f44944e8c025f42944e8c075f626f756e647394682f68314b008594683387945294284b014b194b02869468398942900100000000000000000000000000000000f03f0000000000000000000000000000f03f0000000000000000000000000000f03f0000000000000000000000000000f03f0000000000000000000000000000f03f0000000000000000000000000000f03f0000000000000000000000000000f03f0000000000000000000000000000f03f0000000000000000000000000000f03f0000000000000000000000000000f03f0000000000000000000000000000f03f0000000000000000000000000000f03f0000000000000000000000000000f03f0000000000000000000000000000f03f0000000000000000000000000000f03f0000000000000000000000000000f03f0000000000000000000000000000f03f0000000000000000000000000000f03f0000000000000000000000000000f03f0000000000000000000000000000f03f0000000000000000000000000000f03f0000000000000000000000000000f03f0000000000000000000000000000f03f0000000000000000000000000000f03f0000000000000000000000000000f03f947494628c115f6e5f6d61785f726573616d706c696e67944bfa8c025f67944b0b8c095f6c725f616461707494898c065f616c70686194473ff66666666666668c0a5f626574615f6d65616e94473fb999999999999a8c0b5f626574615f5369676d6194473f9eb851eb851eb88c065f67616d6d6194473fb999999999999a8c065f456d65616e94682f68314b008594683387945294284b014b194b01869468398943c80000000000000000000000000000000000000000000000000000000000000000000000000000000000000000000000000000000000000000000000000000000000000000000000000000000000000000000000000000000000000000000000000000000000000000000000000000000000000000000000000000000000000000,7d41a14a8c3fdcc2cc51015a9cbf3a02d69989819d3f68011128d93f9c3f2b15b63bc76882bfae7b41852c32823f1c0fbac1888573bf18cc293d549782bf522cda560938903f55c59f1a6277ef3f4466b7a51ae58bbf102f8c97b2fe85bf6c5dabf7472885bf88971e9f6f07a3bf74289e177fab8ebf28163f9a3eda8abfdf49fbd2b3b6903f79b7af4031ad873ff35232676130743f0b8bf5aa84ee793f5f91bd9803db99bf0a82862ad6658cbf4950e0018d65a0bf682fb4277e3eef3f146b1e287c31813f7ccd3bce807c73bf8cb2aa3572ca973ff04b6fc1074a4e3f4f26091ed8b585bfa8043cc086ef7ebf226c981bb48aa7bfd2872575a07d4e3f43d2a59bb2de8cbfe4dd59f7f1307d3f33106237ea2e93bf14b88802cf1665bfae08c4dd234ef03fb8a64ea0ad7f703fd478d852979a8abfa2cecb4b35e69d3f291da77ab9cd8fbf92cf4d8f60a3793f420f168ed38e9d3fcab28862ed519e3f39c742e9892099bf4f01ed6a087298bf0e985bfe7b6f8c3f9039e029435676bf32dd2db72df4ef3fbefa4798bfbc993f3f01c2944f9a813f80b8712dad7f76bfbecea5a00bb394bfaee448accf98773f4010d85880cf8cbfe9cba63d8e568b3fe002f992d8445dbfde7ab4f5815390bfe0c6913c140055bfb4eb90d25715f03fdefd02268e2e703f88fc686758bd91bf9fac8a3cba0184bff5d072092b226e3f9fb56d101c6c963fac16ae4d978391bf9e54c3c7e97382bf206cd7efdf1562bf7d97982b3a62973f0342489a653def3f43c12349063c773fd01289f7ed83763ff818b9ee2d36963f8882e46e4dd7adbf10afe5583dac6cbf2a1077ecb86a623fdd1b759fa23e9abf79457d617fef883fe986d469d7e5ef3f4f7ec654481f963fe68db5d69ebc843f38872b852280863f14ee9a8628b38fbf66d3dc277e2f92bfdfac95e77f499d3fc6685542c698a0bf9d89f5aa2e7aee3f420b85d2b83b76bff9e71975f9d491bffe3397f73ba3803febcda62eced4593f1a504d041ff57cbf2a577304b871873fe922199faf2af03f0b6f9176a32094bf7ad74e110e4d593ffe3280b427f971bf29db05f4c696843f64965ceaac374c3f02a2e17bc278f03fbf7ccccf8cee9dbf363b22aa6c759ebfcf60dbc5ffbca83f4b2ba439f9339cbfd8e9dd64b097ef3f66813d3e9b04a33f5ff0d4f2fb269bbff6c59a67bd12a03f98840b56d404f03f582e24a6c69682bf69239be2b3e8803f52dd64bb656bef3f2c8131a8a0bf833f4a51360177d0ee3f9474946275622e,000000000000000000000000000000000000000000000000000000000000000000000000000000000000000000000000000000000000000000000000000000000000000000000000947494628c075f455369676d6194682f68314b008594683387945294284b014d71024b0186946839894288130000000000000000000000000000000000000000000000000000000000000000000000000000000000000000000000000000000000000000000000000000000000000000000000000000000000000000000000000000000000000000000000000000000000000000000000000000000000000000000000000000000000000000000000000000000000000000000000000000000000000000000000000000000000000000000000000000000000000000000000000000000000000000000000000000000000000000000000000000000000000000000000000000000000000000000000000000000000000000000000000000000000000000000000000000000000000000000000000000000000000000000000000000000000000000000000000000000000000000000000000000000000000000000000000000000000000000000000000000000000000000000000000000000000000000000000000000000000000000000000000000000000000000000000000000000000000000000000000000000000000000000000000000000000000000000000000000000000000000000000000000000000000000000000000000000000000000000000000000000000000000000000000000000000000000000000000000000000000000000000000000000000000000000000000000000000000000000000000000000000000000000000000000000000000000000000000000000000000000000000000000000000000000000000000000000000000000000000000000000000000000000000000000000000000000000000000000000000000000000000000000000000000000000000000000000000000000000000000000000000000000000000000000000000000000000000000000000000000000000000000000000000000000000000000000000000000000000000000000000000000000000000000000000000000000000000000000000000000000000000000000000000000000000000000000000000000000000000000000000000000000000000000000000000000000000000000000000000000000000000000000000000000000000000000000000000000000000000000000000000000000000000000000000000000000000000000000000000000000000000000000000000000000000000000000000000000000000000000000000000000000000000000000000000000000000000000000000000000000000000000000000000000,00000000000000000000000000000000000000000000000000000000000000000000000000000000000000000000000000000000000000000000000000000000000000000000000000000000000000000000000000000000000000000000000000000000000000000000000000000000000000000000000000000000000000000000000000000000000000000000000000000000000000000000000000000000000000000000000000000000000000000000000000000000000000000000000000000000000000000000000000000000000000000000000000000000000000000000000000000000000000000000000000000000000000000000000000000000000000000000000000000000000000000000000000000000000000000000000000000000000000000000000000000000000000000000000000000000000000000000000000000000000000000000000000000000000000000000000000000000000000000000000000000000000000000000000000000000000000000000000000000000000000000000000000000000000000000000000000000000000000000000000000000000000000000000000000000000000000000000000000000000000000000000000000000000000000000000000000000000000000000000000000000000000000000000000000000000000000000000000000000000000000000000000000000000000000000000000000000000000000000000000000000000000000000000000000000000000000000000000000000000000000000000000000000000000000000000000000000000000000000000000000000000000000000000000000000000000000000000000000000000000000000000000000000000000000000000000000000000000000000000000000000000000000000000000000000000000000000000000000000000000000000000000000000000000000000000000000000000000000000000000000000000000000000000000000000000000000000000000000000000000000000000000000000000000000000000000000000000000000000000000000000000000000000000000000000000000000000000000000000000000000000000000000000000000000000000000000000000000000000000000000000000000000000000000000000000000000000000000000000000000000000000000000000000000000000000000000000000000000000000000000000000000000000000000000000000000000000000000000000000000000000000000000000000000000000000000000000000000000000000000000000000000000000000000000000000000000000000000000000000000000000000000000000000000000000000000000000000000000000000000000000,00000000000000000000000000000000000000000000000000000000000000000000000000000000000000000000000000000000000000000000000000000000000000000000000000000000000000000000000000000000000000000000000000000000000000000000000000000000000000000000000000000000000000000000000000000000000000000000000000000000000000000000000000000000000000000000000000000000000000000000000000000000000000000000000000000000000000000000000000000000000000000000000000000000000000000000000000000000000000000000000000000000000000000000000000000000000000000000000000000000000000000000000000000000000000000000000000000000000000000000000000000000000000000000000000000000000000000000000000000000000000000000000000000000000000000000000000000000000000000000000000000000000000000000000000000000000000000000000000000000000000000000000000000000000000000000000000000000000000000000000000000000000000000000000000000000000000000000000000000000000000000000000000000000000000000000000000000000000000000000000000000000000000000000000000000000000000000000000000000000000000000000000000000000000000000000000000000000000000000000000000000000000000000000000000000000000000000000000000000000000000000000000000000000000000000000000000000000000000000000000000000000000000000000000000000000000000000000000000000000000000000000000000000000000000000000000000000000000000000000000000000000000000000000000000000000000000000000000000000000000000000000000000000000000000000000000000000000000000000000000000000000000000000000000000000000000000000000000000000000000000000000000000000000000000000000000000000000000000000000000000000000000000000000000000000000000000000000000000000000000000000000000000000000000000000000000000000000000000000000000000000000000000000000000000000000000000000000000000000000000000000000000000000000000000000000000000000000000000000000000000000000000000000000000000000000000000000000000000000000000000000000000000000000000000000000000000000000000000000000000000000000000000000000000000000000000000000000000000000000000000000000000000000000000000000000000000000000000000000000000000000,00000000000000000000000000000000000000000000000000000000000000000000000000000000000000000000000000000000000000000000000000000000000000000000000000000000000000000000000000000000000000000000000000000000000000000000000000000000000000000000000000000000000000000000000000000000000000000000000000000000000000000000000000000000000000000000000000000000000000000000000000000000000000000000000000000000000000000000000000000000000000000000000000000000000000000000000000000000000000000000000000000000000000000000000000000000000000000000000000000000000000000000000000000000000000000000000000000000000000000000000000000000000000000000000000000000000000000000000000000000000000000000000000000000000000000000000000000000000000000000000000000000000000000000000000000000000000000000000000000000000000000000000000000000000000000000000000000000000000000000000000000000000000000000000000000000000000000000000000000000000000000000000000000000000000000000000000000000000000000000000000000000000000000000000000000000000000000000000000000000000000000000000000000000000000000000000000000000000000000000000000000000000000000000000000000000000000000000000000000000000000000000000000000000000000000000000000000000000000000000000000000000000000000000000000000000000000000000000000000000000000000000000000000000000000000000000000000000000000000000000000000000000000000000000000000000000000000000000000000000000000000000000000000000000000000000000000000000000000000000000000000000000000000000000000000000000000000000000000000000000000000000000000000000000000000000000000000000000000000000000000000000000000000000000000000000000000000000000000000000000000000000000000000000000000000000000000000000000000000000000000000000000000000000000000000000000000000000000000000000000000000000000000000000000000000000000000000000000000000000000000000000000000000000000000000000000000000000000000000000000000000000000000000000000000000000000000000000000000000000000000000000000000000000000000000000000000000000000000000000000000000000000000000000000000000000000000000000000000000000000000000,00000000000000000000000000000000000000000000000000000000000000000000000000000000000000000000000000000000000000000000000000000000000000000000000000000000000000000000000000000000000000000000000000000000000000000000000000000000000000000000000000000000000000000000000000000000000000000000000000000000000000000000000000000000000000000000000000000000000000000000000000000000000000000000000000000000000000000000000000000000000000000000000000000000000000000000000000000000000000000000000000000000000000000000000000000000000000000000000000000000000000000000000000000000000000000000000000000000000000000000000000000000000000000000000000000000000000000000000000000000000000000000000000000000000000000000000000000000000000000000000000000000000000000000000000000000000000000000000000000000000000000000000000000000000000000000000000000000000000000000000000000000000000000000000000000000000000000000000000000000000000000000000000000000000000000000000000000000000000000000000000000000000000000000000000000000000000000000000000000000000000000000000000000000000000000000000000000000000000000000000000000000000000000000000000000000000000000000000000000000000000000000000000000000000000000000000000000000000000000000000000000000000000000000000000000000000000000000000000000000000000000000000000000000000000000000000000000000000000000000000000000000000000000000000000000000000000000000000000000000000000000000000000000000000000000000000000000000000000000000000000000000000000000000000000000000000000000000000000000000000000000000000000000000000000000000000000000000000000000000000000000000000000000000000000000000000000000000000000000000000000000000000000000000000000000000000000000000000000000000000000000000000000000000000000000000000000000000000000000000000000000000000000000000000000000000000000000000000000000000000000000000000000000000000000000000000000000000000000000000000000000000000000000000000000000000000000000000000000000000000000000000000000000000000000000000000000000000000000000000000000000000000000000000000000000000000000000000000000000000000000000,00000000000947494628c065f566d65616e944700000000000000008c075f565369676d61944700000000000000008c095f6574615f6d65616e94473ff00000000000008c0a5f6574615f5369676d6194473ff00000000000008c055f746f6c7894680b6811430816383daccc74473d94869452948c075f746f6c787570944740c38800000000008c075f746f6c66756e94473d719799812dea118c105f746f6c636f6e646974696f6e636f76944742d6bcc41e9000008c0d5f66756e686973745f7465726d944b448c0f5f66756e686973745f76616c75657394682f68314b008594683387945294284b014b88859468398942400400000000000000000000402c81c78c0200000e74da40a70decbfd069039d36d0e9bf039d36d06903edbf111111111111e9bf713d0ad7a370edbff6285c8fc2f5e8bf295c8fc2f528ecbfda40a70d74dae8bff28b25bf58f2ebbf48e17a14ae47e9bff28b25bf58f2ebbf073a6da0d306eabf96fc62c92f96ecbf6da0d3063a6de8bf96fc62c92f96ecbf7eb1e4174b7ee9bf295c8fc2f528ecbf3d0ad7a3703deabfbcbbbbbbbbbbebbfbf58f28b25bfe8bfb1e4174b7eb1ecbf63c92f96fc62e9bf0c0885c68c020000606ea3c78c020000010000000900000070000000000000007800000000000000586ea3c78c020000ffffffffffffffff300885c68c02000001000000010000000100000009000000a8000000000000000100000009000000b000000000000000586ea3c78c020000596ea3c78c02000000000000000000000000000000000000000000000000000000000000000000000000000000000000000000000000000000000000000000000000000000000000000000000000000000000000000000000000000000000000000000000000000000000000000000000000000000000000000000000000000000000000000000000000000000000000000000000000000000000000000000000000000000000000000000000000000000000000000000000000000000000000000000000000000000000000000000000000000000000000000000000000000000000000000000000000000000000000000000000000000000000000000000000000000000000000000000000000000000000000000000000000000000000000000000000000000000000000000000000000000000000000000000000000000000000000000000000000000000000000000000000000000000000000000000000000000000000000000000000000000000000000000000000000000000000000000000000000000000000000000000000000000000000000000000000000000000000000000000000000000000000000000000000000000000000000000000000000000000000000000000000000000000000000000000,00000000000000000000000000000000000000000000000000000000000000000000000000000000000000000000000000000000000000000000000000000000000000000000000000000000000000000000000000000000000000000000000000000000000000000000000000000000000000000000000000000000000000000000000000000000000000000000000000000000000000000000000000000000000000000000000000000000000000000000000000000000000000000000000000000000000000000000000000000000000000000000000000000000000000000000000000000000000000000000000000000000000000000000000000000000000000000000000000000000000000000000000000000000000000000000000000000000000000000000000000000000000000000000000000947494628c055f635f316494682f68314b008594683387945294284b014d4501859468118942280a00004b280aef5956ef3f7feccf85aacb8c3fe20f1109c9bf9cbf0aad9b19f93e9dbfe71d752ecf1b9dbf247598835e45a33fe000b8206c7d503fa2315b592f10a33f2b42e96263e8923ff1301d8d70c5943f804c1c9f02d7723f543af5f554278d3f5425570c24246a3f6e5dbb3084069e3faecc7eef40ee96bfa646dcd880969f3f7aa1a4257148a8bf364ef4e1aa3792bf1aec8fdef87496bf4ef2cbfb031682bf5ec754cdb2d8973fdfedae9c57bca3bf216bc02ff741833f55f5e245959b833fde79be4abe716fbf7e507f4554b2f03f9c5411c9790aa83ff9c1d1f3741ea2bf635709832f369cbf871a51ec6fae923fcecbc56ea0726e3fb1c746bf8323993f6a239281cabca63f76c21e674eac9b3fcc29e4f5509398bf494563168bc781bf1e35b181bb17493fe4bb058952154bbf0af2edcefe5392bf87301a7c4e17a03fd0d5d48e829b9dbfb47eb243384f8d3ff9a7b35cf22076bfa65cec32b2c583bfad6e054061d3aa3ff4b9773ab1528abf0a3c5fe5eaa1693fd9c4ec7e8b2ea83ff69cfe6924b28fbfe43142b2457bf03f98d602068e5c56bfb835d56ec06ba2bf42fb588aad61a53fb16404a2cb12973f90bcd31b52339a3f754617700474913f8e18b334480d683f49849333d50b99bf11b4ef2f02235c3ff2296d0be90696bfa08d3bba575f7f3fc185d9a64323653fbdd089c4851c9c3ffaac829d27559cbff169ad4c25cda03fd63e36b4c3898fbf4c42ff19a09490bf93da72302ddfa53fce15b426b6df85bfe6c4e1e7d019a1bffd753f2b788ca33f8620422ccf1b963ffb09bd5d2a36f03f0938c8e87e46983ff150b18e5fce8cbfeedb008db307893fb371073428677bbf7006c0f75a9fa4bfb8a0e2612e8a843f08658ea4aeb381bfb9503af04e1f823f31859e4b277676bf28fc198a5b12a3bf17597ce,40e0898bf0efc7a0cf56794bf32db72b7af6b893f96d908b6f776933f34a3ae9b585c5f3f700da4b0cc31a53f22acef3b68bc83bf85a540e8f86