number,value,datetime_start,datetime_complete,duration,params_approach_bonus_base,params_dead_end_penalty,params_discard_2_exit_value,params_discard_3_4_exit_value,params_discard_dead_end_value,params_discard_duplicate_penalty,params_discard_enemy_door_value,params_discard_key_useless_value,params_discard_ladder_value,params_discard_own_door_value,params_down_opening_bonus,params_enemy_door_penalty,params_ladder_bonus,params_max_kept_repairs,params_max_kept_sabotages,params_own_door_bonus,params_retreat_penalty,params_rockfall_base,params_rockfall_gold_penalty,params_rockfall_ladder_bonus,params_rockfall_own_path_penalty,params_sabotage_cart_weight,params_sabotage_lamp_weight,params_sabotage_pickaxe_weight,params_side_step_bonus,system_attrs_cma:generation,system_attrs_cma:optimizer:0,system_attrs_cma:optimizer:1,system_attrs_cma:optimizer:10,system_attrs_cma:optimizer:2,system_attrs_cma:optimizer:3,system_attrs_cma:optimizer:4,system_attrs_cma:optimizer:5,system_attrs_cma:optimizer:6,system_attrs_cma:optimizer:7,system_attrs_cma:optimizer:8,system_attrs_cma:optimizer:9,state
54,0.8333333333333334,2026-05-10 17:59:21.174018,2026-05-10 17:59:28.942182,0 days 00:00:07.768164,77.79848714306368,33.07945381678667,14.118314594014459,23.622241544779765,-32.078595260699025,-9.87591708450162,-17.455614222132997,-26.511983736217708,57.53866064208238,17.43894833472176,13.974389835852053,17.050595856062174,28.162351748445925,2,1,11.052454162725667,42.950368224528404,26.95739031460753,57.15700120310275,23.249864214094927,69.8472638858843,1.4541293320761985,2.0425408677746675,3.3151129395679293,8.523198975568173,4.0,,,,,,,,,,,,COMPLETE
55,0.8233333333333334,2026-05-10 17:59:28.942232,2026-05-10 17:59:36.700467,0 days 00:00:07.758235,46.53588329981436,47.4597058927836,8.006250315946273,26.383035417988644,-18.17296703840791,-12.035086993669665,-13.277013250238344,-17.318657596066068,69.61318334267288,13.358725274383755,15.790240652012583,21.932602965850506,16.628192478601733,1,1,15.690826159342889,44.679245355363406,21.118545031692115,51.30583415349659,31.04953609472797,71.03572375255075,1.6742476833190365,1.9471470775933954,3.2919801792978696,13.52569773168996,4.0,,,,,,,,,,,,COMPLETE
56,0.86,2026-05-10 17:59:36.700520,2026-05-10 17:59:44.393162,0 days 00:00:07.692642,53.38457500692035,60.99107171948775,11.672368398062684,32.965253815872735,-21.737405794061132,-13.80026251341302,-20.962181354567626,-22.706285862831702,61.29024947759074,9.553514375955615,13.601743587091258,15.343267268920728,26.497907403505852,1,1,19.206127282531344,42.090509098933765,18.171075155132165,34.544001782229884,27.11806193974776,65.75057152176348,1.6146125180785287,2.519351281835879,2.78424147215858,6.642024570554392,4.0,,,,,,,,,,,,COMPLETE
57,0.87,2026-05-10 17:59:44.393214,2026-05-10 17:59:52.200883,0 days 00:00:07.807669,52.885474840236256,67.20562837943315,11.536886943388303,21.864301845820048,-23.8226434779013,-10.281398473877683,-15.416687978696094,-8.283412524252629,67.22236594743487,11.188569272972961,6.692442651188481,18.956979161394557,18.611786533054108,2,1,12.6837965439984,49.679699802611914,21.384322867162997,56.73084479062795,16.61876902557169,73.52928221574015,2.018719235685447,2.8037258067787754,3.158982983341548,6.774477771459011,4.0,,,,,,,,,,,,COMPLETE
58,0.8633333333333333,2026-05-10 17:59:52.200933,2026-05-10 18:00:00.441558,0 days 00:00:08.240625,49.100317169001684,59.97092278348735,12.418898742573068,14.608158097421871,-27.629052523402482,-8.538361331920932,-5.543550368345155,-20.95420256508667,54.31785921777005,18.577673442017623,8.512089309611795,16.825450468824876,28.938568557649884,1,2,14.381519566685705,37.26243954522869,20.599224130230617,46.39886973787137,23.183597063138635,65.36151579670675,3.580445396724672,2.51824314464817,2.7516039213167987,10.93703422274042,4.0,,,,,,,,,,,,COMPLETE
59,0.8366666666666667,2026-05-10 18:00:00.441608,2026-05-10 18:00:08.140456,0 days 00:00:07.698848,62.52791433302698,49.98583060784068,6.3229291268161605,23.249937838503417,-28.33193918091729,-19.400810498057652,-5.036416828282203,-20.16922659917148,62.13844336844762,8.653930562551565,13.367194009700993,13.599095594299413,24.889332397538997,1,2,12.285090716896006,43.375139069404504,23.38331827052954,52.310443687442216,31.205457577727884,63.86954791358019,3.6888856714773706,1.8246548933691953,2.5860411763162765,7.963878380336631,4.0,,,,,,,,,,,,COMPLETE
60,0.8333333333333334,2026-05-10 18:00:08.140506,2026-05-10 18:00:16.036040,0 days 00:00:07.895534,64.98807859603198,47.49468690332389,15.316072976424437,23.523584517385405,-27.883938337853547,-11.408383432342863,-15.03173753495079,-16.26182171453001,57.28557966505443,11.255612388892043,19.38023579223472,18.607645644819122,21.907980673852133,1,1,13.093242808029718,36.76541326546847,18.754799815922365,59.42614838061884,39.0682771905757,61.28091830242392,3.219930050802791,2.020535590296639,2.731507450174803,7.7979012052145755,4.0,,,,,,,,,,,,COMPLETE
61,0.7933333333333333,2026-05-10 18:00:16.036091,2026-05-10 18:00:23.528196,0 days 00:00:07.492105,62.87636475813274,40.83887661066122,5.984118787035307,16.722571020661643,-18.157958545604956,-6.879703822153399,-10.411192675299684,-15.876718223206524,37.01757690965013,10.491230412864024,17.769798306874282,14.170131236744808,16.984811151658803,3,1,12.696708316057304,46.46221068516273,22.063604190630983,61.873074548369125,32.02231502100258,77.77540743364588,1.995688540624759,2.245782740569454,2.6413540269115283,16.03353575911073,4.0,,,,,,,,,,,,COMPLETE
62,0.8533333333333334,2026-05-10 18:00:23.528248,2026-05-10 18:00:31.319847,0 days 00:00:07.791599,61.44813766932627,47.27958307520985,10.237309052625703,18.794929811088913,-14.87746723984899,-9.12897088841465,-15.432234812669344,-19.233625154707276,67.74936481303035,7.546012797389128,13.141966704804535,12.775642895469954,21.256360092022977,2,1,14.881226798665267,36.31325217643607,19.54332679253163,52.17862943005716,32.20085320922294,75.5908702042748,2.3781726690609353,1.9131432961182164,2.5908569263140113,9.499775203240535,4.0,,,,,,,,,,,,COMPLETE
63,0.8533333333333334,2026-05-10 18:00:31.319891,2026-05-10 18:00:39.076501,0 days 00:00:07.756610,51.29536239440097,46.23346419883261,11.879024604792034,30.427013469356723,-24.155684332318046,-11.074710698823647,-12.53744082415767,-11.342293621646988,61.990767893525394,10.681016113159206,6.53881060352216,20.147349035068046,20.560997482747823,2,1,14.276246948808636,44.20984426724654,19.929115358070828,58.74038917905121,30.97934788529004,60.74918684575647,2.7554874025926672,2.437273602683192,2.6249067605116294,2.7987306632478495,4.0,,,,,,,,,,,,COMPLETE
64,0.8733333333333333,2026-05-10 18:00:39.076551,2026-05-10 18:00:47.201038,0 days 00:00:08.124487,51.10490474769115,57.98108066099404,14.263390297524356,23.226741876496426,-30.446272018697048,-12.29778910567535,-13.848011881145379,-28.05101366947563,60.973748150139144,17.10932784384807,11.828764179802967,18.086497029491056,24.693723207408897,1,1,12.506788579673172,35.091339979496084,16.699687251455277,54.5271897876032,17.524352407572472,76.08720313286526,2.8315287909550295,1.6074761724955065,2.6750985040982584,7.637344585028686,4.0,,,,,,,,,,,,COMPLETE
65,0.8433333333333334,2026-05-10 18:00:47.201086,2026-05-10 18:00:55.094953,0 days 00:00:07.893867,47.807109595591825,39.054292472732016,12.796859009858021,20.393777241188975,-31.631884212322845,-10.268987794611625,-8.99816630494183,-18.909136140322396,74.3905516504378,12.680052997210584,17.633420570308694,21.8762520551289,17.660940154541123,1,2,10.88303628167714,37.67278174111067,25.076320208419062,51.26987249459609,27.093228450381318,73.36474108211966,2.1310506663241933,2.1275715495276764,2.7519939232457413,6.496127217111908,4.0,,,,,,,,,,,,COMPLETE
