number,value,datetime_start,datetime_complete,duration,params_approach_bonus_base,params_dead_end_penalty,params_discard_2_exit_value,params_discard_3_4_exit_value,params_discard_dead_end_value,params_discard_duplicate_penalty,params_discard_enemy_door_value,params_discard_key_useless_value,params_discard_ladder_value,params_discard_own_door_value,params_down_opening_bonus,params_enemy_door_penalty,params_ladder_bonus,params_max_kept_repairs,params_max_kept_sabotages,params_own_door_bonus,params_retreat_penalty,params_rockfall_base,params_rockfall_gold_penalty,params_rockfall_ladder_bonus,params_rockfall_own_path_penalty,params_sabotage_cart_weight,params_sabotage_lamp_weight,params_sabotage_pickaxe_weight,params_side_step_bonus,system_attrs_cma:generation,system_attrs_cma:optimizer:0,system_attrs_cma:optimizer:1,system_attrs_cma:optimizer:10,system_attrs_cma:optimizer:2,system_attrs_cma:optimizer:3,system_attrs_cma:optimizer:4,system_attrs_cma:optimizer:5,system_attrs_cma:optimizer:6,system_attrs_cma:optimizer:7,system_attrs_cma:optimizer:8,system_attrs_cma:optimizer:9,state
67,0.84,2026-05-10 18:01:02.442196,2026-05-10 18:01:10.383712,0 days 00:00:07.941516,42.90476301929199,45.032184274132284,13.968929696891838,18.240320873846443,-38.26496940174518,-10.393722509594173,-15.96377472523736,-15.696952621572557,47.96823942486993,11.72002821432676,8.13445971238442,14.07927512343325,30.74419379108004,3,1,18.177722255720795,40.94553195877283,24.006026803908256,37.280451717602844,27.460017030719964,74.96915238964905,2.561704963673327,1.468156987289737,3.7791029115833936,6.59400961143409,5.0,,,,,,,,,,,,COMPLETE
68,0.84,2026-05-10 18:01:10.383763,2026-05-10 18:01:18.275108,0 days 00:00:07.891345,51.0820906845815,56.41209890637857,13.710009934568061,24.105038737759397,-26.23920940748366,-12.35243778237529,-15.086998636262045,-19.769715958814615,56.00633314328397,15.004498682827572,9.103452255393998,18.806800511594336,25.22031515116156,2,2,11.443950544578898,37.371720285508765,20.137170706608273,60.94191007627852,21.108473231539506,68.95419692473328,3.0155924737934243,2.5562027071004367,2.181622592149407,7.5285147749585395,5.0,,,,,,,,,,,,COMPLETE
69,0.8133333333333334,2026-05-10 18:01:18.275159,2026-05-10 18:01:26.574926,0 days 00:00:08.299767,55.41086826240401,54.81255250337861,15.640642340232013,22.221818103814932,-25.642097412415122,-9.193944658925336,-19.42971092058057,-19.98677984759222,69.56576814978871,11.126877000984196,15.114366873040298,15.5260388593943,30.267482621879847,1,1,14.381691278803139,46.25464283009866,19.006074435116368,36.6968057331252,24.187111872996383,65.48551689034468,3.0114169669815056,1.666120295918132,2.8082254277181566,5.385711777352579,5.0,,,,,,,,,,,,COMPLETE
70,0.8666666666666667,2026-05-10 18:01:26.574978,2026-05-10 18:01:34.038551,0 days 00:00:07.463573,69.61267102646482,61.02959300285199,15.809163219636089,28.039746426996913,-20.837701426160866,-5.62902000675092,-18.46255322082888,-13.558610269681445,47.94632985610936,15.24507845030409,17.115063512585216,21.172641083517075,29.081718883831506,2,1,18.147437751768848,39.21197566718226,21.541094927565698,50.164276216311976,25.54826776855766,72.50942321992963,2.1583552793270138,1.9757008697231417,2.8298174187556215,7.815807575312391,5.0,,,,,,,,,,,,COMPLETE
71,0.8733333333333333,2026-05-10 18:01:34.038601,2026-05-10 18:01:42.105949,0 days 00:00:08.067348,54.210238167921666,62.81415806960666,18.520849179582214,26.967198992696225,-31.392258952621773,-8.229644158805513,-12.669843034165531,-9.355223641410344,60.95942184678289,11.961310124988882,3.4104458335434504,12.975646106979966,15.37639857706708,1,1,15.204574221500577,39.736341691330665,26.964313552315975,49.992117914974095,30.782565263391337,72.42117882416531,1.9135978231325632,1.7782926014265126,3.3161378422653147,7.841061951346684,5.0,,,,,,,,,,,,COMPLETE
72,0.83,2026-05-10 18:01:42.106000,2026-05-10 18:01:49.685146,0 days 00:00:07.579146,59.692203009465544,55.27658040041101,13.03100192220333,27.002256686940896,-34.243270134517005,-17.271769809232374,-21.17899702519965,-27.59951669839785,70.10642523257934,15.290357183387467,8.525080047971406,20.458526464379595,29.911805632907555,1,1,14.422434430356837,37.225905178435085,19.080362606133242,54.086114597914566,23.928337282865016,79.7934685861438,2.6837326313359684,3.19243857058345,2.0852228798589034,9.657811602444001,5.0,,,,,,,,,,,,COMPLETE
73,0.8333333333333334,2026-05-10 18:01:49.685198,2026-05-10 18:01:56.866506,0 days 00:00:07.181308,45.15455653619857,48.73286704296328,8.569712969482751,23.73582895720906,-30.566826401327567,-9.92848123380827,-21.528888747226475,-21.293554442083437,55.30212380263656,11.870825419388586,14.253598410357908,16.060907490656593,31.603005048080295,1,1,11.71372487080127,40.766059247779765,16.336636043002976,44.59763000660094,20.008682054780706,70.18867374603319,1.807903713174993,2.7265443317311475,1.9045154230090677,12.392614715499267,5.0,,,,,,,,,,,,COMPLETE
74,0.8366666666666667,2026-05-10 18:01:56.866557,2026-05-10 18:02:04.853454,0 days 00:00:07.986897,58.26863148375017,56.742627504636005,14.624128653758465,25.65669700304224,-21.468578830328934,-13.424820708892955,-12.587375021529734,-26.33213734604562,63.48039514359422,16.67562810570604,11.005375654479806,20.69922113579772,19.847867570212347,2,1,18.0755433090537,44.48493601843143,18.817567847166593,49.387803962473846,17.9357999088008,74.32336596456932,2.2243619444241256,2.3635262431625987,3.4599110314554995,6.704865935696052,5.0,,,,,,,,,,,,COMPLETE
75,0.83,2026-05-10 18:02:04.853503,2026-05-10 18:02:12.413550,0 days 00:00:07.560047,50.30096154427047,52.588806875849265,10.527275187332323,21.281349147033584,-22.04688321391486,-11.095859416170576,-7.332886198851945,-20.08839430532196,55.06913798150875,11.307073893801196,6.338058078007953,24.997319174634224,21.693871996387646,2,1,15.198942886351654,52.41338081119927,17.213232121873606,60.98406969972744,14.489703939735163,66.39545879416866,2.804743069590538,2.4849363440325702,2.593304005988658,10.479929303551847,5.0,,,,,,,,,,,,COMPLETE
76,0.8466666666666667,2026-05-10 18:02:12.413603,2026-05-10 18:02:19.697381,0 days 00:00:07.283778,37.163958215761774,53.86987982614008,14.181380041040297,33.33595019554153,-14.363631022844832,-3.0599129520852415,-6.743691360379323,-24.927756650253475,68.17444385058045,11.684625914674783,2.6403739574084977,8.556590682657305,20.653952852728093,0,1,16.597095301322383,49.8970445814589,23.83768518481781,55.407197269079475,28.276611402314657,68.70829137091125,2.4720467289278587,2.291083921746688,2.8374993077631236,10.356851901893357,5.0,,,,,,,,,,,,COMPLETE
77,0.8433333333333334,2026-05-10 18:02:19.697432,2026-05-10 18:02:27.762121,0 days 00:00:08.064689,58.129016325932575,67.26270271123812,11.538960417509031,26.641331193494192,-25.5958776234212,-17.313326658596246,-14.442674686064521,-11.951747801503643,72.42014547048335,17.64084090266698,10.954370337401842,17.33038289193894,24.59718421648939,1,2,7.0148341310044815,37.60419451065637,19.75182715143579,50.87462297411375,10.976903055308513,65.75316558535994,3.5706619294164508,2.979466303665107,2.2715973542072985,12.021279521199762,5.0,,,,,,,,,,,,COMPLETE
78,0.83,2026-05-10 18:02:27.762174,2026-05-10 18:02:35.735626,0 days 00:00:07.973452,62.34540441995172,66.31692023320312,12.4031284214783,28.528343001321666,-22.527545528273457,-13.09305746804139,-11.925783253722322,-23.14109057943419,79.67373890034585,13.485410234268045,12.907128388293655,17.84173296450062,25.88929726294459,3,2,13.7361297671603,33.56328446226629,14.63857345337913,62.81106002654481,25.433741825804304,55.6526590205169,2.810546271514831,2.4939691397554493,2.9045099738616926,8.50893456186296,5.0,,,,,,,,,,,,COMPLETE
