number,value,datetime_start,datetime_complete,duration,params_approach_bonus_base,params_dead_end_penalty,params_discard_2_exit_value,params_discard_3_4_exit_value,params_discard_dead_end_value,params_discard_duplicate_penalty,params_discard_enemy_door_value,params_discard_key_useless_value,params_discard_ladder_value,params_discard_own_door_value,params_down_opening_bonus,params_enemy_door_penalty,params_ladder_bonus,params_max_kept_repairs,params_max_kept_sabotages,params_own_door_bonus,params_retreat_penalty,params_rockfall_base,params_rockfall_gold_penalty,params_rockfall_ladder_bonus,params_rockfall_own_path_penalty,params_sabotage_cart_weight,params_sabotage_lamp_weight,params_sabotage_pickaxe_weight,params_side_step_bonus,system_attrs_cma:generation,system_attrs_cma:optimizer:0,system_attrs_cma:optimizer:1,system_attrs_cma:optimizer:10,system_attrs_cma:optimizer:2,system_attrs_cma:optimizer:3,system_attrs_cma:optimizer:4,system_attrs_cma:optimizer:5,system_attrs_cma:optimizer:6,system_attrs_cma:optimizer:7,system_attrs_cma:optimizer:8,system_attrs_cma:optimizer:9,state
92,0.82,2026-05-10 18:04:16.449034,2026-05-10 18:04:24.139745,0 days 00:00:07.690711,62.75098286853978,54.30078445286837,14.167109401833624,35.28834820727519,-30.828651619598027,-10.34172266201518,-23.163374538491436,-6.43656194610724,74.52944459304851,15.497171093219835,6.832116730898864,11.257954849318232,16.88177675379233,2,1,16.333694920529798,29.545744488810485,19.464563912330913,42.01593224801731,16.905905497270368,66.04684039455358,2.037695456141514,1.7396095671726806,3.565251153697255,11.270275813516182,7.0,8004957b2b0000000000008c0a636d6165732e5f636d61948c03434d419493942981947d94288c065f6e5f64696d944b198c085f706f7073697a65944b0d8c035f6d75944b068c075f6d755f656666948c166e756d70792e5f636f72652e6d756c74696172726179948c067363616c61729493948c056e756d7079948c0564747970659493948c02663894898887945294284b038c013c944e4e4e4affffffff4affffffff4b0074946243088defdbefd1d80f4094869452948c035f636394680b68114308f9e4a7509928c23f94869452948c035f633194680b68114308bffc6e64268d673f94869452948c045f636d7594680b68114308c8de024a3df2783f94869452948c085f635f7369676d6194680b68114308ec610c516587c63f94869452948c085f645f7369676d6194680b681143083e8c21aaecd0f23f94869452948c035f636d944b018c065f6368695f6e94474013cd30aa14debe8c085f776569676874739468098c0c5f7265636f6e737472756374949394680c8c076e6461727261799493944b0085944301629487945294284b014b0d8594680e8c02663894898887945294284b0368124e4e4e4affffffff4affffffff4b007494628943689d3ddf2efb6fd83f582bd5871c77cf3f3d585c520548c53fe9b6d763851cbc3fc43a6233f3e6b03fd84298e35bf99e3f0000000000000000a942b1bb1c66b5bf4f6dd3281323c4bf3ed9cbf84694ccbfed852a4ba91bd2bf8e3621d11198d5bf6ddd297201cdd8bf947494628c085f705f7369676d6194682f68314b008594683387945294284b014b19859468118943c81625874a1d24eb3f33f881e861bbf53fd218886540620240febc76df2809e33fa59549b6f425e6bfda7651799700f03f032871b13364d6bfefa225d060a2fa3fbbfaa7e9799ffc3fbee194ba6e0cfe3f8220f23e47cef5bfe2a7ba2de6a8dfbfe631467e7264dfbf0c90c8abdc06d3bf772bebb4e056edbf0e8cba1fa885ea3fae7e994adf28e7bf5ef4a9d0ef85e63f51a751fe5b27f0bf61b1f69c4c16e3bfb46917f888f5f43f3c85b7fa6f96f1bf5a4258d43693cdbf1dd7c95d7b49f33f4c3e7307c4becbbf947494628c035f706394682f68314b008594683387945294284b014b19859468118943c862314ce4924ee93fe8cd914af9c3f63f26aea5938319014033b62f09fcf3da3f85a8a0652693e5bfa9455352d86df03f50c2b1362aebcfbf3c0b36f1daa3f83fc4cc276924c3fa3f4e21047d9a34fc3fae5e3293be86f4bff548fbce96a6dabf407ed7878898dbbfd24c5fad1e04d1bfaea36d8f33a0ebbfbb7c4dfcd290e93f0cb5b4469e30e8bfea813967f26ee73fae8b0b7a1770ecbf1c68bc2fdd6ae4bf31538dfbb7eaf63f455018880680f1bfd5e5c230d8e9d4bfc89ab9b3c815f33fb,e6c31ebf245d1bf947494628c055f6d65616e94682f68314b008594683387945294284b014b19859468398943c88e47d9bf5714e53fc5f7d634ef55ea3f74a386c86a9aeb3fe4aa7b0895d8df3fae8ebf768b32d63fb60f7a79b259e73f7210fbb89734e03feebaf7858435e63fff2c12d244c4ea3f23bfc4f5cd86ea3f93f56219ab7ad23f7019aeb6016dd93f386c4b7b1acedc3f2dfd01b43ca2dc3f0f37d134ca4ed63f2a8e431c1e52e43fd04bf0f855eed43fa6fc419109a1e53f5fd3d4346efdd93f557b1205c98ad63fe35dd6f07ab8ea3f664a9439a79dd13f289da39b9b5ad43fcef7b72148aee83f9d8fcb3bb3e2da3f947494628c065f7369676d6194680b6811430821d9d2cae1c4c13f94869452948c025f44944e8c025f42944e8c075f626f756e647394682f68314b008594683387945294284b014b194b02869468398942900100000000000000000000000000000000f03f0000000000000000000000000000f03f0000000000000000000000000000f03f0000000000000000000000000000f03f0000000000000000000000000000f03f0000000000000000000000000000f03f0000000000000000000000000000f03f0000000000000000000000000000f03f0000000000000000000000000000f03f0000000000000000000000000000f03f0000000000000000000000000000f03f0000000000000000000000000000f03f0000000000000000000000000000f03f0000000000000000000000000000f03f0000000000000000000000000000f03f0000000000000000000000000000f03f0000000000000000000000000000f03f0000000000000000000000000000f03f0000000000000000000000000000f03f0000000000000000000000000000f03f0000000000000000000000000000f03f0000000000000000000000000000f03f0000000000000000000000000000f03f0000000000000000000000000000f03f0000000000000000000000000000f03f947494628c115f6e5f6d61785f726573616d706c696e67944bfa8c025f67944b078c095f6c725f616461707494898c065f616c70686194473ff66666666666668c0a5f626574615f6d65616e94473fb999999999999a8c0b5f626574615f5369676d6194473f9eb851eb851eb88c065f67616d6d6194473fb999999999999a8c065f456d65616e94682f68314b008594683387945294284b014b194b01869468398943c80000000000000000000000000000000000000000000000000000000000000000000000000000000000000000000000000000000000000000000000000000000000000000000000000000000000000000000000000000000000000000000000000000000000000000000000000000000000000000000000000000000000000000,bba30f46633fbcabbc8a8b7897bfbe6fb396b9ed9f3f83f56393455b883f52d8cde081297fbf62a01f123067503fd8aea3e1c33f633fd29ceb4568075dbfa1cd030d0fc66a3f570d9298e47def3f6038341899618a3f50a8cae7d4f375bf39d0b1994df0733f12c1be14c3f47ebffafa3db1aded8abf78ca5b6e976490bf35448cbaa8d9813fe26d90c98d57843fb85dc9aa57c9463f42bf735205ad6c3f78627faede9394bf5435acd4a8a756bfcd89e622b74e91bfe15558452e0cef3fe650499d024d853f06713e75f286653f225d5346bd0e873fbd43e3a79eef713f1bd57c07f15b92bfeeda24d00c655bbfafc12910b824a4bfe11b6609e3428e3f712bbcd94f5591bfb09dd8510d9b403f1c06915d2a008fbf74d98f132b6f693f32a9da23237af03fa3208eac8dbd82bf33060793c853673f78cf15a65136533f557184e881c483bf303a3e2918a86a3f301eddc40638553f893a50befe9f923f960cc6839f379dbf3b47561f50e18dbf79eb36a28b4b983f6308ffc3749684bf1d1215ff4517f03f9007921734c2343f531aa99cfc09943fa898760a2966853f5d163932340a9cbf3ddbc708c1128bbf7f1e1e91fb689dbf804db3426fb0823f5ce3782525e18cbf5170c93dfd5897bfba22e9f8f900863f9907b8823bf1ef3f88c3e5f4c5e3693f3722db288d6e8b3fd0ebed20756b5e3f709fde9a9c6f653f64f2b22a19046b3f606875843de680bf8e7a40af69b981bf8b3ba596c65a81bf006a420103f2703f98ed1d9ce4f6ef3f9a0434cbadc3903f468effe18317753f48dda01aafa9983f5b42cfa88a7fa2bf93c97d7e6b947dbf186b7c29a814683f5216c09be89d98bf2a66baef37e3833f9d43f3ec780df03ff8524bc5d55a7f3f947f83da8bac883f644512bde061873f5175156c8df07abf564fc0ee86b281bf3e2f348c28738b3f99a0c2574bf19abfeaf210d28decee3fda547ad7ccfa8bbf4d6f17bc5245823f54f5d582ed7e403fcf87187aad137abf8d32f7879e90843f881371f866db77bf59db0377e51bf03fa6d75ffadd3091bf9e47ec5c2b41193f722fa8de7130923fcdb6268d3e65853ff44a518fcdc256bf4040e397d091f03fdeba234ebaf79abf3fa9a3a2c93d9fbf8e35409a11aca93f5f90a4e74d9c9abf6a67a0166de4ef3f6dbc079c5d8ca03fbdc452c7ea8c97bf1885ea6c2030933fe78e4ab62108f03f13622cd8347f77bfd8ea2213ec00873fa36d7220a714f03f002e7fb3e9917dbfa4e73a1579fbee3f9474946275622e,000000000000000000000000000000000000000000000000000000000000000000000000000000000000000000000000000000000000000000000000000000000000000000000000947494628c075f455369676d6194682f68314b008594683387945294284b014d71024b0186946839894288130000000000000000000000000000000000000000000000000000000000000000000000000000000000000000000000000000000000000000000000000000000000000000000000000000000000000000000000000000000000000000000000000000000000000000000000000000000000000000000000000000000000000000000000000000000000000000000000000000000000000000000000000000000000000000000000000000000000000000000000000000000000000000000000000000000000000000000000000000000000000000000000000000000000000000000000000000000000000000000000000000000000000000000000000000000000000000000000000000000000000000000000000000000000000000000000000000000000000000000000000000000000000000000000000000000000000000000000000000000000000000000000000000000000000000000000000000000000000000000000000000000000000000000000000000000000000000000000000000000000000000000000000000000000000000000000000000000000000000000000000000000000000000000000000000000000000000000000000000000000000000000000000000000000000000000000000000000000000000000000000000000000000000000000000000000000000000000000000000000000000000000000000000000000000000000000000000000000000000000000000000000000000000000000000000000000000000000000000000000000000000000000000000000000000000000000000000000000000000000000000000000000000000000000000000000000000000000000000000000000000000000000000000000000000000000000000000000000000000000000000000000000000000000000000000000000000000000000000000000000000000000000000000000000000000000000000000000000000000000000000000000000000000000000000000000000000000000000000000000000000000000000000000000000000000000000000000000000000000000000000000000000000000000000000000000000000000000000000000000000000000000000000000000000000000000000000000000000000000000000000000000000000000000000000000000000000000000000000000000000000000000000000000000000000000000000000000000000000000000000000000000000000,00000000000000000000000000000000000000000000000000000000000000000000000000000000000000000000000000000000000000000000000000000000000000000000000000000000000000000000000000000000000000000000000000000000000000000000000000000000000000000000000000000000000000000000000000000000000000000000000000000000000000000000000000000000000000000000000000000000000000000000000000000000000000000000000000000000000000000000000000000000000000000000000000000000000000000000000000000000000000000000000000000000000000000000000000000000000000000000000000000000000000000000000000000000000000000000000000000000000000000000000000000000000000000000000000000000000000000000000000000000000000000000000000000000000000000000000000000000000000000000000000000000000000000000000000000000000000000000000000000000000000000000000000000000000000000000000000000000000000000000000000000000000000000000000000000000000000000000000000000000000000000000000000000000000000000000000000000000000000000000000000000000000000000000000000000000000000000000000000000000000000000000000000000000000000000000000000000000000000000000000000000000000000000000000000000000000000000000000000000000000000000000000000000000000000000000000000000000000000000000000000000000000000000000000000000000000000000000000000000000000000000000000000000000000000000000000000000000000000000000000000000000000000000000000000000000000000000000000000000000000000000000000000000000000000000000000000000000000000000000000000000000000000000000000000000000000000000000000000000000000000000000000000000000000000000000000000000000000000000000000000000000000000000000000000000000000000000000000000000000000000000000000000000000000000000000000000000000000000000000000000000000000000000000000000000000000000000000000000000000000000000000000000000000000000000000000000000000000000000000000000000000000000000000000000000000000000000000000000000000000000000000000000000000000000000000000000000000000000000000000000000000000000000000000000000000000000000000000000000000000000000000000000000000000000000000000000000000000000000000000000000,00000000000000000000000000000000000000000000000000000000000000000000000000000000000000000000000000000000000000000000000000000000000000000000000000000000000000000000000000000000000000000000000000000000000000000000000000000000000000000000000000000000000000000000000000000000000000000000000000000000000000000000000000000000000000000000000000000000000000000000000000000000000000000000000000000000000000000000000000000000000000000000000000000000000000000000000000000000000000000000000000000000000000000000000000000000000000000000000000000000000000000000000000000000000000000000000000000000000000000000000000000000000000000000000000000000000000000000000000000000000000000000000000000000000000000000000000000000000000000000000000000000000000000000000000000000000000000000000000000000000000000000000000000000000000000000000000000000000000000000000000000000000000000000000000000000000000000000000000000000000000000000000000000000000000000000000000000000000000000000000000000000000000000000000000000000000000000000000000000000000000000000000000000000000000000000000000000000000000000000000000000000000000000000000000000000000000000000000000000000000000000000000000000000000000000000000000000000000000000000000000000000000000000000000000000000000000000000000000000000000000000000000000000000000000000000000000000000000000000000000000000000000000000000000000000000000000000000000000000000000000000000000000000000000000000000000000000000000000000000000000000000000000000000000000000000000000000000000000000000000000000000000000000000000000000000000000000000000000000000000000000000000000000000000000000000000000000000000000000000000000000000000000000000000000000000000000000000000000000000000000000000000000000000000000000000000000000000000000000000000000000000000000000000000000000000000000000000000000000000000000000000000000000000000000000000000000000000000000000000000000000000000000000000000000000000000000000000000000000000000000000000000000000000000000000000000000000000000000000000000000000000000000000000000000000000000000000000000000000000000000000,00000000000000000000000000000000000000000000000000000000000000000000000000000000000000000000000000000000000000000000000000000000000000000000000000000000000000000000000000000000000000000000000000000000000000000000000000000000000000000000000000000000000000000000000000000000000000000000000000000000000000000000000000000000000000000000000000000000000000000000000000000000000000000000000000000000000000000000000000000000000000000000000000000000000000000000000000000000000000000000000000000000000000000000000000000000000000000000000000000000000000000000000000000000000000000000000000000000000000000000000000000000000000000000000000000000000000000000000000000000000000000000000000000000000000000000000000000000000000000000000000000000000000000000000000000000000000000000000000000000000000000000000000000000000000000000000000000000000000000000000000000000000000000000000000000000000000000000000000000000000000000000000000000000000000000000000000000000000000000000000000000000000000000000000000000000000000000000000000000000000000000000000000000000000000000000000000000000000000000000000000000000000000000000000000000000000000000000000000000000000000000000000000000000000000000000000000000000000000000000000000000000000000000000000000000000000000000000000000000000000000000000000000000000000000000000000000000000000000000000000000000000000000000000000000000000000000000000000000000000000000000000000000000000000000000000000000000000000000000000000000000000000000000000000000000000000000000000000000000000000000000000000000000000000000000000000000000000000000000000000000000000000000000000000000000000000000000000000000000000000000000000000000000000000000000000000000000000000000000000000000000000000000000000000000000000000000000000000000000000000000000000000000000000000000000000000000000000000000000000000000000000000000000000000000000000000000000000000000000000000000000000000000000000000000000000000000000000000000000000000000000000000000000000000000000000000000000000000000000000000000000000000000000000000000000000000000000000000000000000000000000,00000000000000000000000000000000000000000000000000000000000000000000000000000000000000000000000000000000000000000000000000000000000000000000000000000000000000000000000000000000000000000000000000000000000000000000000000000000000000000000000000000000000000000000000000000000000000000000000000000000000000000000000000000000000000000000000000000000000000000000000000000000000000000000000000000000000000000000000000000000000000000000000000000000000000000000000000000000000000000000000000000000000000000000000000000000000000000000000000000000000000000000000000000000000000000000000000000000000000000000000000000000000000000000000000000000000000000000000000000000000000000000000000000000000000000000000000000000000000000000000000000000000000000000000000000000000000000000000000000000000000000000000000000000000000000000000000000000000000000000000000000000000000000000000000000000000000000000000000000000000000000000000000000000000000000000000000000000000000000000000000000000000000000000000000000000000000000000000000000000000000000000000000000000000000000000000000000000000000000000000000000000000000000000000000000000000000000000000000000000000000000000000000000000000000000000000000000000000000000000000000000000000000000000000000000000000000000000000000000000000000000000000000000000000000000000000000000000000000000000000000000000000000000000000000000000000000000000000000000000000000000000000000000000000000000000000000000000000000000000000000000000000000000000000000000000000000000000000000000000000000000000000000000000000000000000000000000000000000000000000000000000000000000000000000000000000000000000000000000000000000000000000000000000000000000000000000000000000000000000000000000000000000000000000000000000000000000000000000000000000000000000000000000000000000000000000000000000000000000000000000000000000000000000000000000000000000000000000000000000000000000000000000000000000000000000000000000000000000000000000000000000000000000000000000000000000000000000000000000000000000000000000000000000000000000000000000000000000000000000000000000,00000000000947494628c065f566d65616e944700000000000000008c075f565369676d61944700000000000000008c095f6574615f6d65616e94473ff00000000000008c0a5f6574615f5369676d6194473ff00000000000008c055f746f6c7894680b6811430816383daccc74473d94869452948c075f746f6c787570944740c38800000000008c075f746f6c66756e94473d719799812dea118c105f746f6c636f6e646974696f6e636f76944742d6bcc41e9000008c0d5f66756e686973745f7465726d944b448c0f5f66756e686973745f76616c75657394682f68314b008594683387945294284b014b88859468398942400400000000000000000000402c81c78c0200000e74da40a70decbfd069039d36d0e9bf039d36d06903edbf111111111111e9bf713d0ad7a370edbff6285c8fc2f5e8bf295c8fc2f528ecbfda40a70d74dae8bff28b25bf58f2ebbf48e17a14ae47e9bff28b25bf58f2ebbf073a6da0d306eabf96fc62c92f96ecbf6da0d3063a6de8bfffffffffffffffffdc0785c68c020000586ea3c78c020000010000000300000038000000000000000800000000000000000000000000000002000000ffffffff0c0885c68c020000606ea3c78c020000010000000900000070000000000000007800000000000000586ea3c78c020000ffffffffffffffff300885c68c02000001000000010000000100000009000000a8000000000000000100000009000000b000000000000000586ea3c78c020000596ea3c78c02000000000000000000000000000000000000000000000000000000000000000000000000000000000000000000000000000000000000000000000000000000000000000000000000000000000000000000000000000000000000000000000000000000000000000000000000000000000000000000000000000000000000000000000000000000000000000000000000000000000000000000000000000000000000000000000000000000000000000000000000000000000000000000000000000000000000000000000000000000000000000000000000000000000000000000000000000000000000000000000000000000000000000000000000000000000000000000000000000000000000000000000000000000000000000000000000000000000000000000000000000000000000000000000000000000000000000000000000000000000000000000000000000000000000000000000000000000000000000000000000000000000000000000000000000000000000000000000000000000000000000000000000000000000000000000000000000000000000000000000000000000000000000000000000000000000000000000000000000000000000000000000000000000000000000000,00000000000000000000000000000000000000000000000000000000000000000000000000000000000000000000000000000000000000000000000000000000000000000000000000000000000000000000000000000000000000000000000000000000000000000000000000000000000000000000000000000000000000000000000000000000000000000000000000000000000000000000000000000000000000000000000000000000000000000000000000000000000000000000000000000000000000000000000000000000000000000000000000000000000000000000000000000000000000000000000000000000000000000000000000000000000000000000000000000000000000000000000000000000000000000000000000000000000000000000000000000000000000000000000000947494628c055f635f316494682f68314b008594683387945294284b014d4501859468118942280a00000a5c82a4ebfbee3fd8cea6d74e07793fa255366744c494bf9795a3b1b07581bf2b56fdbd646b7cbf3cf64cf0004d973f16c8578f72e2553fee4587d51dc2853fd6d00eaa1998893f60229e744e619b3f29c2f99f0025773f00314c89ca17a03fab899c9bced35a3fa6fc79e1ce87813fc4a6527ab7f893bf84092af222c379bfbd780b047b8d95bf48b17311116e2abf584ebf13144635bff6c5c878eda3653f0a87934134a88b3fabfa8e0ef3389cbfe2f494e1b7ad7ebfedc209d2ab096a3f1fe2b496b30a80bf801ff85d5ca6f03f34cc46b1ab98a53fff1ce2fc63339fbfeb46ba38f49789bf862d51cfe61a903f2a734e51af28743fae37b6997e9c913f81298070f98ea13fb1ff62c149b0983f9f344b81980ea0bff45fc7b720457d3fa6c432b61a3777bf2019fa7be52733bf386e5140c7a59ebf6c15f90d98e7833f7e2c06e9297885bf9aeb7ec11dde8b3f0302b9ef724c7b3f8396266afdfc87bfe80abe27065eab3f5aace2fd461792bfa0f00d91790743bf401a9be878dc973f5bc44bf37cd482bf074028b20d36f03f99818b14fd2086bf15551018838d88bf6c24feecf166983fc58f5b33b3769a3f3540afa6bdce9a3fe979adcd800b703f28c4d32fefc877bf1a469d2cac9d9bbff70e84e2e030913fd871fab2675d53bf00cc4248f19891bff3178c83670295bffea625b54eb1903f0197967c8bfb93bf8d34825fd343a53f5aa1f407769182bf68577b63f82c9ebf3a8c9b8a6c7aa03f3da83218163a93bf9569d3270c4d8abfaadd746fdcd1693f9efd04b08694903f448b2418bdefef3f7ae6a8c2a294843f88c0d8f7824c6bbf08667bcd5640863f05cefad9071e743f61820b37354295bf4eb14fa24e6473bfc43a961c0292703f766eace64c438dbfac5466cb541d55bf497d55a4e9a5a5bf7840e3f,425d25f3f485b09730fcf49bf7ad25f7e51c0663f1498402cb922553f2d0210fb2d9b88bf3f18d666d4d1a03f041442e036087fbf42d8312208479d3f0e387efe2aa8873f