number,value,datetime_start,datetime_complete,duration,params_approach_bonus_base,params_dead_end_penalty,params_discard_2_exit_value,params_discard_3_4_exit_value,params_discard_dead_end_value,params_discard_duplicate_penalty,params_discard_enemy_door_value,params_discard_key_useless_value,params_discard_ladder_value,params_discard_own_door_value,params_down_opening_bonus,params_enemy_door_penalty,params_ladder_bonus,params_max_kept_repairs,params_max_kept_sabotages,params_own_door_bonus,params_retreat_penalty,params_rockfall_base,params_rockfall_gold_penalty,params_rockfall_ladder_bonus,params_rockfall_own_path_penalty,params_sabotage_cart_weight,params_sabotage_lamp_weight,params_sabotage_pickaxe_weight,params_side_step_bonus,system_attrs_cma:generation,system_attrs_cma:optimizer:0,system_attrs_cma:optimizer:1,system_attrs_cma:optimizer:10,system_attrs_cma:optimizer:2,system_attrs_cma:optimizer:3,system_attrs_cma:optimizer:4,system_attrs_cma:optimizer:5,system_attrs_cma:optimizer:6,system_attrs_cma:optimizer:7,system_attrs_cma:optimizer:8,system_attrs_cma:optimizer:9,state
131,0.8233333333333334,2026-05-10 18:09:23.454689,2026-05-10 18:09:31.427933,0 days 00:00:07.973244,57.27534712884444,57.91809142584417,17.163760256788784,24.86098303898821,-31.528277193713173,-0.1900531013515696,-15.542506342247565,-7.732731787489307,69.85500346936905,13.050602716479906,4.584085242748148,9.457743393721133,19.508958449222334,2,1,21.66005770285933,40.92432154976964,20.578763547795003,32.478836136327445,22.63930286046068,73.22402115837922,1.7152776281530575,2.6333219948335245,2.578240323169667,17.069441242616918,10.0,8004957b2b0000000000008c0a636d6165732e5f636d61948c03434d419493942981947d94288c065f6e5f64696d944b198c085f706f7073697a65944b0d8c035f6d75944b068c075f6d755f656666948c166e756d70792e5f636f72652e6d756c74696172726179948c067363616c61729493948c056e756d7079948c0564747970659493948c02663894898887945294284b038c013c944e4e4e4affffffff4affffffff4b0074946243088defdbefd1d80f4094869452948c035f636394680b68114308f9e4a7509928c23f94869452948c035f633194680b68114308bffc6e64268d673f94869452948c045f636d7594680b68114308c8de024a3df2783f94869452948c085f635f7369676d6194680b68114308ec610c516587c63f94869452948c085f645f7369676d6194680b681143083e8c21aaecd0f23f94869452948c035f636d944b018c065f6368695f6e94474013cd30aa14debe8c085f776569676874739468098c0c5f7265636f6e737472756374949394680c8c076e6461727261799493944b0085944301629487945294284b014b0d8594680e8c02663894898887945294284b0368124e4e4e4affffffff4affffffff4b007494628943689d3ddf2efb6fd83f582bd5871c77cf3f3d585c520548c53fe9b6d763851cbc3fc43a6233f3e6b03fd84298e35bf99e3f0000000000000000a942b1bb1c66b5bf4f6dd3281323c4bf3ed9cbf84694ccbfed852a4ba91bd2bf8e3621d11198d5bf6ddd297201cdd8bf947494628c085f705f7369676d6194682f68314b008594683387945294284b014b19859468118943c835766171815afa3f4c1adb483c6fc23ff08bf4cee46ae33fd7aa2a39a2d3d9bf787853b5220fb6bf5bdf32c5e968e83ff46ad2423981f13f8e40cd4c9e79fc3f323212726dd0e73f1a7f7441bea6eabfac73f3fb3569efbfda65ab49cef1ecbf4509648e9f25d7bf4a5ba566e862b73f7068e5cc1d84f0bf57d9e0c56337f33fb861982dcce5b93fa3131658ca16ebbf58ed3ef81d81e1bfe2a2b3055760e6bf19c660a5c117e83fc6226cf1f684d2bfcd47bb39fd13d7bf6bdd58485d08f33f8ae066a0c0fef03f947494628c035f706394682f68314b008594683387945294284b014b19859468118943c809e12911bd83f83feabca2048164d43f656729e7a77ce63fa81fb7fbfc44dabfec554f3995c8c6bf01245435f73bec3fbe99dbe8ce4fee3f49cdbf49a49dfa3f76b768f72294ea3fc85fb091b48fe4bf6e1fc680a3d8edbffe2fb21cec9debbfac00ec85d066d4bfd0a2703ae2d8be3f5e908dc92bbaeebff327828bce0cf33f009f5414f722a4bf28c6d6c7b0eee6bfce05c99eb013e1bfd77cd0c5cff0e5bf1ea5974d36e9eb3fe8618b1d3277dabf6205aa29d55ad7bf1a4d74662930f33fb,c7831637febeb3f947494628c055f6d65616e94682f68314b008594683387945294284b014b19859468398943c8e424edb31977ea3f9ae79118f6f4e73f251b4487e989e83f583ddc294a7dd73ff2716b53ec38d73fb015c0c9eb67e93f3a5497aeca5ce53f09b308a3aeb3e83fe3a8b9bb23e4e93f0e6f1e1b1ab2e13f5278e80c4d4cd43f418fcb13eb11d23fedcaf6fd0aa3dc3f6dfcf4902d57e03fc0304a2d1e30d53fb892c27ef9a1e83f26c3185c5c09d83fe75ce045e37bde3f454a7f38cdb2d93fb6d134c0990dd53f0ea3b61b5798ea3f94f85813fae5d43f714dec371662d33f9023b16fdea3ea3f644627042a81e23f947494628c065f7369676d6194680b68114308cfc0606b006fc13f94869452948c025f44944e8c025f42944e8c075f626f756e647394682f68314b008594683387945294284b014b194b02869468398942900100000000000000000000000000000000f03f0000000000000000000000000000f03f0000000000000000000000000000f03f0000000000000000000000000000f03f0000000000000000000000000000f03f0000000000000000000000000000f03f0000000000000000000000000000f03f0000000000000000000000000000f03f0000000000000000000000000000f03f0000000000000000000000000000f03f0000000000000000000000000000f03f0000000000000000000000000000f03f0000000000000000000000000000f03f0000000000000000000000000000f03f0000000000000000000000000000f03f0000000000000000000000000000f03f0000000000000000000000000000f03f0000000000000000000000000000f03f0000000000000000000000000000f03f0000000000000000000000000000f03f0000000000000000000000000000f03f0000000000000000000000000000f03f0000000000000000000000000000f03f0000000000000000000000000000f03f0000000000000000000000000000f03f947494628c115f6e5f6d61785f726573616d706c696e67944bfa8c025f67944b0a8c095f6c725f616461707494898c065f616c70686194473ff66666666666668c0a5f626574615f6d65616e94473fb999999999999a8c0b5f626574615f5369676d6194473f9eb851eb851eb88c065f67616d6d6194473fb999999999999a8c065f456d65616e94682f68314b008594683387945294284b014b194b01869468398943c80000000000000000000000000000000000000000000000000000000000000000000000000000000000000000000000000000000000000000000000000000000000000000000000000000000000000000000000000000000000000000000000000000000000000000000000000000000000000000000000000000000000000000,e939004c8e3fca8c1e468c2ba0bfe0126b57f795a03f2e6c45ebf03a9c3f783095b2b0064fbfc0c5fe90071b843f67f0ce5fc68a61bfc8a953370e6173bfaa8c5c97565b813f02c86d2fadfcef3f706d8e7d89a458bf8af37668664f91bfce2ea5d7b9e4623f828e502e0afaa6bf5d2ce6315d2086bf7695d37e734894bf0a627c1610c58a3f5b9aae5e9305723f800efdf33da62c3f5f33c2f78faf7b3ffed69258888d99bff2b7287f550481bf52edceae7a2e96bf79057286ce4def3ffa5551079a5b853fd95db580dd2a7c3f157ada97cc26903f78410b794ef6643f3007e040d27f86bfa1a9ac3456087bbf7f139475c175a5bff84632ddcbec5bbfae218bd384748dbfc04403c32e7e62bf7204dd90b5d780bfd8bffcc2a537873f260c8d52017cf03feedfb830e57a7c3f52348074651d77bf850aaac12612933fc4a89e4b495892bf0d972e8223c8633f617323828417913f9f6c315f8f54973f1696384db9559abfca4fdba5bf1a92bf781ccc57c3cb563f2bf5aa81604076bf84245b85a130f03f328248f65706963f8ae16084cae9823fa2674e0738f482bffc6798e8c2de99bf64ade4f3e189513f2a5eaf4311cf93bffa99bb45b95f833ff0889e7cdf1777bf38778ff9b8dd8bbfd96da89a87e9793fa76a366d2f1ef03f0045fdc6c4fb253feba044749dcc8bbf10eefb95995a80bf0f95289eb3a0853fdc5793fe8b7f963f1642c2f1ef3591bfde9b72e6b37f85bf42483d4dec8a71bf5569698e74cc933f7d967ab53b3eef3f3b5b94f87cc6733f6ef5a854ec496c3f2b45f682ef6e943f72b785589ebdaabf5ec1768ab3f674bfa1fa7d48217e723f1b7a79ddf6f297bf71c9bd8a586c883fd251db319ee1ef3f03d48b6b4c95933f400f146b1bd5353f5b5ae5930928893f131c4805291390bfbe981a43c34e81bf54f672c1d047943fd97930a005279cbf2d4e38a70683ee3fdce40758beac79bfa0aee1ef202b8dbfffcd9d1e10027b3f92c0043606695b3f7a5184c7959376bfbbc90fd7b1b366bf7525f0f370e8ef3fb2aec3711a4092bfb0ea226efc25663f19586c88bd3e823fea61d2178efb713f0262e2c8164bfd3e33cb04979877f03f1de323d027459bbfb6fd4cb8894998bfdd4eb4fc2081a73f7e5857640cba99bf85eaa3e63a96ef3f6b72811850b9a23fdfaad4aa72ac98bf2c3a563b118b943f079f39c96bb8ef3fa84ebc65a82167bf6f1629c71432833f6f1350d9ef64ef3f04839f9116ae4d3f6e26cac6df81ee3f9474946275622e,000000000000000000000000000000000000000000000000000000000000000000000000000000000000000000000000000000000000000000000000000000000000000000000000947494628c075f455369676d6194682f68314b008594683387945294284b014d71024b0186946839894288130000000000000000000000000000000000000000000000000000000000000000000000000000000000000000000000000000000000000000000000000000000000000000000000000000000000000000000000000000000000000000000000000000000000000000000000000000000000000000000000000000000000000000000000000000000000000000000000000000000000000000000000000000000000000000000000000000000000000000000000000000000000000000000000000000000000000000000000000000000000000000000000000000000000000000000000000000000000000000000000000000000000000000000000000000000000000000000000000000000000000000000000000000000000000000000000000000000000000000000000000000000000000000000000000000000000000000000000000000000000000000000000000000000000000000000000000000000000000000000000000000000000000000000000000000000000000000000000000000000000000000000000000000000000000000000000000000000000000000000000000000000000000000000000000000000000000000000000000000000000000000000000000000000000000000000000000000000000000000000000000000000000000000000000000000000000000000000000000000000000000000000000000000000000000000000000000000000000000000000000000000000000000000000000000000000000000000000000000000000000000000000000000000000000000000000000000000000000000000000000000000000000000000000000000000000000000000000000000000000000000000000000000000000000000000000000000000000000000000000000000000000000000000000000000000000000000000000000000000000000000000000000000000000000000000000000000000000000000000000000000000000000000000000000000000000000000000000000000000000000000000000000000000000000000000000000000000000000000000000000000000000000000000000000000000000000000000000000000000000000000000000000000000000000000000000000000000000000000000000000000000000000000000000000000000000000000000000000000000000000000000000000000000000000000000000000000000000000000000000000000000000000000,00000000000000000000000000000000000000000000000000000000000000000000000000000000000000000000000000000000000000000000000000000000000000000000000000000000000000000000000000000000000000000000000000000000000000000000000000000000000000000000000000000000000000000000000000000000000000000000000000000000000000000000000000000000000000000000000000000000000000000000000000000000000000000000000000000000000000000000000000000000000000000000000000000000000000000000000000000000000000000000000000000000000000000000000000000000000000000000000000000000000000000000000000000000000000000000000000000000000000000000000000000000000000000000000000000000000000000000000000000000000000000000000000000000000000000000000000000000000000000000000000000000000000000000000000000000000000000000000000000000000000000000000000000000000000000000000000000000000000000000000000000000000000000000000000000000000000000000000000000000000000000000000000000000000000000000000000000000000000000000000000000000000000000000000000000000000000000000000000000000000000000000000000000000000000000000000000000000000000000000000000000000000000000000000000000000000000000000000000000000000000000000000000000000000000000000000000000000000000000000000000000000000000000000000000000000000000000000000000000000000000000000000000000000000000000000000000000000000000000000000000000000000000000000000000000000000000000000000000000000000000000000000000000000000000000000000000000000000000000000000000000000000000000000000000000000000000000000000000000000000000000000000000000000000000000000000000000000000000000000000000000000000000000000000000000000000000000000000000000000000000000000000000000000000000000000000000000000000000000000000000000000000000000000000000000000000000000000000000000000000000000000000000000000000000000000000000000000000000000000000000000000000000000000000000000000000000000000000000000000000000000000000000000000000000000000000000000000000000000000000000000000000000000000000000000000000000000000000000000000000000000000000000000000000000000000000000000000000000000000000000000,00000000000000000000000000000000000000000000000000000000000000000000000000000000000000000000000000000000000000000000000000000000000000000000000000000000000000000000000000000000000000000000000000000000000000000000000000000000000000000000000000000000000000000000000000000000000000000000000000000000000000000000000000000000000000000000000000000000000000000000000000000000000000000000000000000000000000000000000000000000000000000000000000000000000000000000000000000000000000000000000000000000000000000000000000000000000000000000000000000000000000000000000000000000000000000000000000000000000000000000000000000000000000000000000000000000000000000000000000000000000000000000000000000000000000000000000000000000000000000000000000000000000000000000000000000000000000000000000000000000000000000000000000000000000000000000000000000000000000000000000000000000000000000000000000000000000000000000000000000000000000000000000000000000000000000000000000000000000000000000000000000000000000000000000000000000000000000000000000000000000000000000000000000000000000000000000000000000000000000000000000000000000000000000000000000000000000000000000000000000000000000000000000000000000000000000000000000000000000000000000000000000000000000000000000000000000000000000000000000000000000000000000000000000000000000000000000000000000000000000000000000000000000000000000000000000000000000000000000000000000000000000000000000000000000000000000000000000000000000000000000000000000000000000000000000000000000000000000000000000000000000000000000000000000000000000000000000000000000000000000000000000000000000000000000000000000000000000000000000000000000000000000000000000000000000000000000000000000000000000000000000000000000000000000000000000000000000000000000000000000000000000000000000000000000000000000000000000000000000000000000000000000000000000000000000000000000000000000000000000000000000000000000000000000000000000000000000000000000000000000000000000000000000000000000000000000000000000000000000000000000000000000000000000000000000000000000000000000000000000000000000,00000000000000000000000000000000000000000000000000000000000000000000000000000000000000000000000000000000000000000000000000000000000000000000000000000000000000000000000000000000000000000000000000000000000000000000000000000000000000000000000000000000000000000000000000000000000000000000000000000000000000000000000000000000000000000000000000000000000000000000000000000000000000000000000000000000000000000000000000000000000000000000000000000000000000000000000000000000000000000000000000000000000000000000000000000000000000000000000000000000000000000000000000000000000000000000000000000000000000000000000000000000000000000000000000000000000000000000000000000000000000000000000000000000000000000000000000000000000000000000000000000000000000000000000000000000000000000000000000000000000000000000000000000000000000000000000000000000000000000000000000000000000000000000000000000000000000000000000000000000000000000000000000000000000000000000000000000000000000000000000000000000000000000000000000000000000000000000000000000000000000000000000000000000000000000000000000000000000000000000000000000000000000000000000000000000000000000000000000000000000000000000000000000000000000000000000000000000000000000000000000000000000000000000000000000000000000000000000000000000000000000000000000000000000000000000000000000000000000000000000000000000000000000000000000000000000000000000000000000000000000000000000000000000000000000000000000000000000000000000000000000000000000000000000000000000000000000000000000000000000000000000000000000000000000000000000000000000000000000000000000000000000000000000000000000000000000000000000000000000000000000000000000000000000000000000000000000000000000000000000000000000000000000000000000000000000000000000000000000000000000000000000000000000000000000000000000000000000000000000000000000000000000000000000000000000000000000000000000000000000000000000000000000000000000000000000000000000000000000000000000000000000000000000000000000000000000000000000000000000000000000000000000000000000000000000000000000000000000000000000000000,00000000000000000000000000000000000000000000000000000000000000000000000000000000000000000000000000000000000000000000000000000000000000000000000000000000000000000000000000000000000000000000000000000000000000000000000000000000000000000000000000000000000000000000000000000000000000000000000000000000000000000000000000000000000000000000000000000000000000000000000000000000000000000000000000000000000000000000000000000000000000000000000000000000000000000000000000000000000000000000000000000000000000000000000000000000000000000000000000000000000000000000000000000000000000000000000000000000000000000000000000000000000000000000000000000000000000000000000000000000000000000000000000000000000000000000000000000000000000000000000000000000000000000000000000000000000000000000000000000000000000000000000000000000000000000000000000000000000000000000000000000000000000000000000000000000000000000000000000000000000000000000000000000000000000000000000000000000000000000000000000000000000000000000000000000000000000000000000000000000000000000000000000000000000000000000000000000000000000000000000000000000000000000000000000000000000000000000000000000000000000000000000000000000000000000000000000000000000000000000000000000000000000000000000000000000000000000000000000000000000000000000000000000000000000000000000000000000000000000000000000000000000000000000000000000000000000000000000000000000000000000000000000000000000000000000000000000000000000000000000000000000000000000000000000000000000000000000000000000000000000000000000000000000000000000000000000000000000000000000000000000000000000000000000000000000000000000000000000000000000000000000000000000000000000000000000000000000000000000000000000000000000000000000000000000000000000000000000000000000000000000000000000000000000000000000000000000000000000000000000000000000000000000000000000000000000000000000000000000000000000000000000000000000000000000000000000000000000000000000000000000000000000000000000000000000000000000000000000000000000000000000000000000000000000000000000000000000000000000000000000000,00000000000947494628c065f566d65616e944700000000000000008c075f565369676d61944700000000000000008c095f6574615f6d65616e94473ff00000000000008c0a5f6574615f5369676d6194473ff00000000000008c055f746f6c7894680b6811430816383daccc74473d94869452948c075f746f6c787570944740c38800000000008c075f746f6c66756e94473d719799812dea118c105f746f6c636f6e646974696f6e636f76944742d6bcc41e9000008c0d5f66756e686973745f7465726d944b448c0f5f66756e686973745f76616c75657394682f68314b008594683387945294284b014b88859468398942400400000000000000000000402c81c78c0200000e74da40a70decbfd069039d36d0e9bf039d36d06903edbf111111111111e9bf713d0ad7a370edbff6285c8fc2f5e8bf295c8fc2f528ecbfda40a70d74dae8bff28b25bf58f2ebbf48e17a14ae47e9bff28b25bf58f2ebbf073a6da0d306eabf96fc62c92f96ecbf6da0d3063a6de8bf96fc62c92f96ecbf7eb1e4174b7ee9bf295c8fc2f528ecbf3d0ad7a3703deabfbcbbbbbbbbbbebbfbf58f28b25bfe8bf000000000000000002000000ffffffff0c0885c68c020000606ea3c78c020000010000000900000070000000000000007800000000000000586ea3c78c020000ffffffffffffffff300885c68c02000001000000010000000100000009000000a8000000000000000100000009000000b000000000000000586ea3c78c020000596ea3c78c02000000000000000000000000000000000000000000000000000000000000000000000000000000000000000000000000000000000000000000000000000000000000000000000000000000000000000000000000000000000000000000000000000000000000000000000000000000000000000000000000000000000000000000000000000000000000000000000000000000000000000000000000000000000000000000000000000000000000000000000000000000000000000000000000000000000000000000000000000000000000000000000000000000000000000000000000000000000000000000000000000000000000000000000000000000000000000000000000000000000000000000000000000000000000000000000000000000000000000000000000000000000000000000000000000000000000000000000000000000000000000000000000000000000000000000000000000000000000000000000000000000000000000000000000000000000000000000000000000000000000000000000000000000000000000000000000000000000000000000000000000000000000000000000000000000000000000000000000000000000000000000000000000000000000000000,00000000000000000000000000000000000000000000000000000000000000000000000000000000000000000000000000000000000000000000000000000000000000000000000000000000000000000000000000000000000000000000000000000000000000000000000000000000000000000000000000000000000000000000000000000000000000000000000000000000000000000000000000000000000000000000000000000000000000000000000000000000000000000000000000000000000000000000000000000000000000000000000000000000000000000000000000000000000000000000000000000000000000000000000000000000000000000000000000000000000000000000000000000000000000000000000000000000000000000000000000000000000000000000000000947494628c055f635f316494682f68314b008594683387945294284b014d4501859468118942280a00002e330d4eb75aef3f71064e0f7784893f64d380bbed3983bffe74053ec57d92bfde3622743b9999bf3fd7502f8f2ea63f83768b81fa047e3f99e2c6b7a3079a3ff830a9eaf329933f725e6c207def9a3fbaa5fd9a3c09943fd8de3bd368a2923f2f688f883d8f5abf48906b12b74b953f7e8d027598e998bf88e6002205af943fef07a38518cda3bfa2c26a80c08d8cbf331304f0bd168dbf7eb532b92b526f3f8a458f98408f993fa96d34883feca1bff546209aba3c743f58a9ccf1ad32943f0115cdc4d44970bf42601b41caa9f03f694d1c331dd8a53f9ceccd302f7ba2bfc49c1bb4158699bf1d6b6bcae8d7943fb2eeadb9a87a683fcfc4e865a238993f5e0929649fe0a73f18a70d5a56f09e3f97260242bc929cbf657dd8d8f4227abfa874180d6ae65e3fc7ef1a610739723ff63ba6357c278fbfcef445861313a13f9093e7c934caa0bfbeee7ce8796e903fbaf9185f60d881bf78a2eff2675e81bf9cc2bba6e160ab3f16ebe10eedbd8fbf08c6c16a154654bf8ae856c705d5a73f430a83fb6adc91bf9ce3e7546e2ef03fe5e6b30bbc198dbf71de178c5ca4a4bff266b98d3d81a23fee2790f29e4c913f6a2fca0eabc29c3fb41d0de4cc0e873f0ee30969cd71573fd49b63b24bf197bf66e59c162ba86ebf56d5a55fbb8d75bf648ee099c82783bfb4352e12eaa2633fbb0839182f75a13f336febc5cb3ca0bf33f9ab1113ce983f6d9f89ea5e0d95bf563a5899b116a0bf24bc257be2dea73f8d2f6a73816b95bf35cc94c47bbd93bf3af58c4fd534983f26f4089ed3e26e3f1e37667b5029f03f52925837712a953fe47192bfd7fd95bfe8d28e68e0e48f3f906810b5e1a258bfef291ba0b49ba4bf144e05b2fbfd583f8f996e63e23780bfd647b8db162c793feaa8ae0d661764bffbd569c154b0a9bff1d3818,5b6f99abfc83df9d7c4c38ebf2607b52b7f8d843f34ef8b7be9d9843fa4fe74e2129c4a3fd3f61cd20269a13f8e6cda24e6ad79bfca707c2316bd993