number,value,datetime_start,datetime_complete,duration,params_approach_bonus_base,params_dead_end_penalty,params_discard_2_exit_value,params_discard_3_4_exit_value,params_discard_dead_end_value,params_discard_duplicate_penalty,params_discard_enemy_door_value,params_discard_key_useless_value,params_discard_ladder_value,params_discard_own_door_value,params_down_opening_bonus,params_enemy_door_penalty,params_ladder_bonus,params_max_kept_repairs,params_max_kept_sabotages,params_own_door_bonus,params_retreat_penalty,params_rockfall_base,params_rockfall_gold_penalty,params_rockfall_ladder_bonus,params_rockfall_own_path_penalty,params_sabotage_cart_weight,params_sabotage_lamp_weight,params_sabotage_pickaxe_weight,params_side_step_bonus,system_attrs_cma:generation,system_attrs_cma:optimizer:0,system_attrs_cma:optimizer:1,system_attrs_cma:optimizer:10,system_attrs_cma:optimizer:2,system_attrs_cma:optimizer:3,system_attrs_cma:optimizer:4,system_attrs_cma:optimizer:5,system_attrs_cma:optimizer:6,system_attrs_cma:optimizer:7,system_attrs_cma:optimizer:8,system_attrs_cma:optimizer:9,state
79,0.8533333333333334,2026-05-10 18:02:35.735678,2026-05-10 18:02:43.520583,0 days 00:00:07.784905,59.74999392456495,44.67462423797597,18.945536273795376,39.99074617657505,-24.495454200417747,-8.986785563009128,-4.628567699994974,-10.935901591442967,65.12242101787047,13.790876603617441,10.825197806068322,13.45010906858251,26.597184176055002,1,2,15.669996468888977,54.82632374888302,23.193125307487925,46.67621037777441,28.08190444160623,58.54529176721095,1.4332674656896822,2.285833915920954,3.6002272189989286,9.91765960318835,6.0,8004957b2b0000000000008c0a636d6165732e5f636d61948c03434d419493942981947d94288c065f6e5f64696d944b198c085f706f7073697a65944b0d8c035f6d75944b068c075f6d755f656666948c166e756d70792e5f636f72652e6d756c74696172726179948c067363616c61729493948c056e756d7079948c0564747970659493948c02663894898887945294284b038c013c944e4e4e4affffffff4affffffff4b0074946243088defdbefd1d80f4094869452948c035f636394680b68114308f9e4a7509928c23f94869452948c035f633194680b68114308bffc6e64268d673f94869452948c045f636d7594680b68114308c8de024a3df2783f94869452948c085f635f7369676d6194680b68114308ec610c516587c63f94869452948c085f645f7369676d6194680b681143083e8c21aaecd0f23f94869452948c035f636d944b018c065f6368695f6e94474013cd30aa14debe8c085f776569676874739468098c0c5f7265636f6e737472756374949394680c8c076e6461727261799493944b0085944301629487945294284b014b0d8594680e8c02663894898887945294284b0368124e4e4e4affffffff4affffffff4b007494628943689d3ddf2efb6fd83f582bd5871c77cf3f3d585c520548c53fe9b6d763851cbc3fc43a6233f3e6b03fd84298e35bf99e3f0000000000000000a942b1bb1c66b5bf4f6dd3281323c4bf3ed9cbf84694ccbfed852a4ba91bd2bf8e3621d11198d5bf6ddd297201cdd8bf947494628c085f705f7369676d6194682f68314b008594683387945294284b014b19859468118943c87ef10d3bbe92d13f707191fa4cfbfd3f81b54f66288001403c524e9c9d78c33f23f41e0b20d6e6bf90dc22104648f43fd3712ce08a71b13f15763a55f949f83f26795c388f06df3f7d33f56984e5e63f10cb8078f734fcbf1ae472e80101debf7e134383906dd3bf10e01da8541fe6bf6f2ac298c2b0dabf360b2e2e7d86e93fe89c78e15cbce5bfc8ac27d56a7df63ff6404abfaeb8cdbfe05fe732f9a3cfbf75ebc643446bfa3fe74a9cfe45aee7bfb740ee432e1fe8bf1a464f006dc1e83ff8e39babb407a5bf947494628c035f706394682f68314b008594683387945294284b014b19859468118943c84ab3979fbfded03f732c728d9133fd3fea7dade54403004020919085e53aa93f088d1a40e941e6bf26870ce12a6ff33fdedf85fff1adba3faa5b96fee36ef53fef7a61ad8fb7e03f23a1edd6737be63fd37148e8f79bf9bf9541ae6d9644d9bf59ab76a53ccecfbf2699515d185fe4bf892199626d01d9bfd728096a4b29e83f782c622057dae5bf9c0f42aa1209f53fac7ad107d769c9bf2cba02065f0dd4bff2687ebb1183fa3fbcd76c8a0cb3e7bfc4fe0da26164e8bfc84cf8ab7149e93f7,c805b007bd7c1bf947494628c055f6d65616e94682f68314b008594683387945294284b014b19859468398943c8f471b622a2abe23f09f4e9627bf2ea3fe626dd2ae3cfe93f89a98bf1ff9cdc3fb46c84f67cdbd63fd348ecf0a26ae73f41aa5b98a1a6e13f5aa81fdf0a8be43f7b9077fe048be53f3a795ccce593e53fe5ac68a3b8b4d13f0fa627b78d16da3f79399d8c35aade3f7adccbc5ad3dda3f1b9f738937d0da3fe71af02531ade33fc773f7cf7e61d63f601008247551e73fc61213cd420fe03f7acde2273ab1d93fdf54ba6b26adea3fb37fbfad9786d53faf190ed78b8fd13f26225f991c7ce63fb4790107fa2adc3f947494628c065f7369676d6194680b6811430875d10526677bc13f94869452948c025f44944e8c025f42944e8c075f626f756e647394682f68314b008594683387945294284b014b194b02869468398942900100000000000000000000000000000000f03f0000000000000000000000000000f03f0000000000000000000000000000f03f0000000000000000000000000000f03f0000000000000000000000000000f03f0000000000000000000000000000f03f0000000000000000000000000000f03f0000000000000000000000000000f03f0000000000000000000000000000f03f0000000000000000000000000000f03f0000000000000000000000000000f03f0000000000000000000000000000f03f0000000000000000000000000000f03f0000000000000000000000000000f03f0000000000000000000000000000f03f0000000000000000000000000000f03f0000000000000000000000000000f03f0000000000000000000000000000f03f0000000000000000000000000000f03f0000000000000000000000000000f03f0000000000000000000000000000f03f0000000000000000000000000000f03f0000000000000000000000000000f03f0000000000000000000000000000f03f0000000000000000000000000000f03f947494628c115f6e5f6d61785f726573616d706c696e67944bfa8c025f67944b068c095f6c725f616461707494898c065f616c70686194473ff66666666666668c0a5f626574615f6d65616e94473fb999999999999a8c0b5f626574615f5369676d6194473f9eb851eb851eb88c065f67616d6d6194473fb999999999999a8c065f456d65616e94682f68314b008594683387945294284b014b194b01869468398943c80000000000000000000000000000000000000000000000000000000000000000000000000000000000000000000000000000000000000000000000000000000000000000000000000000000000000000000000000000000000000000000000000000000000000000000000000000000000000000000000000000000000000000,50d3a6f8733f1899439ae35399bfd08af8f9d7a2983f70395248c473463fe3392ec3b79777bf325a7adad1d16fbf16f1eef680cc75bfaad6d35a9772743fd7a4a2843f07613f15b397ff5c86ef3f21fdaca6c12d8c3f7245a2b5bb4078bf3208f3cb0557743f8963258d91ac83bfa4089b2339128ebf0f97abcb3f7789bfbb6c67658b44823fc407bffb3304843f06de942d989b3b3f020d2a167be06c3f88771b55cb2e95bffcf4f27a15a86e3fdaaa1ce1552b8bbf750b153ad822ef3fbcfcaa926a49863fcc9dccbeed70793fccd8b1363ca5813ff0402142a24f743f38c1e5d6d1fc8ebf1080787318c84cbfdcc18a8adc7ea3bf723b9d69843e8a3f63616c57d0228fbf3e4de24141cc5bbf92f2ce1006ff8ebfc723813f4e54713fe1419507a57ff03ffc6e79a02dc68bbfd63a31c8d16e68bf59cd83c41e2e823f168f69862b7d8abf009fb705bda46e3f59a1b526dcb0813f1656563f6060933f7c30fc97d3549bbfae5223bf730081bf86231d57e789923f526b77c23d5287bfa637cb8678d2ef3fdec6dfd4777470bf88f8d175dd0c703f2a5b0ebcfb28893ff1249ce03bf799bfe614aa239f568bbf4abdffac435f96bfd395769a78a0823f1d7f365eba137bbf5f441dabe76991bf20b9156fd5a8873fb3fa64bb4d0bf03f425c63232b8953bf9e1e559a7fa0903f95057a2a8c635abff81ce5e04339603fd2b091a6f58f723f5f920b143f1b83bf978b8b7c774780bf2ad04d39ef2884bfe0eff094ad457e3f3a7820e88607f03f1ee847c3c3eb813ffcbd023379ea763fe38ca8c233e2933ff425c7d6ad8c9cbf6cdb91a1ff7684bf44b857aa6ea1913f6eef1d0b50ff93bf663ddedca0e47c3f483ac26bf6d4ef3f2e6cb62568548c3fa2179c95d43f853f30013c80df5a863f5d8db8f4dc3281bf9297beede9e27fbf123730297eeb873f9ceb8d4aeead9abfd0bfe1344fd3ee3f1c6b5aed45ca84bff71cd9d6ebcb7f3fc8314c48f6e434bff652d31dd49b7bbfb645362d29ae8a3f83585c595b776bbf2a378f933e17f03f4afeb0b1dfaa8cbf0073e84c8a705ebf6a551ae4230e973f2cfa99a1c768843fc512522d6aca7abf25c094077373f03fa2d83eb383b299bf4f88dc37e04d9ebf766bc176aa3ba53f624d13cefb7098bf7bed78b690e6ef3fb5d20a8f77a99c3fbf3d71891d1493bf9cda6acfa7d98a3f07624187b407f03f24c64f6ba96484bf07a526a35fe3813f84f89d4a0218f03fde1d7de6b7486d3f219027106d3eef3f9474946275622e,000000000000000000000000000000000000000000000000000000000000000000000000000000000000000000000000000000000000000000000000000000000000000000000000947494628c075f455369676d6194682f68314b008594683387945294284b014d71024b0186946839894288130000000000000000000000000000000000000000000000000000000000000000000000000000000000000000000000000000000000000000000000000000000000000000000000000000000000000000000000000000000000000000000000000000000000000000000000000000000000000000000000000000000000000000000000000000000000000000000000000000000000000000000000000000000000000000000000000000000000000000000000000000000000000000000000000000000000000000000000000000000000000000000000000000000000000000000000000000000000000000000000000000000000000000000000000000000000000000000000000000000000000000000000000000000000000000000000000000000000000000000000000000000000000000000000000000000000000000000000000000000000000000000000000000000000000000000000000000000000000000000000000000000000000000000000000000000000000000000000000000000000000000000000000000000000000000000000000000000000000000000000000000000000000000000000000000000000000000000000000000000000000000000000000000000000000000000000000000000000000000000000000000000000000000000000000000000000000000000000000000000000000000000000000000000000000000000000000000000000000000000000000000000000000000000000000000000000000000000000000000000000000000000000000000000000000000000000000000000000000000000000000000000000000000000000000000000000000000000000000000000000000000000000000000000000000000000000000000000000000000000000000000000000000000000000000000000000000000000000000000000000000000000000000000000000000000000000000000000000000000000000000000000000000000000000000000000000000000000000000000000000000000000000000000000000000000000000000000000000000000000000000000000000000000000000000000000000000000000000000000000000000000000000000000000000000000000000000000000000000000000000000000000000000000000000000000000000000000000000000000000000000000000000000000000000000000000000000000000000000000000000000000000000000,00000000000000000000000000000000000000000000000000000000000000000000000000000000000000000000000000000000000000000000000000000000000000000000000000000000000000000000000000000000000000000000000000000000000000000000000000000000000000000000000000000000000000000000000000000000000000000000000000000000000000000000000000000000000000000000000000000000000000000000000000000000000000000000000000000000000000000000000000000000000000000000000000000000000000000000000000000000000000000000000000000000000000000000000000000000000000000000000000000000000000000000000000000000000000000000000000000000000000000000000000000000000000000000000000000000000000000000000000000000000000000000000000000000000000000000000000000000000000000000000000000000000000000000000000000000000000000000000000000000000000000000000000000000000000000000000000000000000000000000000000000000000000000000000000000000000000000000000000000000000000000000000000000000000000000000000000000000000000000000000000000000000000000000000000000000000000000000000000000000000000000000000000000000000000000000000000000000000000000000000000000000000000000000000000000000000000000000000000000000000000000000000000000000000000000000000000000000000000000000000000000000000000000000000000000000000000000000000000000000000000000000000000000000000000000000000000000000000000000000000000000000000000000000000000000000000000000000000000000000000000000000000000000000000000000000000000000000000000000000000000000000000000000000000000000000000000000000000000000000000000000000000000000000000000000000000000000000000000000000000000000000000000000000000000000000000000000000000000000000000000000000000000000000000000000000000000000000000000000000000000000000000000000000000000000000000000000000000000000000000000000000000000000000000000000000000000000000000000000000000000000000000000000000000000000000000000000000000000000000000000000000000000000000000000000000000000000000000000000000000000000000000000000000000000000000000000000000000000000000000000000000000000000000000000000000000000000000000000000000000000000,00000000000000000000000000000000000000000000000000000000000000000000000000000000000000000000000000000000000000000000000000000000000000000000000000000000000000000000000000000000000000000000000000000000000000000000000000000000000000000000000000000000000000000000000000000000000000000000000000000000000000000000000000000000000000000000000000000000000000000000000000000000000000000000000000000000000000000000000000000000000000000000000000000000000000000000000000000000000000000000000000000000000000000000000000000000000000000000000000000000000000000000000000000000000000000000000000000000000000000000000000000000000000000000000000000000000000000000000000000000000000000000000000000000000000000000000000000000000000000000000000000000000000000000000000000000000000000000000000000000000000000000000000000000000000000000000000000000000000000000000000000000000000000000000000000000000000000000000000000000000000000000000000000000000000000000000000000000000000000000000000000000000000000000000000000000000000000000000000000000000000000000000000000000000000000000000000000000000000000000000000000000000000000000000000000000000000000000000000000000000000000000000000000000000000000000000000000000000000000000000000000000000000000000000000000000000000000000000000000000000000000000000000000000000000000000000000000000000000000000000000000000000000000000000000000000000000000000000000000000000000000000000000000000000000000000000000000000000000000000000000000000000000000000000000000000000000000000000000000000000000000000000000000000000000000000000000000000000000000000000000000000000000000000000000000000000000000000000000000000000000000000000000000000000000000000000000000000000000000000000000000000000000000000000000000000000000000000000000000000000000000000000000000000000000000000000000000000000000000000000000000000000000000000000000000000000000000000000000000000000000000000000000000000000000000000000000000000000000000000000000000000000000000000000000000000000000000000000000000000000000000000000000000000000000000000000000000000000000000000000000000,00000000000000000000000000000000000000000000000000000000000000000000000000000000000000000000000000000000000000000000000000000000000000000000000000000000000000000000000000000000000000000000000000000000000000000000000000000000000000000000000000000000000000000000000000000000000000000000000000000000000000000000000000000000000000000000000000000000000000000000000000000000000000000000000000000000000000000000000000000000000000000000000000000000000000000000000000000000000000000000000000000000000000000000000000000000000000000000000000000000000000000000000000000000000000000000000000000000000000000000000000000000000000000000000000000000000000000000000000000000000000000000000000000000000000000000000000000000000000000000000000000000000000000000000000000000000000000000000000000000000000000000000000000000000000000000000000000000000000000000000000000000000000000000000000000000000000000000000000000000000000000000000000000000000000000000000000000000000000000000000000000000000000000000000000000000000000000000000000000000000000000000000000000000000000000000000000000000000000000000000000000000000000000000000000000000000000000000000000000000000000000000000000000000000000000000000000000000000000000000000000000000000000000000000000000000000000000000000000000000000000000000000000000000000000000000000000000000000000000000000000000000000000000000000000000000000000000000000000000000000000000000000000000000000000000000000000000000000000000000000000000000000000000000000000000000000000000000000000000000000000000000000000000000000000000000000000000000000000000000000000000000000000000000000000000000000000000000000000000000000000000000000000000000000000000000000000000000000000000000000000000000000000000000000000000000000000000000000000000000000000000000000000000000000000000000000000000000000000000000000000000000000000000000000000000000000000000000000000000000000000000000000000000000000000000000000000000000000000000000000000000000000000000000000000000000000000000000000000000000000000000000000000000000000000000000000000000000000000000000000000000,00000000000000000000000000000000000000000000000000000000000000000000000000000000000000000000000000000000000000000000000000000000000000000000000000000000000000000000000000000000000000000000000000000000000000000000000000000000000000000000000000000000000000000000000000000000000000000000000000000000000000000000000000000000000000000000000000000000000000000000000000000000000000000000000000000000000000000000000000000000000000000000000000000000000000000000000000000000000000000000000000000000000000000000000000000000000000000000000000000000000000000000000000000000000000000000000000000000000000000000000000000000000000000000000000000000000000000000000000000000000000000000000000000000000000000000000000000000000000000000000000000000000000000000000000000000000000000000000000000000000000000000000000000000000000000000000000000000000000000000000000000000000000000000000000000000000000000000000000000000000000000000000000000000000000000000000000000000000000000000000000000000000000000000000000000000000000000000000000000000000000000000000000000000000000000000000000000000000000000000000000000000000000000000000000000000000000000000000000000000000000000000000000000000000000000000000000000000000000000000000000000000000000000000000000000000000000000000000000000000000000000000000000000000000000000000000000000000000000000000000000000000000000000000000000000000000000000000000000000000000000000000000000000000000000000000000000000000000000000000000000000000000000000000000000000000000000000000000000000000000000000000000000000000000000000000000000000000000000000000000000000000000000000000000000000000000000000000000000000000000000000000000000000000000000000000000000000000000000000000000000000000000000000000000000000000000000000000000000000000000000000000000000000000000000000000000000000000000000000000000000000000000000000000000000000000000000000000000000000000000000000000000000000000000000000000000000000000000000000000000000000000000000000000000000000000000000000000000000000000000000000000000000000000000000000000000000000000000000000000000000000,00000000000947494628c065f566d65616e944700000000000000008c075f565369676d61944700000000000000008c095f6574615f6d65616e94473ff00000000000008c0a5f6574615f5369676d6194473ff00000000000008c055f746f6c7894680b6811430816383daccc74473d94869452948c075f746f6c787570944740c38800000000008c075f746f6c66756e94473d719799812dea118c105f746f6c636f6e646974696f6e636f76944742d6bcc41e9000008c0d5f66756e686973745f7465726d944b448c0f5f66756e686973745f76616c75657394682f68314b008594683387945294284b014b88859468398942400400000000000000000000402c81c78c0200000e74da40a70decbfd069039d36d0e9bf039d36d06903edbf111111111111e9bf713d0ad7a370edbff6285c8fc2f5e8bf295c8fc2f528ecbfda40a70d74dae8bff28b25bf58f2ebbf48e17a14ae47e9bff28b25bf58f2ebbf073a6da0d306eabf0000000000000000ffffffffffffffffffffffffffffffffdc0785c68c020000586ea3c78c020000010000000300000038000000000000000800000000000000000000000000000002000000ffffffff0c0885c68c020000606ea3c78c020000010000000900000070000000000000007800000000000000586ea3c78c020000ffffffffffffffff300885c68c02000001000000010000000100000009000000a8000000000000000100000009000000b000000000000000586ea3c78c020000596ea3c78c02000000000000000000000000000000000000000000000000000000000000000000000000000000000000000000000000000000000000000000000000000000000000000000000000000000000000000000000000000000000000000000000000000000000000000000000000000000000000000000000000000000000000000000000000000000000000000000000000000000000000000000000000000000000000000000000000000000000000000000000000000000000000000000000000000000000000000000000000000000000000000000000000000000000000000000000000000000000000000000000000000000000000000000000000000000000000000000000000000000000000000000000000000000000000000000000000000000000000000000000000000000000000000000000000000000000000000000000000000000000000000000000000000000000000000000000000000000000000000000000000000000000000000000000000000000000000000000000000000000000000000000000000000000000000000000000000000000000000000000000000000000000000000000000000000000000000000000000000000000000000000000000000000000000000000000,00000000000000000000000000000000000000000000000000000000000000000000000000000000000000000000000000000000000000000000000000000000000000000000000000000000000000000000000000000000000000000000000000000000000000000000000000000000000000000000000000000000000000000000000000000000000000000000000000000000000000000000000000000000000000000000000000000000000000000000000000000000000000000000000000000000000000000000000000000000000000000000000000000000000000000000000000000000000000000000000000000000000000000000000000000000000000000000000000000000000000000000000000000000000000000000000000000000000000000000000000000000000000000000000000947494628c055f635f316494682f68314b008594683387945294284b014d4501859468118942280a00005a04eb302ffaee3fb7fc218ef52b623f38e9076651c298bfb6fa91458ea081bf5ea1742c71c16cbff7ba829850468c3fb03d764e12ed32bfd840d7716d04653f949601818deb62bf078f7810b1bc903f6d8ddcbc55e98c3f94ab8f8bb138a03f124712c203bf383f941a765d62fd743f64a44067656c92bff516b0758fe26fbf05fe8acdb26897bfc4bb8563e6a24bbfb03e7852e40c4d3fc876fe8ddfe05a3f7cc2be52bbed8b3fc0acd73723839abf00d52a5d508488bf58714cb2fe93693f8fededcaf1ea82bf2b704afbe184f03f73e3009b9f3c9b3f9d279915307aa1bf2c45a8dccbf192bfa13a84da611b833fe02f33283d4a5e3ff2b790a7bbb5853fbcc7a8e1bbc5933f60585f01eac78d3f8a4ac6acb49297bfc89c94b7b61c843f646fa390594763bf7856432ad8a04abf4737542b5d3e94bfe31d798b9adf723fb68bb67c54d86bbf4b53a676185b913f2012ac9a6c91813fe20d0e2530e781bf443897964b7ca63ff783d5af1eb188bf0094535df4c87bbf297038a57512993fbf29c6be714272bf689d2a9b2823f03f7abca28b125c7cbf0dd5fa807a35613f5945b66877fc913fca129745b823933f583586da49a1833f5b0872ae3f5f88bf12b1377d5fdc91bf2efcaacb567f90bf9e62b50585ea933f2f92010a0fdc75bf5bd1178091e77dbf19ab2e726fe787bf82bc16a60e63853f9a0cc3a07b786cbf0004d6519c6aa43f93b67d828b6d7cbfe0f0eb3b1df49bbf3ea1242b66cd963fa4e7cbb552718abfeed34948ded289bfd6cc6d570730613f9df8424955b8913f7698cdbffbfaef3f747d5247c9d78a3fd3bb5807f36e88bf116a33b0031b6d3fac410ab7f704733fb81cf18b0d5a9fbfc1c48e13d5678dbfe8d9dcf3a21c58bf8269df540bbf85bfe0f3af7579a57dbfe8706fa13bc4a1bf055f191,5a1f88c3f798ca8941437793f5c7f2885d225863f1073be20725d52bfa4fd4446d4c781bfd298daba82869a3fdeb81c816b5d7cbf8f9ee8e5b9bd943f9f8