number,value,datetime_start,datetime_complete,duration,params_approach_bonus_base,params_dead_end_penalty,params_discard_2_exit_value,params_discard_3_4_exit_value,params_discard_dead_end_value,params_discard_duplicate_penalty,params_discard_enemy_door_value,params_discard_key_useless_value,params_discard_ladder_value,params_discard_own_door_value,params_down_opening_bonus,params_enemy_door_penalty,params_ladder_bonus,params_max_kept_repairs,params_max_kept_sabotages,params_own_door_bonus,params_retreat_penalty,params_rockfall_base,params_rockfall_gold_penalty,params_rockfall_ladder_bonus,params_rockfall_own_path_penalty,params_sabotage_cart_weight,params_sabotage_lamp_weight,params_sabotage_pickaxe_weight,params_side_step_bonus,system_attrs_cma:generation,system_attrs_cma:optimizer:0,system_attrs_cma:optimizer:1,system_attrs_cma:optimizer:10,system_attrs_cma:optimizer:2,system_attrs_cma:optimizer:3,system_attrs_cma:optimizer:4,system_attrs_cma:optimizer:5,system_attrs_cma:optimizer:6,system_attrs_cma:optimizer:7,system_attrs_cma:optimizer:8,system_attrs_cma:optimizer:9,state
40,0.82,2026-05-10 17:57:33.424497,2026-05-10 17:57:40.979550,0 days 00:00:07.555053,43.22585154563221,44.78137648507507,11.167243803246723,31.928592415556846,-28.546408083819756,-10.363735849925014,-8.407531444632205,-17.654896149066275,59.42388391127169,9.948691658478122,17.00828746938808,17.49636889036139,24.739396187111208,2,2,13.726788623440896,32.246651822917194,19.485047587364846,55.11717271666349,24.87472511959761,52.96578004248914,2.333342895211998,2.0290372821955396,2.3577050628717804,7.532908087573597,3.0,8004957b2b0000000000008c0a636d6165732e5f636d61948c03434d419493942981947d94288c065f6e5f64696d944b198c085f706f7073697a65944b0d8c035f6d75944b068c075f6d755f656666948c166e756d70792e5f636f72652e6d756c74696172726179948c067363616c61729493948c056e756d7079948c0564747970659493948c02663894898887945294284b038c013c944e4e4e4affffffff4affffffff4b0074946243088defdbefd1d80f4094869452948c035f636394680b68114308f9e4a7509928c23f94869452948c035f633194680b68114308bffc6e64268d673f94869452948c045f636d7594680b68114308c8de024a3df2783f94869452948c085f635f7369676d6194680b68114308ec610c516587c63f94869452948c085f645f7369676d6194680b681143083e8c21aaecd0f23f94869452948c035f636d944b018c065f6368695f6e94474013cd30aa14debe8c085f776569676874739468098c0c5f7265636f6e737472756374949394680c8c076e6461727261799493944b0085944301629487945294284b014b0d8594680e8c02663894898887945294284b0368124e4e4e4affffffff4affffffff4b007494628943689d3ddf2efb6fd83f582bd5871c77cf3f3d585c520548c53fe9b6d763851cbc3fc43a6233f3e6b03fd84298e35bf99e3f0000000000000000a942b1bb1c66b5bf4f6dd3281323c4bf3ed9cbf84694ccbfed852a4ba91bd2bf8e3621d11198d5bf6ddd297201cdd8bf947494628c085f705f7369676d6194682f68314b008594683387945294284b014b19859468118943c8769c69297f81eb3f0f0efb9b5d73e83fe2b33d2f8869e53f120d64e42005f0bfe2842af4443ff0bf63e815ac479ad23f512ade4ac1f0e93f5f7ff6683feeddbfae83c86b62a8f53fe88f1092de0ee13f8c963f82dc47d43fa41b8c613fe1e3bfbc9d840f73c6e53f5ad0e3f90d3deb3fb35fc5e5471cd83f84f28e1086e1d03f84e80f011f06b8bf4051e426692de53ff08e41d52fddd73f39601bdb120decbf59a7e746fd36ea3f9f511b8a1debf3bff849b0da706300c014191d2a1493e23f221d71dfb101e1bf947494628c035f706394682f68314b008594683387945294284b014b19859468118943c8528b3338663ee93f70b4e5335935e63f32a2fba57092e33f86687b9b532fedbfbba91380313aedbfd9093aa73e41d33f4ad41a4d0af9e73f4eb0a219b47addbf376a7cbf4043f43f3931eb0c2d60e03ffe4903ca29eed33f92dfdc50a1c0e2bf772a6f472b4de43f1c4ddd28bec5e83fc278869c83d4d43ff0c89606a22ccd3f581371e432b6bdbfb5886428b5f8e33f2a8aba486643d73f50a576106097e9bf7a896c077058e93f40a13035d3c0f2bf2eb3979c8934febf4c3cb49d970fe33fe,51de6be9066dfbf947494628c055f6d65616e94682f68314b008594683387945294284b014b19859468398943c8a29a05790618e43f4dbda58b82bae33fad85e85dba59e33fa6698eb801e1d73f665f4ea46033d83f1140cad94142e23ffb148f3caee1e33f6f33dd64eae2d93fb7a8562814e7e63f31391ea2f4fce23fa2b6e17a98cde13f0c1142798d2fd83fda2ebc61c9d9e23f995c0f3ff0bee23f4c18249a00f2e03fb6f296afe117e13f62e12ce079ebdd3fd0157226b4cbe33ffca39105d92be23f33d89d719a7cd83f20a41db9aa2ce43f2f947d049ca2d43f4a12805dba0bc93ff0e2494f7464e43f3dcedb63a7b6db3f947494628c065f7369676d6194680b6811430848e6f55903fec13f94869452948c025f44944e8c025f42944e8c075f626f756e647394682f68314b008594683387945294284b014b194b02869468398942900100000000000000000000000000000000f03f0000000000000000000000000000f03f0000000000000000000000000000f03f0000000000000000000000000000f03f0000000000000000000000000000f03f0000000000000000000000000000f03f0000000000000000000000000000f03f0000000000000000000000000000f03f0000000000000000000000000000f03f0000000000000000000000000000f03f0000000000000000000000000000f03f0000000000000000000000000000f03f0000000000000000000000000000f03f0000000000000000000000000000f03f0000000000000000000000000000f03f0000000000000000000000000000f03f0000000000000000000000000000f03f0000000000000000000000000000f03f0000000000000000000000000000f03f0000000000000000000000000000f03f0000000000000000000000000000f03f0000000000000000000000000000f03f0000000000000000000000000000f03f0000000000000000000000000000f03f0000000000000000000000000000f03f947494628c115f6e5f6d61785f726573616d706c696e67944bfa8c025f67944b038c095f6c725f616461707494898c065f616c70686194473ff66666666666668c0a5f626574615f6d65616e94473fb999999999999a8c0b5f626574615f5369676d6194473f9eb851eb851eb88c065f67616d6d6194473fb999999999999a8c065f456d65616e94682f68314b008594683387945294284b014b194b01869468398943c80000000000000000000000000000000000000000000000000000000000000000000000000000000000000000000000000000000000000000000000000000000000000000000000000000000000000000000000000000000000000000000000000000000000000000000000000000000000000000000000000000000000000000,19301db16bbf8b965e9018b26fbfc41f69f10efa8c3f08f7f8eb788f483fab48ad3f764b963f406fbc1bbad0463f9422466216a78ebf9dabf2d589518f3f5ba7a57a967b743fab6f6fc20f01f03f886085bdea687e3f9db7eaff68d07bbfc81cb857b1fb6e3fcabf49da432b6c3f2c19a7bc6db05c3fce8ce47a5e1965bfa887ca95a60a8a3f9435b088f474403f7811edab888e413f8237eaade075823f28d88cbd586c7cbfa98deb628a086fbfe3a784c3599a743f0666ca796e6aef3f2846947a7a997b3f8fdbdd1391f36cbf615f2429a22c653f705798b455e05f3f38b5c54c90e2753f7c7cc5fc63288bbfacfd48e770519bbf3e13a889052b813f333f4eba3c1080bf3945b6834ddf7dbf71cd4e7cde0180bf4c4ce9176fe77abf4fb2b75331dcf03f689b7bc8d4cf86bf2cb64256021572bf8034ffe9b3a83dbf4f4d0370b9a26fbf22cdce09e5178e3f207cb9bbab6d34bf608ba58c3a1c943f9ec87ec8beba95bf8f18040b7b0b74bf8e8d775c47b7943fd64812b1135461bf3740b5edf3f5ef3f801288bf4ad73ebfd317c64a8be385bf7c77edb747ae8a3f6e9094059aaa93bf32548c4ad4d67ebfe5f0550eddad7dbff451380845ea62bf95477256b5b890bf188da63e0ae48ebfa0adf06531a95c3fc4dc05e42210f03f5cb40f04e32f59bf24254c598cde7c3f0a52f53c6ff751bf11cb61e1800e8abf145eb0dd8b7f63bfacbd202fb953723fe0bf169451f560bfa2608262b21a81bf965b3c9caadc413f4e7a07ca228eef3fba548f5a102f893fc0c96e58c6db193f796e92677c8f853f786c08d328378bbf8c3fc38fcc0666bff3f1b8acc90d733f42abbeb51c6773bf3eb000f2a2bf70bf0d652a5da29fef3f53307dd92927823fa044a4baa8664cbf6eb2bf69e3277d3fc2b93343e57f753ff1725695dbad70bf722c455db1bf703f6bf7fecab93186bf7be6170f8a52ef3fc556c0cef5567cbfc545095262357b3f47ac608b5e2583bf95f747e50190673f8ce10387663b803fa40a3791f9e5723fb24ff5c74506f03f84dcf50beb4d60bf6fa67ec5f3e0623f87e8afaa9356893f88037728d684693ff4556766359a583f2ae7839c1d14f03f8e870b5ab74d8fbf792c974e91cf88bffaf5f65bf40f883fadf1acea6ad472bf995751085d26f03f84fce4957359943f63b60d241c9d82bfe33064eff29d513fe4e00f22490cf03f7675aee8ae9785bff0a57883fa826c3f20d39af8db5af03f36aeef94c7cd723ffded85799feaef3f9474946275622e,000000000000000000000000000000000000000000000000000000000000000000000000000000000000000000000000000000000000000000000000000000000000000000000000947494628c075f455369676d6194682f68314b008594683387945294284b014d71024b0186946839894288130000000000000000000000000000000000000000000000000000000000000000000000000000000000000000000000000000000000000000000000000000000000000000000000000000000000000000000000000000000000000000000000000000000000000000000000000000000000000000000000000000000000000000000000000000000000000000000000000000000000000000000000000000000000000000000000000000000000000000000000000000000000000000000000000000000000000000000000000000000000000000000000000000000000000000000000000000000000000000000000000000000000000000000000000000000000000000000000000000000000000000000000000000000000000000000000000000000000000000000000000000000000000000000000000000000000000000000000000000000000000000000000000000000000000000000000000000000000000000000000000000000000000000000000000000000000000000000000000000000000000000000000000000000000000000000000000000000000000000000000000000000000000000000000000000000000000000000000000000000000000000000000000000000000000000000000000000000000000000000000000000000000000000000000000000000000000000000000000000000000000000000000000000000000000000000000000000000000000000000000000000000000000000000000000000000000000000000000000000000000000000000000000000000000000000000000000000000000000000000000000000000000000000000000000000000000000000000000000000000000000000000000000000000000000000000000000000000000000000000000000000000000000000000000000000000000000000000000000000000000000000000000000000000000000000000000000000000000000000000000000000000000000000000000000000000000000000000000000000000000000000000000000000000000000000000000000000000000000000000000000000000000000000000000000000000000000000000000000000000000000000000000000000000000000000000000000000000000000000000000000000000000000000000000000000000000000000000000000000000000000000000000000000000000000000000000000000000000000000000000000000000000000,00000000000000000000000000000000000000000000000000000000000000000000000000000000000000000000000000000000000000000000000000000000000000000000000000000000000000000000000000000000000000000000000000000000000000000000000000000000000000000000000000000000000000000000000000000000000000000000000000000000000000000000000000000000000000000000000000000000000000000000000000000000000000000000000000000000000000000000000000000000000000000000000000000000000000000000000000000000000000000000000000000000000000000000000000000000000000000000000000000000000000000000000000000000000000000000000000000000000000000000000000000000000000000000000000000000000000000000000000000000000000000000000000000000000000000000000000000000000000000000000000000000000000000000000000000000000000000000000000000000000000000000000000000000000000000000000000000000000000000000000000000000000000000000000000000000000000000000000000000000000000000000000000000000000000000000000000000000000000000000000000000000000000000000000000000000000000000000000000000000000000000000000000000000000000000000000000000000000000000000000000000000000000000000000000000000000000000000000000000000000000000000000000000000000000000000000000000000000000000000000000000000000000000000000000000000000000000000000000000000000000000000000000000000000000000000000000000000000000000000000000000000000000000000000000000000000000000000000000000000000000000000000000000000000000000000000000000000000000000000000000000000000000000000000000000000000000000000000000000000000000000000000000000000000000000000000000000000000000000000000000000000000000000000000000000000000000000000000000000000000000000000000000000000000000000000000000000000000000000000000000000000000000000000000000000000000000000000000000000000000000000000000000000000000000000000000000000000000000000000000000000000000000000000000000000000000000000000000000000000000000000000000000000000000000000000000000000000000000000000000000000000000000000000000000000000000000000000000000000000000000000000000000000000000000000000000000000000000000000000000000000,00000000000000000000000000000000000000000000000000000000000000000000000000000000000000000000000000000000000000000000000000000000000000000000000000000000000000000000000000000000000000000000000000000000000000000000000000000000000000000000000000000000000000000000000000000000000000000000000000000000000000000000000000000000000000000000000000000000000000000000000000000000000000000000000000000000000000000000000000000000000000000000000000000000000000000000000000000000000000000000000000000000000000000000000000000000000000000000000000000000000000000000000000000000000000000000000000000000000000000000000000000000000000000000000000000000000000000000000000000000000000000000000000000000000000000000000000000000000000000000000000000000000000000000000000000000000000000000000000000000000000000000000000000000000000000000000000000000000000000000000000000000000000000000000000000000000000000000000000000000000000000000000000000000000000000000000000000000000000000000000000000000000000000000000000000000000000000000000000000000000000000000000000000000000000000000000000000000000000000000000000000000000000000000000000000000000000000000000000000000000000000000000000000000000000000000000000000000000000000000000000000000000000000000000000000000000000000000000000000000000000000000000000000000000000000000000000000000000000000000000000000000000000000000000000000000000000000000000000000000000000000000000000000000000000000000000000000000000000000000000000000000000000000000000000000000000000000000000000000000000000000000000000000000000000000000000000000000000000000000000000000000000000000000000000000000000000000000000000000000000000000000000000000000000000000000000000000000000000000000000000000000000000000000000000000000000000000000000000000000000000000000000000000000000000000000000000000000000000000000000000000000000000000000000000000000000000000000000000000000000000000000000000000000000000000000000000000000000000000000000000000000000000000000000000000000000000000000000000000000000000000000000000000000000000000000000000000000000000000000000000000,00000000000000000000000000000000000000000000000000000000000000000000000000000000000000000000000000000000000000000000000000000000000000000000000000000000000000000000000000000000000000000000000000000000000000000000000000000000000000000000000000000000000000000000000000000000000000000000000000000000000000000000000000000000000000000000000000000000000000000000000000000000000000000000000000000000000000000000000000000000000000000000000000000000000000000000000000000000000000000000000000000000000000000000000000000000000000000000000000000000000000000000000000000000000000000000000000000000000000000000000000000000000000000000000000000000000000000000000000000000000000000000000000000000000000000000000000000000000000000000000000000000000000000000000000000000000000000000000000000000000000000000000000000000000000000000000000000000000000000000000000000000000000000000000000000000000000000000000000000000000000000000000000000000000000000000000000000000000000000000000000000000000000000000000000000000000000000000000000000000000000000000000000000000000000000000000000000000000000000000000000000000000000000000000000000000000000000000000000000000000000000000000000000000000000000000000000000000000000000000000000000000000000000000000000000000000000000000000000000000000000000000000000000000000000000000000000000000000000000000000000000000000000000000000000000000000000000000000000000000000000000000000000000000000000000000000000000000000000000000000000000000000000000000000000000000000000000000000000000000000000000000000000000000000000000000000000000000000000000000000000000000000000000000000000000000000000000000000000000000000000000000000000000000000000000000000000000000000000000000000000000000000000000000000000000000000000000000000000000000000000000000000000000000000000000000000000000000000000000000000000000000000000000000000000000000000000000000000000000000000000000000000000000000000000000000000000000000000000000000000000000000000000000000000000000000000000000000000000000000000000000000000000000000000000000000000000000000000000000000000000000,00000000000000000000000000000000000000000000000000000000000000000000000000000000000000000000000000000000000000000000000000000000000000000000000000000000000000000000000000000000000000000000000000000000000000000000000000000000000000000000000000000000000000000000000000000000000000000000000000000000000000000000000000000000000000000000000000000000000000000000000000000000000000000000000000000000000000000000000000000000000000000000000000000000000000000000000000000000000000000000000000000000000000000000000000000000000000000000000000000000000000000000000000000000000000000000000000000000000000000000000000000000000000000000000000000000000000000000000000000000000000000000000000000000000000000000000000000000000000000000000000000000000000000000000000000000000000000000000000000000000000000000000000000000000000000000000000000000000000000000000000000000000000000000000000000000000000000000000000000000000000000000000000000000000000000000000000000000000000000000000000000000000000000000000000000000000000000000000000000000000000000000000000000000000000000000000000000000000000000000000000000000000000000000000000000000000000000000000000000000000000000000000000000000000000000000000000000000000000000000000000000000000000000000000000000000000000000000000000000000000000000000000000000000000000000000000000000000000000000000000000000000000000000000000000000000000000000000000000000000000000000000000000000000000000000000000000000000000000000000000000000000000000000000000000000000000000000000000000000000000000000000000000000000000000000000000000000000000000000000000000000000000000000000000000000000000000000000000000000000000000000000000000000000000000000000000000000000000000000000000000000000000000000000000000000000000000000000000000000000000000000000000000000000000000000000000000000000000000000000000000000000000000000000000000000000000000000000000000000000000000000000000000000000000000000000000000000000000000000000000000000000000000000000000000000000000000000000000000000000000000000000000000000000000000000000000000000000000000000000000000000,00000000000947494628c065f566d65616e944700000000000000008c075f565369676d61944700000000000000008c095f6574615f6d65616e94473ff00000000000008c0a5f6574615f5369676d6194473ff00000000000008c055f746f6c7894680b6811430816383daccc74473d94869452948c075f746f6c787570944740c38800000000008c075f746f6c66756e94473d719799812dea118c105f746f6c636f6e646974696f6e636f76944742d6bcc41e9000008c0d5f66756e686973745f7465726d944b448c0f5f66756e686973745f76616c75657394682f68314b008594683387945294284b014b88859468398942400400000000000000000000402c81c78c0200000e74da40a70decbfd069039d36d0e9bf039d36d06903edbf111111111111e9bf713d0ad7a370edbff6285c8fc2f5e8bf402c81c78c020000ffffffffffffffffd80785c68c020000586ea3c78c020000010000000700000000000000000000000000000000000000ffffffffffffffffffffffffffffffffdc0785c68c020000586ea3c78c020000010000000300000038000000000000000800000000000000000000000000000002000000ffffffff0c0885c68c020000606ea3c78c020000010000000900000070000000000000007800000000000000586ea3c78c020000ffffffffffffffff300885c68c02000001000000010000000100000009000000a8000000000000000100000009000000b000000000000000586ea3c78c020000596ea3c78c02000000000000000000000000000000000000000000000000000000000000000000000000000000000000000000000000000000000000000000000000000000000000000000000000000000000000000000000000000000000000000000000000000000000000000000000000000000000000000000000000000000000000000000000000000000000000000000000000000000000000000000000000000000000000000000000000000000000000000000000000000000000000000000000000000000000000000000000000000000000000000000000000000000000000000000000000000000000000000000000000000000000000000000000000000000000000000000000000000000000000000000000000000000000000000000000000000000000000000000000000000000000000000000000000000000000000000000000000000000000000000000000000000000000000000000000000000000000000000000000000000000000000000000000000000000000000000000000000000000000000000000000000000000000000000000000000000000000000000000000000000000000000000000000000000000000000000000000000000000000000000000000000000000000000000000,00000000000000000000000000000000000000000000000000000000000000000000000000000000000000000000000000000000000000000000000000000000000000000000000000000000000000000000000000000000000000000000000000000000000000000000000000000000000000000000000000000000000000000000000000000000000000000000000000000000000000000000000000000000000000000000000000000000000000000000000000000000000000000000000000000000000000000000000000000000000000000000000000000000000000000000000000000000000000000000000000000000000000000000000000000000000000000000000000000000000000000000000000000000000000000000000000000000000000000000000000000000000000000000000000947494628c055f635f316494682f68314b008594683387945294284b014d4501859468118942280a00004213804dbd4eef3ffca832391fdb66bf6f82f0e5ea4488bfd35bcdefac2278bf410e6bfec7b277bfd4eae0f06134873f17d0d9712dc9813f709af28558d880bf42a5d53af3b2753f9cd6bd2be0c4813f2a09921dcfba7d3f870e3f4eb62f8f3f2f2b70f57b5f863facbf8640a05f813f61c56b95a53e83bf2944343f59bf5fbf5e6f3e283b6b95bfe869e2561f75623f5f0a309547156b3fa2cc3628e1cd5d3f7ffaefc8e6597b3f96367aea7afe91bf9f2d647c9f3284bfcee1cdf70f0b563fd43acb58ef6e80bf9cf47dd97d07f03f4810353db8a2823f21233a1a183695bf9ae19776910c73bf3d6fd13b247d603f700151e3ef2b833ff09c685bad6b72bfb03bd8883adb8c3f1299d98e2c195f3f6cd6e0d444ad53bf7db45e556872773ff90805c8b67a76bf4ae0a126014b713f577584d90d2e7bbf7ac6cdd90486523fd892633b9254633f5907c10950077d3f6e207ac182b4843fcc791dfa9772803f0db7e605be978e3f961ba08ffc7054bf54402356016550bf39d1c47e20e2903f1916ff2effe082bf9717cf4e9197ef3f1cbf4f1d5ab380bf889b8c7ff749523f8d28c87970ee7c3f027f1ad941a6803f03afbb68fba279bf68f06befb4f276bf624f77da779090bf740d53fd744c843f7312f32fb47e9b3faab033cfc38563bf98f3669fbb0f82bfda7bbc5cdf7789bff89fdc362019613f4137c86c136870bfbae0231c08de953fbe9cd7c2dd3586bf90c52092528d91bfe86d657487b6473fbad8f6a40865783f5e97489c67d462bf4868415aa29d46bf648cefe14fb27ebf96b3e73fe3f0ef3f681bffba4d7a76bf99e4373596908fbf5471abc5b44c433f40048a5f47c52f3f3c2c427602be89bfe0302c25b4a14a3f189ad77049c67cbf98e4f35fb1ad4cbf2c1829c53dd6733f4d572570eb3aa0bf38fca73,11be38e3f9e3145f3fde6873f58ef1fa58450633ff443df711b0089bf604c5e4895d887bf2809e0f3a790683f1851ec52248d5cbf7faa0d63b8909e3fdfdd0e6c12207b3