number,value,datetime_start,datetime_complete,duration,params_approach_bonus_base,params_dead_end_penalty,params_discard_2_exit_value,params_discard_3_4_exit_value,params_discard_dead_end_value,params_discard_duplicate_penalty,params_discard_enemy_door_value,params_discard_key_useless_value,params_discard_ladder_value,params_discard_own_door_value,params_down_opening_bonus,params_enemy_door_penalty,params_ladder_bonus,params_max_kept_repairs,params_max_kept_sabotages,params_own_door_bonus,params_retreat_penalty,params_rockfall_base,params_rockfall_gold_penalty,params_rockfall_ladder_bonus,params_rockfall_own_path_penalty,params_sabotage_cart_weight,params_sabotage_lamp_weight,params_sabotage_pickaxe_weight,params_side_step_bonus,system_attrs_cma:generation,system_attrs_cma:optimizer:0,system_attrs_cma:optimizer:1,system_attrs_cma:optimizer:10,system_attrs_cma:optimizer:2,system_attrs_cma:optimizer:3,system_attrs_cma:optimizer:4,system_attrs_cma:optimizer:5,system_attrs_cma:optimizer:6,system_attrs_cma:optimizer:7,system_attrs_cma:optimizer:8,system_attrs_cma:optimizer:9,state
15,0.82,2026-05-10 17:54:19.354335,2026-05-10 17:54:27.588210,0 days 00:00:08.233875,49.015007302206065,39.601997542921964,17.206316350945755,23.47239429845475,-16.644455527372788,-5.723611351958059,-17.77029763420144,-25.750517898868722,49.5662931879436,4.489563132775849,21.37647836491213,17.61988375739448,26.622231244231468,0,2,17.109639910198144,60.34181432344203,18.549858556482896,49.646395061926604,30.472483741200517,50.65872311715502,3.0017679713948255,3.332144921532283,3.4661780822789785,12.797862957114983,1.0,,,,,,,,,,,,COMPLETE
16,0.8533333333333334,2026-05-10 17:54:27.588260,2026-05-10 17:54:35.302558,0 days 00:00:07.714298,41.64716874130459,38.15056722646265,15.71608477592349,33.01531298776731,-19.98562703445508,-8.946039681582722,-10.97795995630527,-27.03222245663414,48.432116532176636,11.02454160529158,13.140495381847575,15.041768490573855,21.196129999312713,0,1,6.939680217819919,53.32113438858612,13.374283148013603,41.814485198371145,40.32521405219461,56.365146686951284,2.3022802777981513,2.4098114256126464,2.776975046646113,5.838692955576078,1.0,,,,,,,,,,,,COMPLETE
17,0.82,2026-05-10 17:54:35.302607,2026-05-10 17:54:43.184824,0 days 00:00:07.882217,55.716760379615685,44.590250077732044,14.57132947010551,31.830765521042565,-28.787387462576913,-14.948341470266945,-25.20111360171855,-30.295888021380435,52.8961383413287,8.942498346008485,16.126374702120792,16.70681015990433,19.761061997234624,1,1,18.77433937841955,45.44917999516174,18.88267532551241,50.919190494171936,31.214587507160118,48.10696169008871,2.4433323614153593,3.6069317665480334,3.262638121674626,6.8136722871519195,1.0,,,,,,,,,,,,COMPLETE
18,0.86,2026-05-10 17:54:43.184875,2026-05-10 17:54:50.500115,0 days 00:00:07.315240,56.756651930962775,31.14399756787914,10.67016894547482,42.458703118918734,-16.779200652862812,-14.716466634430951,-21.404094871652056,-34.73120556410433,49.0371969121546,12.767690510519618,16.768947135438193,13.830135777989053,20.126032441537923,0,2,14.107725734755904,45.141620875394395,19.009144471381987,49.93861253712552,15.931707490037454,48.73291396418083,3.6773804899158358,1.8195275288495036,2.122355832193792,15.596204438462543,1.0,,,,,,,,,,,,COMPLETE
19,0.82,2026-05-10 17:54:50.500167,2026-05-10 17:54:58.344684,0 days 00:00:07.844517,51.133482249101576,30.58972671751656,17.309484820746814,30.17699265003358,-1.8410916122282686,-23.277833126287856,-18.08025308374648,-30.674830179240416,54.52900085812219,11.571805501062727,14.339637030473003,19.04246869817149,15.929885156296343,1,2,20.26420619947503,40.12452867461211,21.06101484973063,70.18698975843779,34.41301330629193,47.96221369193524,2.6061550238568314,3.5515313395992014,2.4863085257757573,5.826309378118424,1.0,,,,,,,,,,,,COMPLETE
20,0.8433333333333334,2026-05-10 17:54:58.344733,2026-05-10 17:55:05.814005,0 days 00:00:07.469272,44.24003565385315,40.36642496572419,12.151847487554189,30.36957360591803,-26.85095285928259,-11.909803846014121,-11.70514906403178,-18.58651716546199,73.91729853063987,15.37606266844204,15.982286863087,19.904574298547764,30.20834928023681,2,2,10.712997847991995,41.75353822523123,25.58067654325462,55.159829476364116,21.76529294654842,63.900708132315806,2.8679166949933768,2.3967035335660807,2.755054617654803,10.303829214883024,1.0,,,,,,,,,,,,COMPLETE
21,0.7966666666666666,2026-05-10 17:55:05.814054,2026-05-10 17:55:13.346626,0 days 00:00:07.532572,36.724426789521374,40.79991350712826,13.492396189132105,35.75471227859254,-14.436756806776373,-4.837815508515284,-15.787926292778657,-23.064308136809167,47.36879714150703,17.25095094469704,11.979753289929626,19.91030682494833,22.492473191939062,1,1,9.711772152742348,47.69453160213726,18.083232726818984,59.01651053235224,34.875743689129024,63.253562090767474,3.322792151658012,2.497550805335492,2.7703852558034296,8.666045358384196,1.0,,,,,,,,,,,,COMPLETE
22,0.7833333333333333,2026-05-10 17:55:13.346680,2026-05-10 17:55:21.204905,0 days 00:00:07.858225,64.57268100127082,54.08946015872074,16.56534157778127,37.71364750758505,-8.053291214609622,-14.967369020971388,-24.34835159934497,-25.242801273265957,38.14610483224774,8.049963981846147,18.25762914515176,17.55783166964305,15.184958501349,1,2,8.744910438605231,57.28257935896227,19.43836120384261,64.59091733155552,26.25409748442978,48.02731686371456,3.2325817685801073,3.384788280939829,2.6756150862522263,9.890659849942834,1.0,,,,,,,,,,,,COMPLETE
23,0.8166666666666667,2026-05-10 17:55:21.204953,2026-05-10 17:55:28.804961,0 days 00:00:07.600008,59.401106285823964,39.36370424876401,12.04354261532541,14.25599142108618,-21.42282005687205,-12.869454597782479,-11.322215839261968,-11.15138079679392,54.23611943500702,8.355304797910065,18.448703035317788,15.392021724766161,24.62806241679116,1,2,18.03734250913652,61.43543165395302,18.09814113884803,68.48010946920088,23.15252236473559,49.535925032897424,4.579917128301826,2.420664198850772,2.6991271439154554,10.187519196473794,1.0,,,,,,,,,,,,COMPLETE
24,0.8333333333333334,2026-05-10 17:55:28.805011,2026-05-10 17:55:36.463966,0 days 00:00:07.658955,69.80717628866856,39.523541973635396,9.358137840612414,26.713998998430476,-20.90902035504603,-16.96010043497867,-14.38558568243005,-22.220930038295183,60.30340068322816,8.114282334972598,22.41371717403133,19.70791597578313,15.578530580256453,0,2,16.19501423350925,31.023042221686172,20.42174655157845,52.12439623840027,30.85183666844443,48.94873615472255,1.8684079322688292,2.356409657090053,2.7355937329936646,15.927381359894923,1.0,,,,,,,,,,,,COMPLETE
25,0.8133333333333334,2026-05-10 17:55:36.464015,2026-05-10 17:55:44.748549,0 days 00:00:08.284534,46.27265630145881,48.37849656425572,7.9670587778980195,43.46422969195049,-8.860993710259393,-4.45153561669478,-10.401528861063198,-24.76394563020945,49.79342091869066,8.81231677024035,18.976753254858945,19.971710831557957,20.33621745652966,1,1,12.252806697645685,48.752208701530016,25.944488793037007,59.42626456768778,20.680095966658975,47.34056232703526,3.2140346159500854,2.2585545789103727,2.617307420496898,5.99646191626025,1.0,,,,,,,,,,,,COMPLETE
26,0.9066666666666666,2026-05-10 17:55:44.748598,2026-05-10 17:55:52.406757,0 days 00:00:07.658159,59.71370109589558,48.356629222942175,6.293969500579319,22.32475316274673,-22.51231861891749,-12.181925324603618,-8.595889138821537,-16.847345882186893,62.21204892811609,11.097064946881703,14.935368655201113,7.233224212423243,25.40611175355755,3,1,13.21806645451612,47.799893816131714,18.50156604422598,57.14782530549106,35.259015881075115,56.31976841754666,1.992854315904827,2.5291288468556736,3.254109189898779,8.56173583186872,1.0,,,,,,,,,,,,COMPLETE
