number,value,datetime_start,datetime_complete,duration,params_approach_bonus_base,params_dead_end_penalty,params_discard_2_exit_value,params_discard_3_4_exit_value,params_discard_dead_end_value,params_discard_duplicate_penalty,params_discard_enemy_door_value,params_discard_key_useless_value,params_discard_ladder_value,params_discard_own_door_value,params_down_opening_bonus,params_enemy_door_penalty,params_ladder_bonus,params_max_kept_repairs,params_max_kept_sabotages,params_own_door_bonus,params_retreat_penalty,params_rockfall_base,params_rockfall_gold_penalty,params_rockfall_ladder_bonus,params_rockfall_own_path_penalty,params_sabotage_cart_weight,params_sabotage_lamp_weight,params_sabotage_pickaxe_weight,params_side_step_bonus,system_attrs_cma:generation,system_attrs_cma:optimizer:0,system_attrs_cma:optimizer:1,system_attrs_cma:optimizer:10,system_attrs_cma:optimizer:2,system_attrs_cma:optimizer:3,system_attrs_cma:optimizer:4,system_attrs_cma:optimizer:5,system_attrs_cma:optimizer:6,system_attrs_cma:optimizer:7,system_attrs_cma:optimizer:8,system_attrs_cma:optimizer:9,state
106,0.8566666666666667,2026-05-10 18:06:04.376748,2026-05-10 18:06:12.322854,0 days 00:00:07.946106,68.20843510286494,61.52338198360195,18.157885803231014,27.688966537898445,-24.590667889413602,-10.54961007807854,-14.106021882690609,-14.145225832857694,69.38399624979246,17.100696274959365,12.169538616913204,14.99334061571904,25.916175027118435,1,1,18.648426463482803,26.762080857666483,19.51810410468692,34.84657372546563,18.082774975522113,76.9302831327879,2.8297496469715946,2.3982952864517673,3.546386240010817,8.846325097099077,8.0,,,,,,,,,,,,COMPLETE
107,0.8533333333333334,2026-05-10 18:06:12.322905,2026-05-10 18:06:20.225265,0 days 00:00:07.902360,74.62126872140095,63.44461012223309,18.21271796257401,25.29803968298426,-25.5901325395412,-8.808478361228069,-17.143163130205462,-12.546717642147343,77.23006486638752,13.756947448162641,17.278560929855644,11.320074339856852,17.437946879281753,2,1,17.38424276559351,40.22516492896992,17.335585977578205,44.14843466980614,28.327733424814483,67.61912266528506,3.063998220090502,2.6135370276187295,3.6837237938914478,7.738000466769265,8.0,,,,,,,,,,,,COMPLETE
108,0.86,2026-05-10 18:06:20.225318,2026-05-10 18:06:28.305253,0 days 00:00:08.079935,74.18738876896887,66.93124610960942,15.14334367448656,26.40309105102904,-24.090880162791827,-3.4591236313700406,-12.18952058909138,-14.571887885505916,70.508337811785,16.2722427034955,15.721114996370467,14.018237992899216,19.796270072068907,1,1,22.276063905274032,32.94404387739667,15.391214568115185,45.593671966398595,23.197833505637448,76.93972357180509,2.2763949296636747,2.843818167167117,3.437897671432533,9.408524220820308,8.0,,,,,,,,,,,,COMPLETE
109,0.8533333333333334,2026-05-10 18:06:28.305305,2026-05-10 18:06:36.326425,0 days 00:00:08.021120,66.60206565345818,48.81027173036212,15.762567671154708,32.483211985395215,-28.51382402645676,-11.636530752955366,-12.180665595126722,-22.700549915820645,68.9769955116098,11.62579712077757,14.225699271415444,17.076682531173006,19.832772121605966,2,2,19.505280886859733,57.4768109887878,15.175122958576663,43.35289680957118,22.581137086805857,77.10915427285583,1.5999256222143472,2.8935605462044003,3.138541534779679,13.610499746498661,8.0,,,,,,,,,,,,COMPLETE
110,0.88,2026-05-10 18:06:36.326481,2026-05-10 18:06:44.265476,0 days 00:00:07.938995,65.68139506041223,59.50021804616449,18.994140410791413,20.277865842082242,-37.38440929085332,-0.0925459675996052,-9.39320559464392,-13.370901563944596,76.98792346946314,9.78109015602652,11.741451918773398,11.872016098373702,20.24275741129941,2,2,19.95071691765067,42.8521352304022,15.397382251568784,41.50923747346833,28.812510598966114,67.8039580380342,2.0568383897068134,1.9646080229849536,2.8980957147096778,8.3482305001033,8.0,,,,,,,,,,,,COMPLETE
111,0.85,2026-05-10 18:06:44.265526,2026-05-10 18:06:51.583009,0 days 00:00:07.317483,79.10159726212267,52.688029981408256,14.767001475734896,27.397284430027323,-27.50253694285421,-7.525335438806948,-15.428767630156107,-19.45031065238734,73.83976299546299,16.61807812196979,5.0016110193519765,7.522000600991227,18.812061460119015,2,1,17.035986347466096,48.0227394444714,20.04605407113099,41.110733447250055,28.50587234396145,71.93053619456163,1.4255829397238302,2.202293776022123,2.6960301664850386,7.772202941461983,8.0,,,,,,,,,,,,COMPLETE
112,0.8333333333333334,2026-05-10 18:06:51.583060,2026-05-10 18:06:59.444349,0 days 00:00:07.861289,62.18859266447191,63.093823374488125,15.555905980184622,25.898824231528916,-29.802515104295935,-5.349751662106222,-15.769313107841423,-16.390504058085583,68.02912572966328,15.755063827587591,13.613925607293206,8.310184150591219,22.27811515674722,1,2,14.69228983730263,27.795720638493833,18.66946739714844,30.3526592531384,26.909327303249658,60.496559870867124,2.452043778844155,2.362399809696476,1.863190528814922,8.071920782257113,8.0,,,,,,,,,,,,COMPLETE
113,0.8433333333333334,2026-05-10 18:06:59.444398,2026-05-10 18:07:07.215278,0 days 00:00:07.770880,59.549967998763194,62.353841604687005,11.170452827071191,22.037574849784626,-22.492952993532477,-11.297174786802834,-18.207990596864477,-25.570916522615473,69.53371577075292,14.985217011998381,12.226918177502295,13.561049386391796,17.414902283622997,2,2,21.490749495269114,52.91224458352535,21.626554303375375,38.63860228232823,19.920991043203525,66.46320090896765,3.913110173497728,2.555716867900502,3.260381818031101,8.987262351991044,8.0,,,,,,,,,,,,COMPLETE
114,0.8233333333333334,2026-05-10 18:07:07.215329,2026-05-10 18:07:15.598743,0 days 00:00:08.383414,58.73488950485219,60.40397992287408,17.68387607222376,20.368955375016377,-26.39092912129027,-10.522510989743381,-12.443725209964004,-11.803824378648113,78.97339873130383,12.370534216458768,21.739685343549567,7.838433108420489,28.441474836677937,2,0,16.657580369685952,26.511514462912196,6.564169182506939,51.71527802656981,22.862263968723628,71.68546028097359,1.5323538459809576,2.767703800010837,3.5235140270021272,12.081400104311843,8.0,,,,,,,,,,,,COMPLETE
115,0.8433333333333334,2026-05-10 18:07:15.598792,2026-05-10 18:07:23.654722,0 days 00:00:08.055930,70.44838263154662,54.40685469754253,14.654559674785812,27.828045474710123,-20.54241879571036,-8.375583515719697,-13.667833382611779,-20.197071444608902,77.02512293464122,11.213388912016061,10.640166471374833,10.071609067441566,18.784969131231556,2,3,16.983247775308445,50.46026765375831,15.071773690270353,31.119304570097647,25.496105171734687,71.04821768337248,1.8622747763148446,1.8560359870743688,2.8959493720904805,14.600455772130264,8.0,,,,,,,,,,,,COMPLETE
116,0.84,2026-05-10 18:07:23.654774,2026-05-10 18:07:31.491681,0 days 00:00:07.836907,64.24144302616676,55.00844194374035,18.401248093684803,31.402765669966275,-27.161558836545424,-2.9302357456009283,-19.997346901028475,-19.331877648471654,74.23048944094437,14.17919898623349,13.971373673419139,12.651117382262823,25.518560353047015,2,2,21.19482507154919,45.069152825322504,21.558482554248354,47.222122568114884,23.67428938271628,60.659783445211026,1.8638495061838496,1.8453605858766693,2.655617966722703,10.162092886491811,8.0,,,,,,,,,,,,COMPLETE
117,0.86,2026-05-10 18:07:31.491734,2026-05-10 18:07:39.315895,0 days 00:00:07.824161,69.10741324476889,64.66817255699235,16.036344779663775,20.07455683059972,-28.381338078592236,-2.068621685375213,-19.138501587752874,-10.551679112983827,65.6031717162528,11.03178596873661,18.40325931634754,9.696190765825268,22.30234850981376,2,2,24.59982749244571,33.31253097226482,22.462293961614666,35.61540875029358,29.52603776100227,65.66030909461452,2.9239976488593515,2.605196882602777,3.5057427291202963,12.768264315322382,8.0,,,,,,,,,,,,COMPLETE
