number,value,datetime_start,datetime_complete,duration,params_approach_bonus_base,params_dead_end_penalty,params_discard_2_exit_value,params_discard_3_4_exit_value,params_discard_dead_end_value,params_discard_duplicate_penalty,params_discard_enemy_door_value,params_discard_key_useless_value,params_discard_ladder_value,params_discard_own_door_value,params_down_opening_bonus,params_enemy_door_penalty,params_ladder_bonus,params_max_kept_repairs,params_max_kept_sabotages,params_own_door_bonus,params_retreat_penalty,params_rockfall_base,params_rockfall_gold_penalty,params_rockfall_ladder_bonus,params_rockfall_own_path_penalty,params_sabotage_cart_weight,params_sabotage_lamp_weight,params_sabotage_pickaxe_weight,params_side_step_bonus,system_attrs_cma:generation,system_attrs_cma:optimizer:0,system_attrs_cma:optimizer:1,system_attrs_cma:optimizer:10,system_attrs_cma:optimizer:2,system_attrs_cma:optimizer:3,system_attrs_cma:optimizer:4,system_attrs_cma:optimizer:5,system_attrs_cma:optimizer:6,system_attrs_cma:optimizer:7,system_attrs_cma:optimizer:8,system_attrs_cma:optimizer:9,state
28,0.8166666666666667,2026-05-10 17:56:00.091655,2026-05-10 17:56:08.060105,0 days 00:00:07.968450,67.68579070392178,38.027278918896585,12.751366652473568,31.831114109206474,-22.921848429102457,-13.712453172881581,-11.057221476929975,-22.685640236178312,63.03198721521329,14.8811892872389,7.9587834219709706,6.1154646623602975,32.26286924668327,2,2,17.420193661301038,58.47998174788918,16.410526550628628,62.935440573324485,31.667168886317732,60.945687848912385,2.108802984133775,3.036247764027304,3.204133710395209,9.630453520508295,2.0,,,,,,,,,,,,COMPLETE
29,0.8433333333333334,2026-05-10 17:56:08.060166,2026-05-10 17:56:15.605406,0 days 00:00:07.545240,54.47098082730618,43.92605910767454,16.524972442128398,34.32313146764505,-23.179018317505008,-9.833585850012621,-9.5522529835002,-18.645348921915378,69.16508898681448,13.636032088691994,19.497711927941552,23.2052280305347,26.979146026644628,1,1,12.25643835527392,51.93211425714085,17.57384795583422,43.920321811910966,30.315642629934892,54.41050721529029,3.0779265916006713,2.9097950439673648,3.12654956257255,7.029398614075323,2.0,,,,,,,,,,,,COMPLETE
30,0.8666666666666667,2026-05-10 17:56:15.605455,2026-05-10 17:56:23.008573,0 days 00:00:07.403118,74.11925265980666,44.33919138425768,12.819640766989945,16.677070568123057,-20.32365685913559,-13.162421054432329,-13.526581329578619,-24.971835063582606,54.2636790095558,9.214539797769314,12.696520897071162,13.92524235073078,27.634244694378825,1,2,12.606846984663244,48.67672180024058,23.425484915591014,54.99358347755732,23.10279086105714,46.23934647079169,1.8023534812433553,2.0272962422764507,1.6557113357946287,7.409212741032745,2.0,,,,,,,,,,,,COMPLETE
31,0.92,2026-05-10 17:56:23.008622,2026-05-10 17:56:30.653470,0 days 00:00:07.644848,60.59813488222077,54.73226332660504,12.515318543478767,19.60912805083624,-22.358438924127668,-12.605964954252883,-7.860596727525785,-24.64430401183443,74.99623818947337,11.852522638631328,20.237429303302086,15.572889983085556,21.244194183678758,3,1,11.630032624734207,50.11753834772282,19.23755237005536,59.87466280734316,28.632610754269447,60.23961782952215,2.0981003631489434,1.609189133464021,3.4271239526872384,10.651826578210342,2.0,,,,,,,,,,,,COMPLETE
32,0.7966666666666666,2026-05-10 17:56:30.653532,2026-05-10 17:56:38.715375,0 days 00:00:08.061843,46.699429595195674,44.33640115243696,7.100457607227135,22.98571471325562,-15.6309614939379,-13.287964607964813,-3.042953097416234,-26.77599643515935,35.2276598501651,11.79322152039207,12.309005530858967,12.22684778891167,24.89078244791771,2,1,11.748299780046931,40.967110583599776,16.777287424929355,59.86419892543237,33.10288982013846,53.51206235048378,2.441104459820765,1.837733674429217,3.187751711218948,7.191561336433605,2.0,,,,,,,,,,,,COMPLETE
33,0.8533333333333334,2026-05-10 17:56:38.715429,2026-05-10 17:56:46.836841,0 days 00:00:08.121412,45.159670643439185,37.50564404113037,14.07299195425022,25.800830154853628,-20.29404376619017,-15.228704918921947,-15.712256775892483,-30.206999347462045,53.03070005661818,12.68749131288343,14.716782101696532,11.344915052968137,28.731134463338936,1,2,13.94686710298231,52.57879830737733,21.67317722070443,65.29743128933471,21.361106740260386,57.88617370595023,2.9046634287516184,2.2796418994383547,2.964900804538682,10.56449433274534,2.0,,,,,,,,,,,,COMPLETE
34,0.8633333333333333,2026-05-10 17:56:46.836889,2026-05-10 17:56:54.219286,0 days 00:00:07.382397,33.5704732564239,50.93623430485781,8.35667619428178,21.71169405206652,-23.57112421632626,-11.197658751089065,-12.058675539603247,-26.60584914800191,64.39830912054194,8.030896253649919,14.24145474767126,11.168763515455105,30.434498016264143,2,2,11.055478440865866,46.20315379131547,21.482154120088577,55.496786441342195,19.32696349480014,54.38792251215223,2.9770238823188695,1.7830220108987316,2.6066723038167168,10.530847957122882,2.0,,,,,,,,,,,,COMPLETE
35,0.8933333333333333,2026-05-10 17:56:54.219337,2026-05-10 17:57:02.037883,0 days 00:00:07.818546,55.94781213159766,37.41055643453477,11.973250277035103,39.62244740311941,-34.82123100657356,-12.287788677129068,-13.186176400773778,-18.406768211924934,52.814503214027106,14.929778772151439,16.309692056789277,14.998627618151744,27.09186576757993,1,2,17.25834883918574,43.8968879471587,19.446178183511066,42.185690004459026,24.110944849810995,63.3038638747872,2.4490024632385126,1.7120286572139145,2.44285757221552,5.278821371038271,2.0,,,,,,,,,,,,COMPLETE
36,0.84,2026-05-10 17:57:02.037930,2026-05-10 17:57:10.048557,0 days 00:00:08.010627,44.1964686346999,43.45467078852925,16.882474858101514,32.25328712094742,-18.800128109378825,-12.760111843597649,-9.619734225876748,-19.407638671846215,63.48938061632362,15.184241783155626,14.00157256094746,11.745499361302747,27.650647070538913,2,1,14.164361562624231,51.87775534038332,14.522783587938964,55.13574425521591,41.858459693252634,54.605260328114284,2.2562440763753218,1.64067157217684,2.8042009309694054,8.957979993756085,2.0,,,,,,,,,,,,COMPLETE
37,0.78,2026-05-10 17:57:10.048607,2026-05-10 17:57:17.748537,0 days 00:00:07.699930,59.53335956442175,32.55246624860682,14.55115886493753,28.027472901395697,-22.408449476342845,-13.763909905727516,-7.875532667004247,-30.34698048228816,59.089329753748515,16.343968715120045,15.08668650028447,9.21871028960561,27.074479202353622,1,2,12.738538043247475,50.56408041388963,11.241647059254202,62.6435762229776,32.26005353539247,62.133112069987995,2.78369660038057,2.01721670762727,3.093265916077005,7.023176758554628,2.0,,,,,,,,,,,,COMPLETE
38,0.85,2026-05-10 17:57:17.748586,2026-05-10 17:57:25.463039,0 days 00:00:07.714453,59.281731955523156,48.08758469744112,13.018400047640167,27.651996795490263,-15.54582088502777,-20.658524204788932,-16.782479980754843,-27.054531971873786,57.144533216798344,13.89243921181692,10.160084400954839,17.30987882964044,33.48900313227635,0,2,14.547607559356118,49.071667619182236,21.65059183024432,42.65268211246533,35.392129589724135,58.91464180160922,2.254912687296401,2.1164267143926514,2.117195273975926,6.9363569454950404,2.0,,,,,,,,,,,,COMPLETE
39,0.8166666666666667,2026-05-10 17:57:25.463090,2026-05-10 17:57:33.424445,0 days 00:00:07.961355,63.989812766864155,47.537081916538725,12.281003930417697,25.878003564388017,-11.816010200010805,-9.473162324589012,-10.847429682088638,-19.668389332919748,70.56285429382694,12.642324559847452,14.239938546880046,8.396975650763455,28.07078423234129,1,2,10.434036439819,53.765605102174966,19.99345186736804,62.12762330160248,27.654128806451293,58.24625221154497,3.020857933005131,1.566481229167164,2.806697140997275,15.259153998233646,2.0,,,,,,,,,,,,COMPLETE
