number,value,datetime_start,datetime_complete,duration,params_approach_bonus_base,params_dead_end_penalty,params_discard_2_exit_value,params_discard_3_4_exit_value,params_discard_dead_end_value,params_discard_duplicate_penalty,params_discard_enemy_door_value,params_discard_key_useless_value,params_discard_ladder_value,params_discard_own_door_value,params_down_opening_bonus,params_enemy_door_penalty,params_ladder_bonus,params_max_kept_repairs,params_max_kept_sabotages,params_own_door_bonus,params_retreat_penalty,params_rockfall_base,params_rockfall_gold_penalty,params_rockfall_ladder_bonus,params_rockfall_own_path_penalty,params_sabotage_cart_weight,params_sabotage_lamp_weight,params_sabotage_pickaxe_weight,params_side_step_bonus,system_attrs_cma:generation,system_attrs_cma:optimizer:0,system_attrs_cma:optimizer:1,system_attrs_cma:optimizer:10,system_attrs_cma:optimizer:2,system_attrs_cma:optimizer:3,system_attrs_cma:optimizer:4,system_attrs_cma:optimizer:5,system_attrs_cma:optimizer:6,system_attrs_cma:optimizer:7,system_attrs_cma:optimizer:8,system_attrs_cma:optimizer:9,state
105,0.82,2026-05-10 18:05:56.351028,2026-05-10 18:06:04.376696,0 days 00:00:08.025668,69.31796345079101,58.937629900280676,15.084484364230988,24.76809532131436,-21.439115145077405,-12.980187775730194,-13.390890636989994,-21.29911513776944,67.51416942217502,13.055508502134812,7.185606364586624,9.764447394704785,21.805631757969067,1,2,13.449126841061739,50.565922401123984,16.961245010147287,52.29674957031181,27.79276845189058,69.03728107763871,2.1445768178842814,2.032071361972011,2.6914840416957837,13.07177113082886,8.0,8004957b2b0000000000008c0a636d6165732e5f636d61948c03434d419493942981947d94288c065f6e5f64696d944b198c085f706f7073697a65944b0d8c035f6d75944b068c075f6d755f656666948c166e756d70792e5f636f72652e6d756c74696172726179948c067363616c61729493948c056e756d7079948c0564747970659493948c02663894898887945294284b038c013c944e4e4e4affffffff4affffffff4b0074946243088defdbefd1d80f4094869452948c035f636394680b68114308f9e4a7509928c23f94869452948c035f633194680b68114308bffc6e64268d673f94869452948c045f636d7594680b68114308c8de024a3df2783f94869452948c085f635f7369676d6194680b68114308ec610c516587c63f94869452948c085f645f7369676d6194680b681143083e8c21aaecd0f23f94869452948c035f636d944b018c065f6368695f6e94474013cd30aa14debe8c085f776569676874739468098c0c5f7265636f6e737472756374949394680c8c076e6461727261799493944b0085944301629487945294284b014b0d8594680e8c02663894898887945294284b0368124e4e4e4affffffff4affffffff4b007494628943689d3ddf2efb6fd83f582bd5871c77cf3f3d585c520548c53fe9b6d763851cbc3fc43a6233f3e6b03fd84298e35bf99e3f0000000000000000a942b1bb1c66b5bf4f6dd3281323c4bf3ed9cbf84694ccbfed852a4ba91bd2bf8e3621d11198d5bf6ddd297201cdd8bf947494628c085f705f7369676d6194682f68314b008594683387945294284b014b19859468118943c8990277316e95f23f4f862e87b374f03f12fa704ad9cff63f96f0c6f1987ee2bf3222d5239cadeabf78c7e5c750c2f83fb2c2dfc6acc9bebf8ee08ee25dfbe63f659414b96536f63fd86ba8519b1de93f50d0d9e6f0dbb73ff87108074e84fbbff3430a4f3b6dcabf226b0f311b90de3f40b93e95ce10cf3fa4b29d285dcdf93fa6dcf76f64b9efbf4eabd0183063d3bfdcd9ce59bed5ecbf60ceb893096d953f27b2f5324b7bf03fb8160bf16d3ce4bfe477e07de2b1b2bf2252eb5f22a7ec3fa292ca8df241d93f947494628c035f706394682f68314b008594683387945294284b014b19859468118943c87453802e2419f13f57a0f50f7d7ff13fed19494025c8f53f638a9e68d6d3e2bff9ed3951ea07eabf2f4fa44feb61f83f2abbba1fc69db0bf21ec3dca23b9e53f5c2304a71374f53f2309f506ee4cea3fc025c479ebdc953ffd0d34e9696df8bf6651d8e1001fc9bf944ac24f1003de3f88b1129ce54fc43f6ce7c0be0249f83fee76d2fee335efbf5c610287e87dc8bf32a6135f5020eabf8420c82b899bb6bf46780c27f36bf23f6111a189fed7e6bf74445c0b4885c6bfdb965af7a709ee3f8,ce2cb238548d33f947494628c055f6d65616e94682f68314b008594683387945294284b014b19859468398943c8506329a449c5e63ff58d6b0b89c8e93fc16e623e778de93f940a6ac5d79bd73f2af8f53fff28d43fd82b77a04023ea3f67da033618dae03f91d1377a0b6ce33ffd217bbc575bea3f624419bed687e73f4287e17b6536dc3fdaf64e4a5291ce3f3d5f1507e54fde3ff874b455ff56e13f67cfb7cbfe1bde3fcfb41fa805eee73f06e9dbd81c19d23fed220c6cfe12e23ffee9c966e785d93f750952ea6286da3f6c480c8e2862ea3f141cb30b9c90d33fd04eb6a39142d53f04ecf7910150e83f84f60b87e981df3f947494628c065f7369676d6194680b681143085d48d26cb794c13f94869452948c025f44944e8c025f42944e8c075f626f756e647394682f68314b008594683387945294284b014b194b02869468398942900100000000000000000000000000000000f03f0000000000000000000000000000f03f0000000000000000000000000000f03f0000000000000000000000000000f03f0000000000000000000000000000f03f0000000000000000000000000000f03f0000000000000000000000000000f03f0000000000000000000000000000f03f0000000000000000000000000000f03f0000000000000000000000000000f03f0000000000000000000000000000f03f0000000000000000000000000000f03f0000000000000000000000000000f03f0000000000000000000000000000f03f0000000000000000000000000000f03f0000000000000000000000000000f03f0000000000000000000000000000f03f0000000000000000000000000000f03f0000000000000000000000000000f03f0000000000000000000000000000f03f0000000000000000000000000000f03f0000000000000000000000000000f03f0000000000000000000000000000f03f0000000000000000000000000000f03f0000000000000000000000000000f03f947494628c115f6e5f6d61785f726573616d706c696e67944bfa8c025f67944b088c095f6c725f616461707494898c065f616c70686194473ff66666666666668c0a5f626574615f6d65616e94473fb999999999999a8c0b5f626574615f5369676d6194473f9eb851eb851eb88c065f67616d6d6194473fb999999999999a8c065f456d65616e94682f68314b008594683387945294284b014b194b01869468398943c80000000000000000000000000000000000000000000000000000000000000000000000000000000000000000000000000000000000000000000000000000000000000000000000000000000000000000000000000000000000000000000000000000000000000000000000000000000000000000000000000000000000000000,a9d93cd1753fd9432eb23f9fa1bf11ec15aba91b9f3ff481b1de2393943fe064208c67d47abfa0daf7c74a6d613f0cc06aedd7ec52bf428ae67a6619643fc2fbcc5e2642743f92422ad200e9ef3f0692fc0f42c7753f642299ccddbd86bf406af193a44d6ebfbad8888928f896bf154f94797e6b86bff6e001a661a586bf04636e88bd35883f641f3a9903a1623fe58138128cd470bfd5bb9bbf1507763f379659042a1898bff85d700f92664dbfbc69b2cb7dc296bf531a74437213ef3fec3b14f10f5c903f7ba0bf6da82c803f65241c7f5b07853f8717771103b2763ffacc0c22fff193bf96febf2ceffc77bfda0cdcbcbeeba2bfa4f180207d5f773f1a73d6760d1a91bf503259fd7d956cbfebbc0062464b88bfec4dd4878603873fbbb7e938f086f03f38ccde9a4e9a6cbf1d3285d6cb1a733f45c9990f7b4f833fc4028498ac3389bf0090212a65960cbfbb2c7f53da7a893f526dcff9cca5903f7acda454bebd9fbfe03ca9563f3e86bf5a4afe1b5cd5933fb8699198a4137cbfa44c313c823cf03fe3b60c2a8d03803fcc4475410426953f323af5703f806d3f61a0215023349dbf1850a398963780bf84e5b76402959fbf8cb9bd998d55833f84dbddd3495d8ebfcdf9cdde53c998bf6c59637d4c82913f6aadbc790214f03f2027133acee633bf60f310c68a107b3f6c18299460cb6fbfec6f57205561803f17426051bb1e733f4de17a79455d8ebfd45b9df4dce680bf745c84040a6172bfc1fa6d436456843fb6b33166d5acef3f17130d72960a8e3fe4d281828e527c3f5882b6d318fc8e3fc0b8f2d65c53a7bfdf05121251aa64bfc8f90dfe9f615bbfc4251b5949109cbfa4d75f39ab65933fef11575f4b13f03fb4fc8956ddf5893f5d99da65cdd8723fba531d7fc3948f3fde23c64876ce86bf2379d403e81584bfcc7b5f8ee77d923fd9e3d1afc90ea3bf2e4eed8c22ccee3f2a6a55a6e73c84bf089f5401e0db5b3f80ff06807ed5723f29e7ec0721de72bf7da5fdd01a607d3ff063d747b39c423f02486a3157eeef3f6ae68e7431fa91bf38d84e852422213f20ca517731a08a3f2b7121a0d72d833fd4a03b59d988523f5fc1b885c799f03faa2b7187190a9bbfce64c710e6199dbf2e24e092e387a93f861ed0bc718093bffc27a89a4db9ef3fbf5b3d0195eba13fa86417fcc1099cbf61f617539adb8d3fd99d441eace9ef3fd0512a4112e43f3f5eeca76ac6557a3fccaedfde3b05f03f807333c5115524bf8898221f06a3ee3f9474946275622e,000000000000000000000000000000000000000000000000000000000000000000000000000000000000000000000000000000000000000000000000000000000000000000000000947494628c075f455369676d6194682f68314b008594683387945294284b014d71024b0186946839894288130000000000000000000000000000000000000000000000000000000000000000000000000000000000000000000000000000000000000000000000000000000000000000000000000000000000000000000000000000000000000000000000000000000000000000000000000000000000000000000000000000000000000000000000000000000000000000000000000000000000000000000000000000000000000000000000000000000000000000000000000000000000000000000000000000000000000000000000000000000000000000000000000000000000000000000000000000000000000000000000000000000000000000000000000000000000000000000000000000000000000000000000000000000000000000000000000000000000000000000000000000000000000000000000000000000000000000000000000000000000000000000000000000000000000000000000000000000000000000000000000000000000000000000000000000000000000000000000000000000000000000000000000000000000000000000000000000000000000000000000000000000000000000000000000000000000000000000000000000000000000000000000000000000000000000000000000000000000000000000000000000000000000000000000000000000000000000000000000000000000000000000000000000000000000000000000000000000000000000000000000000000000000000000000000000000000000000000000000000000000000000000000000000000000000000000000000000000000000000000000000000000000000000000000000000000000000000000000000000000000000000000000000000000000000000000000000000000000000000000000000000000000000000000000000000000000000000000000000000000000000000000000000000000000000000000000000000000000000000000000000000000000000000000000000000000000000000000000000000000000000000000000000000000000000000000000000000000000000000000000000000000000000000000000000000000000000000000000000000000000000000000000000000000000000000000000000000000000000000000000000000000000000000000000000000000000000000000000000000000000000000000000000000000000000000000000000000000000000000000000000000000000000,00000000000000000000000000000000000000000000000000000000000000000000000000000000000000000000000000000000000000000000000000000000000000000000000000000000000000000000000000000000000000000000000000000000000000000000000000000000000000000000000000000000000000000000000000000000000000000000000000000000000000000000000000000000000000000000000000000000000000000000000000000000000000000000000000000000000000000000000000000000000000000000000000000000000000000000000000000000000000000000000000000000000000000000000000000000000000000000000000000000000000000000000000000000000000000000000000000000000000000000000000000000000000000000000000000000000000000000000000000000000000000000000000000000000000000000000000000000000000000000000000000000000000000000000000000000000000000000000000000000000000000000000000000000000000000000000000000000000000000000000000000000000000000000000000000000000000000000000000000000000000000000000000000000000000000000000000000000000000000000000000000000000000000000000000000000000000000000000000000000000000000000000000000000000000000000000000000000000000000000000000000000000000000000000000000000000000000000000000000000000000000000000000000000000000000000000000000000000000000000000000000000000000000000000000000000000000000000000000000000000000000000000000000000000000000000000000000000000000000000000000000000000000000000000000000000000000000000000000000000000000000000000000000000000000000000000000000000000000000000000000000000000000000000000000000000000000000000000000000000000000000000000000000000000000000000000000000000000000000000000000000000000000000000000000000000000000000000000000000000000000000000000000000000000000000000000000000000000000000000000000000000000000000000000000000000000000000000000000000000000000000000000000000000000000000000000000000000000000000000000000000000000000000000000000000000000000000000000000000000000000000000000000000000000000000000000000000000000000000000000000000000000000000000000000000000000000000000000000000000000000000000000000000000000000000000000000000000000000000000000000000,00000000000000000000000000000000000000000000000000000000000000000000000000000000000000000000000000000000000000000000000000000000000000000000000000000000000000000000000000000000000000000000000000000000000000000000000000000000000000000000000000000000000000000000000000000000000000000000000000000000000000000000000000000000000000000000000000000000000000000000000000000000000000000000000000000000000000000000000000000000000000000000000000000000000000000000000000000000000000000000000000000000000000000000000000000000000000000000000000000000000000000000000000000000000000000000000000000000000000000000000000000000000000000000000000000000000000000000000000000000000000000000000000000000000000000000000000000000000000000000000000000000000000000000000000000000000000000000000000000000000000000000000000000000000000000000000000000000000000000000000000000000000000000000000000000000000000000000000000000000000000000000000000000000000000000000000000000000000000000000000000000000000000000000000000000000000000000000000000000000000000000000000000000000000000000000000000000000000000000000000000000000000000000000000000000000000000000000000000000000000000000000000000000000000000000000000000000000000000000000000000000000000000000000000000000000000000000000000000000000000000000000000000000000000000000000000000000000000000000000000000000000000000000000000000000000000000000000000000000000000000000000000000000000000000000000000000000000000000000000000000000000000000000000000000000000000000000000000000000000000000000000000000000000000000000000000000000000000000000000000000000000000000000000000000000000000000000000000000000000000000000000000000000000000000000000000000000000000000000000000000000000000000000000000000000000000000000000000000000000000000000000000000000000000000000000000000000000000000000000000000000000000000000000000000000000000000000000000000000000000000000000000000000000000000000000000000000000000000000000000000000000000000000000000000000000000000000000000000000000000000000000000000000000000000000000000000000000000000000000000000000,00000000000000000000000000000000000000000000000000000000000000000000000000000000000000000000000000000000000000000000000000000000000000000000000000000000000000000000000000000000000000000000000000000000000000000000000000000000000000000000000000000000000000000000000000000000000000000000000000000000000000000000000000000000000000000000000000000000000000000000000000000000000000000000000000000000000000000000000000000000000000000000000000000000000000000000000000000000000000000000000000000000000000000000000000000000000000000000000000000000000000000000000000000000000000000000000000000000000000000000000000000000000000000000000000000000000000000000000000000000000000000000000000000000000000000000000000000000000000000000000000000000000000000000000000000000000000000000000000000000000000000000000000000000000000000000000000000000000000000000000000000000000000000000000000000000000000000000000000000000000000000000000000000000000000000000000000000000000000000000000000000000000000000000000000000000000000000000000000000000000000000000000000000000000000000000000000000000000000000000000000000000000000000000000000000000000000000000000000000000000000000000000000000000000000000000000000000000000000000000000000000000000000000000000000000000000000000000000000000000000000000000000000000000000000000000000000000000000000000000000000000000000000000000000000000000000000000000000000000000000000000000000000000000000000000000000000000000000000000000000000000000000000000000000000000000000000000000000000000000000000000000000000000000000000000000000000000000000000000000000000000000000000000000000000000000000000000000000000000000000000000000000000000000000000000000000000000000000000000000000000000000000000000000000000000000000000000000000000000000000000000000000000000000000000000000000000000000000000000000000000000000000000000000000000000000000000000000000000000000000000000000000000000000000000000000000000000000000000000000000000000000000000000000000000000000000000000000000000000000000000000000000000000000000000000000000000000000000000000000000000000,00000000000000000000000000000000000000000000000000000000000000000000000000000000000000000000000000000000000000000000000000000000000000000000000000000000000000000000000000000000000000000000000000000000000000000000000000000000000000000000000000000000000000000000000000000000000000000000000000000000000000000000000000000000000000000000000000000000000000000000000000000000000000000000000000000000000000000000000000000000000000000000000000000000000000000000000000000000000000000000000000000000000000000000000000000000000000000000000000000000000000000000000000000000000000000000000000000000000000000000000000000000000000000000000000000000000000000000000000000000000000000000000000000000000000000000000000000000000000000000000000000000000000000000000000000000000000000000000000000000000000000000000000000000000000000000000000000000000000000000000000000000000000000000000000000000000000000000000000000000000000000000000000000000000000000000000000000000000000000000000000000000000000000000000000000000000000000000000000000000000000000000000000000000000000000000000000000000000000000000000000000000000000000000000000000000000000000000000000000000000000000000000000000000000000000000000000000000000000000000000000000000000000000000000000000000000000000000000000000000000000000000000000000000000000000000000000000000000000000000000000000000000000000000000000000000000000000000000000000000000000000000000000000000000000000000000000000000000000000000000000000000000000000000000000000000000000000000000000000000000000000000000000000000000000000000000000000000000000000000000000000000000000000000000000000000000000000000000000000000000000000000000000000000000000000000000000000000000000000000000000000000000000000000000000000000000000000000000000000000000000000000000000000000000000000000000000000000000000000000000000000000000000000000000000000000000000000000000000000000000000000000000000000000000000000000000000000000000000000000000000000000000000000000000000000000000000000000000000000000000000000000000000000000000000000000000000000000000000000000000000000,00000000000947494628c065f566d65616e944700000000000000008c075f565369676d61944700000000000000008c095f6574615f6d65616e94473ff00000000000008c0a5f6574615f5369676d6194473ff00000000000008c055f746f6c7894680b6811430816383daccc74473d94869452948c075f746f6c787570944740c38800000000008c075f746f6c66756e94473d719799812dea118c105f746f6c636f6e646974696f6e636f76944742d6bcc41e9000008c0d5f66756e686973745f7465726d944b448c0f5f66756e686973745f76616c75657394682f68314b008594683387945294284b014b88859468398942400400000000000000000000402c81c78c0200000e74da40a70decbfd069039d36d0e9bf039d36d06903edbf111111111111e9bf713d0ad7a370edbff6285c8fc2f5e8bf295c8fc2f528ecbfda40a70d74dae8bff28b25bf58f2ebbf48e17a14ae47e9bff28b25bf58f2ebbf073a6da0d306eabf96fc62c92f96ecbf6da0d3063a6de8bf96fc62c92f96ecbf7eb1e4174b7ee9bf586ea3c78c020000010000000300000038000000000000000800000000000000000000000000000002000000ffffffff0c0885c68c020000606ea3c78c020000010000000900000070000000000000007800000000000000586ea3c78c020000ffffffffffffffff300885c68c02000001000000010000000100000009000000a8000000000000000100000009000000b000000000000000586ea3c78c020000596ea3c78c02000000000000000000000000000000000000000000000000000000000000000000000000000000000000000000000000000000000000000000000000000000000000000000000000000000000000000000000000000000000000000000000000000000000000000000000000000000000000000000000000000000000000000000000000000000000000000000000000000000000000000000000000000000000000000000000000000000000000000000000000000000000000000000000000000000000000000000000000000000000000000000000000000000000000000000000000000000000000000000000000000000000000000000000000000000000000000000000000000000000000000000000000000000000000000000000000000000000000000000000000000000000000000000000000000000000000000000000000000000000000000000000000000000000000000000000000000000000000000000000000000000000000000000000000000000000000000000000000000000000000000000000000000000000000000000000000000000000000000000000000000000000000000000000000000000000000000000000000000000000000000000000000000000000000000000,00000000000000000000000000000000000000000000000000000000000000000000000000000000000000000000000000000000000000000000000000000000000000000000000000000000000000000000000000000000000000000000000000000000000000000000000000000000000000000000000000000000000000000000000000000000000000000000000000000000000000000000000000000000000000000000000000000000000000000000000000000000000000000000000000000000000000000000000000000000000000000000000000000000000000000000000000000000000000000000000000000000000000000000000000000000000000000000000000000000000000000000000000000000000000000000000000000000000000000000000000000000000000000000000000947494628c055f635f316494682f68314b008594683387945294284b014d4501859468118942280a0000315d42f2750cef3fb4e7eab4f456873f30abc69544cf92bfac611d5d001c88bf653475230f6883bf1d712d2aede89c3f5458588aafe939bf220a4e774595843ffa2a60b03b228c3f0957771e18c59d3f45060d5e459b813f2ec3b0589ff09a3fb0a1d437103b103f22d3ca701d16803f7866703c8e1293bfb23351f2fde067bf4fadd289a5569bbfc6bd5789779f6abf7d8b348743fb57bf3f35608abb25643f44d178029fcc923fe91c05eea078a0bf66c9a5b5a94273bf866e7e10083f693fe339b343470480bfc05550e3e074f03ff9ba8a5adc67a23f006ae0e983089bbfbabe2fafa7558abf58bfc4b4251c923fbc1e64f905cd6d3f20b72de78353923f01f1b90d8e7da63fc7fb6d20ea729d3f0039e676dc5aa2bfccf8442cfc2a4ebf105e2a1864a082bf89d2e8a1d389813fa597fe534bb69dbf71b5f47ae8f28f3f8bd0f5cacc8c95bf7da3272e2949883f586b90806bd36c3fbe7e004569da8fbfc4061d14e482ac3f093586b51fdf8abf6fb17cacad7782bf72323764c7c0a13fd91cbf3307c980bf286ddd351afcef3fd255fc6528f681bf12deb84dbecc92bf9fb6c650399b9a3fe2110b66d6a5863fae2ed3b46cc89a3f24ca995d629e773fc7ece72a06ac753f32495acdb443a0bf918a374753537a3f361fa3c22d6c74bfe807daeed7aa84bf8ea1b2df4b7a94bf489071cfdc5a933f46971f5b82f69ebf914d3fdc4edda13f5ee31533e2ee7cbff579c45c74c0a4bf140c6f540327a43fb0f9144463d498bf9e224e27121a97bf803d0abe195d8f3f68cba15db343813f5fcce1027121f03f5db40464e560903fbf3384fb68598cbf473f2be9667b7a3f7a7598b936c3793fc7a84f04989f9ebf73f19cc07f8176bfbd76f803e50b83bf68a8b0e0044855bf5478ef16b5e15dbfe651141bbcbfacbfbd90eca,6f59082bf5ea47e35c0f885bf9cd7e40ff721883f082a61f27ef6863fb22b7f0ba4d97dbf573c76cc8340a03f10a9ebfb2aa96abf3eda8cc7bc55993feafdf88087849