number,value,datetime_start,datetime_complete,duration,params_approach_bonus_base,params_dead_end_penalty,params_discard_2_exit_value,params_discard_3_4_exit_value,params_discard_dead_end_value,params_discard_duplicate_penalty,params_discard_enemy_door_value,params_discard_key_useless_value,params_discard_ladder_value,params_discard_own_door_value,params_down_opening_bonus,params_enemy_door_penalty,params_ladder_bonus,params_max_kept_repairs,params_max_kept_sabotages,params_own_door_bonus,params_retreat_penalty,params_rockfall_base,params_rockfall_gold_penalty,params_rockfall_ladder_bonus,params_rockfall_own_path_penalty,params_sabotage_cart_weight,params_sabotage_lamp_weight,params_sabotage_pickaxe_weight,params_side_step_bonus,system_attrs_cma:generation,system_attrs_cma:optimizer:0,system_attrs_cma:optimizer:1,system_attrs_cma:optimizer:10,system_attrs_cma:optimizer:2,system_attrs_cma:optimizer:3,system_attrs_cma:optimizer:4,system_attrs_cma:optimizer:5,system_attrs_cma:optimizer:6,system_attrs_cma:optimizer:7,system_attrs_cma:optimizer:8,system_attrs_cma:optimizer:9,state
80,0.83,2026-05-10 18:02:43.520632,2026-05-10 18:02:51.235904,0 days 00:00:07.715272,53.028346018256144,66.27958434100103,14.894865527030186,19.393458862715928,-28.762618663242975,-4.100342463557382,-13.710276512945892,-10.097077141160735,68.13606846552827,14.090749050204616,11.455282033646748,15.841267773465708,25.374135389768206,1,1,11.902548166008767,38.59357307602275,22.22332856283278,52.13453720345754,26.700847167602753,63.989723899262366,3.1315775957119873,1.699112737502931,2.9780315905436807,8.589664565754072,6.0,,,,,,,,,,,,COMPLETE
81,0.8366666666666667,2026-05-10 18:02:51.235955,2026-05-10 18:02:59.339055,0 days 00:00:08.103100,40.86741996589022,65.84725240711298,11.879551739883066,26.23939444568993,-31.745243082505105,-3.1949756272355856,-11.02392122354755,-7.016336194994764,66.65435168065488,14.967172610865083,4.750705555462671,16.737796932663223,28.26652714628636,1,1,12.854761419804767,47.78445774690307,23.850844878060574,58.432642848777995,31.324809006515206,68.52936181710446,2.1951124059997857,2.777161473590724,2.752853955043369,15.218198108933713,6.0,,,,,,,,,,,,COMPLETE
82,0.8566666666666667,2026-05-10 18:02:59.339109,2026-05-10 18:03:06.905754,0 days 00:00:07.566645,49.830522952295134,54.920224652939126,19.639921340828277,29.711235987628992,-32.97078846435035,-3.601179089657272,-14.573627922631347,-21.322115274972344,59.44853094387179,11.092231193825285,10.785744775494049,16.68497244441474,22.285185679850603,0,1,16.58788231340929,48.67763556030381,15.996357004954628,44.06885646087243,39.3998311938539,73.05507594222826,1.9551931858761353,1.4409966504389824,2.3303788483613337,7.664202803917829,6.0,,,,,,,,,,,,COMPLETE
83,0.8466666666666667,2026-05-10 18:03:06.905804,2026-05-10 18:03:14.941880,0 days 00:00:08.036076,54.41682552632495,46.07405506310542,16.031369434624803,23.355295431045104,-23.999444631214597,-12.23097335795061,-4.791723427314562,-10.150793574461446,65.82616924088234,14.729550821254257,5.615495558458473,15.020757486681637,17.613524840133632,1,1,18.200496036194195,28.61589469801541,24.96988720817266,46.502297553662565,34.35990330640495,70.21605131054093,2.2907204746150036,1.6276574238315187,2.59936690205601,9.131729721385177,6.0,,,,,,,,,,,,COMPLETE
84,0.8933333333333333,2026-05-10 18:03:14.941929,2026-05-10 18:03:22.828782,0 days 00:00:07.886853,59.39284505923149,69.87387944489177,18.630000355183004,34.02896777626439,-16.607085510702547,-6.542933882663224,-12.825599191773627,-10.434193495497198,70.47525773112338,19.922119446282814,11.141304985816525,14.996971131015652,23.606655161027554,1,0,14.59910667194304,25.543846696171617,20.098961041866247,49.45702054502804,21.899226237859036,74.89397869164439,2.2758230051006834,2.9029941502063306,3.2604403243893407,8.862492599649105,6.0,,,,,,,,,,,,COMPLETE
85,0.8533333333333334,2026-05-10 18:03:22.828831,2026-05-10 18:03:30.689275,0 days 00:00:07.860444,58.220455347553255,50.77428976858245,18.13026040141546,33.064433668026616,-24.47878238519012,-9.72557270609991,-21.74420084738522,-30.239067125714033,53.50277521915831,10.582446318687621,9.223637384660229,11.922567685917441,27.238887239080114,1,1,18.602298188457258,34.329918191785914,20.461378087004892,41.20323882966726,29.50415764149929,74.50225636826137,2.582936175352128,1.3032361283382126,2.1803544562438075,10.625758369862028,6.0,,,,,,,,,,,,COMPLETE
86,0.86,2026-05-10 18:03:30.689326,2026-05-10 18:03:38.454125,0 days 00:00:07.764799,49.964921582263656,38.87855466141062,11.936598811059188,24.49437677439085,-28.524037179103964,-9.586945784997567,-18.7065341844659,-23.383790356877512,59.280969797445145,14.769100570818836,14.131872451358626,13.082551788757264,20.436076431852754,2,1,13.435114022822425,40.589323443838595,28.049836932026036,42.83986364459496,28.35316191526372,78.83862176275122,2.1578648937928513,1.9085146448738117,3.759366982883921,4.357335615836368,6.0,,,,,,,,,,,,COMPLETE
87,0.7633333333333333,2026-05-10 18:03:38.454178,2026-05-10 18:03:45.886550,0 days 00:00:07.432372,60.75537329637411,66.29587839443994,10.95566939579963,25.496589185985343,-36.20511519076868,-16.358854885732153,-10.046161537552198,-11.793126454915654,46.943785980338376,11.99932326043967,9.991071352355085,14.26664160000211,23.17493119334891,0,1,19.317940561789463,21.40036170535437,26.193814949838284,47.29791658422039,23.46018943357376,73.09044732118795,2.285804515231167,1.589331615849828,2.921899023238554,10.194052906579794,6.0,,,,,,,,,,,,COMPLETE
88,0.8166666666666667,2026-05-10 18:03:45.886600,2026-05-10 18:03:53.509751,0 days 00:00:07.623151,53.23722771763293,67.87493509887462,16.74320040377364,30.81258073206186,-20.381326016632258,-8.313730238458788,-10.654973279568456,-7.716809355922095,43.889735386415566,15.792102310201898,4.5755828930191855,18.472939900580762,24.50446699288714,1,2,13.618183893494546,30.84214136968176,24.670378140412023,61.609371088477104,25.9126689251483,66.05516439969315,2.426026189457886,1.7979972631700245,3.52610831915435,11.021116299700155,6.0,,,,,,,,,,,,COMPLETE
89,0.8733333333333333,2026-05-10 18:03:53.509820,2026-05-10 18:04:01.476538,0 days 00:00:07.966718,65.19746684272755,51.35664769159156,14.375286422793014,35.52855287214406,-33.764314941659606,-8.083859709871561,-14.201317127185506,-19.55133377457791,67.91116637279302,17.617319692414746,8.623947765664074,12.828759608533156,17.615846797254385,1,1,14.535886868351888,52.24959916570963,28.39087842989973,29.60550293644468,30.591242169341726,59.88429142992314,2.5467244620845753,2.164216312112498,2.5342287085022432,11.282558329893051,6.0,,,,,,,,,,,,COMPLETE
90,0.8833333333333333,2026-05-10 18:04:01.476589,2026-05-10 18:04:08.745475,0 days 00:00:07.268886,62.73628639393233,60.66942484151409,18.581857280006343,20.918745456731735,-33.03901514560911,-11.001156445012004,-17.869154949849918,-2.837787479163616,79.65974637351292,13.309572766139404,1.557099258629862,16.791096535776106,17.45228040920154,2,2,19.688658348924974,48.217053604206754,18.977456951596935,46.91691399433883,16.583538417022325,66.29215406195956,1.6238661726255121,1.7491341960771125,3.4886633931480984,7.555822678115865,6.0,,,,,,,,,,,,COMPLETE
91,0.8066666666666666,2026-05-10 18:04:08.745525,2026-05-10 18:04:16.448982,0 days 00:00:07.703457,61.722856785650876,65.86278566536137,19.90614199982824,32.97201428697491,-21.199997485125916,-12.37365703037489,-18.92934116370688,-9.533867203974431,53.62917874741403,14.222362340172836,11.632829428366493,16.466807701129184,18.41446708620588,1,1,18.642825031632572,43.99379816188636,21.786052722146508,45.13916160537024,17.36651183823428,68.95020901089667,1.9481152548238607,1.773414618014626,3.8077756169224113,12.430795047394092,6.0,,,,,,,,,,,,COMPLETE
