number,value,datetime_start,datetime_complete,duration,params_approach_bonus_base,params_dead_end_penalty,params_discard_2_exit_value,params_discard_3_4_exit_value,params_discard_dead_end_value,params_discard_duplicate_penalty,params_discard_enemy_door_value,params_discard_key_useless_value,params_discard_ladder_value,params_discard_own_door_value,params_down_opening_bonus,params_enemy_door_penalty,params_ladder_bonus,params_max_kept_repairs,params_max_kept_sabotages,params_own_door_bonus,params_retreat_penalty,params_rockfall_base,params_rockfall_gold_penalty,params_rockfall_ladder_bonus,params_rockfall_own_path_penalty,params_sabotage_cart_weight,params_sabotage_lamp_weight,params_sabotage_pickaxe_weight,params_side_step_bonus,system_attrs_cma:generation,system_attrs_cma:optimizer:0,system_attrs_cma:optimizer:1,system_attrs_cma:optimizer:10,system_attrs_cma:optimizer:2,system_attrs_cma:optimizer:3,system_attrs_cma:optimizer:4,system_attrs_cma:optimizer:5,system_attrs_cma:optimizer:6,system_attrs_cma:optimizer:7,system_attrs_cma:optimizer:8,system_attrs_cma:optimizer:9,state
132,0.84,2026-05-10 18:09:31.427980,2026-05-10 18:09:39.226621,0 days 00:00:07.798641,57.77055078344104,64.28404105690285,17.29191605084828,33.56055250987423,-24.444004347415333,-8.192806620105788,-5.6185120161492,-14.656161195353313,72.11303855652474,12.04807807112367,11.694098283598843,9.729452454282278,24.67345278275463,2,1,12.654815729993274,44.17745237155516,15.930826351417522,38.429810193663926,20.50776851557537,75.61420220730568,1.9677683623208064,2.4504485726342766,3.190740273512541,9.913140664158075,10.0,,,,,,,,,,,,COMPLETE
133,0.8966666666666666,2026-05-10 18:09:39.226670,2026-05-10 18:09:46.858010,0 days 00:00:07.631340,75.57148367327017,53.85217574627339,7.4891984968482745,19.15525107382793,-27.42266470072813,-12.144108035598528,-13.028677702193455,-7.49487397824565,59.96240428923585,10.033952211312888,9.482044871954507,12.272391088101287,29.94014344258189,1,1,19.81145847109172,40.016330696991204,14.992428577926962,39.07127312088296,16.660520505062607,66.34165945225706,1.8430004144243664,2.9565051224594665,2.606762234853396,4.341695888516812,10.0,,,,,,,,,,,,COMPLETE
134,0.7933333333333333,2026-05-10 18:09:46.858062,2026-05-10 18:09:55.112771,0 days 00:00:08.254709,63.43868208455157,53.832659007661185,13.25745457234654,28.70473324301595,-32.1982093434926,-16.72647058679366,-14.468528747423893,-6.316131389463656,74.93475180424824,7.223316570121449,11.186159263251502,5.739972830159388,13.403536990573274,2,0,24.142491665689224,34.47566681489253,16.141866024729303,48.8512475774356,25.570873515151398,71.06098473548315,2.734042235796974,2.3928952285340794,3.2358812526831255,7.375684039320847,10.0,,,,,,,,,,,,COMPLETE
135,0.87,2026-05-10 18:09:55.112827,2026-05-10 18:10:02.893893,0 days 00:00:07.781066,57.72684761505541,60.92392005344917,17.067056280942886,20.49141911496381,-21.8239562020293,-6.278244129525053,-6.788049920970263,-12.362931435223903,67.90993120861677,6.605523885704043,11.363743744086209,10.546429087540925,13.628972594431538,1,1,15.4219523086225,32.55322156911433,17.813538629224386,44.686939221502044,22.74147141723097,70.71097637660972,2.2422172222618753,2.762008037866697,3.647535897540756,14.90591805192935,10.0,,,,,,,,,,,,COMPLETE
136,0.8766666666666667,2026-05-10 18:10:02.893943,2026-05-10 18:10:10.995938,0 days 00:00:08.101995,62.955947358186364,65.56910222098719,17.289192997846804,24.88344129120461,-32.971041441414,-9.56783527627449,-13.479424878331919,-8.283055424113513,52.3549478570352,8.653020551944277,12.262563636990421,12.038591413828936,22.21991858244191,1,1,17.050466327591344,57.388824335081594,14.714905943670548,55.61604835552065,17.654790860114694,52.45372098655021,3.2462243511402766,3.3004602219478945,2.941618502591799,18.361208204999496,10.0,,,,,,,,,,,,COMPLETE
137,0.8233333333333334,2026-05-10 18:10:10.995988,2026-05-10 18:10:18.582461,0 days 00:00:07.586473,56.515397657344565,58.39759784751066,13.83797824192489,15.605059829875529,-25.249716908604697,-8.330534857875094,-16.5425571742841,-8.017847371212117,67.37880903831982,10.711194365447895,4.2793439040028485,9.560420078421522,19.954520543757532,3,1,20.599886580480735,32.345090815093215,19.159063240641387,42.86031093804637,19.298032546483046,62.80499686025943,2.0707026057020173,1.9208768409518433,2.8088489323115744,9.956186756058564,10.0,,,,,,,,,,,,COMPLETE
138,0.88,2026-05-10 18:10:18.582512,2026-05-10 18:10:25.513132,0 days 00:00:06.930620,77.53243404413487,51.182589290445954,11.228052906263493,17.047471845636164,-25.582467842767265,-9.96516785261845,-11.114228893204459,-10.18943718602166,70.7084590236216,9.29174548512167,8.37501491164367,10.99263668004414,21.644036685873637,1,1,20.789811542791252,33.5020987331208,13.228382453741249,47.549807143892295,15.24154171259353,72.88692359044792,2.6178728648140672,2.760361976002812,2.8914869192730666,12.144785945828314,10.0,,,,,,,,,,,,COMPLETE
139,0.8266666666666667,2026-05-10 18:10:25.513196,2026-05-10 18:10:33.620016,0 days 00:00:08.106820,75.99859577967584,53.15952756567612,18.02129054860648,20.98365966253301,-28.0353103804543,-6.876487525304199,-11.916186788683177,-2.062901668633394,63.53952984786291,10.34015302789621,7.074547265440621,14.353140099166772,35.48273757574519,1,2,20.628362360746692,36.71218256146797,9.381624635929857,46.35357340168355,15.164409893495895,61.61057033958129,1.6160412888519073,2.335822613382354,3.100520835810939,6.370305596091839,10.0,,,,,,,,,,,,COMPLETE
140,0.8066666666666666,2026-05-10 18:10:33.620075,2026-05-10 18:10:41.630720,0 days 00:00:08.010645,79.39673235192814,51.23789976364884,18.495048917179865,23.012761071765965,-28.98385135071728,-6.5108419587438675,-13.254829122618254,-13.923539692709845,69.87531174697422,11.710629633619202,15.123857375531202,6.101791815338744,16.785197049167838,1,0,20.601992245879735,43.79689292950289,18.116659380864313,48.72641773523558,23.612817906136648,77.4308905950003,2.1544591570376306,2.510572592411108,3.2043960968842145,9.036032920316682,10.0,,,,,,,,,,,,COMPLETE
141,0.86,2026-05-10 18:10:41.630772,2026-05-10 18:10:49.790559,0 days 00:00:08.159787,79.83884393182393,46.4376966033319,11.759875557676338,27.145829206646013,-24.12797933379271,-4.960462309146571,-11.351187716652653,-7.789121821225137,57.00427099655013,12.185813198544393,9.051638899386703,12.016605799254252,21.08783729366392,1,1,22.208194770057457,44.56912583170034,16.546082147070656,43.72647575803112,16.467111031444304,67.77474363462133,2.301831049339661,2.531957179719203,3.4303204262144678,16.182916741660954,10.0,,,,,,,,,,,,COMPLETE
142,0.8333333333333334,2026-05-10 18:10:49.790609,2026-05-10 18:10:58.696150,0 days 00:00:08.905541,55.40291528232284,44.00265494381971,15.976144947737001,25.876426863109124,-24.97782502951882,-1.3832338483027797,-7.058513817795593,-14.882473878436716,66.70900887148383,14.7175067053751,8.891393326583346,14.286337690378128,12.208775819897664,2,1,15.742196909343864,48.82197560666995,13.592914172805042,43.18010478536236,25.81258351649325,68.09784444176762,1.9767333204573925,2.5883019167952317,2.5074522442026486,14.758085007257025,10.0,,,,,,,,,,,,COMPLETE
143,0.8333333333333334,2026-05-10 18:10:58.696202,2026-05-10 18:11:06.400334,0 days 00:00:07.704132,67.61819922424809,49.59375870075207,13.20993404069376,23.011316285263963,-25.718244660813877,-11.73055614358492,-12.311986959747756,-11.097969914035986,54.72402436664001,10.467067797306267,7.305075827538983,16.84296737159272,21.094161226961486,1,1,13.093883450041558,55.71267967930596,19.817659107101026,49.815758526783924,18.820317960614176,62.16797585642799,2.9643774105473724,2.9643436047100633,2.905969417105758,13.215948582578271,10.0,,,,,,,,,,,,COMPLETE
