number,value,datetime_start,datetime_complete,duration,params_approach_bonus_base,params_dead_end_penalty,params_discard_2_exit_value,params_discard_3_4_exit_value,params_discard_dead_end_value,params_discard_duplicate_penalty,params_discard_enemy_door_value,params_discard_key_useless_value,params_discard_ladder_value,params_discard_own_door_value,params_down_opening_bonus,params_enemy_door_penalty,params_ladder_bonus,params_max_kept_repairs,params_max_kept_sabotages,params_own_door_bonus,params_retreat_penalty,params_rockfall_base,params_rockfall_gold_penalty,params_rockfall_ladder_bonus,params_rockfall_own_path_penalty,params_sabotage_cart_weight,params_sabotage_lamp_weight,params_sabotage_pickaxe_weight,params_side_step_bonus,system_attrs_cma:generation,system_attrs_cma:optimizer:0,system_attrs_cma:optimizer:1,system_attrs_cma:optimizer:10,system_attrs_cma:optimizer:2,system_attrs_cma:optimizer:3,system_attrs_cma:optimizer:4,system_attrs_cma:optimizer:5,system_attrs_cma:optimizer:6,system_attrs_cma:optimizer:7,system_attrs_cma:optimizer:8,system_attrs_cma:optimizer:9,state
145,0.79,2026-05-10 18:11:14.423593,2026-05-10 18:11:22.627969,0 days 00:00:08.204376,63.96031276863483,68.13688714548994,11.908548685904774,15.86057461440211,-18.244002810911933,-15.274940791712593,-18.7075816449571,-1.7525773619085498,68.5100541087739,5.892294977856345,10.669959089107088,10.07091526780353,21.99111910125708,1,1,19.602354030959624,37.2824954493245,14.407059521030192,43.00518222496985,18.255991442118987,61.840526032426204,2.761122722084588,3.1102996771034466,3.953459500494091,11.370545650419736,11.0,,,,,,,,,,,,COMPLETE
146,0.87,2026-05-10 18:11:22.628020,2026-05-10 18:11:30.073957,0 days 00:00:07.445937,56.341295451571874,55.78432363060269,15.917480632662421,12.615308106117508,-31.301091453885455,-11.87760558121818,-11.956697975759347,-7.44692939915214,59.886758895515804,6.085672348219169,13.870708185987613,8.556605933047274,33.34943361078579,1,1,11.76271171618353,36.670160492469535,12.47519890405254,39.9897587224156,15.127894890471524,67.99123967000824,2.434753221245981,2.9709403722821333,2.2091829821644273,11.72941300133443,11.0,,,,,,,,,,,,COMPLETE
147,0.79,2026-05-10 18:11:30.074007,2026-05-10 18:11:37.646711,0 days 00:00:07.572704,66.75548202018165,54.325896693155855,9.00006341344017,24.03496168580328,-25.900437262424774,-16.79362027959423,-12.973410991027901,-14.049116247815956,72.06165277078145,8.403458405812192,4.327766337346511,12.863092633973782,16.354488352819864,1,1,23.3147463016184,45.31698659321903,20.76135594882249,53.40535041397728,19.294312416630927,65.63752170138224,1.8583369950603195,3.103004061610816,2.5730175655083123,9.17282671099736,11.0,,,,,,,,,,,,COMPLETE
148,0.8233333333333334,2026-05-10 18:11:37.646762,2026-05-10 18:11:45.396697,0 days 00:00:07.749935,70.44576477946559,56.616185259050226,12.801160183531259,23.830722513444105,-29.484704007149617,-1.4034457636197004,-1.0039621662895257,-17.426015762181454,69.19747325767338,8.984774235064165,14.562141557868289,7.678342965169783,25.676161963450156,1,1,21.183858862552697,41.0907236964821,12.894460092000923,67.73063109213808,14.679495243084759,65.58347133411044,2.0155004762210726,1.9910353872172681,2.6332944927899815,9.82358271448345,11.0,,,,,,,,,,,,COMPLETE
149,0.82,2026-05-10 18:11:45.396752,2026-05-10 18:11:53.755611,0 days 00:00:08.358859,78.66565210791526,59.93733773372308,16.222523425942114,13.973633351786312,-29.612523939705817,-7.916341990917299,-9.400673164813153,-5.706174343332471,61.29986885847166,7.5677492929486405,11.768017947782598,13.075178267870225,27.615940346552954,0,2,22.406890536840162,43.51904221812034,13.651960822914532,48.13075782291388,14.371253077643473,65.21380217187033,1.6732910310369253,3.4155815768903204,3.4193648276039452,13.403744164277839,11.0,,,,,,,,,,,,COMPLETE
