number,value,datetime_start,datetime_complete,duration,params_approach_bonus_base,params_dead_end_penalty,params_discard_2_exit_value,params_discard_3_4_exit_value,params_discard_dead_end_value,params_discard_duplicate_penalty,params_discard_enemy_door_value,params_discard_key_useless_value,params_discard_ladder_value,params_discard_own_door_value,params_down_opening_bonus,params_enemy_door_penalty,params_ladder_bonus,params_max_kept_repairs,params_max_kept_sabotages,params_own_door_bonus,params_retreat_penalty,params_rockfall_base,params_rockfall_gold_penalty,params_rockfall_ladder_bonus,params_rockfall_own_path_penalty,params_sabotage_cart_weight,params_sabotage_lamp_weight,params_sabotage_pickaxe_weight,params_side_step_bonus,system_attrs_cma:generation,system_attrs_cma:optimizer:0,system_attrs_cma:optimizer:1,system_attrs_cma:optimizer:10,system_attrs_cma:optimizer:2,system_attrs_cma:optimizer:3,system_attrs_cma:optimizer:4,system_attrs_cma:optimizer:5,system_attrs_cma:optimizer:6,system_attrs_cma:optimizer:7,system_attrs_cma:optimizer:8,system_attrs_cma:optimizer:9,state
27,0.8433333333333334,2026-05-10 17:55:52.406807,2026-05-10 17:56:00.091589,0 days 00:00:07.684782,55.255039056642495,41.72626206034944,9.088002964235173,27.76830705170979,-18.84095998100131,-16.242592822244244,-17.45790383373809,-21.75194192462469,49.428091375893516,10.676963602946808,17.935578026915657,6.2200194935424555,29.366312902107826,2,2,12.921001257229609,33.23383411165423,16.231795254938106,66.93035765442326,28.27614253760751,52.88619949730226,2.5782386345154578,2.287592976925992,1.6333123453852683,9.766656738848274,2.0,8004957b2b0000000000008c0a636d6165732e5f636d61948c03434d419493942981947d94288c065f6e5f64696d944b198c085f706f7073697a65944b0d8c035f6d75944b068c075f6d755f656666948c166e756d70792e5f636f72652e6d756c74696172726179948c067363616c61729493948c056e756d7079948c0564747970659493948c02663894898887945294284b038c013c944e4e4e4affffffff4affffffff4b0074946243088defdbefd1d80f4094869452948c035f636394680b68114308f9e4a7509928c23f94869452948c035f633194680b68114308bffc6e64268d673f94869452948c045f636d7594680b68114308c8de024a3df2783f94869452948c085f635f7369676d6194680b68114308ec610c516587c63f94869452948c085f645f7369676d6194680b681143083e8c21aaecd0f23f94869452948c035f636d944b018c065f6368695f6e94474013cd30aa14debe8c085f776569676874739468098c0c5f7265636f6e737472756374949394680c8c076e6461727261799493944b0085944301629487945294284b014b0d8594680e8c02663894898887945294284b0368124e4e4e4affffffff4affffffff4b007494628943689d3ddf2efb6fd83f582bd5871c77cf3f3d585c520548c53fe9b6d763851cbc3fc43a6233f3e6b03fd84298e35bf99e3f0000000000000000a942b1bb1c66b5bf4f6dd3281323c4bf3ed9cbf84694ccbfed852a4ba91bd2bf8e3621d11198d5bf6ddd297201cdd8bf947494628c085f705f7369676d6194682f68314b008594683387945294284b014b19859468118943c8af759b3f07aee23ff0b29f0a6e3fbabf3008fc566a0bcdbf02ba46ea3c68b23f20d8d6181770d0bf533d96d3118ee03f9815af4ceb73d93f7d4dbe51ec89e1bf81b194db6879ea3fdd7bb35af78ce53f182c3bb198edbb3f11e9c04a8027f6bf0a6be0d6d2d4c03fd8ed9777e0bab03fe081f9523c6e98bf4cd1911f25b8bfbf64dfbc430815dfbf00779f32860cc83f713e660d9894c33ffac5732d8f2fc0bf84304fe93683dd3fbad1d3d7137decbf440f2d13de3ef4bf8b171bfb5048ed3f84557fc76d57cc3f947494628c035f706394682f68314b008594683387945294284b014b19859468118943c84fb117f187a4e03f307eea2b3c81b5bf100b79460ec7c8bf47ca5b237750ac3f8c6102b8bf53ccbfbfbb223a967cde3f44850fdd6c45d73fdb795a65f68be0bf88432c36726ce83f9d5379ceda56e33fbfacdc38f7bdbd3fbfd3817d79d3f3bfc5b2ff0a9ed9bf3f60cae93fb5e2a23fc0b30ad8b1879cbf9e09f420852bbcbfe7ef9b50955fdcbf467a5a939da3c73f1563f33e69cbc23f44121927e699bebfebbea59f12b5db3faacebf5b3e99e9bf8f7911be8e34f2bf215446b80a68eb3f9,8670c184ce4c83f947494628c055f6d65616e94682f68314b008594683387945294284b014b19859468398943c8482093466d8de23f1959971e0b48e03f2365f061b4b3df3f068bf4b2ba41e03f583fc7a50ab6de3f27c54abf91bee23f9404196029eae13f01eae986d009da3f37792d3ebe26e43f88a2305ce004e33f1ac2614eb9d9e03fb2889991e3e3d33f9fe0ef50fb79e03f2a27bfee57cfde3f86446e1a1bbfde3ff4d3fdca2049df3ffdd9c07a668adb3fd50596ef58b3e13f34ebd6b2491ae13ff3571fbdb1c2de3f14e5efd64048e23f38d2c1db5701d93f0e17390792b9d43faa203e2ce904e53faad92437b7d0e03f947494628c065f7369676d6194680b6811430846e3243df36fc23f94869452948c025f44944e8c025f42944e8c075f626f756e647394682f68314b008594683387945294284b014b194b02869468398942900100000000000000000000000000000000f03f0000000000000000000000000000f03f0000000000000000000000000000f03f0000000000000000000000000000f03f0000000000000000000000000000f03f0000000000000000000000000000f03f0000000000000000000000000000f03f0000000000000000000000000000f03f0000000000000000000000000000f03f0000000000000000000000000000f03f0000000000000000000000000000f03f0000000000000000000000000000f03f0000000000000000000000000000f03f0000000000000000000000000000f03f0000000000000000000000000000f03f0000000000000000000000000000f03f0000000000000000000000000000f03f0000000000000000000000000000f03f0000000000000000000000000000f03f0000000000000000000000000000f03f0000000000000000000000000000f03f0000000000000000000000000000f03f0000000000000000000000000000f03f0000000000000000000000000000f03f0000000000000000000000000000f03f947494628c115f6e5f6d61785f726573616d706c696e67944bfa8c025f67944b028c095f6c725f616461707494898c065f616c70686194473ff66666666666668c0a5f626574615f6d65616e94473fb999999999999a8c0b5f626574615f5369676d6194473f9eb851eb851eb88c065f67616d6d6194473fb999999999999a8c065f456d65616e94682f68314b008594683387945294284b014b194b01869468398943c80000000000000000000000000000000000000000000000000000000000000000000000000000000000000000000000000000000000000000000000000000000000000000000000000000000000000000000000000000000000000000000000000000000000000000000000000000000000000000000000000000000000000000,e09f00c87dbf88560539e1982d3feceac1f28d76773f806c1ec9107462bfe82db09c4bc8903fe2d25f7f4bf2733f1cf39a076c1d85bfd107ae79bd7f7b3fd2fe59713ddb793f57ab3dba7f2cf03f20f2eef2bc4f203ffe740b5bb15f82bfbc3868bcd9f06bbf003ab7781fa8003f8e355dc28ac075bf232c73eeda2d713f7af8f0662273643f3fe39577c8a966bf9d9ef0ad43fa75bf9ba6b4c25c46843f248e74b032a96cbff61d5aaeae2979bfde9e37d284a7743f23335bdea286ef3fe6e15f16aeba843f2d9d6c8bf5036fbfcb04ecdd3d95693fbb3dbdaab03c823f571221f9c21177bf6fec7743983471bfebebb954ab7391bfab35d9f2a12e873fcb68cba93d0676bfdad924bf161a71bf489f35b2928a27bf4d79574f92596fbf70b544d4039ef03f4f321a8d29a583bfedf05bdfdf214f3fdadcc20d37ce71bffcc074fbaa7e71bf582fa0cc1e3d7c3f86aa7e62ee3c753f64eaca54fddf893f8860c24f68fd93bf225db9a149ab7c3f40031474b878833f95af0ad312fb7fbf100e5ab3d605f03f9c607e74d2e962bfd9ff8e2f07f973bf6e13c942afa9793fb613180a506f87bf2f704f363a6b72bf541e94e1c4c56abffe188925de16413f175abe90c5958dbf7787082590b381bf2f251e98d8f4813f62e92f529c10f03f88fc127399e8573f9c5aa21dd76b6a3fed0de1ae40da663fe31f824632c480bf149e1f30c2046dbf48302b7700d66a3fb88d07c27b826e3f02a5d7c24bcd74bf8603cd5297a9623f3a405cafedbbef3f43323caf39547f3f0499cbd96dad6b3fb8fcc8c065268a3f92512cccd0a283bf70cc825f8af952bf6280b627c2a0743f4ad685bf43226fbffe8513ff29b869bfb5ca7d0e6efcef3f822914cc8e9854bfd32d9c7d805b6fbf88e0ee23d1994b3f1b0d90cb8ec2813f519f01bbea79703fb0b3e6822b6f513fdeb2637d9b97643fe0fa75ce2f7fef3fbe12abfa5c335cbf49de074fef63873fac63bb2dc60479bfb2e089dd2a784e3fece5f68e91f9803f588b4f63cca738bfeb10bafbbf06f03ff45f64a5914a5f3fb0236513c3e966bfb11e955a147c5f3f34369de920986f3f9e8adb9bc2ea81bf8c09d96e510bf03f1d5b0656cd4887bf464483b0a26d77bf4189ed362977833fca56b175ea7369bf17a3d0e2a113f03f1a7470b35243813f96ff8bfd3de680bfe4c62aa1054642bf9ab612c598e2ef3f7409a9471fd27bbfe65f8f86ce3b6dbf8ba5ae02b33af03f3ac4e0ac18ae6fbfbaf2fcdc700ff03f9474946275622e,000000000000000000000000000000000000000000000000000000000000000000000000000000000000000000000000000000000000000000000000000000000000000000000000947494628c075f455369676d6194682f68314b008594683387945294284b014d71024b0186946839894288130000000000000000000000000000000000000000000000000000000000000000000000000000000000000000000000000000000000000000000000000000000000000000000000000000000000000000000000000000000000000000000000000000000000000000000000000000000000000000000000000000000000000000000000000000000000000000000000000000000000000000000000000000000000000000000000000000000000000000000000000000000000000000000000000000000000000000000000000000000000000000000000000000000000000000000000000000000000000000000000000000000000000000000000000000000000000000000000000000000000000000000000000000000000000000000000000000000000000000000000000000000000000000000000000000000000000000000000000000000000000000000000000000000000000000000000000000000000000000000000000000000000000000000000000000000000000000000000000000000000000000000000000000000000000000000000000000000000000000000000000000000000000000000000000000000000000000000000000000000000000000000000000000000000000000000000000000000000000000000000000000000000000000000000000000000000000000000000000000000000000000000000000000000000000000000000000000000000000000000000000000000000000000000000000000000000000000000000000000000000000000000000000000000000000000000000000000000000000000000000000000000000000000000000000000000000000000000000000000000000000000000000000000000000000000000000000000000000000000000000000000000000000000000000000000000000000000000000000000000000000000000000000000000000000000000000000000000000000000000000000000000000000000000000000000000000000000000000000000000000000000000000000000000000000000000000000000000000000000000000000000000000000000000000000000000000000000000000000000000000000000000000000000000000000000000000000000000000000000000000000000000000000000000000000000000000000000000000000000000000000000000000000000000000000000000000000000000000000000000000000000000000000,00000000000000000000000000000000000000000000000000000000000000000000000000000000000000000000000000000000000000000000000000000000000000000000000000000000000000000000000000000000000000000000000000000000000000000000000000000000000000000000000000000000000000000000000000000000000000000000000000000000000000000000000000000000000000000000000000000000000000000000000000000000000000000000000000000000000000000000000000000000000000000000000000000000000000000000000000000000000000000000000000000000000000000000000000000000000000000000000000000000000000000000000000000000000000000000000000000000000000000000000000000000000000000000000000000000000000000000000000000000000000000000000000000000000000000000000000000000000000000000000000000000000000000000000000000000000000000000000000000000000000000000000000000000000000000000000000000000000000000000000000000000000000000000000000000000000000000000000000000000000000000000000000000000000000000000000000000000000000000000000000000000000000000000000000000000000000000000000000000000000000000000000000000000000000000000000000000000000000000000000000000000000000000000000000000000000000000000000000000000000000000000000000000000000000000000000000000000000000000000000000000000000000000000000000000000000000000000000000000000000000000000000000000000000000000000000000000000000000000000000000000000000000000000000000000000000000000000000000000000000000000000000000000000000000000000000000000000000000000000000000000000000000000000000000000000000000000000000000000000000000000000000000000000000000000000000000000000000000000000000000000000000000000000000000000000000000000000000000000000000000000000000000000000000000000000000000000000000000000000000000000000000000000000000000000000000000000000000000000000000000000000000000000000000000000000000000000000000000000000000000000000000000000000000000000000000000000000000000000000000000000000000000000000000000000000000000000000000000000000000000000000000000000000000000000000000000000000000000000000000000000000000000000000000000000000000000000000000000000000000000000,00000000000000000000000000000000000000000000000000000000000000000000000000000000000000000000000000000000000000000000000000000000000000000000000000000000000000000000000000000000000000000000000000000000000000000000000000000000000000000000000000000000000000000000000000000000000000000000000000000000000000000000000000000000000000000000000000000000000000000000000000000000000000000000000000000000000000000000000000000000000000000000000000000000000000000000000000000000000000000000000000000000000000000000000000000000000000000000000000000000000000000000000000000000000000000000000000000000000000000000000000000000000000000000000000000000000000000000000000000000000000000000000000000000000000000000000000000000000000000000000000000000000000000000000000000000000000000000000000000000000000000000000000000000000000000000000000000000000000000000000000000000000000000000000000000000000000000000000000000000000000000000000000000000000000000000000000000000000000000000000000000000000000000000000000000000000000000000000000000000000000000000000000000000000000000000000000000000000000000000000000000000000000000000000000000000000000000000000000000000000000000000000000000000000000000000000000000000000000000000000000000000000000000000000000000000000000000000000000000000000000000000000000000000000000000000000000000000000000000000000000000000000000000000000000000000000000000000000000000000000000000000000000000000000000000000000000000000000000000000000000000000000000000000000000000000000000000000000000000000000000000000000000000000000000000000000000000000000000000000000000000000000000000000000000000000000000000000000000000000000000000000000000000000000000000000000000000000000000000000000000000000000000000000000000000000000000000000000000000000000000000000000000000000000000000000000000000000000000000000000000000000000000000000000000000000000000000000000000000000000000000000000000000000000000000000000000000000000000000000000000000000000000000000000000000000000000000000000000000000000000000000000000000000000000000000000000000000000000000000000000000,00000000000000000000000000000000000000000000000000000000000000000000000000000000000000000000000000000000000000000000000000000000000000000000000000000000000000000000000000000000000000000000000000000000000000000000000000000000000000000000000000000000000000000000000000000000000000000000000000000000000000000000000000000000000000000000000000000000000000000000000000000000000000000000000000000000000000000000000000000000000000000000000000000000000000000000000000000000000000000000000000000000000000000000000000000000000000000000000000000000000000000000000000000000000000000000000000000000000000000000000000000000000000000000000000000000000000000000000000000000000000000000000000000000000000000000000000000000000000000000000000000000000000000000000000000000000000000000000000000000000000000000000000000000000000000000000000000000000000000000000000000000000000000000000000000000000000000000000000000000000000000000000000000000000000000000000000000000000000000000000000000000000000000000000000000000000000000000000000000000000000000000000000000000000000000000000000000000000000000000000000000000000000000000000000000000000000000000000000000000000000000000000000000000000000000000000000000000000000000000000000000000000000000000000000000000000000000000000000000000000000000000000000000000000000000000000000000000000000000000000000000000000000000000000000000000000000000000000000000000000000000000000000000000000000000000000000000000000000000000000000000000000000000000000000000000000000000000000000000000000000000000000000000000000000000000000000000000000000000000000000000000000000000000000000000000000000000000000000000000000000000000000000000000000000000000000000000000000000000000000000000000000000000000000000000000000000000000000000000000000000000000000000000000000000000000000000000000000000000000000000000000000000000000000000000000000000000000000000000000000000000000000000000000000000000000000000000000000000000000000000000000000000000000000000000000000000000000000000000000000000000000000000000000000000000000000000000000000000000000000000000,00000000000000000000000000000000000000000000000000000000000000000000000000000000000000000000000000000000000000000000000000000000000000000000000000000000000000000000000000000000000000000000000000000000000000000000000000000000000000000000000000000000000000000000000000000000000000000000000000000000000000000000000000000000000000000000000000000000000000000000000000000000000000000000000000000000000000000000000000000000000000000000000000000000000000000000000000000000000000000000000000000000000000000000000000000000000000000000000000000000000000000000000000000000000000000000000000000000000000000000000000000000000000000000000000000000000000000000000000000000000000000000000000000000000000000000000000000000000000000000000000000000000000000000000000000000000000000000000000000000000000000000000000000000000000000000000000000000000000000000000000000000000000000000000000000000000000000000000000000000000000000000000000000000000000000000000000000000000000000000000000000000000000000000000000000000000000000000000000000000000000000000000000000000000000000000000000000000000000000000000000000000000000000000000000000000000000000000000000000000000000000000000000000000000000000000000000000000000000000000000000000000000000000000000000000000000000000000000000000000000000000000000000000000000000000000000000000000000000000000000000000000000000000000000000000000000000000000000000000000000000000000000000000000000000000000000000000000000000000000000000000000000000000000000000000000000000000000000000000000000000000000000000000000000000000000000000000000000000000000000000000000000000000000000000000000000000000000000000000000000000000000000000000000000000000000000000000000000000000000000000000000000000000000000000000000000000000000000000000000000000000000000000000000000000000000000000000000000000000000000000000000000000000000000000000000000000000000000000000000000000000000000000000000000000000000000000000000000000000000000000000000000000000000000000000000000000000000000000000000000000000000000000000000000000000000000000000000000000000000000000000,00000000000947494628c065f566d65616e944700000000000000008c075f565369676d61944700000000000000008c095f6574615f6d65616e94473ff00000000000008c0a5f6574615f5369676d6194473ff00000000000008c055f746f6c7894680b6811430816383daccc74473d94869452948c075f746f6c787570944740c38800000000008c075f746f6c66756e94473d719799812dea118c105f746f6c636f6e646974696f6e636f76944742d6bcc41e9000008c0d5f66756e686973745f7465726d944b448c0f5f66756e686973745f76616c75657394682f68314b008594683387945294284b014b88859468398942400400000000000000000000402c81c78c0200000e74da40a70decbfd069039d36d0e9bf039d36d06903edbf111111111111e9bfffffffffffffffff0000000000000000402c81c78c020000ffffffffffffffffd80785c68c020000586ea3c78c020000010000000700000000000000000000000000000000000000ffffffffffffffffffffffffffffffffdc0785c68c020000586ea3c78c020000010000000300000038000000000000000800000000000000000000000000000002000000ffffffff0c0885c68c020000606ea3c78c020000010000000900000070000000000000007800000000000000586ea3c78c020000ffffffffffffffff300885c68c02000001000000010000000100000009000000a8000000000000000100000009000000b000000000000000586ea3c78c020000596ea3c78c02000000000000000000000000000000000000000000000000000000000000000000000000000000000000000000000000000000000000000000000000000000000000000000000000000000000000000000000000000000000000000000000000000000000000000000000000000000000000000000000000000000000000000000000000000000000000000000000000000000000000000000000000000000000000000000000000000000000000000000000000000000000000000000000000000000000000000000000000000000000000000000000000000000000000000000000000000000000000000000000000000000000000000000000000000000000000000000000000000000000000000000000000000000000000000000000000000000000000000000000000000000000000000000000000000000000000000000000000000000000000000000000000000000000000000000000000000000000000000000000000000000000000000000000000000000000000000000000000000000000000000000000000000000000000000000000000000000000000000000000000000000000000000000000000000000000000000000000000000000000000000000000000000000000000000000,00000000000000000000000000000000000000000000000000000000000000000000000000000000000000000000000000000000000000000000000000000000000000000000000000000000000000000000000000000000000000000000000000000000000000000000000000000000000000000000000000000000000000000000000000000000000000000000000000000000000000000000000000000000000000000000000000000000000000000000000000000000000000000000000000000000000000000000000000000000000000000000000000000000000000000000000000000000000000000000000000000000000000000000000000000000000000000000000000000000000000000000000000000000000000000000000000000000000000000000000000000000000000000000000000947494628c055f635f316494682f68314b008594683387945294284b014d4501859468118942280a000025764f222f35ef3fb609be684a1a7fbfcbc6a198a7f189bfb6528d157a215c3f293d365acd136fbfffd97ef78e70893f98d7aed172f96c3f6961ef8f93477fbf4339d4efa825853f5964224539be853f6ea2aca389806e3f44eeac80e4da7a3f31cd13801b668f3ff4dc048094995b3f9ce2bddc2a7658bf18d99399ec215cbff931b5f9806490bf660efbab09ba5bbfbaa293d378157a3fa093345086253bbf1f177ea8f8f8833f21c864354d7d7dbf407ee8352dfb5ebfde5b312892f06e3f9c1a9a0c1f69303f69c6cb9dfce6ef3f366a91b51f71623f8ec82edd568f84bf8879f841a1fd563f8992b7905e156d3f0de2eadecbe76b3f885133e794fa5d3f9413c0cf669e683f30c3c9459dfe35bf05c3d381974075bfb6c65fa171fc763fe6bb036888327cbfddaf648cab707cbfa87ce6b716b77ebff88e10f347fa433fbe7884f75a5c11bf19dba6722ded823fa0c13e6cba6d723f34b2915e57b7853f13e6b89ce326843fd0558c9fce30733ff6c7fa70cc2a763fdd44373d7c54863f977299fdc03172bf6a9370d9d406f03f90ae3c530d6c32bf292bd0a2fd29743ff954748d5056803fc916bd085832843f305f6ec8e98c73bf2ef992b6fd14623f73bee2b0304978bfc5ad7a1c0723793f233f818438dc933ffec2af600196733f33a384708e0f91bf28258225a24080bf16783aa9d9b9693f3876123ef094703fb4dc570cb3d67a3fc3e959b246e879bf3a18b4476f8f7bbf463bd6407b006b3f8ee73cbaa9728b3fa744fdc2f6ed613f5ed93d6841c6553f40a764bf52017bbf0ae739e5226cef3fe2fbd00a6c9c80bf42bf0c365cb88fbfa095f7b2f5cc25bf2459213ff77669bf334d35ca5a59783f2a540ad33cf473bfb9d444228b9b5dbf8df21feae5196c3f0582e92f8b63743f2e4bc40f1d1592bf28b6cb0,896528b3f20291fc57f6e843fc679e49721ff793ff1c5bcb978906fbfc7fce205620580bfa4baae13528b68bf4e1389671ad363bfc29bfb0f02bb943f2