number,value,datetime_start,datetime_complete,duration,params_approach_bonus_base,params_dead_end_penalty,params_discard_2_exit_value,params_discard_3_4_exit_value,params_discard_dead_end_value,params_discard_duplicate_penalty,params_discard_enemy_door_value,params_discard_key_useless_value,params_discard_ladder_value,params_discard_own_door_value,params_down_opening_bonus,params_enemy_door_penalty,params_ladder_bonus,params_max_kept_repairs,params_max_kept_sabotages,params_own_door_bonus,params_retreat_penalty,params_rockfall_base,params_rockfall_gold_penalty,params_rockfall_ladder_bonus,params_rockfall_own_path_penalty,params_sabotage_cart_weight,params_sabotage_lamp_weight,params_sabotage_pickaxe_weight,params_side_step_bonus,system_attrs_cma:generation,system_attrs_cma:optimizer:0,system_attrs_cma:optimizer:1,system_attrs_cma:optimizer:10,system_attrs_cma:optimizer:2,system_attrs_cma:optimizer:3,system_attrs_cma:optimizer:4,system_attrs_cma:optimizer:5,system_attrs_cma:optimizer:6,system_attrs_cma:optimizer:7,system_attrs_cma:optimizer:8,system_attrs_cma:optimizer:9,state
53,0.79,2026-05-10 17:59:13.895196,2026-05-10 17:59:21.173969,0 days 00:00:07.278773,57.575875644628915,45.28659407095217,7.792488914963655,19.637200162293595,-16.142438275357904,-9.760331307187812,-14.987252118737349,-17.024292411303175,57.09184219793695,13.616433272119046,14.104910202366709,14.374490477707434,22.282010901586204,2,1,7.237856501315693,37.615215255464946,22.849017192803952,56.22859442870658,39.23615926139277,62.73949833643629,1.8596280896475723,1.288518243284779,2.8805557736541774,10.265319653037999,4.0,8004957b2b0000000000008c0a636d6165732e5f636d61948c03434d419493942981947d94288c065f6e5f64696d944b198c085f706f7073697a65944b0d8c035f6d75944b068c075f6d755f656666948c166e756d70792e5f636f72652e6d756c74696172726179948c067363616c61729493948c056e756d7079948c0564747970659493948c02663894898887945294284b038c013c944e4e4e4affffffff4affffffff4b0074946243088defdbefd1d80f4094869452948c035f636394680b68114308f9e4a7509928c23f94869452948c035f633194680b68114308bffc6e64268d673f94869452948c045f636d7594680b68114308c8de024a3df2783f94869452948c085f635f7369676d6194680b68114308ec610c516587c63f94869452948c085f645f7369676d6194680b681143083e8c21aaecd0f23f94869452948c035f636d944b018c065f6368695f6e94474013cd30aa14debe8c085f776569676874739468098c0c5f7265636f6e737472756374949394680c8c076e6461727261799493944b0085944301629487945294284b014b0d8594680e8c02663894898887945294284b0368124e4e4e4affffffff4affffffff4b007494628943689d3ddf2efb6fd83f582bd5871c77cf3f3d585c520548c53fe9b6d763851cbc3fc43a6233f3e6b03fd84298e35bf99e3f0000000000000000a942b1bb1c66b5bf4f6dd3281323c4bf3ed9cbf84694ccbfed852a4ba91bd2bf8e3621d11198d5bf6ddd297201cdd8bf947494628c085f705f7369676d6194682f68314b008594683387945294284b014b19859468118943c82d9864c520ece53f2cb692010934f33f047bd53d859ddbbf485c13632bc5eabf8b12dc40130decbfaa400ff9e3f7f23f7c915dc2e2abc03f88d4d59004bca93f5a4aa517eaeced3f9d21e2134461f33f2cb18b23475cd1bf0e20d02fe632d83fd0d13bb5a600d6bf7a7fac3532e6cf3f37d69ea1e592e1bf2c0d7af77ebaa03f0b35f2d53196f1bf741f6f080a4cd73fa827eebc04f8c03f8c37b6a1d2b5c6bf5fc673d8049ff83f16762be85370ebbf2409b116ab73f5bf32eadb657c98eb3fb40e6051e8a4efbf947494628c035f706394682f68314b008594683387945294284b014b19859468118943c8ca826468e8b7e53f4a1880cd56f8f13ffabaec49d241d6bf2c410597b49de9bf966c85598400eabf1ccf553bb485f13fee8f9668e2c1c43f10926c2946db913f637dd9ed02c1ed3f6fb15ac12502f23fa6dad1c5a4cfc9bf2033f306f252d23fae74ec91a146d1bf60e0fc98db45d03f06b689f58c4adfbfb02280e8d316a13f3289bf7a3f2ff0bfb8f6f21eb07bd63f226be469c443c53f843c3adbee6cc6bfaf29e048415ef73f2b638ae63521ebbff650d727b49ff4bf8ee879a10fd8eb3fb,214c0dc3464edbf947494628c055f6d65616e94682f68314b008594683387945294284b014b19859468398943c821ed2775fc19e43fb533a6b38c0be63f6d9dff87a209df3f953f4df3dbb8d73f7461acf1abf2d73f4dadc64d15efe53f0a431ac552c5e13f57fa62e8c182dd3f99597c64a736e63f4d38cbc48200e63f1cde4cde0e7ddf3ff4f2b015cd1ddf3f46fe298cc18cde3f4c18249a00f2e03f13ecd919e624db3f1896dd178a61e03f465f37b145e9d53f362c8fc290fce23fb675c9cdf687e13f80dbf18a98f9dc3facb790a0639ae73fbbe16dbad005d63f7c8d8c4a1fdcce3fe5b306fff8f7e53f205495694b58d73f947494628c065f7369676d6194680b681143086dff7f35457cc13f94869452948c025f44944e8c025f42944e8c075f626f756e647394682f68314b008594683387945294284b014b194b02869468398942900100000000000000000000000000000000f03f0000000000000000000000000000f03f0000000000000000000000000000f03f0000000000000000000000000000f03f0000000000000000000000000000f03f0000000000000000000000000000f03f0000000000000000000000000000f03f0000000000000000000000000000f03f0000000000000000000000000000f03f0000000000000000000000000000f03f0000000000000000000000000000f03f0000000000000000000000000000f03f0000000000000000000000000000f03f0000000000000000000000000000f03f0000000000000000000000000000f03f0000000000000000000000000000f03f0000000000000000000000000000f03f0000000000000000000000000000f03f0000000000000000000000000000f03f0000000000000000000000000000f03f0000000000000000000000000000f03f0000000000000000000000000000f03f0000000000000000000000000000f03f0000000000000000000000000000f03f0000000000000000000000000000f03f947494628c115f6e5f6d61785f726573616d706c696e67944bfa8c025f67944b048c095f6c725f616461707494898c065f616c70686194473ff66666666666668c0a5f626574615f6d65616e94473fb999999999999a8c0b5f626574615f5369676d6194473f9eb851eb851eb88c065f67616d6d6194473fb999999999999a8c065f456d65616e94682f68314b008594683387945294284b014b194b01869468398943c80000000000000000000000000000000000000000000000000000000000000000000000000000000000000000000000000000000000000000000000000000000000000000000000000000000000000000000000000000000000000000000000000000000000000000000000000000000000000000000000000000000000000000,aca2189d603f1399e4c89f4984bfff35d24b0c0d923fbc04de893f562bbf00a9dfc727088a3f454c31a892e777bffab979faeed786bf0d80d9ca2ea48e3f88e597c0ddf5533fd93ea7cd67b1ef3f10af106026f05ebf9447cb45831191bf86214b42e790603f3a4b242428a76b3f4579c44e70ea77bfa80260fc4db474bf9d65e30a02438f3f396fe368e6a48b3f5686f5b510ab46bf50f7967e9d9f48bf96675f3515808cbffaeaf23178d0813fac594a743e8869bf9c5a1014f838ef3fee8d9c5bbb9f713f428b0c686f646c3f795d02a98562663fa7528dfd731c7d3fb8ed3b4d08b06dbf43f864daf76579bf88d8bffdebb998bf5363442df4c1743f62ca9f719ff993bfb761270835ea72bf5262a7480e5c90bf4a08d26d363b77bfa27f72ba05c9f03f926fb757f07b7abf702b3f5fe97d73bf7b55ae437f217a3f9bc3e2e4064089bf9ca7043f73aa933fcf359a966611753ff00d5754a686913facc83c9685a29dbf9ddb97e8b2247dbfd75f0fc52e1a943f8e4133b6d626623f3de432d6f0d1ef3fca9856c03d523d3f20655a903ab031bfc3c5d93b2880893f1a82006e950295bf7f18d4b600a18dbfe099755985f692bfeca3ad56fe87733f14bc283b811885bf8e85e882644f88bf40948d480d95663f4a1e0dea3910f03fd0289d575d51733f668056dac441723f7c9e6b027cb5313f43ebb64a55ce8abfe0f005464c2d16bf0067e36947f8643f2fdf26b64c12633f6a23e9e40db486bfa0ac676d25197a3f588076f20f0df03f06fc4e10db18823ff402924ab984313f62f14c4d09c97b3fa327721a311d91bf134c0f4bb2cd81bfae8881f0239f843f57a9680ce07792bf19103857c9bb833f18d2d81afe5cef3f2efd1c7ddfe3893f9a0d3be2c4a43ebf494145d0ecba8a3f8a6f01798f2e65bfed8ecd5c40467dbf3da47fa3260e683f2a9a136da98295bfddfe6c641b4cef3f733c99204efa7abffbf96306c97c7e3f56baee0c917765bfcbc147543b67553fad08729bbfd7883f767eba7a2d69833f2dd536217ce6ef3f43f0e37060746a3f52e6bc5aefe6833f8cc231f63c6a933f984ab9b09f5e6e3f634afbc4d161603f0d245e114633f03f056276daaba59cbfd981c97ea4cf90bf8257cfaa513ca13f8a91e3b5f04881bf3926b96c0e01f03f6666e8d55c5d973f3d4e523fe6e38abf4ec1a345165c80bffe2daf67c40ff03f166e2d78f94a85bfd4dbcc9571e6833f676632a54925f03f652c8635107d6a3fca8535378612f03f9474946275622e,000000000000000000000000000000000000000000000000000000000000000000000000000000000000000000000000000000000000000000000000000000000000000000000000947494628c075f455369676d6194682f68314b008594683387945294284b014d71024b0186946839894288130000000000000000000000000000000000000000000000000000000000000000000000000000000000000000000000000000000000000000000000000000000000000000000000000000000000000000000000000000000000000000000000000000000000000000000000000000000000000000000000000000000000000000000000000000000000000000000000000000000000000000000000000000000000000000000000000000000000000000000000000000000000000000000000000000000000000000000000000000000000000000000000000000000000000000000000000000000000000000000000000000000000000000000000000000000000000000000000000000000000000000000000000000000000000000000000000000000000000000000000000000000000000000000000000000000000000000000000000000000000000000000000000000000000000000000000000000000000000000000000000000000000000000000000000000000000000000000000000000000000000000000000000000000000000000000000000000000000000000000000000000000000000000000000000000000000000000000000000000000000000000000000000000000000000000000000000000000000000000000000000000000000000000000000000000000000000000000000000000000000000000000000000000000000000000000000000000000000000000000000000000000000000000000000000000000000000000000000000000000000000000000000000000000000000000000000000000000000000000000000000000000000000000000000000000000000000000000000000000000000000000000000000000000000000000000000000000000000000000000000000000000000000000000000000000000000000000000000000000000000000000000000000000000000000000000000000000000000000000000000000000000000000000000000000000000000000000000000000000000000000000000000000000000000000000000000000000000000000000000000000000000000000000000000000000000000000000000000000000000000000000000000000000000000000000000000000000000000000000000000000000000000000000000000000000000000000000000000000000000000000000000000000000000000000000000000000000000000000000000000000000000000000,00000000000000000000000000000000000000000000000000000000000000000000000000000000000000000000000000000000000000000000000000000000000000000000000000000000000000000000000000000000000000000000000000000000000000000000000000000000000000000000000000000000000000000000000000000000000000000000000000000000000000000000000000000000000000000000000000000000000000000000000000000000000000000000000000000000000000000000000000000000000000000000000000000000000000000000000000000000000000000000000000000000000000000000000000000000000000000000000000000000000000000000000000000000000000000000000000000000000000000000000000000000000000000000000000000000000000000000000000000000000000000000000000000000000000000000000000000000000000000000000000000000000000000000000000000000000000000000000000000000000000000000000000000000000000000000000000000000000000000000000000000000000000000000000000000000000000000000000000000000000000000000000000000000000000000000000000000000000000000000000000000000000000000000000000000000000000000000000000000000000000000000000000000000000000000000000000000000000000000000000000000000000000000000000000000000000000000000000000000000000000000000000000000000000000000000000000000000000000000000000000000000000000000000000000000000000000000000000000000000000000000000000000000000000000000000000000000000000000000000000000000000000000000000000000000000000000000000000000000000000000000000000000000000000000000000000000000000000000000000000000000000000000000000000000000000000000000000000000000000000000000000000000000000000000000000000000000000000000000000000000000000000000000000000000000000000000000000000000000000000000000000000000000000000000000000000000000000000000000000000000000000000000000000000000000000000000000000000000000000000000000000000000000000000000000000000000000000000000000000000000000000000000000000000000000000000000000000000000000000000000000000000000000000000000000000000000000000000000000000000000000000000000000000000000000000000000000000000000000000000000000000000000000000000000000000000000000000000000000000000000000,00000000000000000000000000000000000000000000000000000000000000000000000000000000000000000000000000000000000000000000000000000000000000000000000000000000000000000000000000000000000000000000000000000000000000000000000000000000000000000000000000000000000000000000000000000000000000000000000000000000000000000000000000000000000000000000000000000000000000000000000000000000000000000000000000000000000000000000000000000000000000000000000000000000000000000000000000000000000000000000000000000000000000000000000000000000000000000000000000000000000000000000000000000000000000000000000000000000000000000000000000000000000000000000000000000000000000000000000000000000000000000000000000000000000000000000000000000000000000000000000000000000000000000000000000000000000000000000000000000000000000000000000000000000000000000000000000000000000000000000000000000000000000000000000000000000000000000000000000000000000000000000000000000000000000000000000000000000000000000000000000000000000000000000000000000000000000000000000000000000000000000000000000000000000000000000000000000000000000000000000000000000000000000000000000000000000000000000000000000000000000000000000000000000000000000000000000000000000000000000000000000000000000000000000000000000000000000000000000000000000000000000000000000000000000000000000000000000000000000000000000000000000000000000000000000000000000000000000000000000000000000000000000000000000000000000000000000000000000000000000000000000000000000000000000000000000000000000000000000000000000000000000000000000000000000000000000000000000000000000000000000000000000000000000000000000000000000000000000000000000000000000000000000000000000000000000000000000000000000000000000000000000000000000000000000000000000000000000000000000000000000000000000000000000000000000000000000000000000000000000000000000000000000000000000000000000000000000000000000000000000000000000000000000000000000000000000000000000000000000000000000000000000000000000000000000000000000000000000000000000000000000000000000000000000000000000000000000000000000000000000000,00000000000000000000000000000000000000000000000000000000000000000000000000000000000000000000000000000000000000000000000000000000000000000000000000000000000000000000000000000000000000000000000000000000000000000000000000000000000000000000000000000000000000000000000000000000000000000000000000000000000000000000000000000000000000000000000000000000000000000000000000000000000000000000000000000000000000000000000000000000000000000000000000000000000000000000000000000000000000000000000000000000000000000000000000000000000000000000000000000000000000000000000000000000000000000000000000000000000000000000000000000000000000000000000000000000000000000000000000000000000000000000000000000000000000000000000000000000000000000000000000000000000000000000000000000000000000000000000000000000000000000000000000000000000000000000000000000000000000000000000000000000000000000000000000000000000000000000000000000000000000000000000000000000000000000000000000000000000000000000000000000000000000000000000000000000000000000000000000000000000000000000000000000000000000000000000000000000000000000000000000000000000000000000000000000000000000000000000000000000000000000000000000000000000000000000000000000000000000000000000000000000000000000000000000000000000000000000000000000000000000000000000000000000000000000000000000000000000000000000000000000000000000000000000000000000000000000000000000000000000000000000000000000000000000000000000000000000000000000000000000000000000000000000000000000000000000000000000000000000000000000000000000000000000000000000000000000000000000000000000000000000000000000000000000000000000000000000000000000000000000000000000000000000000000000000000000000000000000000000000000000000000000000000000000000000000000000000000000000000000000000000000000000000000000000000000000000000000000000000000000000000000000000000000000000000000000000000000000000000000000000000000000000000000000000000000000000000000000000000000000000000000000000000000000000000000000000000000000000000000000000000000000000000000000000000000000000000000000000000000000000,00000000000000000000000000000000000000000000000000000000000000000000000000000000000000000000000000000000000000000000000000000000000000000000000000000000000000000000000000000000000000000000000000000000000000000000000000000000000000000000000000000000000000000000000000000000000000000000000000000000000000000000000000000000000000000000000000000000000000000000000000000000000000000000000000000000000000000000000000000000000000000000000000000000000000000000000000000000000000000000000000000000000000000000000000000000000000000000000000000000000000000000000000000000000000000000000000000000000000000000000000000000000000000000000000000000000000000000000000000000000000000000000000000000000000000000000000000000000000000000000000000000000000000000000000000000000000000000000000000000000000000000000000000000000000000000000000000000000000000000000000000000000000000000000000000000000000000000000000000000000000000000000000000000000000000000000000000000000000000000000000000000000000000000000000000000000000000000000000000000000000000000000000000000000000000000000000000000000000000000000000000000000000000000000000000000000000000000000000000000000000000000000000000000000000000000000000000000000000000000000000000000000000000000000000000000000000000000000000000000000000000000000000000000000000000000000000000000000000000000000000000000000000000000000000000000000000000000000000000000000000000000000000000000000000000000000000000000000000000000000000000000000000000000000000000000000000000000000000000000000000000000000000000000000000000000000000000000000000000000000000000000000000000000000000000000000000000000000000000000000000000000000000000000000000000000000000000000000000000000000000000000000000000000000000000000000000000000000000000000000000000000000000000000000000000000000000000000000000000000000000000000000000000000000000000000000000000000000000000000000000000000000000000000000000000000000000000000000000000000000000000000000000000000000000000000000000000000000000000000000000000000000000000000000000000000000000000000000000000000000000000,00000000000947494628c065f566d65616e944700000000000000008c075f565369676d61944700000000000000008c095f6574615f6d65616e94473ff00000000000008c0a5f6574615f5369676d6194473ff00000000000008c055f746f6c7894680b6811430816383daccc74473d94869452948c075f746f6c787570944740c38800000000008c075f746f6c66756e94473d719799812dea118c105f746f6c636f6e646974696f6e636f76944742d6bcc41e9000008c0d5f66756e686973745f7465726d944b448c0f5f66756e686973745f76616c75657394682f68314b008594683387945294284b014b88859468398942400400000000000000000000402c81c78c0200000e74da40a70decbfd069039d36d0e9bf039d36d06903edbf111111111111e9bf713d0ad7a370edbff6285c8fc2f5e8bf295c8fc2f528ecbfda40a70d74dae8bfd80785c68c020000586ea3c78c020000010000000700000000000000000000000000000000000000ffffffffffffffffffffffffffffffffdc0785c68c020000586ea3c78c020000010000000300000038000000000000000800000000000000000000000000000002000000ffffffff0c0885c68c020000606ea3c78c020000010000000900000070000000000000007800000000000000586ea3c78c020000ffffffffffffffff300885c68c02000001000000010000000100000009000000a8000000000000000100000009000000b000000000000000586ea3c78c020000596ea3c78c02000000000000000000000000000000000000000000000000000000000000000000000000000000000000000000000000000000000000000000000000000000000000000000000000000000000000000000000000000000000000000000000000000000000000000000000000000000000000000000000000000000000000000000000000000000000000000000000000000000000000000000000000000000000000000000000000000000000000000000000000000000000000000000000000000000000000000000000000000000000000000000000000000000000000000000000000000000000000000000000000000000000000000000000000000000000000000000000000000000000000000000000000000000000000000000000000000000000000000000000000000000000000000000000000000000000000000000000000000000000000000000000000000000000000000000000000000000000000000000000000000000000000000000000000000000000000000000000000000000000000000000000000000000000000000000000000000000000000000000000000000000000000000000000000000000000000000000000000000000000000000000000000000000000000000000,00000000000000000000000000000000000000000000000000000000000000000000000000000000000000000000000000000000000000000000000000000000000000000000000000000000000000000000000000000000000000000000000000000000000000000000000000000000000000000000000000000000000000000000000000000000000000000000000000000000000000000000000000000000000000000000000000000000000000000000000000000000000000000000000000000000000000000000000000000000000000000000000000000000000000000000000000000000000000000000000000000000000000000000000000000000000000000000000000000000000000000000000000000000000000000000000000000000000000000000000000000000000000000000000000947494628c055f635f316494682f68314b008594683387945294284b014d4501859468118942280a0000206249f57806ef3f00e649c1c2122d3fd139d6f4a28a8bbf6fd6feee7ddd85bf16457726255685bf82d00c98adce813f324a0ea73c476b3ff371d3e536a785bfc6e2c91d845f723fe871b309d0c2903f02909b920af0753f879fd12ea258963fc46146866bb37e3f81f83c12bb71743fac3452c316b78ebf65b2e634fae67abf366b65c08c7897bf7bf6b42b129c68bfc25c598bb12d783fdcdf36654c8e51bf291b52edfbd1883f940b656950f78dbf33af3540fc137abfe21c8e712070563f153b008cf85a89bf1c3f0f324d39f03f2f4d9d032881703faf82019b4e1d94bfb09ade2de4aa83bfd57b6ca51ab8703f712d0f49677c833fe073abc8fb0681bffc5cf5e5f0db933fbc64c59c7ffa7c3fb47eccdce3c455bf77efdfb5b19d753f801a9d9b89577dbfc2d52cbf1c99793f23944afd4f5a82bfcc0dca89d2ba5b3f6028b92624b952bfe0e5cc364cba673fc2bdf245b3a3863f4d61cc7cb122823f3a5994fab902893f82b14d0fa4f250bfc2e5068e72306cbf35c5826452e4943f0fb14698cfb58cbf42a2d8a1f6d5ef3f4ec63efc552477bf02fec223df95743f323f96765372763f5cb76b02719c813f824aee5d219d85bf054100a5876f77bf2950b72591db97bf9ba635eac2ac903f9219ceb55a88993f1491a357246b773f07fd9df822aa74bfc9c0e04f2a127fbf3451955c3cd6643fd4d727f30802633feb83ddeb05c7963f5172ef4d2f6183bf8f1f4106a42b94bf10758573964868bf38879e92306d7a3fa27bc44a3e5676bf18285731b6676bbf0850bc8cd76b533f3e5824696db4ef3f542ec992b71255bf241294f5632494bf54e00f5a1689713f2bb2174bdfcb75bfb83c55911dfb8fbf113b605a820651bf3878a16a6cbd77bfa3932f9bbcc3623f30c78df7bc0f4b3f560629ac0dcaa0bf5cd8993,a9714943f38e64411117d823f106e975a0bcf693fc1ecafe244488ebf6c7d367d03d982bf35ffcd3af8e8723fa0812e9145ca413fcc8497f0d1eb9e3f280cc88204bf