number,value,datetime_start,datetime_complete,duration,params_approach_bonus_base,params_dead_end_penalty,params_discard_2_exit_value,params_discard_3_4_exit_value,params_discard_dead_end_value,params_discard_duplicate_penalty,params_discard_enemy_door_value,params_discard_key_useless_value,params_discard_ladder_value,params_discard_own_door_value,params_down_opening_bonus,params_enemy_door_penalty,params_ladder_bonus,params_max_kept_repairs,params_max_kept_sabotages,params_own_door_bonus,params_retreat_penalty,params_rockfall_base,params_rockfall_gold_penalty,params_rockfall_ladder_bonus,params_rockfall_own_path_penalty,params_sabotage_cart_weight,params_sabotage_lamp_weight,params_sabotage_pickaxe_weight,params_side_step_bonus,system_attrs_cma:generation,system_attrs_cma:optimizer:0,system_attrs_cma:optimizer:1,system_attrs_cma:optimizer:10,system_attrs_cma:optimizer:2,system_attrs_cma:optimizer:3,system_attrs_cma:optimizer:4,system_attrs_cma:optimizer:5,system_attrs_cma:optimizer:6,system_attrs_cma:optimizer:7,system_attrs_cma:optimizer:8,system_attrs_cma:optimizer:9,state
118,0.81,2026-05-10 18:07:39.315945,2026-05-10 18:07:47.461387,0 days 00:00:08.145442,71.29288642228502,57.09535537218682,16.467996916871375,26.14035255239276,-27.654847034276763,-9.668515467316737,-7.783378557573922,-8.984166298383794,66.34830537399624,7.489167668914659,19.026902983169318,14.501176807158076,22.399008280476767,1,2,20.348567787690854,42.40106145864557,18.906775707633003,40.14546891251711,28.074313656578585,64.91482691071383,2.8328482732866687,2.4989832519272226,2.5834492363093644,4.97431385359765,9.0,8004957b2b0000000000008c0a636d6165732e5f636d61948c03434d419493942981947d94288c065f6e5f64696d944b198c085f706f7073697a65944b0d8c035f6d75944b068c075f6d755f656666948c166e756d70792e5f636f72652e6d756c74696172726179948c067363616c61729493948c056e756d7079948c0564747970659493948c02663894898887945294284b038c013c944e4e4e4affffffff4affffffff4b0074946243088defdbefd1d80f4094869452948c035f636394680b68114308f9e4a7509928c23f94869452948c035f633194680b68114308bffc6e64268d673f94869452948c045f636d7594680b68114308c8de024a3df2783f94869452948c085f635f7369676d6194680b68114308ec610c516587c63f94869452948c085f645f7369676d6194680b681143083e8c21aaecd0f23f94869452948c035f636d944b018c065f6368695f6e94474013cd30aa14debe8c085f776569676874739468098c0c5f7265636f6e737472756374949394680c8c076e6461727261799493944b0085944301629487945294284b014b0d8594680e8c02663894898887945294284b0368124e4e4e4affffffff4affffffff4b007494628943689d3ddf2efb6fd83f582bd5871c77cf3f3d585c520548c53fe9b6d763851cbc3fc43a6233f3e6b03fd84298e35bf99e3f0000000000000000a942b1bb1c66b5bf4f6dd3281323c4bf3ed9cbf84694ccbfed852a4ba91bd2bf8e3621d11198d5bf6ddd297201cdd8bf947494628c085f705f7369676d6194682f68314b008594683387945294284b014b19859468118943c852c170c62fe7fd3f0407f61704e4f53fa03bcc802289fb3f20e1240baf22e8bf1ea4caaacce6f3bfe1562a0e8b61fd3fd29f282fbe54d33f0436ca965988f03f0c9114bea6f6f83fb055a3c1bf97cbbf2734351cd11dda3f71fabf603cf0ecbf62e10d650fdbd4bf3a8377333d03d43f1873902b3b7ae33fb668e078819a0040c85b8e81c858e7bf1c024dd42c12edbf6c555384bc90f2bf446d4ab362c7b2bf011444587038f03f98b2a39bfd7bbabff015e8897106c03fd87c74487889ee3fa0208aed8a8bc73f947494628c035f706394682f68314b008594683387945294284b014b19859468118943c8133f73d74caffb3f6c7021ec6af9f63f7fa7bddb4ab6fa3f9032c2c7d70de9bf52b0e0bf276df3bf2eafe39d7992fd3f2bd8a318a480d23f6239f4ef38d7ef3f9c6d6c248c6bf83f20cbddc0d9b8a4bfa650f029d485d23f6b9671b61b4eebbf224d42f8b8ffd3bf29dce7a413ffd63ffe91fcdb1615e03ff8340ed609b2ff3fbcf224a22c54e9bf729904fcd31ee8bfeea8e13b47f8f0bfbf0a885d55ddc3bfc56653e383c8f23f487a5caac1f3d2bf80b3dbaaf1ec7dbfea540ead1d66f03f5,7d4a6ec3867c13f947494628c055f6d65616e94682f68314b008594683387945294284b014b19859468398943c87c2b3d799142ea3fd671cb33e4eaeb3fb3de2aa50eb4eb3fee16f2080839d53ff0f625e98976cf3fcff9e4e1fa74ec3ffcf2585dd254e23fcfb4ba391b31e53f33e7b3e2eff7eb3fc7d58082b154e43fd4af5612f089de3f79c535d73e34d33f647b68506913dd3f93ef630caa27e13fbdddc87272a0e03f154a64af3ed7ea3f8c04eadeee7cd23f1e69779bd616df3feef732bd126fd63f414439def0d7d93fea25db4e632eeb3fd54a8ad6d147d63ff4205b0c327ed63f5d0b1c0b0341e93f8cf541f09874de3f947494628c065f7369676d6194680b68114308128b7f84bec3c13f94869452948c025f44944e8c025f42944e8c075f626f756e647394682f68314b008594683387945294284b014b194b02869468398942900100000000000000000000000000000000f03f0000000000000000000000000000f03f0000000000000000000000000000f03f0000000000000000000000000000f03f0000000000000000000000000000f03f0000000000000000000000000000f03f0000000000000000000000000000f03f0000000000000000000000000000f03f0000000000000000000000000000f03f0000000000000000000000000000f03f0000000000000000000000000000f03f0000000000000000000000000000f03f0000000000000000000000000000f03f0000000000000000000000000000f03f0000000000000000000000000000f03f0000000000000000000000000000f03f0000000000000000000000000000f03f0000000000000000000000000000f03f0000000000000000000000000000f03f0000000000000000000000000000f03f0000000000000000000000000000f03f0000000000000000000000000000f03f0000000000000000000000000000f03f0000000000000000000000000000f03f0000000000000000000000000000f03f947494628c115f6e5f6d61785f726573616d706c696e67944bfa8c025f67944b098c095f6c725f616461707494898c065f616c70686194473ff66666666666668c0a5f626574615f6d65616e94473fb999999999999a8c0b5f626574615f5369676d6194473f9eb851eb851eb88c065f67616d6d6194473fb999999999999a8c065f456d65616e94682f68314b008594683387945294284b014b194b01869468398943c80000000000000000000000000000000000000000000000000000000000000000000000000000000000000000000000000000000000000000000000000000000000000000000000000000000000000000000000000000000000000000000000000000000000000000000000000000000000000000000000000000000000000000,80ffcd958e3f41ae992a64249cbfc0bab4f5777b9e3f5c3280f2ed73973ff801d98516d076bfa874d1e453c17d3f202d08818e2c6cbf200d1935feb1103fa0918c8703f3843f3ed7bd66d3f3ef3f101e28f9855c7d3f47bcc0a7711092bf0c788d1a78927bbf826c3f990254a0bfda1ca9343a9e89bf22d0f827e92293bf49c17849a8cb893f7631f70228194e3fcabd3167e57f74bfcd2ae6854cbc733f66ac049e4ea895bfcb834d4df8847abf087acab5b28696bfba77c426fbf6ee3f20135cdfde428c3f0a209809dd88863fc8c04d254639813fae74c8015e407d3f791bd7d9d4b887bfac706a57cc2082bff90e0d1ca262a2bf460b6ed41c707b3fef3686853c8987bf462c13c2d64b6ebf30c23ff45dac86bf492ccfdd14e7853f0bfe56775c74f03f104abd75b9ce7b3f18eacdafbb4f67bff1cb474c1785893f3c1a7ee176c489bf3e11b7ab4ed769bffd41a45951ac923f73e895a4b7d9893fd1154a347e479ebf0a62346abb438cbf6c324fdc0fe7813fec825466c13477bf877fea32f4d6ef3f10d3e7223401923f423f4b97b326803f88e851cc04b97ebf64b076f765d598bfdd4e18e7fc8e78bf9e999cc9816299bfee741517725c763fae21364ec4ff80bfda4a00ecf67c7fbfe2bae4e9e7a98c3fa9f7ef120225f03f5784259cbd0f71bfcab2e2bc6c247bbf4ad23e8903a188bf886ced4ae8e4823f0174dd430271863ff27b3dfe2b898fbf0b3dcdab0d137dbf1cb607a00c1c7bbf4cd839d77f21913fef3957bf503fef3fd6f3352aa884843f562f383289c0713f207b66229247923f5e5ed83ea50fa9bf6ad15056061173bfee3e0ca27c516f3f4d846fc1e8a49ebf7c76e2be0b2b843fa2fbe796e1b0ef3ff0500e7921ab923ff8c0e986ed4f6d3f37975a2cc3808d3f72c1326e46ab8fbff286a951778f78bfee7ae0654f95933f4c68b38c150d9cbf204ec9f30f8cee3f36a8e054b24082bf8c64665bc3f573bf61b72f83bd1a803f4a711dcc1baa6fbf588381d9b91074bfcb09726e363d75bf5414bc3c1ef6ef3fe9eb294abe0b96bf864b75c7b9d945bf39bb3745a7c0873fb200f46d0542803f95b2c87e07795c3f4c8dcdd5e99bf03ff86424326da19bbf02ba969a53db9dbfc8b3446a1bd1a63f7093a69fb64295bf8aacbcc21999ef3fe0bacc9e4afaa13fb63e022746e298bf611779e51eb2933fe5e2766d6cdeef3fde37c4e6f9f55dbf53bdc7dcea0e853f223441591879ef3f7aaa7ea3941c423f2be1a37bb572ee3f9474946275622e,000000000000000000000000000000000000000000000000000000000000000000000000000000000000000000000000000000000000000000000000000000000000000000000000947494628c075f455369676d6194682f68314b008594683387945294284b014d71024b0186946839894288130000000000000000000000000000000000000000000000000000000000000000000000000000000000000000000000000000000000000000000000000000000000000000000000000000000000000000000000000000000000000000000000000000000000000000000000000000000000000000000000000000000000000000000000000000000000000000000000000000000000000000000000000000000000000000000000000000000000000000000000000000000000000000000000000000000000000000000000000000000000000000000000000000000000000000000000000000000000000000000000000000000000000000000000000000000000000000000000000000000000000000000000000000000000000000000000000000000000000000000000000000000000000000000000000000000000000000000000000000000000000000000000000000000000000000000000000000000000000000000000000000000000000000000000000000000000000000000000000000000000000000000000000000000000000000000000000000000000000000000000000000000000000000000000000000000000000000000000000000000000000000000000000000000000000000000000000000000000000000000000000000000000000000000000000000000000000000000000000000000000000000000000000000000000000000000000000000000000000000000000000000000000000000000000000000000000000000000000000000000000000000000000000000000000000000000000000000000000000000000000000000000000000000000000000000000000000000000000000000000000000000000000000000000000000000000000000000000000000000000000000000000000000000000000000000000000000000000000000000000000000000000000000000000000000000000000000000000000000000000000000000000000000000000000000000000000000000000000000000000000000000000000000000000000000000000000000000000000000000000000000000000000000000000000000000000000000000000000000000000000000000000000000000000000000000000000000000000000000000000000000000000000000000000000000000000000000000000000000000000000000000000000000000000000000000000000000000000000000000000000000000000000000,00000000000000000000000000000000000000000000000000000000000000000000000000000000000000000000000000000000000000000000000000000000000000000000000000000000000000000000000000000000000000000000000000000000000000000000000000000000000000000000000000000000000000000000000000000000000000000000000000000000000000000000000000000000000000000000000000000000000000000000000000000000000000000000000000000000000000000000000000000000000000000000000000000000000000000000000000000000000000000000000000000000000000000000000000000000000000000000000000000000000000000000000000000000000000000000000000000000000000000000000000000000000000000000000000000000000000000000000000000000000000000000000000000000000000000000000000000000000000000000000000000000000000000000000000000000000000000000000000000000000000000000000000000000000000000000000000000000000000000000000000000000000000000000000000000000000000000000000000000000000000000000000000000000000000000000000000000000000000000000000000000000000000000000000000000000000000000000000000000000000000000000000000000000000000000000000000000000000000000000000000000000000000000000000000000000000000000000000000000000000000000000000000000000000000000000000000000000000000000000000000000000000000000000000000000000000000000000000000000000000000000000000000000000000000000000000000000000000000000000000000000000000000000000000000000000000000000000000000000000000000000000000000000000000000000000000000000000000000000000000000000000000000000000000000000000000000000000000000000000000000000000000000000000000000000000000000000000000000000000000000000000000000000000000000000000000000000000000000000000000000000000000000000000000000000000000000000000000000000000000000000000000000000000000000000000000000000000000000000000000000000000000000000000000000000000000000000000000000000000000000000000000000000000000000000000000000000000000000000000000000000000000000000000000000000000000000000000000000000000000000000000000000000000000000000000000000000000000000000000000000000000000000000000000000000000000000000000000000000000000000000,00000000000000000000000000000000000000000000000000000000000000000000000000000000000000000000000000000000000000000000000000000000000000000000000000000000000000000000000000000000000000000000000000000000000000000000000000000000000000000000000000000000000000000000000000000000000000000000000000000000000000000000000000000000000000000000000000000000000000000000000000000000000000000000000000000000000000000000000000000000000000000000000000000000000000000000000000000000000000000000000000000000000000000000000000000000000000000000000000000000000000000000000000000000000000000000000000000000000000000000000000000000000000000000000000000000000000000000000000000000000000000000000000000000000000000000000000000000000000000000000000000000000000000000000000000000000000000000000000000000000000000000000000000000000000000000000000000000000000000000000000000000000000000000000000000000000000000000000000000000000000000000000000000000000000000000000000000000000000000000000000000000000000000000000000000000000000000000000000000000000000000000000000000000000000000000000000000000000000000000000000000000000000000000000000000000000000000000000000000000000000000000000000000000000000000000000000000000000000000000000000000000000000000000000000000000000000000000000000000000000000000000000000000000000000000000000000000000000000000000000000000000000000000000000000000000000000000000000000000000000000000000000000000000000000000000000000000000000000000000000000000000000000000000000000000000000000000000000000000000000000000000000000000000000000000000000000000000000000000000000000000000000000000000000000000000000000000000000000000000000000000000000000000000000000000000000000000000000000000000000000000000000000000000000000000000000000000000000000000000000000000000000000000000000000000000000000000000000000000000000000000000000000000000000000000000000000000000000000000000000000000000000000000000000000000000000000000000000000000000000000000000000000000000000000000000000000000000000000000000000000000000000000000000000000000000000000000000000000000000000000000,00000000000000000000000000000000000000000000000000000000000000000000000000000000000000000000000000000000000000000000000000000000000000000000000000000000000000000000000000000000000000000000000000000000000000000000000000000000000000000000000000000000000000000000000000000000000000000000000000000000000000000000000000000000000000000000000000000000000000000000000000000000000000000000000000000000000000000000000000000000000000000000000000000000000000000000000000000000000000000000000000000000000000000000000000000000000000000000000000000000000000000000000000000000000000000000000000000000000000000000000000000000000000000000000000000000000000000000000000000000000000000000000000000000000000000000000000000000000000000000000000000000000000000000000000000000000000000000000000000000000000000000000000000000000000000000000000000000000000000000000000000000000000000000000000000000000000000000000000000000000000000000000000000000000000000000000000000000000000000000000000000000000000000000000000000000000000000000000000000000000000000000000000000000000000000000000000000000000000000000000000000000000000000000000000000000000000000000000000000000000000000000000000000000000000000000000000000000000000000000000000000000000000000000000000000000000000000000000000000000000000000000000000000000000000000000000000000000000000000000000000000000000000000000000000000000000000000000000000000000000000000000000000000000000000000000000000000000000000000000000000000000000000000000000000000000000000000000000000000000000000000000000000000000000000000000000000000000000000000000000000000000000000000000000000000000000000000000000000000000000000000000000000000000000000000000000000000000000000000000000000000000000000000000000000000000000000000000000000000000000000000000000000000000000000000000000000000000000000000000000000000000000000000000000000000000000000000000000000000000000000000000000000000000000000000000000000000000000000000000000000000000000000000000000000000000000000000000000000000000000000000000000000000000000000000000000000000000000000000000000000000,00000000000000000000000000000000000000000000000000000000000000000000000000000000000000000000000000000000000000000000000000000000000000000000000000000000000000000000000000000000000000000000000000000000000000000000000000000000000000000000000000000000000000000000000000000000000000000000000000000000000000000000000000000000000000000000000000000000000000000000000000000000000000000000000000000000000000000000000000000000000000000000000000000000000000000000000000000000000000000000000000000000000000000000000000000000000000000000000000000000000000000000000000000000000000000000000000000000000000000000000000000000000000000000000000000000000000000000000000000000000000000000000000000000000000000000000000000000000000000000000000000000000000000000000000000000000000000000000000000000000000000000000000000000000000000000000000000000000000000000000000000000000000000000000000000000000000000000000000000000000000000000000000000000000000000000000000000000000000000000000000000000000000000000000000000000000000000000000000000000000000000000000000000000000000000000000000000000000000000000000000000000000000000000000000000000000000000000000000000000000000000000000000000000000000000000000000000000000000000000000000000000000000000000000000000000000000000000000000000000000000000000000000000000000000000000000000000000000000000000000000000000000000000000000000000000000000000000000000000000000000000000000000000000000000000000000000000000000000000000000000000000000000000000000000000000000000000000000000000000000000000000000000000000000000000000000000000000000000000000000000000000000000000000000000000000000000000000000000000000000000000000000000000000000000000000000000000000000000000000000000000000000000000000000000000000000000000000000000000000000000000000000000000000000000000000000000000000000000000000000000000000000000000000000000000000000000000000000000000000000000000000000000000000000000000000000000000000000000000000000000000000000000000000000000000000000000000000000000000000000000000000000000000000000000000000000000000000000000000000000000000,00000000000947494628c065f566d65616e944700000000000000008c075f565369676d61944700000000000000008c095f6574615f6d65616e94473ff00000000000008c0a5f6574615f5369676d6194473ff00000000000008c055f746f6c7894680b6811430816383daccc74473d94869452948c075f746f6c787570944740c38800000000008c075f746f6c66756e94473d719799812dea118c105f746f6c636f6e646974696f6e636f76944742d6bcc41e9000008c0d5f66756e686973745f7465726d944b448c0f5f66756e686973745f76616c75657394682f68314b008594683387945294284b014b88859468398942400400000000000000000000402c81c78c0200000e74da40a70decbfd069039d36d0e9bf039d36d06903edbf111111111111e9bf713d0ad7a370edbff6285c8fc2f5e8bf295c8fc2f528ecbfda40a70d74dae8bff28b25bf58f2ebbf48e17a14ae47e9bff28b25bf58f2ebbf073a6da0d306eabf96fc62c92f96ecbf6da0d3063a6de8bf96fc62c92f96ecbf7eb1e4174b7ee9bf295c8fc2f528ecbf3d0ad7a3703deabf38000000000000000800000000000000000000000000000002000000ffffffff0c0885c68c020000606ea3c78c020000010000000900000070000000000000007800000000000000586ea3c78c020000ffffffffffffffff300885c68c02000001000000010000000100000009000000a8000000000000000100000009000000b000000000000000586ea3c78c020000596ea3c78c02000000000000000000000000000000000000000000000000000000000000000000000000000000000000000000000000000000000000000000000000000000000000000000000000000000000000000000000000000000000000000000000000000000000000000000000000000000000000000000000000000000000000000000000000000000000000000000000000000000000000000000000000000000000000000000000000000000000000000000000000000000000000000000000000000000000000000000000000000000000000000000000000000000000000000000000000000000000000000000000000000000000000000000000000000000000000000000000000000000000000000000000000000000000000000000000000000000000000000000000000000000000000000000000000000000000000000000000000000000000000000000000000000000000000000000000000000000000000000000000000000000000000000000000000000000000000000000000000000000000000000000000000000000000000000000000000000000000000000000000000000000000000000000000000000000000000000000000000000000000000000000000000000000000000000000,00000000000000000000000000000000000000000000000000000000000000000000000000000000000000000000000000000000000000000000000000000000000000000000000000000000000000000000000000000000000000000000000000000000000000000000000000000000000000000000000000000000000000000000000000000000000000000000000000000000000000000000000000000000000000000000000000000000000000000000000000000000000000000000000000000000000000000000000000000000000000000000000000000000000000000000000000000000000000000000000000000000000000000000000000000000000000000000000000000000000000000000000000000000000000000000000000000000000000000000000000000000000000000000000000947494628c055f635f316494682f68314b008594683387945294284b014d4501859468118942280a00005ede5d2cb962ef3f1aca39f81824973f88249d4b279180bffa5e52588ff991bf3aff225b3c5293bf4efdc62d33c8a53f12f7816c6bb95e3f4e42214646d6943fcd283056b75a973f9cd795ea67549e3f1c3a4a5f3904923f4ab980b31e68993fc74262e722135cbf024abd09741e853f4cfba8e18bb397bf201e36ce7e2f8c3f8b85e6b08455a3bfaab6009f965984bf1206851e151882bf88dcd053688922bf4a50fef9d9f29a3fd513a729a5399fbff0567fc94a0d3d3f4244329879418c3f6baa609e964e87bfc8c750581292f03fb5ce440e64a9a63fb3b480d2786b9dbffdcb68be242291bfc33e5c40b4fd9c3f9d61c0d62151703fbb464c38f3c7973fd8c6da09c457aa3f3da49710eb0d9c3f695b479b6809a1bf7ae37fe1d8815bbf1e60f5b18f1886bfd8e3e9b1885f863ff34f31a682d49abf49338ef81ad49d3f034e26c7e2ad97bf66e6f1ee5dd1823f28f3e1c97f6c1ebfda90d9102b6b91bff0efaef910bfaf3fbde3d46ce4c58cbfdfb7946b137182bf55d9b1612400a63f16ac9519bee47abfd65cf03e551cf03f5d4176a456d590bf0657e281ad959bbf1553db457d4da13f3ecc4bacdb5d913f9c699a65542d9f3f3357bbcf05d38b3f68ebc166b5444b3f098c1a1acc0ba2bf15f1f2adf507673fd82b487d4ca085bfafebf73eba2983bf691ecb4d181288bf03ee763d92f09a3fb73bc8a4250c9fbf293dac8a7aa09e3f4afb9a561d6490bf1f6cdd70f856a4bf2fd37730b87ca73fc6dbde3b5b5a95bf7274bff2716098bf98edc0257583933f8241107e96af7f3fe55f79c6f620f03f001e9aadf524973fc9a89da1718699bf70d55648544d833f22d1a95245c7743ffcb50bbb8721a2bf486d048ec40340bf6057fcb789b680bf80ca4f6e88d1e7be4a6b50982de558bf08b5c50b94c5aebf7ea6172,cbdd295bf1541bfe15e1093bf26ecf9f04e73813f68165726c3b5803f71ee7a8fc1b864bf63b01c218d339f3f306592a9af103abf8c8173ed2a099b3f28c251d3aa22963